[0.457s] DEBUG:colcon:Command line arguments: ['/usr/bin/colcon', 'build', '--symlink-install', '--packages-select', 'sdv_nav']
[0.457s] DEBUG:colcon:Parsed command line arguments: Namespace(log_base=None, log_level=None, verb_name='build', build_base='build', install_base='install', merge_install=False, symlink_install=True, test_result_base=None, continue_on_error=False, executor='parallel', parallel_workers=8, event_handlers=None, ignore_user_meta=False, metas=['./colcon.meta'], base_paths=['.'], packages_ignore=None, packages_ignore_regex=None, paths=None, packages_up_to=None, packages_up_to_regex=None, packages_above=None, packages_above_and_dependencies=None, packages_above_depth=None, packages_select_by_dep=None, packages_skip_by_dep=None, packages_skip_up_to=None, packages_select_build_failed=False, packages_skip_build_finished=False, packages_select_test_failures=False, packages_skip_test_passed=False, packages_select=['sdv_nav'], packages_skip=None, packages_select_regex=None, packages_skip_regex=None, packages_start=None, packages_end=None, allow_overriding=[], cmake_args=None, cmake_target=None, cmake_target_skip_unavailable=False, cmake_clean_cache=False, cmake_clean_first=False, cmake_force_configure=False, ament_cmake_args=None, catkin_cmake_args=None, catkin_skip_building_tests=False, mixin_files=None, mixin=None, verb_parser=<colcon_mixin.mixin.mixin_argument.MixinArgumentDecorator object at 0x75f34f783890>, verb_extension=<colcon_core.verb.build.BuildVerb object at 0x75f34f7831a0>, main=<bound method BuildVerb.main of <colcon_core.verb.build.BuildVerb object at 0x75f34f7831a0>>, mixin_verb=('build',))
[0.557s] Level 1:colcon.colcon_core.package_discovery:discover_packages(colcon_meta) check parameters
[0.557s] Level 1:colcon.colcon_core.package_discovery:discover_packages(recursive) check parameters
[0.557s] Level 1:colcon.colcon_core.package_discovery:discover_packages(ignore) check parameters
[0.557s] Level 1:colcon.colcon_core.package_discovery:discover_packages(path) check parameters
[0.557s] Level 1:colcon.colcon_core.package_discovery:discover_packages(colcon_meta) discover
[0.558s] Level 1:colcon.colcon_core.package_discovery:discover_packages(recursive) discover
[0.558s] INFO:colcon.colcon_core.package_discovery:Crawling recursively for packages in '/home/cafsanchezdi/sdv_un_ros2_ws/src'
[0.558s] Level 1:colcon.colcon_core.package_identification:_identify(.) by extensions ['ignore', 'ignore_ament_install']
[0.558s] Level 1:colcon.colcon_core.package_identification:_identify(.) by extension 'ignore'
[0.558s] Level 1:colcon.colcon_core.package_identification:_identify(.) by extension 'ignore_ament_install'
[0.558s] Level 1:colcon.colcon_core.package_identification:_identify(.) by extensions ['colcon_pkg']
[0.558s] Level 1:colcon.colcon_core.package_identification:_identify(.) by extension 'colcon_pkg'
[0.558s] Level 1:colcon.colcon_core.package_identification:_identify(.) by extensions ['colcon_meta']
[0.558s] Level 1:colcon.colcon_core.package_identification:_identify(.) by extension 'colcon_meta'
[0.558s] Level 1:colcon.colcon_core.package_identification:_identify(.) by extensions ['ros']
[0.558s] Level 1:colcon.colcon_core.package_identification:_identify(.) by extension 'ros'
[0.624s] Level 1:colcon.colcon_core.package_identification:_identify(.) by extensions ['cmake', 'python']
[0.624s] Level 1:colcon.colcon_core.package_identification:_identify(.) by extension 'cmake'
[0.624s] Level 1:colcon.colcon_core.package_identification:_identify(.) by extension 'python'
[0.624s] Level 1:colcon.colcon_core.package_identification:_identify(.) by extensions ['python_setup_py']
[0.624s] Level 1:colcon.colcon_core.package_identification:_identify(.) by extension 'python_setup_py'
[0.624s] Level 1:colcon.colcon_core.package_identification:_identify(build) by extensions ['ignore', 'ignore_ament_install']
[0.624s] Level 1:colcon.colcon_core.package_identification:_identify(build) by extension 'ignore'
[0.624s] Level 1:colcon.colcon_core.package_identification:_identify(build) ignored
[0.624s] Level 1:colcon.colcon_core.package_identification:_identify(install) by extensions ['ignore', 'ignore_ament_install']
[0.624s] Level 1:colcon.colcon_core.package_identification:_identify(install) by extension 'ignore'
[0.625s] Level 1:colcon.colcon_core.package_identification:_identify(install) ignored
[0.625s] Level 1:colcon.colcon_core.package_identification:_identify(log) by extensions ['ignore', 'ignore_ament_install']
[0.625s] Level 1:colcon.colcon_core.package_identification:_identify(log) by extension 'ignore'
[0.625s] Level 1:colcon.colcon_core.package_identification:_identify(log) ignored
[0.625s] Level 1:colcon.colcon_core.package_identification:_identify(rtabmap_ros) by extensions ['ignore', 'ignore_ament_install']
[0.625s] Level 1:colcon.colcon_core.package_identification:_identify(rtabmap_ros) by extension 'ignore'
[0.625s] Level 1:colcon.colcon_core.package_identification:_identify(rtabmap_ros) by extension 'ignore_ament_install'
[0.625s] Level 1:colcon.colcon_core.package_identification:_identify(rtabmap_ros) by extensions ['colcon_pkg']
[0.625s] Level 1:colcon.colcon_core.package_identification:_identify(rtabmap_ros) by extension 'colcon_pkg'
[0.625s] Level 1:colcon.colcon_core.package_identification:_identify(rtabmap_ros) by extensions ['colcon_meta']
[0.625s] Level 1:colcon.colcon_core.package_identification:_identify(rtabmap_ros) by extension 'colcon_meta'
[0.625s] Level 1:colcon.colcon_core.package_identification:_identify(rtabmap_ros) by extensions ['ros']
[0.625s] Level 1:colcon.colcon_core.package_identification:_identify(rtabmap_ros) by extension 'ros'
[0.625s] Level 1:colcon.colcon_core.package_identification:_identify(rtabmap_ros) by extensions ['cmake', 'python']
[0.626s] Level 1:colcon.colcon_core.package_identification:_identify(rtabmap_ros) by extension 'cmake'
[0.626s] Level 1:colcon.colcon_core.package_identification:_identify(rtabmap_ros) by extension 'python'
[0.626s] Level 1:colcon.colcon_core.package_identification:_identify(rtabmap_ros) by extensions ['python_setup_py']
[0.626s] Level 1:colcon.colcon_core.package_identification:_identify(rtabmap_ros) by extension 'python_setup_py'
[0.626s] Level 1:colcon.colcon_core.package_identification:_identify(rtabmap_ros/docker) by extensions ['ignore', 'ignore_ament_install']
[0.626s] Level 1:colcon.colcon_core.package_identification:_identify(rtabmap_ros/docker) by extension 'ignore'
[0.626s] Level 1:colcon.colcon_core.package_identification:_identify(rtabmap_ros/docker) by extension 'ignore_ament_install'
[0.626s] Level 1:colcon.colcon_core.package_identification:_identify(rtabmap_ros/docker) by extensions ['colcon_pkg']
[0.626s] Level 1:colcon.colcon_core.package_identification:_identify(rtabmap_ros/docker) by extension 'colcon_pkg'
[0.626s] Level 1:colcon.colcon_core.package_identification:_identify(rtabmap_ros/docker) by extensions ['colcon_meta']
[0.626s] Level 1:colcon.colcon_core.package_identification:_identify(rtabmap_ros/docker) by extension 'colcon_meta'
[0.626s] Level 1:colcon.colcon_core.package_identification:_identify(rtabmap_ros/docker) by extensions ['ros']
[0.626s] Level 1:colcon.colcon_core.package_identification:_identify(rtabmap_ros/docker) by extension 'ros'
[0.626s] Level 1:colcon.colcon_core.package_identification:_identify(rtabmap_ros/docker) by extensions ['cmake', 'python']
[0.626s] Level 1:colcon.colcon_core.package_identification:_identify(rtabmap_ros/docker) by extension 'cmake'
[0.626s] Level 1:colcon.colcon_core.package_identification:_identify(rtabmap_ros/docker) by extension 'python'
[0.627s] Level 1:colcon.colcon_core.package_identification:_identify(rtabmap_ros/docker) by extensions ['python_setup_py']
[0.627s] Level 1:colcon.colcon_core.package_identification:_identify(rtabmap_ros/docker) by extension 'python_setup_py'
[0.627s] Level 1:colcon.colcon_core.package_identification:_identify(rtabmap_ros/docker/foxy) by extensions ['ignore', 'ignore_ament_install']
[0.627s] Level 1:colcon.colcon_core.package_identification:_identify(rtabmap_ros/docker/foxy) by extension 'ignore'
[0.627s] Level 1:colcon.colcon_core.package_identification:_identify(rtabmap_ros/docker/foxy) by extension 'ignore_ament_install'
[0.627s] Level 1:colcon.colcon_core.package_identification:_identify(rtabmap_ros/docker/foxy) by extensions ['colcon_pkg']
[0.627s] Level 1:colcon.colcon_core.package_identification:_identify(rtabmap_ros/docker/foxy) by extension 'colcon_pkg'
[0.627s] Level 1:colcon.colcon_core.package_identification:_identify(rtabmap_ros/docker/foxy) by extensions ['colcon_meta']
[0.627s] Level 1:colcon.colcon_core.package_identification:_identify(rtabmap_ros/docker/foxy) by extension 'colcon_meta'
[0.627s] Level 1:colcon.colcon_core.package_identification:_identify(rtabmap_ros/docker/foxy) by extensions ['ros']
[0.627s] Level 1:colcon.colcon_core.package_identification:_identify(rtabmap_ros/docker/foxy) by extension 'ros'
[0.627s] Level 1:colcon.colcon_core.package_identification:_identify(rtabmap_ros/docker/foxy) by extensions ['cmake', 'python']
[0.627s] Level 1:colcon.colcon_core.package_identification:_identify(rtabmap_ros/docker/foxy) by extension 'cmake'
[0.627s] Level 1:colcon.colcon_core.package_identification:_identify(rtabmap_ros/docker/foxy) by extension 'python'
[0.627s] Level 1:colcon.colcon_core.package_identification:_identify(rtabmap_ros/docker/foxy) by extensions ['python_setup_py']
[0.627s] Level 1:colcon.colcon_core.package_identification:_identify(rtabmap_ros/docker/foxy) by extension 'python_setup_py'
[0.628s] Level 1:colcon.colcon_core.package_identification:_identify(rtabmap_ros/docker/foxy/latest) by extensions ['ignore', 'ignore_ament_install']
[0.628s] Level 1:colcon.colcon_core.package_identification:_identify(rtabmap_ros/docker/foxy/latest) by extension 'ignore'
[0.628s] Level 1:colcon.colcon_core.package_identification:_identify(rtabmap_ros/docker/foxy/latest) by extension 'ignore_ament_install'
[0.628s] Level 1:colcon.colcon_core.package_identification:_identify(rtabmap_ros/docker/foxy/latest) by extensions ['colcon_pkg']
[0.628s] Level 1:colcon.colcon_core.package_identification:_identify(rtabmap_ros/docker/foxy/latest) by extension 'colcon_pkg'
[0.628s] Level 1:colcon.colcon_core.package_identification:_identify(rtabmap_ros/docker/foxy/latest) by extensions ['colcon_meta']
[0.628s] Level 1:colcon.colcon_core.package_identification:_identify(rtabmap_ros/docker/foxy/latest) by extension 'colcon_meta'
[0.628s] Level 1:colcon.colcon_core.package_identification:_identify(rtabmap_ros/docker/foxy/latest) by extensions ['ros']
[0.628s] Level 1:colcon.colcon_core.package_identification:_identify(rtabmap_ros/docker/foxy/latest) by extension 'ros'
[0.628s] Level 1:colcon.colcon_core.package_identification:_identify(rtabmap_ros/docker/foxy/latest) by extensions ['cmake', 'python']
[0.628s] Level 1:colcon.colcon_core.package_identification:_identify(rtabmap_ros/docker/foxy/latest) by extension 'cmake'
[0.628s] Level 1:colcon.colcon_core.package_identification:_identify(rtabmap_ros/docker/foxy/latest) by extension 'python'
[0.628s] Level 1:colcon.colcon_core.package_identification:_identify(rtabmap_ros/docker/foxy/latest) by extensions ['python_setup_py']
[0.628s] Level 1:colcon.colcon_core.package_identification:_identify(rtabmap_ros/docker/foxy/latest) by extension 'python_setup_py'
[0.628s] Level 1:colcon.colcon_core.package_identification:_identify(rtabmap_ros/docker/foxy/latest/hooks) by extensions ['ignore', 'ignore_ament_install']
[0.629s] Level 1:colcon.colcon_core.package_identification:_identify(rtabmap_ros/docker/foxy/latest/hooks) by extension 'ignore'
[0.629s] Level 1:colcon.colcon_core.package_identification:_identify(rtabmap_ros/docker/foxy/latest/hooks) by extension 'ignore_ament_install'
[0.629s] Level 1:colcon.colcon_core.package_identification:_identify(rtabmap_ros/docker/foxy/latest/hooks) by extensions ['colcon_pkg']
[0.629s] Level 1:colcon.colcon_core.package_identification:_identify(rtabmap_ros/docker/foxy/latest/hooks) by extension 'colcon_pkg'
[0.629s] Level 1:colcon.colcon_core.package_identification:_identify(rtabmap_ros/docker/foxy/latest/hooks) by extensions ['colcon_meta']
[0.629s] Level 1:colcon.colcon_core.package_identification:_identify(rtabmap_ros/docker/foxy/latest/hooks) by extension 'colcon_meta'
[0.629s] Level 1:colcon.colcon_core.package_identification:_identify(rtabmap_ros/docker/foxy/latest/hooks) by extensions ['ros']
[0.629s] Level 1:colcon.colcon_core.package_identification:_identify(rtabmap_ros/docker/foxy/latest/hooks) by extension 'ros'
[0.629s] Level 1:colcon.colcon_core.package_identification:_identify(rtabmap_ros/docker/foxy/latest/hooks) by extensions ['cmake', 'python']
[0.629s] Level 1:colcon.colcon_core.package_identification:_identify(rtabmap_ros/docker/foxy/latest/hooks) by extension 'cmake'
[0.629s] Level 1:colcon.colcon_core.package_identification:_identify(rtabmap_ros/docker/foxy/latest/hooks) by extension 'python'
[0.629s] Level 1:colcon.colcon_core.package_identification:_identify(rtabmap_ros/docker/foxy/latest/hooks) by extensions ['python_setup_py']
[0.629s] Level 1:colcon.colcon_core.package_identification:_identify(rtabmap_ros/docker/foxy/latest/hooks) by extension 'python_setup_py'
[0.629s] Level 1:colcon.colcon_core.package_identification:_identify(rtabmap_ros/docker/humble) by extensions ['ignore', 'ignore_ament_install']
[0.629s] Level 1:colcon.colcon_core.package_identification:_identify(rtabmap_ros/docker/humble) by extension 'ignore'
[0.629s] Level 1:colcon.colcon_core.package_identification:_identify(rtabmap_ros/docker/humble) by extension 'ignore_ament_install'
[0.630s] Level 1:colcon.colcon_core.package_identification:_identify(rtabmap_ros/docker/humble) by extensions ['colcon_pkg']
[0.630s] Level 1:colcon.colcon_core.package_identification:_identify(rtabmap_ros/docker/humble) by extension 'colcon_pkg'
[0.630s] Level 1:colcon.colcon_core.package_identification:_identify(rtabmap_ros/docker/humble) by extensions ['colcon_meta']
[0.630s] Level 1:colcon.colcon_core.package_identification:_identify(rtabmap_ros/docker/humble) by extension 'colcon_meta'
[0.630s] Level 1:colcon.colcon_core.package_identification:_identify(rtabmap_ros/docker/humble) by extensions ['ros']
[0.630s] Level 1:colcon.colcon_core.package_identification:_identify(rtabmap_ros/docker/humble) by extension 'ros'
[0.630s] Level 1:colcon.colcon_core.package_identification:_identify(rtabmap_ros/docker/humble) by extensions ['cmake', 'python']
[0.630s] Level 1:colcon.colcon_core.package_identification:_identify(rtabmap_ros/docker/humble) by extension 'cmake'
[0.630s] Level 1:colcon.colcon_core.package_identification:_identify(rtabmap_ros/docker/humble) by extension 'python'
[0.630s] Level 1:colcon.colcon_core.package_identification:_identify(rtabmap_ros/docker/humble) by extensions ['python_setup_py']
[0.630s] Level 1:colcon.colcon_core.package_identification:_identify(rtabmap_ros/docker/humble) by extension 'python_setup_py'
[0.630s] Level 1:colcon.colcon_core.package_identification:_identify(rtabmap_ros/docker/humble/latest) by extensions ['ignore', 'ignore_ament_install']
[0.630s] Level 1:colcon.colcon_core.package_identification:_identify(rtabmap_ros/docker/humble/latest) by extension 'ignore'
[0.630s] Level 1:colcon.colcon_core.package_identification:_identify(rtabmap_ros/docker/humble/latest) by extension 'ignore_ament_install'
[0.630s] Level 1:colcon.colcon_core.package_identification:_identify(rtabmap_ros/docker/humble/latest) by extensions ['colcon_pkg']
[0.630s] Level 1:colcon.colcon_core.package_identification:_identify(rtabmap_ros/docker/humble/latest) by extension 'colcon_pkg'
[0.630s] Level 1:colcon.colcon_core.package_identification:_identify(rtabmap_ros/docker/humble/latest) by extensions ['colcon_meta']
[0.631s] Level 1:colcon.colcon_core.package_identification:_identify(rtabmap_ros/docker/humble/latest) by extension 'colcon_meta'
[0.631s] Level 1:colcon.colcon_core.package_identification:_identify(rtabmap_ros/docker/humble/latest) by extensions ['ros']
[0.631s] Level 1:colcon.colcon_core.package_identification:_identify(rtabmap_ros/docker/humble/latest) by extension 'ros'
[0.631s] Level 1:colcon.colcon_core.package_identification:_identify(rtabmap_ros/docker/humble/latest) by extensions ['cmake', 'python']
[0.631s] Level 1:colcon.colcon_core.package_identification:_identify(rtabmap_ros/docker/humble/latest) by extension 'cmake'
[0.631s] Level 1:colcon.colcon_core.package_identification:_identify(rtabmap_ros/docker/humble/latest) by extension 'python'
[0.631s] Level 1:colcon.colcon_core.package_identification:_identify(rtabmap_ros/docker/humble/latest) by extensions ['python_setup_py']
[0.631s] Level 1:colcon.colcon_core.package_identification:_identify(rtabmap_ros/docker/humble/latest) by extension 'python_setup_py'
[0.631s] Level 1:colcon.colcon_core.package_identification:_identify(rtabmap_ros/docker/humble/latest/hooks) by extensions ['ignore', 'ignore_ament_install']
[0.631s] Level 1:colcon.colcon_core.package_identification:_identify(rtabmap_ros/docker/humble/latest/hooks) by extension 'ignore'
[0.631s] Level 1:colcon.colcon_core.package_identification:_identify(rtabmap_ros/docker/humble/latest/hooks) by extension 'ignore_ament_install'
[0.631s] Level 1:colcon.colcon_core.package_identification:_identify(rtabmap_ros/docker/humble/latest/hooks) by extensions ['colcon_pkg']
[0.631s] Level 1:colcon.colcon_core.package_identification:_identify(rtabmap_ros/docker/humble/latest/hooks) by extension 'colcon_pkg'
[0.631s] Level 1:colcon.colcon_core.package_identification:_identify(rtabmap_ros/docker/humble/latest/hooks) by extensions ['colcon_meta']
[0.631s] Level 1:colcon.colcon_core.package_identification:_identify(rtabmap_ros/docker/humble/latest/hooks) by extension 'colcon_meta'
[0.631s] Level 1:colcon.colcon_core.package_identification:_identify(rtabmap_ros/docker/humble/latest/hooks) by extensions ['ros']
[0.631s] Level 1:colcon.colcon_core.package_identification:_identify(rtabmap_ros/docker/humble/latest/hooks) by extension 'ros'
[0.632s] Level 1:colcon.colcon_core.package_identification:_identify(rtabmap_ros/docker/humble/latest/hooks) by extensions ['cmake', 'python']
[0.632s] Level 1:colcon.colcon_core.package_identification:_identify(rtabmap_ros/docker/humble/latest/hooks) by extension 'cmake'
[0.632s] Level 1:colcon.colcon_core.package_identification:_identify(rtabmap_ros/docker/humble/latest/hooks) by extension 'python'
[0.632s] Level 1:colcon.colcon_core.package_identification:_identify(rtabmap_ros/docker/humble/latest/hooks) by extensions ['python_setup_py']
[0.632s] Level 1:colcon.colcon_core.package_identification:_identify(rtabmap_ros/docker/humble/latest/hooks) by extension 'python_setup_py'
[0.632s] Level 1:colcon.colcon_core.package_identification:_identify(rtabmap_ros/docker/indigo) by extensions ['ignore', 'ignore_ament_install']
[0.632s] Level 1:colcon.colcon_core.package_identification:_identify(rtabmap_ros/docker/indigo) by extension 'ignore'
[0.632s] Level 1:colcon.colcon_core.package_identification:_identify(rtabmap_ros/docker/indigo) by extension 'ignore_ament_install'
[0.632s] Level 1:colcon.colcon_core.package_identification:_identify(rtabmap_ros/docker/indigo) by extensions ['colcon_pkg']
[0.632s] Level 1:colcon.colcon_core.package_identification:_identify(rtabmap_ros/docker/indigo) by extension 'colcon_pkg'
[0.632s] Level 1:colcon.colcon_core.package_identification:_identify(rtabmap_ros/docker/indigo) by extensions ['colcon_meta']
[0.632s] Level 1:colcon.colcon_core.package_identification:_identify(rtabmap_ros/docker/indigo) by extension 'colcon_meta'
[0.632s] Level 1:colcon.colcon_core.package_identification:_identify(rtabmap_ros/docker/indigo) by extensions ['ros']
[0.632s] Level 1:colcon.colcon_core.package_identification:_identify(rtabmap_ros/docker/indigo) by extension 'ros'
[0.632s] Level 1:colcon.colcon_core.package_identification:_identify(rtabmap_ros/docker/indigo) by extensions ['cmake', 'python']
[0.632s] Level 1:colcon.colcon_core.package_identification:_identify(rtabmap_ros/docker/indigo) by extension 'cmake'
[0.633s] Level 1:colcon.colcon_core.package_identification:_identify(rtabmap_ros/docker/indigo) by extension 'python'
[0.633s] Level 1:colcon.colcon_core.package_identification:_identify(rtabmap_ros/docker/indigo) by extensions ['python_setup_py']
[0.633s] Level 1:colcon.colcon_core.package_identification:_identify(rtabmap_ros/docker/indigo) by extension 'python_setup_py'
[0.633s] Level 1:colcon.colcon_core.package_identification:_identify(rtabmap_ros/docker/indigo/latest) by extensions ['ignore', 'ignore_ament_install']
[0.633s] Level 1:colcon.colcon_core.package_identification:_identify(rtabmap_ros/docker/indigo/latest) by extension 'ignore'
[0.633s] Level 1:colcon.colcon_core.package_identification:_identify(rtabmap_ros/docker/indigo/latest) by extension 'ignore_ament_install'
[0.633s] Level 1:colcon.colcon_core.package_identification:_identify(rtabmap_ros/docker/indigo/latest) by extensions ['colcon_pkg']
[0.633s] Level 1:colcon.colcon_core.package_identification:_identify(rtabmap_ros/docker/indigo/latest) by extension 'colcon_pkg'
[0.633s] Level 1:colcon.colcon_core.package_identification:_identify(rtabmap_ros/docker/indigo/latest) by extensions ['colcon_meta']
[0.633s] Level 1:colcon.colcon_core.package_identification:_identify(rtabmap_ros/docker/indigo/latest) by extension 'colcon_meta'
[0.633s] Level 1:colcon.colcon_core.package_identification:_identify(rtabmap_ros/docker/indigo/latest) by extensions ['ros']
[0.633s] Level 1:colcon.colcon_core.package_identification:_identify(rtabmap_ros/docker/indigo/latest) by extension 'ros'
[0.633s] Level 1:colcon.colcon_core.package_identification:_identify(rtabmap_ros/docker/indigo/latest) by extensions ['cmake', 'python']
[0.633s] Level 1:colcon.colcon_core.package_identification:_identify(rtabmap_ros/docker/indigo/latest) by extension 'cmake'
[0.633s] Level 1:colcon.colcon_core.package_identification:_identify(rtabmap_ros/docker/indigo/latest) by extension 'python'
[0.633s] Level 1:colcon.colcon_core.package_identification:_identify(rtabmap_ros/docker/indigo/latest) by extensions ['python_setup_py']
[0.633s] Level 1:colcon.colcon_core.package_identification:_identify(rtabmap_ros/docker/indigo/latest) by extension 'python_setup_py'
[0.634s] Level 1:colcon.colcon_core.package_identification:_identify(rtabmap_ros/docker/indigo/latest/hooks) by extensions ['ignore', 'ignore_ament_install']
[0.634s] Level 1:colcon.colcon_core.package_identification:_identify(rtabmap_ros/docker/indigo/latest/hooks) by extension 'ignore'
[0.634s] Level 1:colcon.colcon_core.package_identification:_identify(rtabmap_ros/docker/indigo/latest/hooks) by extension 'ignore_ament_install'
[0.634s] Level 1:colcon.colcon_core.package_identification:_identify(rtabmap_ros/docker/indigo/latest/hooks) by extensions ['colcon_pkg']
[0.634s] Level 1:colcon.colcon_core.package_identification:_identify(rtabmap_ros/docker/indigo/latest/hooks) by extension 'colcon_pkg'
[0.634s] Level 1:colcon.colcon_core.package_identification:_identify(rtabmap_ros/docker/indigo/latest/hooks) by extensions ['colcon_meta']
[0.634s] Level 1:colcon.colcon_core.package_identification:_identify(rtabmap_ros/docker/indigo/latest/hooks) by extension 'colcon_meta'
[0.634s] Level 1:colcon.colcon_core.package_identification:_identify(rtabmap_ros/docker/indigo/latest/hooks) by extensions ['ros']
[0.634s] Level 1:colcon.colcon_core.package_identification:_identify(rtabmap_ros/docker/indigo/latest/hooks) by extension 'ros'
[0.634s] Level 1:colcon.colcon_core.package_identification:_identify(rtabmap_ros/docker/indigo/latest/hooks) by extensions ['cmake', 'python']
[0.634s] Level 1:colcon.colcon_core.package_identification:_identify(rtabmap_ros/docker/indigo/latest/hooks) by extension 'cmake'
[0.634s] Level 1:colcon.colcon_core.package_identification:_identify(rtabmap_ros/docker/indigo/latest/hooks) by extension 'python'
[0.634s] Level 1:colcon.colcon_core.package_identification:_identify(rtabmap_ros/docker/indigo/latest/hooks) by extensions ['python_setup_py']
[0.634s] Level 1:colcon.colcon_core.package_identification:_identify(rtabmap_ros/docker/indigo/latest/hooks) by extension 'python_setup_py'
[0.634s] Level 1:colcon.colcon_core.package_identification:_identify(rtabmap_ros/docker/iron) by extensions ['ignore', 'ignore_ament_install']
[0.635s] Level 1:colcon.colcon_core.package_identification:_identify(rtabmap_ros/docker/iron) by extension 'ignore'
[0.635s] Level 1:colcon.colcon_core.package_identification:_identify(rtabmap_ros/docker/iron) by extension 'ignore_ament_install'
[0.635s] Level 1:colcon.colcon_core.package_identification:_identify(rtabmap_ros/docker/iron) by extensions ['colcon_pkg']
[0.635s] Level 1:colcon.colcon_core.package_identification:_identify(rtabmap_ros/docker/iron) by extension 'colcon_pkg'
[0.635s] Level 1:colcon.colcon_core.package_identification:_identify(rtabmap_ros/docker/iron) by extensions ['colcon_meta']
[0.635s] Level 1:colcon.colcon_core.package_identification:_identify(rtabmap_ros/docker/iron) by extension 'colcon_meta'
[0.635s] Level 1:colcon.colcon_core.package_identification:_identify(rtabmap_ros/docker/iron) by extensions ['ros']
[0.635s] Level 1:colcon.colcon_core.package_identification:_identify(rtabmap_ros/docker/iron) by extension 'ros'
[0.635s] Level 1:colcon.colcon_core.package_identification:_identify(rtabmap_ros/docker/iron) by extensions ['cmake', 'python']
[0.635s] Level 1:colcon.colcon_core.package_identification:_identify(rtabmap_ros/docker/iron) by extension 'cmake'
[0.635s] Level 1:colcon.colcon_core.package_identification:_identify(rtabmap_ros/docker/iron) by extension 'python'
[0.635s] Level 1:colcon.colcon_core.package_identification:_identify(rtabmap_ros/docker/iron) by extensions ['python_setup_py']
[0.635s] Level 1:colcon.colcon_core.package_identification:_identify(rtabmap_ros/docker/iron) by extension 'python_setup_py'
[0.635s] Level 1:colcon.colcon_core.package_identification:_identify(rtabmap_ros/docker/iron/latest) by extensions ['ignore', 'ignore_ament_install']
[0.635s] Level 1:colcon.colcon_core.package_identification:_identify(rtabmap_ros/docker/iron/latest) by extension 'ignore'
[0.635s] Level 1:colcon.colcon_core.package_identification:_identify(rtabmap_ros/docker/iron/latest) by extension 'ignore_ament_install'
[0.636s] Level 1:colcon.colcon_core.package_identification:_identify(rtabmap_ros/docker/iron/latest) by extensions ['colcon_pkg']
[0.636s] Level 1:colcon.colcon_core.package_identification:_identify(rtabmap_ros/docker/iron/latest) by extension 'colcon_pkg'
[0.636s] Level 1:colcon.colcon_core.package_identification:_identify(rtabmap_ros/docker/iron/latest) by extensions ['colcon_meta']
[0.636s] Level 1:colcon.colcon_core.package_identification:_identify(rtabmap_ros/docker/iron/latest) by extension 'colcon_meta'
[0.636s] Level 1:colcon.colcon_core.package_identification:_identify(rtabmap_ros/docker/iron/latest) by extensions ['ros']
[0.636s] Level 1:colcon.colcon_core.package_identification:_identify(rtabmap_ros/docker/iron/latest) by extension 'ros'
[0.636s] Level 1:colcon.colcon_core.package_identification:_identify(rtabmap_ros/docker/iron/latest) by extensions ['cmake', 'python']
[0.636s] Level 1:colcon.colcon_core.package_identification:_identify(rtabmap_ros/docker/iron/latest) by extension 'cmake'
[0.636s] Level 1:colcon.colcon_core.package_identification:_identify(rtabmap_ros/docker/iron/latest) by extension 'python'
[0.636s] Level 1:colcon.colcon_core.package_identification:_identify(rtabmap_ros/docker/iron/latest) by extensions ['python_setup_py']
[0.636s] Level 1:colcon.colcon_core.package_identification:_identify(rtabmap_ros/docker/iron/latest) by extension 'python_setup_py'
[0.636s] Level 1:colcon.colcon_core.package_identification:_identify(rtabmap_ros/docker/jazzy) by extensions ['ignore', 'ignore_ament_install']
[0.637s] Level 1:colcon.colcon_core.package_identification:_identify(rtabmap_ros/docker/jazzy) by extension 'ignore'
[0.637s] Level 1:colcon.colcon_core.package_identification:_identify(rtabmap_ros/docker/jazzy) by extension 'ignore_ament_install'
[0.637s] Level 1:colcon.colcon_core.package_identification:_identify(rtabmap_ros/docker/jazzy) by extensions ['colcon_pkg']
[0.637s] Level 1:colcon.colcon_core.package_identification:_identify(rtabmap_ros/docker/jazzy) by extension 'colcon_pkg'
[0.637s] Level 1:colcon.colcon_core.package_identification:_identify(rtabmap_ros/docker/jazzy) by extensions ['colcon_meta']
[0.637s] Level 1:colcon.colcon_core.package_identification:_identify(rtabmap_ros/docker/jazzy) by extension 'colcon_meta'
[0.637s] Level 1:colcon.colcon_core.package_identification:_identify(rtabmap_ros/docker/jazzy) by extensions ['ros']
[0.637s] Level 1:colcon.colcon_core.package_identification:_identify(rtabmap_ros/docker/jazzy) by extension 'ros'
[0.637s] Level 1:colcon.colcon_core.package_identification:_identify(rtabmap_ros/docker/jazzy) by extensions ['cmake', 'python']
[0.637s] Level 1:colcon.colcon_core.package_identification:_identify(rtabmap_ros/docker/jazzy) by extension 'cmake'
[0.637s] Level 1:colcon.colcon_core.package_identification:_identify(rtabmap_ros/docker/jazzy) by extension 'python'
[0.637s] Level 1:colcon.colcon_core.package_identification:_identify(rtabmap_ros/docker/jazzy) by extensions ['python_setup_py']
[0.638s] Level 1:colcon.colcon_core.package_identification:_identify(rtabmap_ros/docker/jazzy) by extension 'python_setup_py'
[0.638s] Level 1:colcon.colcon_core.package_identification:_identify(rtabmap_ros/docker/jazzy/latest) by extensions ['ignore', 'ignore_ament_install']
[0.638s] Level 1:colcon.colcon_core.package_identification:_identify(rtabmap_ros/docker/jazzy/latest) by extension 'ignore'
[0.638s] Level 1:colcon.colcon_core.package_identification:_identify(rtabmap_ros/docker/jazzy/latest) by extension 'ignore_ament_install'
[0.638s] Level 1:colcon.colcon_core.package_identification:_identify(rtabmap_ros/docker/jazzy/latest) by extensions ['colcon_pkg']
[0.638s] Level 1:colcon.colcon_core.package_identification:_identify(rtabmap_ros/docker/jazzy/latest) by extension 'colcon_pkg'
[0.638s] Level 1:colcon.colcon_core.package_identification:_identify(rtabmap_ros/docker/jazzy/latest) by extensions ['colcon_meta']
[0.638s] Level 1:colcon.colcon_core.package_identification:_identify(rtabmap_ros/docker/jazzy/latest) by extension 'colcon_meta'
[0.638s] Level 1:colcon.colcon_core.package_identification:_identify(rtabmap_ros/docker/jazzy/latest) by extensions ['ros']
[0.638s] Level 1:colcon.colcon_core.package_identification:_identify(rtabmap_ros/docker/jazzy/latest) by extension 'ros'
[0.638s] Level 1:colcon.colcon_core.package_identification:_identify(rtabmap_ros/docker/jazzy/latest) by extensions ['cmake', 'python']
[0.638s] Level 1:colcon.colcon_core.package_identification:_identify(rtabmap_ros/docker/jazzy/latest) by extension 'cmake'
[0.638s] Level 1:colcon.colcon_core.package_identification:_identify(rtabmap_ros/docker/jazzy/latest) by extension 'python'
[0.638s] Level 1:colcon.colcon_core.package_identification:_identify(rtabmap_ros/docker/jazzy/latest) by extensions ['python_setup_py']
[0.638s] Level 1:colcon.colcon_core.package_identification:_identify(rtabmap_ros/docker/jazzy/latest) by extension 'python_setup_py'
[0.639s] Level 1:colcon.colcon_core.package_identification:_identify(rtabmap_ros/docker/kinetic) by extensions ['ignore', 'ignore_ament_install']
[0.639s] Level 1:colcon.colcon_core.package_identification:_identify(rtabmap_ros/docker/kinetic) by extension 'ignore'
[0.639s] Level 1:colcon.colcon_core.package_identification:_identify(rtabmap_ros/docker/kinetic) by extension 'ignore_ament_install'
[0.639s] Level 1:colcon.colcon_core.package_identification:_identify(rtabmap_ros/docker/kinetic) by extensions ['colcon_pkg']
[0.639s] Level 1:colcon.colcon_core.package_identification:_identify(rtabmap_ros/docker/kinetic) by extension 'colcon_pkg'
[0.639s] Level 1:colcon.colcon_core.package_identification:_identify(rtabmap_ros/docker/kinetic) by extensions ['colcon_meta']
[0.639s] Level 1:colcon.colcon_core.package_identification:_identify(rtabmap_ros/docker/kinetic) by extension 'colcon_meta'
[0.639s] Level 1:colcon.colcon_core.package_identification:_identify(rtabmap_ros/docker/kinetic) by extensions ['ros']
[0.639s] Level 1:colcon.colcon_core.package_identification:_identify(rtabmap_ros/docker/kinetic) by extension 'ros'
[0.639s] Level 1:colcon.colcon_core.package_identification:_identify(rtabmap_ros/docker/kinetic) by extensions ['cmake', 'python']
[0.639s] Level 1:colcon.colcon_core.package_identification:_identify(rtabmap_ros/docker/kinetic) by extension 'cmake'
[0.639s] Level 1:colcon.colcon_core.package_identification:_identify(rtabmap_ros/docker/kinetic) by extension 'python'
[0.640s] Level 1:colcon.colcon_core.package_identification:_identify(rtabmap_ros/docker/kinetic) by extensions ['python_setup_py']
[0.640s] Level 1:colcon.colcon_core.package_identification:_identify(rtabmap_ros/docker/kinetic) by extension 'python_setup_py'
[0.640s] Level 1:colcon.colcon_core.package_identification:_identify(rtabmap_ros/docker/kinetic/latest) by extensions ['ignore', 'ignore_ament_install']
[0.640s] Level 1:colcon.colcon_core.package_identification:_identify(rtabmap_ros/docker/kinetic/latest) by extension 'ignore'
[0.640s] Level 1:colcon.colcon_core.package_identification:_identify(rtabmap_ros/docker/kinetic/latest) by extension 'ignore_ament_install'
[0.640s] Level 1:colcon.colcon_core.package_identification:_identify(rtabmap_ros/docker/kinetic/latest) by extensions ['colcon_pkg']
[0.640s] Level 1:colcon.colcon_core.package_identification:_identify(rtabmap_ros/docker/kinetic/latest) by extension 'colcon_pkg'
[0.640s] Level 1:colcon.colcon_core.package_identification:_identify(rtabmap_ros/docker/kinetic/latest) by extensions ['colcon_meta']
[0.640s] Level 1:colcon.colcon_core.package_identification:_identify(rtabmap_ros/docker/kinetic/latest) by extension 'colcon_meta'
[0.640s] Level 1:colcon.colcon_core.package_identification:_identify(rtabmap_ros/docker/kinetic/latest) by extensions ['ros']
[0.640s] Level 1:colcon.colcon_core.package_identification:_identify(rtabmap_ros/docker/kinetic/latest) by extension 'ros'
[0.640s] Level 1:colcon.colcon_core.package_identification:_identify(rtabmap_ros/docker/kinetic/latest) by extensions ['cmake', 'python']
[0.640s] Level 1:colcon.colcon_core.package_identification:_identify(rtabmap_ros/docker/kinetic/latest) by extension 'cmake'
[0.640s] Level 1:colcon.colcon_core.package_identification:_identify(rtabmap_ros/docker/kinetic/latest) by extension 'python'
[0.640s] Level 1:colcon.colcon_core.package_identification:_identify(rtabmap_ros/docker/kinetic/latest) by extensions ['python_setup_py']
[0.640s] Level 1:colcon.colcon_core.package_identification:_identify(rtabmap_ros/docker/kinetic/latest) by extension 'python_setup_py'
[0.641s] Level 1:colcon.colcon_core.package_identification:_identify(rtabmap_ros/docker/kinetic/latest/hooks) by extensions ['ignore', 'ignore_ament_install']
[0.641s] Level 1:colcon.colcon_core.package_identification:_identify(rtabmap_ros/docker/kinetic/latest/hooks) by extension 'ignore'
[0.641s] Level 1:colcon.colcon_core.package_identification:_identify(rtabmap_ros/docker/kinetic/latest/hooks) by extension 'ignore_ament_install'
[0.641s] Level 1:colcon.colcon_core.package_identification:_identify(rtabmap_ros/docker/kinetic/latest/hooks) by extensions ['colcon_pkg']
[0.641s] Level 1:colcon.colcon_core.package_identification:_identify(rtabmap_ros/docker/kinetic/latest/hooks) by extension 'colcon_pkg'
[0.641s] Level 1:colcon.colcon_core.package_identification:_identify(rtabmap_ros/docker/kinetic/latest/hooks) by extensions ['colcon_meta']
[0.641s] Level 1:colcon.colcon_core.package_identification:_identify(rtabmap_ros/docker/kinetic/latest/hooks) by extension 'colcon_meta'
[0.641s] Level 1:colcon.colcon_core.package_identification:_identify(rtabmap_ros/docker/kinetic/latest/hooks) by extensions ['ros']
[0.641s] Level 1:colcon.colcon_core.package_identification:_identify(rtabmap_ros/docker/kinetic/latest/hooks) by extension 'ros'
[0.641s] Level 1:colcon.colcon_core.package_identification:_identify(rtabmap_ros/docker/kinetic/latest/hooks) by extensions ['cmake', 'python']
[0.641s] Level 1:colcon.colcon_core.package_identification:_identify(rtabmap_ros/docker/kinetic/latest/hooks) by extension 'cmake'
[0.641s] Level 1:colcon.colcon_core.package_identification:_identify(rtabmap_ros/docker/kinetic/latest/hooks) by extension 'python'
[0.641s] Level 1:colcon.colcon_core.package_identification:_identify(rtabmap_ros/docker/kinetic/latest/hooks) by extensions ['python_setup_py']
[0.641s] Level 1:colcon.colcon_core.package_identification:_identify(rtabmap_ros/docker/kinetic/latest/hooks) by extension 'python_setup_py'
[0.641s] Level 1:colcon.colcon_core.package_identification:_identify(rtabmap_ros/docker/melodic) by extensions ['ignore', 'ignore_ament_install']
[0.642s] Level 1:colcon.colcon_core.package_identification:_identify(rtabmap_ros/docker/melodic) by extension 'ignore'
[0.642s] Level 1:colcon.colcon_core.package_identification:_identify(rtabmap_ros/docker/melodic) by extension 'ignore_ament_install'
[0.642s] Level 1:colcon.colcon_core.package_identification:_identify(rtabmap_ros/docker/melodic) by extensions ['colcon_pkg']
[0.642s] Level 1:colcon.colcon_core.package_identification:_identify(rtabmap_ros/docker/melodic) by extension 'colcon_pkg'
[0.642s] Level 1:colcon.colcon_core.package_identification:_identify(rtabmap_ros/docker/melodic) by extensions ['colcon_meta']
[0.642s] Level 1:colcon.colcon_core.package_identification:_identify(rtabmap_ros/docker/melodic) by extension 'colcon_meta'
[0.642s] Level 1:colcon.colcon_core.package_identification:_identify(rtabmap_ros/docker/melodic) by extensions ['ros']
[0.642s] Level 1:colcon.colcon_core.package_identification:_identify(rtabmap_ros/docker/melodic) by extension 'ros'
[0.642s] Level 1:colcon.colcon_core.package_identification:_identify(rtabmap_ros/docker/melodic) by extensions ['cmake', 'python']
[0.642s] Level 1:colcon.colcon_core.package_identification:_identify(rtabmap_ros/docker/melodic) by extension 'cmake'
[0.642s] Level 1:colcon.colcon_core.package_identification:_identify(rtabmap_ros/docker/melodic) by extension 'python'
[0.642s] Level 1:colcon.colcon_core.package_identification:_identify(rtabmap_ros/docker/melodic) by extensions ['python_setup_py']
[0.642s] Level 1:colcon.colcon_core.package_identification:_identify(rtabmap_ros/docker/melodic) by extension 'python_setup_py'
[0.642s] Level 1:colcon.colcon_core.package_identification:_identify(rtabmap_ros/docker/melodic/latest) by extensions ['ignore', 'ignore_ament_install']
[0.642s] Level 1:colcon.colcon_core.package_identification:_identify(rtabmap_ros/docker/melodic/latest) by extension 'ignore'
[0.642s] Level 1:colcon.colcon_core.package_identification:_identify(rtabmap_ros/docker/melodic/latest) by extension 'ignore_ament_install'
[0.643s] Level 1:colcon.colcon_core.package_identification:_identify(rtabmap_ros/docker/melodic/latest) by extensions ['colcon_pkg']
[0.643s] Level 1:colcon.colcon_core.package_identification:_identify(rtabmap_ros/docker/melodic/latest) by extension 'colcon_pkg'
[0.643s] Level 1:colcon.colcon_core.package_identification:_identify(rtabmap_ros/docker/melodic/latest) by extensions ['colcon_meta']
[0.643s] Level 1:colcon.colcon_core.package_identification:_identify(rtabmap_ros/docker/melodic/latest) by extension 'colcon_meta'
[0.643s] Level 1:colcon.colcon_core.package_identification:_identify(rtabmap_ros/docker/melodic/latest) by extensions ['ros']
[0.643s] Level 1:colcon.colcon_core.package_identification:_identify(rtabmap_ros/docker/melodic/latest) by extension 'ros'
[0.643s] Level 1:colcon.colcon_core.package_identification:_identify(rtabmap_ros/docker/melodic/latest) by extensions ['cmake', 'python']
[0.643s] Level 1:colcon.colcon_core.package_identification:_identify(rtabmap_ros/docker/melodic/latest) by extension 'cmake'
[0.643s] Level 1:colcon.colcon_core.package_identification:_identify(rtabmap_ros/docker/melodic/latest) by extension 'python'
[0.643s] Level 1:colcon.colcon_core.package_identification:_identify(rtabmap_ros/docker/melodic/latest) by extensions ['python_setup_py']
[0.643s] Level 1:colcon.colcon_core.package_identification:_identify(rtabmap_ros/docker/melodic/latest) by extension 'python_setup_py'
[0.643s] Level 1:colcon.colcon_core.package_identification:_identify(rtabmap_ros/docker/melodic/latest/hooks) by extensions ['ignore', 'ignore_ament_install']
[0.643s] Level 1:colcon.colcon_core.package_identification:_identify(rtabmap_ros/docker/melodic/latest/hooks) by extension 'ignore'
[0.643s] Level 1:colcon.colcon_core.package_identification:_identify(rtabmap_ros/docker/melodic/latest/hooks) by extension 'ignore_ament_install'
[0.643s] Level 1:colcon.colcon_core.package_identification:_identify(rtabmap_ros/docker/melodic/latest/hooks) by extensions ['colcon_pkg']
[0.643s] Level 1:colcon.colcon_core.package_identification:_identify(rtabmap_ros/docker/melodic/latest/hooks) by extension 'colcon_pkg'
[0.644s] Level 1:colcon.colcon_core.package_identification:_identify(rtabmap_ros/docker/melodic/latest/hooks) by extensions ['colcon_meta']
[0.644s] Level 1:colcon.colcon_core.package_identification:_identify(rtabmap_ros/docker/melodic/latest/hooks) by extension 'colcon_meta'
[0.644s] Level 1:colcon.colcon_core.package_identification:_identify(rtabmap_ros/docker/melodic/latest/hooks) by extensions ['ros']
[0.644s] Level 1:colcon.colcon_core.package_identification:_identify(rtabmap_ros/docker/melodic/latest/hooks) by extension 'ros'
[0.644s] Level 1:colcon.colcon_core.package_identification:_identify(rtabmap_ros/docker/melodic/latest/hooks) by extensions ['cmake', 'python']
[0.644s] Level 1:colcon.colcon_core.package_identification:_identify(rtabmap_ros/docker/melodic/latest/hooks) by extension 'cmake'
[0.644s] Level 1:colcon.colcon_core.package_identification:_identify(rtabmap_ros/docker/melodic/latest/hooks) by extension 'python'
[0.644s] Level 1:colcon.colcon_core.package_identification:_identify(rtabmap_ros/docker/melodic/latest/hooks) by extensions ['python_setup_py']
[0.644s] Level 1:colcon.colcon_core.package_identification:_identify(rtabmap_ros/docker/melodic/latest/hooks) by extension 'python_setup_py'
[0.644s] Level 1:colcon.colcon_core.package_identification:_identify(rtabmap_ros/docker/noetic) by extensions ['ignore', 'ignore_ament_install']
[0.644s] Level 1:colcon.colcon_core.package_identification:_identify(rtabmap_ros/docker/noetic) by extension 'ignore'
[0.644s] Level 1:colcon.colcon_core.package_identification:_identify(rtabmap_ros/docker/noetic) by extension 'ignore_ament_install'
[0.644s] Level 1:colcon.colcon_core.package_identification:_identify(rtabmap_ros/docker/noetic) by extensions ['colcon_pkg']
[0.644s] Level 1:colcon.colcon_core.package_identification:_identify(rtabmap_ros/docker/noetic) by extension 'colcon_pkg'
[0.644s] Level 1:colcon.colcon_core.package_identification:_identify(rtabmap_ros/docker/noetic) by extensions ['colcon_meta']
[0.644s] Level 1:colcon.colcon_core.package_identification:_identify(rtabmap_ros/docker/noetic) by extension 'colcon_meta'
[0.644s] Level 1:colcon.colcon_core.package_identification:_identify(rtabmap_ros/docker/noetic) by extensions ['ros']
[0.645s] Level 1:colcon.colcon_core.package_identification:_identify(rtabmap_ros/docker/noetic) by extension 'ros'
[0.645s] Level 1:colcon.colcon_core.package_identification:_identify(rtabmap_ros/docker/noetic) by extensions ['cmake', 'python']
[0.645s] Level 1:colcon.colcon_core.package_identification:_identify(rtabmap_ros/docker/noetic) by extension 'cmake'
[0.645s] Level 1:colcon.colcon_core.package_identification:_identify(rtabmap_ros/docker/noetic) by extension 'python'
[0.645s] Level 1:colcon.colcon_core.package_identification:_identify(rtabmap_ros/docker/noetic) by extensions ['python_setup_py']
[0.645s] Level 1:colcon.colcon_core.package_identification:_identify(rtabmap_ros/docker/noetic) by extension 'python_setup_py'
[0.645s] Level 1:colcon.colcon_core.package_identification:_identify(rtabmap_ros/docker/noetic/latest) by extensions ['ignore', 'ignore_ament_install']
[0.645s] Level 1:colcon.colcon_core.package_identification:_identify(rtabmap_ros/docker/noetic/latest) by extension 'ignore'
[0.645s] Level 1:colcon.colcon_core.package_identification:_identify(rtabmap_ros/docker/noetic/latest) by extension 'ignore_ament_install'
[0.645s] Level 1:colcon.colcon_core.package_identification:_identify(rtabmap_ros/docker/noetic/latest) by extensions ['colcon_pkg']
[0.645s] Level 1:colcon.colcon_core.package_identification:_identify(rtabmap_ros/docker/noetic/latest) by extension 'colcon_pkg'
[0.645s] Level 1:colcon.colcon_core.package_identification:_identify(rtabmap_ros/docker/noetic/latest) by extensions ['colcon_meta']
[0.645s] Level 1:colcon.colcon_core.package_identification:_identify(rtabmap_ros/docker/noetic/latest) by extension 'colcon_meta'
[0.645s] Level 1:colcon.colcon_core.package_identification:_identify(rtabmap_ros/docker/noetic/latest) by extensions ['ros']
[0.645s] Level 1:colcon.colcon_core.package_identification:_identify(rtabmap_ros/docker/noetic/latest) by extension 'ros'
[0.645s] Level 1:colcon.colcon_core.package_identification:_identify(rtabmap_ros/docker/noetic/latest) by extensions ['cmake', 'python']
[0.646s] Level 1:colcon.colcon_core.package_identification:_identify(rtabmap_ros/docker/noetic/latest) by extension 'cmake'
[0.646s] Level 1:colcon.colcon_core.package_identification:_identify(rtabmap_ros/docker/noetic/latest) by extension 'python'
[0.646s] Level 1:colcon.colcon_core.package_identification:_identify(rtabmap_ros/docker/noetic/latest) by extensions ['python_setup_py']
[0.646s] Level 1:colcon.colcon_core.package_identification:_identify(rtabmap_ros/docker/noetic/latest) by extension 'python_setup_py'
[0.646s] Level 1:colcon.colcon_core.package_identification:_identify(rtabmap_ros/docker/noetic/latest/hooks) by extensions ['ignore', 'ignore_ament_install']
[0.646s] Level 1:colcon.colcon_core.package_identification:_identify(rtabmap_ros/docker/noetic/latest/hooks) by extension 'ignore'
[0.646s] Level 1:colcon.colcon_core.package_identification:_identify(rtabmap_ros/docker/noetic/latest/hooks) by extension 'ignore_ament_install'
[0.646s] Level 1:colcon.colcon_core.package_identification:_identify(rtabmap_ros/docker/noetic/latest/hooks) by extensions ['colcon_pkg']
[0.646s] Level 1:colcon.colcon_core.package_identification:_identify(rtabmap_ros/docker/noetic/latest/hooks) by extension 'colcon_pkg'
[0.646s] Level 1:colcon.colcon_core.package_identification:_identify(rtabmap_ros/docker/noetic/latest/hooks) by extensions ['colcon_meta']
[0.646s] Level 1:colcon.colcon_core.package_identification:_identify(rtabmap_ros/docker/noetic/latest/hooks) by extension 'colcon_meta'
[0.646s] Level 1:colcon.colcon_core.package_identification:_identify(rtabmap_ros/docker/noetic/latest/hooks) by extensions ['ros']
[0.646s] Level 1:colcon.colcon_core.package_identification:_identify(rtabmap_ros/docker/noetic/latest/hooks) by extension 'ros'
[0.646s] Level 1:colcon.colcon_core.package_identification:_identify(rtabmap_ros/docker/noetic/latest/hooks) by extensions ['cmake', 'python']
[0.646s] Level 1:colcon.colcon_core.package_identification:_identify(rtabmap_ros/docker/noetic/latest/hooks) by extension 'cmake'
[0.647s] Level 1:colcon.colcon_core.package_identification:_identify(rtabmap_ros/docker/noetic/latest/hooks) by extension 'python'
[0.647s] Level 1:colcon.colcon_core.package_identification:_identify(rtabmap_ros/docker/noetic/latest/hooks) by extensions ['python_setup_py']
[0.647s] Level 1:colcon.colcon_core.package_identification:_identify(rtabmap_ros/docker/noetic/latest/hooks) by extension 'python_setup_py'
[0.647s] Level 1:colcon.colcon_core.package_identification:_identify(rtabmap_ros/docker/noetic/superpoint) by extensions ['ignore', 'ignore_ament_install']
[0.647s] Level 1:colcon.colcon_core.package_identification:_identify(rtabmap_ros/docker/noetic/superpoint) by extension 'ignore'
[0.647s] Level 1:colcon.colcon_core.package_identification:_identify(rtabmap_ros/docker/noetic/superpoint) by extension 'ignore_ament_install'
[0.647s] Level 1:colcon.colcon_core.package_identification:_identify(rtabmap_ros/docker/noetic/superpoint) by extensions ['colcon_pkg']
[0.647s] Level 1:colcon.colcon_core.package_identification:_identify(rtabmap_ros/docker/noetic/superpoint) by extension 'colcon_pkg'
[0.647s] Level 1:colcon.colcon_core.package_identification:_identify(rtabmap_ros/docker/noetic/superpoint) by extensions ['colcon_meta']
[0.647s] Level 1:colcon.colcon_core.package_identification:_identify(rtabmap_ros/docker/noetic/superpoint) by extension 'colcon_meta'
[0.647s] Level 1:colcon.colcon_core.package_identification:_identify(rtabmap_ros/docker/noetic/superpoint) by extensions ['ros']
[0.647s] Level 1:colcon.colcon_core.package_identification:_identify(rtabmap_ros/docker/noetic/superpoint) by extension 'ros'
[0.647s] Level 1:colcon.colcon_core.package_identification:_identify(rtabmap_ros/docker/noetic/superpoint) by extensions ['cmake', 'python']
[0.647s] Level 1:colcon.colcon_core.package_identification:_identify(rtabmap_ros/docker/noetic/superpoint) by extension 'cmake'
[0.647s] Level 1:colcon.colcon_core.package_identification:_identify(rtabmap_ros/docker/noetic/superpoint) by extension 'python'
[0.647s] Level 1:colcon.colcon_core.package_identification:_identify(rtabmap_ros/docker/noetic/superpoint) by extensions ['python_setup_py']
[0.647s] Level 1:colcon.colcon_core.package_identification:_identify(rtabmap_ros/docker/noetic/superpoint) by extension 'python_setup_py'
[0.648s] Level 1:colcon.colcon_core.package_identification:_identify(rtabmap_ros/rtabmap_conversions) by extensions ['ignore', 'ignore_ament_install']
[0.648s] Level 1:colcon.colcon_core.package_identification:_identify(rtabmap_ros/rtabmap_conversions) by extension 'ignore'
[0.648s] Level 1:colcon.colcon_core.package_identification:_identify(rtabmap_ros/rtabmap_conversions) by extension 'ignore_ament_install'
[0.648s] Level 1:colcon.colcon_core.package_identification:_identify(rtabmap_ros/rtabmap_conversions) by extensions ['colcon_pkg']
[0.648s] Level 1:colcon.colcon_core.package_identification:_identify(rtabmap_ros/rtabmap_conversions) by extension 'colcon_pkg'
[0.648s] Level 1:colcon.colcon_core.package_identification:_identify(rtabmap_ros/rtabmap_conversions) by extensions ['colcon_meta']
[0.648s] Level 1:colcon.colcon_core.package_identification:_identify(rtabmap_ros/rtabmap_conversions) by extension 'colcon_meta'
[0.648s] Level 1:colcon.colcon_core.package_identification:_identify(rtabmap_ros/rtabmap_conversions) by extensions ['ros']
[0.648s] Level 1:colcon.colcon_core.package_identification:_identify(rtabmap_ros/rtabmap_conversions) by extension 'ros'
[0.656s] DEBUG:colcon.colcon_core.package_identification:Package 'rtabmap_ros/rtabmap_conversions' with type 'ros.ament_cmake' and name 'rtabmap_conversions'
[0.656s] Level 1:colcon.colcon_core.package_identification:_identify(rtabmap_ros/rtabmap_demos) by extensions ['ignore', 'ignore_ament_install']
[0.656s] Level 1:colcon.colcon_core.package_identification:_identify(rtabmap_ros/rtabmap_demos) by extension 'ignore'
[0.656s] Level 1:colcon.colcon_core.package_identification:_identify(rtabmap_ros/rtabmap_demos) by extension 'ignore_ament_install'
[0.656s] Level 1:colcon.colcon_core.package_identification:_identify(rtabmap_ros/rtabmap_demos) by extensions ['colcon_pkg']
[0.656s] Level 1:colcon.colcon_core.package_identification:_identify(rtabmap_ros/rtabmap_demos) by extension 'colcon_pkg'
[0.656s] Level 1:colcon.colcon_core.package_identification:_identify(rtabmap_ros/rtabmap_demos) by extensions ['colcon_meta']
[0.656s] Level 1:colcon.colcon_core.package_identification:_identify(rtabmap_ros/rtabmap_demos) by extension 'colcon_meta'
[0.657s] Level 1:colcon.colcon_core.package_identification:_identify(rtabmap_ros/rtabmap_demos) by extensions ['ros']
[0.657s] Level 1:colcon.colcon_core.package_identification:_identify(rtabmap_ros/rtabmap_demos) by extension 'ros'
[0.658s] DEBUG:colcon.colcon_core.package_identification:Package 'rtabmap_ros/rtabmap_demos' with type 'ros.ament_cmake' and name 'rtabmap_demos'
[0.658s] Level 1:colcon.colcon_core.package_identification:_identify(rtabmap_ros/rtabmap_examples) by extensions ['ignore', 'ignore_ament_install']
[0.658s] Level 1:colcon.colcon_core.package_identification:_identify(rtabmap_ros/rtabmap_examples) by extension 'ignore'
[0.658s] Level 1:colcon.colcon_core.package_identification:_identify(rtabmap_ros/rtabmap_examples) by extension 'ignore_ament_install'
[0.658s] Level 1:colcon.colcon_core.package_identification:_identify(rtabmap_ros/rtabmap_examples) by extensions ['colcon_pkg']
[0.658s] Level 1:colcon.colcon_core.package_identification:_identify(rtabmap_ros/rtabmap_examples) by extension 'colcon_pkg'
[0.659s] Level 1:colcon.colcon_core.package_identification:_identify(rtabmap_ros/rtabmap_examples) by extensions ['colcon_meta']
[0.659s] Level 1:colcon.colcon_core.package_identification:_identify(rtabmap_ros/rtabmap_examples) by extension 'colcon_meta'
[0.659s] Level 1:colcon.colcon_core.package_identification:_identify(rtabmap_ros/rtabmap_examples) by extensions ['ros']
[0.659s] Level 1:colcon.colcon_core.package_identification:_identify(rtabmap_ros/rtabmap_examples) by extension 'ros'
[0.660s] DEBUG:colcon.colcon_core.package_identification:Package 'rtabmap_ros/rtabmap_examples' with type 'ros.ament_cmake' and name 'rtabmap_examples'
[0.660s] Level 1:colcon.colcon_core.package_identification:_identify(rtabmap_ros/rtabmap_launch) by extensions ['ignore', 'ignore_ament_install']
[0.660s] Level 1:colcon.colcon_core.package_identification:_identify(rtabmap_ros/rtabmap_launch) by extension 'ignore'
[0.660s] Level 1:colcon.colcon_core.package_identification:_identify(rtabmap_ros/rtabmap_launch) by extension 'ignore_ament_install'
[0.661s] Level 1:colcon.colcon_core.package_identification:_identify(rtabmap_ros/rtabmap_launch) by extensions ['colcon_pkg']
[0.661s] Level 1:colcon.colcon_core.package_identification:_identify(rtabmap_ros/rtabmap_launch) by extension 'colcon_pkg'
[0.661s] Level 1:colcon.colcon_core.package_identification:_identify(rtabmap_ros/rtabmap_launch) by extensions ['colcon_meta']
[0.661s] Level 1:colcon.colcon_core.package_identification:_identify(rtabmap_ros/rtabmap_launch) by extension 'colcon_meta'
[0.661s] Level 1:colcon.colcon_core.package_identification:_identify(rtabmap_ros/rtabmap_launch) by extensions ['ros']
[0.661s] Level 1:colcon.colcon_core.package_identification:_identify(rtabmap_ros/rtabmap_launch) by extension 'ros'
[0.662s] DEBUG:colcon.colcon_core.package_identification:Package 'rtabmap_ros/rtabmap_launch' with type 'ros.ament_cmake' and name 'rtabmap_launch'
[0.663s] Level 1:colcon.colcon_core.package_identification:_identify(rtabmap_ros/rtabmap_msgs) by extensions ['ignore', 'ignore_ament_install']
[0.663s] Level 1:colcon.colcon_core.package_identification:_identify(rtabmap_ros/rtabmap_msgs) by extension 'ignore'
[0.663s] Level 1:colcon.colcon_core.package_identification:_identify(rtabmap_ros/rtabmap_msgs) by extension 'ignore_ament_install'
[0.663s] Level 1:colcon.colcon_core.package_identification:_identify(rtabmap_ros/rtabmap_msgs) by extensions ['colcon_pkg']
[0.663s] Level 1:colcon.colcon_core.package_identification:_identify(rtabmap_ros/rtabmap_msgs) by extension 'colcon_pkg'
[0.663s] Level 1:colcon.colcon_core.package_identification:_identify(rtabmap_ros/rtabmap_msgs) by extensions ['colcon_meta']
[0.663s] Level 1:colcon.colcon_core.package_identification:_identify(rtabmap_ros/rtabmap_msgs) by extension 'colcon_meta'
[0.663s] Level 1:colcon.colcon_core.package_identification:_identify(rtabmap_ros/rtabmap_msgs) by extensions ['ros']
[0.663s] Level 1:colcon.colcon_core.package_identification:_identify(rtabmap_ros/rtabmap_msgs) by extension 'ros'
[0.665s] DEBUG:colcon.colcon_core.package_identification:Package 'rtabmap_ros/rtabmap_msgs' with type 'ros.ament_cmake' and name 'rtabmap_msgs'
[0.665s] Level 1:colcon.colcon_core.package_identification:_identify(rtabmap_ros/rtabmap_odom) by extensions ['ignore', 'ignore_ament_install']
[0.665s] Level 1:colcon.colcon_core.package_identification:_identify(rtabmap_ros/rtabmap_odom) by extension 'ignore'
[0.665s] Level 1:colcon.colcon_core.package_identification:_identify(rtabmap_ros/rtabmap_odom) by extension 'ignore_ament_install'
[0.665s] Level 1:colcon.colcon_core.package_identification:_identify(rtabmap_ros/rtabmap_odom) by extensions ['colcon_pkg']
[0.665s] Level 1:colcon.colcon_core.package_identification:_identify(rtabmap_ros/rtabmap_odom) by extension 'colcon_pkg'
[0.666s] Level 1:colcon.colcon_core.package_identification:_identify(rtabmap_ros/rtabmap_odom) by extensions ['colcon_meta']
[0.666s] Level 1:colcon.colcon_core.package_identification:_identify(rtabmap_ros/rtabmap_odom) by extension 'colcon_meta'
[0.666s] Level 1:colcon.colcon_core.package_identification:_identify(rtabmap_ros/rtabmap_odom) by extensions ['ros']
[0.666s] Level 1:colcon.colcon_core.package_identification:_identify(rtabmap_ros/rtabmap_odom) by extension 'ros'
[0.669s] DEBUG:colcon.colcon_core.package_identification:Package 'rtabmap_ros/rtabmap_odom' with type 'ros.ament_cmake' and name 'rtabmap_odom'
[0.669s] Level 1:colcon.colcon_core.package_identification:_identify(rtabmap_ros/rtabmap_python) by extensions ['ignore', 'ignore_ament_install']
[0.669s] Level 1:colcon.colcon_core.package_identification:_identify(rtabmap_ros/rtabmap_python) by extension 'ignore'
[0.669s] Level 1:colcon.colcon_core.package_identification:_identify(rtabmap_ros/rtabmap_python) by extension 'ignore_ament_install'
[0.669s] Level 1:colcon.colcon_core.package_identification:_identify(rtabmap_ros/rtabmap_python) by extensions ['colcon_pkg']
[0.669s] Level 1:colcon.colcon_core.package_identification:_identify(rtabmap_ros/rtabmap_python) by extension 'colcon_pkg'
[0.669s] Level 1:colcon.colcon_core.package_identification:_identify(rtabmap_ros/rtabmap_python) by extensions ['colcon_meta']
[0.669s] Level 1:colcon.colcon_core.package_identification:_identify(rtabmap_ros/rtabmap_python) by extension 'colcon_meta'
[0.670s] Level 1:colcon.colcon_core.package_identification:_identify(rtabmap_ros/rtabmap_python) by extensions ['ros']
[0.670s] Level 1:colcon.colcon_core.package_identification:_identify(rtabmap_ros/rtabmap_python) by extension 'ros'
[0.671s] DEBUG:colcon.colcon_core.package_identification:Package 'rtabmap_ros/rtabmap_python' with type 'ros.ament_python' and name 'rtabmap_python'
[0.671s] Level 1:colcon.colcon_core.package_identification:_identify(rtabmap_ros/rtabmap_ros) by extensions ['ignore', 'ignore_ament_install']
[0.672s] Level 1:colcon.colcon_core.package_identification:_identify(rtabmap_ros/rtabmap_ros) by extension 'ignore'
[0.672s] Level 1:colcon.colcon_core.package_identification:_identify(rtabmap_ros/rtabmap_ros) by extension 'ignore_ament_install'
[0.672s] Level 1:colcon.colcon_core.package_identification:_identify(rtabmap_ros/rtabmap_ros) by extensions ['colcon_pkg']
[0.672s] Level 1:colcon.colcon_core.package_identification:_identify(rtabmap_ros/rtabmap_ros) by extension 'colcon_pkg'
[0.672s] Level 1:colcon.colcon_core.package_identification:_identify(rtabmap_ros/rtabmap_ros) by extensions ['colcon_meta']
[0.672s] Level 1:colcon.colcon_core.package_identification:_identify(rtabmap_ros/rtabmap_ros) by extension 'colcon_meta'
[0.672s] Level 1:colcon.colcon_core.package_identification:_identify(rtabmap_ros/rtabmap_ros) by extensions ['ros']
[0.672s] Level 1:colcon.colcon_core.package_identification:_identify(rtabmap_ros/rtabmap_ros) by extension 'ros'
[0.674s] DEBUG:colcon.colcon_core.package_identification:Package 'rtabmap_ros/rtabmap_ros' with type 'ros.ament_cmake' and name 'rtabmap_ros'
[0.674s] Level 1:colcon.colcon_core.package_identification:_identify(rtabmap_ros/rtabmap_rviz_plugins) by extensions ['ignore', 'ignore_ament_install']
[0.674s] Level 1:colcon.colcon_core.package_identification:_identify(rtabmap_ros/rtabmap_rviz_plugins) by extension 'ignore'
[0.674s] Level 1:colcon.colcon_core.package_identification:_identify(rtabmap_ros/rtabmap_rviz_plugins) by extension 'ignore_ament_install'
[0.674s] Level 1:colcon.colcon_core.package_identification:_identify(rtabmap_ros/rtabmap_rviz_plugins) by extensions ['colcon_pkg']
[0.674s] Level 1:colcon.colcon_core.package_identification:_identify(rtabmap_ros/rtabmap_rviz_plugins) by extension 'colcon_pkg'
[0.675s] Level 1:colcon.colcon_core.package_identification:_identify(rtabmap_ros/rtabmap_rviz_plugins) by extensions ['colcon_meta']
[0.675s] Level 1:colcon.colcon_core.package_identification:_identify(rtabmap_ros/rtabmap_rviz_plugins) by extension 'colcon_meta'
[0.675s] Level 1:colcon.colcon_core.package_identification:_identify(rtabmap_ros/rtabmap_rviz_plugins) by extensions ['ros']
[0.675s] Level 1:colcon.colcon_core.package_identification:_identify(rtabmap_ros/rtabmap_rviz_plugins) by extension 'ros'
[0.677s] DEBUG:colcon.colcon_core.package_identification:Package 'rtabmap_ros/rtabmap_rviz_plugins' with type 'ros.ament_cmake' and name 'rtabmap_rviz_plugins'
[0.677s] Level 1:colcon.colcon_core.package_identification:_identify(rtabmap_ros/rtabmap_slam) by extensions ['ignore', 'ignore_ament_install']
[0.677s] Level 1:colcon.colcon_core.package_identification:_identify(rtabmap_ros/rtabmap_slam) by extension 'ignore'
[0.677s] Level 1:colcon.colcon_core.package_identification:_identify(rtabmap_ros/rtabmap_slam) by extension 'ignore_ament_install'
[0.678s] Level 1:colcon.colcon_core.package_identification:_identify(rtabmap_ros/rtabmap_slam) by extensions ['colcon_pkg']
[0.678s] Level 1:colcon.colcon_core.package_identification:_identify(rtabmap_ros/rtabmap_slam) by extension 'colcon_pkg'
[0.678s] Level 1:colcon.colcon_core.package_identification:_identify(rtabmap_ros/rtabmap_slam) by extensions ['colcon_meta']
[0.678s] Level 1:colcon.colcon_core.package_identification:_identify(rtabmap_ros/rtabmap_slam) by extension 'colcon_meta'
[0.678s] Level 1:colcon.colcon_core.package_identification:_identify(rtabmap_ros/rtabmap_slam) by extensions ['ros']
[0.678s] Level 1:colcon.colcon_core.package_identification:_identify(rtabmap_ros/rtabmap_slam) by extension 'ros'
[0.680s] DEBUG:colcon.colcon_core.package_identification:Package 'rtabmap_ros/rtabmap_slam' with type 'ros.ament_cmake' and name 'rtabmap_slam'
[0.680s] Level 1:colcon.colcon_core.package_identification:_identify(rtabmap_ros/rtabmap_sync) by extensions ['ignore', 'ignore_ament_install']
[0.681s] Level 1:colcon.colcon_core.package_identification:_identify(rtabmap_ros/rtabmap_sync) by extension 'ignore'
[0.681s] Level 1:colcon.colcon_core.package_identification:_identify(rtabmap_ros/rtabmap_sync) by extension 'ignore_ament_install'
[0.681s] Level 1:colcon.colcon_core.package_identification:_identify(rtabmap_ros/rtabmap_sync) by extensions ['colcon_pkg']
[0.681s] Level 1:colcon.colcon_core.package_identification:_identify(rtabmap_ros/rtabmap_sync) by extension 'colcon_pkg'
[0.681s] Level 1:colcon.colcon_core.package_identification:_identify(rtabmap_ros/rtabmap_sync) by extensions ['colcon_meta']
[0.681s] Level 1:colcon.colcon_core.package_identification:_identify(rtabmap_ros/rtabmap_sync) by extension 'colcon_meta'
[0.681s] Level 1:colcon.colcon_core.package_identification:_identify(rtabmap_ros/rtabmap_sync) by extensions ['ros']
[0.681s] Level 1:colcon.colcon_core.package_identification:_identify(rtabmap_ros/rtabmap_sync) by extension 'ros'
[0.683s] DEBUG:colcon.colcon_core.package_identification:Package 'rtabmap_ros/rtabmap_sync' with type 'ros.ament_cmake' and name 'rtabmap_sync'
[0.683s] Level 1:colcon.colcon_core.package_identification:_identify(rtabmap_ros/rtabmap_util) by extensions ['ignore', 'ignore_ament_install']
[0.683s] Level 1:colcon.colcon_core.package_identification:_identify(rtabmap_ros/rtabmap_util) by extension 'ignore'
[0.683s] Level 1:colcon.colcon_core.package_identification:_identify(rtabmap_ros/rtabmap_util) by extension 'ignore_ament_install'
[0.684s] Level 1:colcon.colcon_core.package_identification:_identify(rtabmap_ros/rtabmap_util) by extensions ['colcon_pkg']
[0.684s] Level 1:colcon.colcon_core.package_identification:_identify(rtabmap_ros/rtabmap_util) by extension 'colcon_pkg'
[0.684s] Level 1:colcon.colcon_core.package_identification:_identify(rtabmap_ros/rtabmap_util) by extensions ['colcon_meta']
[0.684s] Level 1:colcon.colcon_core.package_identification:_identify(rtabmap_ros/rtabmap_util) by extension 'colcon_meta'
[0.684s] Level 1:colcon.colcon_core.package_identification:_identify(rtabmap_ros/rtabmap_util) by extensions ['ros']
[0.684s] Level 1:colcon.colcon_core.package_identification:_identify(rtabmap_ros/rtabmap_util) by extension 'ros'
[0.688s] DEBUG:colcon.colcon_core.package_identification:Package 'rtabmap_ros/rtabmap_util' with type 'ros.ament_cmake' and name 'rtabmap_util'
[0.688s] Level 1:colcon.colcon_core.package_identification:_identify(rtabmap_ros/rtabmap_viz) by extensions ['ignore', 'ignore_ament_install']
[0.688s] Level 1:colcon.colcon_core.package_identification:_identify(rtabmap_ros/rtabmap_viz) by extension 'ignore'
[0.688s] Level 1:colcon.colcon_core.package_identification:_identify(rtabmap_ros/rtabmap_viz) by extension 'ignore_ament_install'
[0.689s] Level 1:colcon.colcon_core.package_identification:_identify(rtabmap_ros/rtabmap_viz) by extensions ['colcon_pkg']
[0.689s] Level 1:colcon.colcon_core.package_identification:_identify(rtabmap_ros/rtabmap_viz) by extension 'colcon_pkg'
[0.689s] Level 1:colcon.colcon_core.package_identification:_identify(rtabmap_ros/rtabmap_viz) by extensions ['colcon_meta']
[0.689s] Level 1:colcon.colcon_core.package_identification:_identify(rtabmap_ros/rtabmap_viz) by extension 'colcon_meta'
[0.689s] Level 1:colcon.colcon_core.package_identification:_identify(rtabmap_ros/rtabmap_viz) by extensions ['ros']
[0.689s] Level 1:colcon.colcon_core.package_identification:_identify(rtabmap_ros/rtabmap_viz) by extension 'ros'
[0.691s] DEBUG:colcon.colcon_core.package_identification:Package 'rtabmap_ros/rtabmap_viz' with type 'ros.ament_cmake' and name 'rtabmap_viz'
[0.691s] Level 1:colcon.colcon_core.package_identification:_identify(sdv_scripts) by extensions ['ignore', 'ignore_ament_install']
[0.691s] Level 1:colcon.colcon_core.package_identification:_identify(sdv_scripts) by extension 'ignore'
[0.692s] Level 1:colcon.colcon_core.package_identification:_identify(sdv_scripts) by extension 'ignore_ament_install'
[0.692s] Level 1:colcon.colcon_core.package_identification:_identify(sdv_scripts) by extensions ['colcon_pkg']
[0.692s] Level 1:colcon.colcon_core.package_identification:_identify(sdv_scripts) by extension 'colcon_pkg'
[0.692s] Level 1:colcon.colcon_core.package_identification:_identify(sdv_scripts) by extensions ['colcon_meta']
[0.692s] Level 1:colcon.colcon_core.package_identification:_identify(sdv_scripts) by extension 'colcon_meta'
[0.692s] Level 1:colcon.colcon_core.package_identification:_identify(sdv_scripts) by extensions ['ros']
[0.692s] Level 1:colcon.colcon_core.package_identification:_identify(sdv_scripts) by extension 'ros'
[0.694s] DEBUG:colcon.colcon_core.package_identification:Package 'sdv_scripts' with type 'ros.catkin' and name 'sdv_scripts'
[0.694s] Level 1:colcon.colcon_core.package_identification:_identify(sdv_un_ros) by extensions ['ignore', 'ignore_ament_install']
[0.694s] Level 1:colcon.colcon_core.package_identification:_identify(sdv_un_ros) by extension 'ignore'
[0.694s] Level 1:colcon.colcon_core.package_identification:_identify(sdv_un_ros) by extension 'ignore_ament_install'
[0.694s] Level 1:colcon.colcon_core.package_identification:_identify(sdv_un_ros) by extensions ['colcon_pkg']
[0.694s] Level 1:colcon.colcon_core.package_identification:_identify(sdv_un_ros) by extension 'colcon_pkg'
[0.694s] Level 1:colcon.colcon_core.package_identification:_identify(sdv_un_ros) by extensions ['colcon_meta']
[0.694s] Level 1:colcon.colcon_core.package_identification:_identify(sdv_un_ros) by extension 'colcon_meta'
[0.694s] Level 1:colcon.colcon_core.package_identification:_identify(sdv_un_ros) by extensions ['ros']
[0.694s] Level 1:colcon.colcon_core.package_identification:_identify(sdv_un_ros) by extension 'ros'
[0.694s] Level 1:colcon.colcon_core.package_identification:_identify(sdv_un_ros) by extensions ['cmake', 'python']
[0.694s] Level 1:colcon.colcon_core.package_identification:_identify(sdv_un_ros) by extension 'cmake'
[0.695s] Level 1:colcon.colcon_core.package_identification:_identify(sdv_un_ros) by extension 'python'
[0.695s] Level 1:colcon.colcon_core.package_identification:_identify(sdv_un_ros) by extensions ['python_setup_py']
[0.695s] Level 1:colcon.colcon_core.package_identification:_identify(sdv_un_ros) by extension 'python_setup_py'
[0.695s] Level 1:colcon.colcon_core.package_identification:_identify(sdv_un_ros/sdv_joystick) by extensions ['ignore', 'ignore_ament_install']
[0.695s] Level 1:colcon.colcon_core.package_identification:_identify(sdv_un_ros/sdv_joystick) by extension 'ignore'
[0.695s] Level 1:colcon.colcon_core.package_identification:_identify(sdv_un_ros/sdv_joystick) by extension 'ignore_ament_install'
[0.695s] Level 1:colcon.colcon_core.package_identification:_identify(sdv_un_ros/sdv_joystick) by extensions ['colcon_pkg']
[0.695s] Level 1:colcon.colcon_core.package_identification:_identify(sdv_un_ros/sdv_joystick) by extension 'colcon_pkg'
[0.695s] Level 1:colcon.colcon_core.package_identification:_identify(sdv_un_ros/sdv_joystick) by extensions ['colcon_meta']
[0.695s] Level 1:colcon.colcon_core.package_identification:_identify(sdv_un_ros/sdv_joystick) by extension 'colcon_meta'
[0.695s] Level 1:colcon.colcon_core.package_identification:_identify(sdv_un_ros/sdv_joystick) by extensions ['ros']
[0.695s] Level 1:colcon.colcon_core.package_identification:_identify(sdv_un_ros/sdv_joystick) by extension 'ros'
[0.697s] DEBUG:colcon.colcon_core.package_identification:Package 'sdv_un_ros/sdv_joystick' with type 'ros.catkin' and name 'sdv_joystick'
[0.697s] Level 1:colcon.colcon_core.package_identification:_identify(sdv_un_ros/sdv_msgs) by extensions ['ignore', 'ignore_ament_install']
[0.697s] Level 1:colcon.colcon_core.package_identification:_identify(sdv_un_ros/sdv_msgs) by extension 'ignore'
[0.697s] Level 1:colcon.colcon_core.package_identification:_identify(sdv_un_ros/sdv_msgs) by extension 'ignore_ament_install'
[0.697s] Level 1:colcon.colcon_core.package_identification:_identify(sdv_un_ros/sdv_msgs) by extensions ['colcon_pkg']
[0.698s] Level 1:colcon.colcon_core.package_identification:_identify(sdv_un_ros/sdv_msgs) by extension 'colcon_pkg'
[0.698s] Level 1:colcon.colcon_core.package_identification:_identify(sdv_un_ros/sdv_msgs) by extensions ['colcon_meta']
[0.698s] Level 1:colcon.colcon_core.package_identification:_identify(sdv_un_ros/sdv_msgs) by extension 'colcon_meta'
[0.698s] Level 1:colcon.colcon_core.package_identification:_identify(sdv_un_ros/sdv_msgs) by extensions ['ros']
[0.698s] Level 1:colcon.colcon_core.package_identification:_identify(sdv_un_ros/sdv_msgs) by extension 'ros'
[0.699s] DEBUG:colcon.colcon_core.package_identification:Package 'sdv_un_ros/sdv_msgs' with type 'ros.ament_cmake' and name 'sdv_msgs'
[0.699s] Level 1:colcon.colcon_core.package_identification:_identify(sdv_un_ros/sdv_nav) by extensions ['ignore', 'ignore_ament_install']
[0.699s] Level 1:colcon.colcon_core.package_identification:_identify(sdv_un_ros/sdv_nav) by extension 'ignore'
[0.699s] Level 1:colcon.colcon_core.package_identification:_identify(sdv_un_ros/sdv_nav) by extension 'ignore_ament_install'
[0.699s] Level 1:colcon.colcon_core.package_identification:_identify(sdv_un_ros/sdv_nav) by extensions ['colcon_pkg']
[0.699s] Level 1:colcon.colcon_core.package_identification:_identify(sdv_un_ros/sdv_nav) by extension 'colcon_pkg'
[0.699s] Level 1:colcon.colcon_core.package_identification:_identify(sdv_un_ros/sdv_nav) by extensions ['colcon_meta']
[0.699s] Level 1:colcon.colcon_core.package_identification:_identify(sdv_un_ros/sdv_nav) by extension 'colcon_meta'
[0.699s] Level 1:colcon.colcon_core.package_identification:_identify(sdv_un_ros/sdv_nav) by extensions ['ros']
[0.699s] Level 1:colcon.colcon_core.package_identification:_identify(sdv_un_ros/sdv_nav) by extension 'ros'
[0.700s] DEBUG:colcon.colcon_core.package_identification:Package 'sdv_un_ros/sdv_nav' with type 'ros.ament_cmake' and name 'sdv_nav'
[0.700s] Level 1:colcon.colcon_core.package_identification:_identify(sdv_un_ros/sdv_platform) by extensions ['ignore', 'ignore_ament_install']
[0.700s] Level 1:colcon.colcon_core.package_identification:_identify(sdv_un_ros/sdv_platform) by extension 'ignore'
[0.700s] Level 1:colcon.colcon_core.package_identification:_identify(sdv_un_ros/sdv_platform) by extension 'ignore_ament_install'
[0.700s] Level 1:colcon.colcon_core.package_identification:_identify(sdv_un_ros/sdv_platform) by extensions ['colcon_pkg']
[0.700s] Level 1:colcon.colcon_core.package_identification:_identify(sdv_un_ros/sdv_platform) by extension 'colcon_pkg'
[0.701s] Level 1:colcon.colcon_core.package_identification:_identify(sdv_un_ros/sdv_platform) by extensions ['colcon_meta']
[0.701s] Level 1:colcon.colcon_core.package_identification:_identify(sdv_un_ros/sdv_platform) by extension 'colcon_meta'
[0.701s] Level 1:colcon.colcon_core.package_identification:_identify(sdv_un_ros/sdv_platform) by extensions ['ros']
[0.701s] Level 1:colcon.colcon_core.package_identification:_identify(sdv_un_ros/sdv_platform) by extension 'ros'
[0.702s] DEBUG:colcon.colcon_core.package_identification:Package 'sdv_un_ros/sdv_platform' with type 'ros.catkin' and name 'sdv_platform'
[0.702s] Level 1:colcon.colcon_core.package_identification:_identify(sdv_un_ros/sdv_process) by extensions ['ignore', 'ignore_ament_install']
[0.702s] Level 1:colcon.colcon_core.package_identification:_identify(sdv_un_ros/sdv_process) by extension 'ignore'
[0.702s] Level 1:colcon.colcon_core.package_identification:_identify(sdv_un_ros/sdv_process) by extension 'ignore_ament_install'
[0.702s] Level 1:colcon.colcon_core.package_identification:_identify(sdv_un_ros/sdv_process) by extensions ['colcon_pkg']
[0.702s] Level 1:colcon.colcon_core.package_identification:_identify(sdv_un_ros/sdv_process) by extension 'colcon_pkg'
[0.703s] Level 1:colcon.colcon_core.package_identification:_identify(sdv_un_ros/sdv_process) by extensions ['colcon_meta']
[0.703s] Level 1:colcon.colcon_core.package_identification:_identify(sdv_un_ros/sdv_process) by extension 'colcon_meta'
[0.703s] Level 1:colcon.colcon_core.package_identification:_identify(sdv_un_ros/sdv_process) by extensions ['ros']
[0.703s] Level 1:colcon.colcon_core.package_identification:_identify(sdv_un_ros/sdv_process) by extension 'ros'
[0.706s] DEBUG:colcon.colcon_core.package_identification:Package 'sdv_un_ros/sdv_process' with type 'ros.catkin' and name 'sdv_process'
[0.706s] Level 1:colcon.colcon_core.package_identification:_identify(sdv_un_ros/sdv_serial) by extensions ['ignore', 'ignore_ament_install']
[0.706s] Level 1:colcon.colcon_core.package_identification:_identify(sdv_un_ros/sdv_serial) by extension 'ignore'
[0.706s] Level 1:colcon.colcon_core.package_identification:_identify(sdv_un_ros/sdv_serial) by extension 'ignore_ament_install'
[0.707s] Level 1:colcon.colcon_core.package_identification:_identify(sdv_un_ros/sdv_serial) by extensions ['colcon_pkg']
[0.707s] Level 1:colcon.colcon_core.package_identification:_identify(sdv_un_ros/sdv_serial) by extension 'colcon_pkg'
[0.707s] Level 1:colcon.colcon_core.package_identification:_identify(sdv_un_ros/sdv_serial) by extensions ['colcon_meta']
[0.707s] Level 1:colcon.colcon_core.package_identification:_identify(sdv_un_ros/sdv_serial) by extension 'colcon_meta'
[0.707s] Level 1:colcon.colcon_core.package_identification:_identify(sdv_un_ros/sdv_serial) by extensions ['ros']
[0.707s] Level 1:colcon.colcon_core.package_identification:_identify(sdv_un_ros/sdv_serial) by extension 'ros'
[0.709s] DEBUG:colcon.colcon_core.package_identification:Package 'sdv_un_ros/sdv_serial' with type 'ros.catkin' and name 'sdv_serial'
[0.709s] Level 1:colcon.colcon_core.package_identification:_identify(sdv_un_ros/sdv_un_ros) by extensions ['ignore', 'ignore_ament_install']
[0.709s] Level 1:colcon.colcon_core.package_identification:_identify(sdv_un_ros/sdv_un_ros) by extension 'ignore'
[0.709s] Level 1:colcon.colcon_core.package_identification:_identify(sdv_un_ros/sdv_un_ros) by extension 'ignore_ament_install'
[0.709s] Level 1:colcon.colcon_core.package_identification:_identify(sdv_un_ros/sdv_un_ros) by extensions ['colcon_pkg']
[0.709s] Level 1:colcon.colcon_core.package_identification:_identify(sdv_un_ros/sdv_un_ros) by extension 'colcon_pkg'
[0.709s] Level 1:colcon.colcon_core.package_identification:_identify(sdv_un_ros/sdv_un_ros) by extensions ['colcon_meta']
[0.709s] Level 1:colcon.colcon_core.package_identification:_identify(sdv_un_ros/sdv_un_ros) by extension 'colcon_meta'
[0.709s] Level 1:colcon.colcon_core.package_identification:_identify(sdv_un_ros/sdv_un_ros) by extensions ['ros']
[0.709s] Level 1:colcon.colcon_core.package_identification:_identify(sdv_un_ros/sdv_un_ros) by extension 'ros'
[0.711s] DEBUG:colcon.colcon_core.package_identification:Package 'sdv_un_ros/sdv_un_ros' with type 'ros.catkin' and name 'sdv_un_ros'
[0.712s] Level 1:colcon.colcon_core.package_discovery:discover_packages(recursive) using defaults
[0.712s] Level 1:colcon.colcon_core.package_discovery:discover_packages(ignore) discover
[0.712s] Level 1:colcon.colcon_core.package_discovery:discover_packages(ignore) using defaults
[0.712s] Level 1:colcon.colcon_core.package_discovery:discover_packages(path) discover
[0.712s] Level 1:colcon.colcon_core.package_discovery:discover_packages(path) using defaults
[0.812s] INFO:colcon.colcon_core.package_selection:Skipping not selected package 'rtabmap_msgs' in 'rtabmap_ros/rtabmap_msgs'
[0.812s] INFO:colcon.colcon_core.package_selection:Skipping not selected package 'rtabmap_python' in 'rtabmap_ros/rtabmap_python'
[0.812s] INFO:colcon.colcon_core.package_selection:Skipping not selected package 'sdv_joystick' in 'sdv_un_ros/sdv_joystick'
[0.812s] INFO:colcon.colcon_core.package_selection:Skipping not selected package 'sdv_msgs' in 'sdv_un_ros/sdv_msgs'
[0.812s] INFO:colcon.colcon_core.package_selection:Skipping not selected package 'sdv_platform' in 'sdv_un_ros/sdv_platform'
[0.812s] INFO:colcon.colcon_core.package_selection:Skipping not selected package 'sdv_process' in 'sdv_un_ros/sdv_process'
[0.812s] INFO:colcon.colcon_core.package_selection:Skipping not selected package 'rtabmap_conversions' in 'rtabmap_ros/rtabmap_conversions'
[0.812s] INFO:colcon.colcon_core.package_selection:Skipping not selected package 'sdv_scripts' in 'sdv_scripts'
[0.812s] INFO:colcon.colcon_core.package_selection:Skipping not selected package 'sdv_serial' in 'sdv_un_ros/sdv_serial'
[0.812s] INFO:colcon.colcon_core.package_selection:Skipping not selected package 'rtabmap_rviz_plugins' in 'rtabmap_ros/rtabmap_rviz_plugins'
[0.812s] INFO:colcon.colcon_core.package_selection:Skipping not selected package 'rtabmap_sync' in 'rtabmap_ros/rtabmap_sync'
[0.812s] INFO:colcon.colcon_core.package_selection:Skipping not selected package 'rtabmap_util' in 'rtabmap_ros/rtabmap_util'
[0.812s] INFO:colcon.colcon_core.package_selection:Skipping not selected package 'sdv_un_ros' in 'sdv_un_ros/sdv_un_ros'
[0.812s] INFO:colcon.colcon_core.package_selection:Skipping not selected package 'rtabmap_odom' in 'rtabmap_ros/rtabmap_odom'
[0.812s] INFO:colcon.colcon_core.package_selection:Skipping not selected package 'rtabmap_slam' in 'rtabmap_ros/rtabmap_slam'
[0.812s] INFO:colcon.colcon_core.package_selection:Skipping not selected package 'rtabmap_viz' in 'rtabmap_ros/rtabmap_viz'
[0.812s] INFO:colcon.colcon_core.package_selection:Skipping not selected package 'rtabmap_demos' in 'rtabmap_ros/rtabmap_demos'
[0.812s] INFO:colcon.colcon_core.package_selection:Skipping not selected package 'rtabmap_examples' in 'rtabmap_ros/rtabmap_examples'
[0.812s] INFO:colcon.colcon_core.package_selection:Skipping not selected package 'rtabmap_launch' in 'rtabmap_ros/rtabmap_launch'
[0.812s] INFO:colcon.colcon_core.package_selection:Skipping not selected package 'rtabmap_ros' in 'rtabmap_ros/rtabmap_ros'
[0.814s] Level 1:colcon.colcon_core.package_discovery:discover_packages(prefix_path) check parameters
[0.814s] Level 1:colcon.colcon_core.package_discovery:discover_packages(prefix_path) discover
[0.840s] DEBUG:colcon.colcon_installed_package_information.package_discovery:Found 374 installed packages in /opt/ros/jazzy
[0.842s] Level 1:colcon.colcon_core.package_discovery:discover_packages(prefix_path) using defaults
[1.222s] Level 5:colcon.colcon_core.verb:set package 'sdv_nav' build argument 'cmake_args' from command line to 'None'
[1.222s] Level 5:colcon.colcon_core.verb:set package 'sdv_nav' build argument 'cmake_target' from command line to 'None'
[1.222s] Level 5:colcon.colcon_core.verb:set package 'sdv_nav' build argument 'cmake_target_skip_unavailable' from command line to 'False'
[1.222s] Level 5:colcon.colcon_core.verb:set package 'sdv_nav' build argument 'cmake_clean_cache' from command line to 'False'
[1.222s] Level 5:colcon.colcon_core.verb:set package 'sdv_nav' build argument 'cmake_clean_first' from command line to 'False'
[1.222s] Level 5:colcon.colcon_core.verb:set package 'sdv_nav' build argument 'cmake_force_configure' from command line to 'False'
[1.222s] Level 5:colcon.colcon_core.verb:set package 'sdv_nav' build argument 'ament_cmake_args' from command line to 'None'
[1.222s] Level 5:colcon.colcon_core.verb:set package 'sdv_nav' build argument 'catkin_cmake_args' from command line to 'None'
[1.222s] Level 5:colcon.colcon_core.verb:set package 'sdv_nav' build argument 'catkin_skip_building_tests' from command line to 'False'
[1.222s] DEBUG:colcon.colcon_core.verb:Building package 'sdv_nav' with the following arguments: {'ament_cmake_args': None, 'build_base': '/home/cafsanchezdi/sdv_un_ros2_ws/src/build/sdv_nav', 'catkin_cmake_args': None, 'catkin_skip_building_tests': False, 'cmake_args': None, 'cmake_clean_cache': False, 'cmake_clean_first': False, 'cmake_force_configure': False, 'cmake_target': None, 'cmake_target_skip_unavailable': False, 'install_base': '/home/cafsanchezdi/sdv_un_ros2_ws/src/install/sdv_nav', 'merge_install': False, 'path': '/home/cafsanchezdi/sdv_un_ros2_ws/src/sdv_un_ros/sdv_nav', 'symlink_install': True, 'test_result_base': None}
[1.223s] INFO:colcon.colcon_core.executor:Executing jobs using 'parallel' executor
[1.224s] DEBUG:colcon.colcon_parallel_executor.executor.parallel:run_until_complete
[1.224s] INFO:colcon.colcon_ros.task.ament_cmake.build:Building ROS package in '/home/cafsanchezdi/sdv_un_ros2_ws/src/sdv_un_ros/sdv_nav' with build type 'ament_cmake'
[1.225s] INFO:colcon.colcon_cmake.task.cmake.build:Building CMake package in '/home/cafsanchezdi/sdv_un_ros2_ws/src/sdv_un_ros/sdv_nav'
[1.232s] INFO:colcon.colcon_core.plugin_system:Skipping extension 'colcon_core.shell.bat': Not used on non-Windows systems
[1.232s] INFO:colcon.colcon_core.shell:Skip shell extension 'powershell' for command environment: Not usable outside of PowerShell
[1.233s] DEBUG:colcon.colcon_core.shell:Skip shell extension 'dsv' for command environment
[1.251s] DEBUG:colcon.colcon_core.event_handler.log_command:Invoking command in '/home/cafsanchezdi/sdv_un_ros2_ws/src/build/sdv_nav': CMAKE_PREFIX_PATH=${CMAKE_PREFIX_PATH}:/opt/ros/jazzy DEBUGINFOD_URLS=https://debuginfod.ubuntu.com /usr/bin/cmake /home/cafsanchezdi/sdv_un_ros2_ws/src/sdv_un_ros/sdv_nav -DAMENT_CMAKE_SYMLINK_INSTALL=1 -DCMAKE_INSTALL_PREFIX=/home/cafsanchezdi/sdv_un_ros2_ws/src/install/sdv_nav
[2.262s] DEBUG:colcon.colcon_core.event_handler.log_command:Invoked command in '/home/cafsanchezdi/sdv_un_ros2_ws/src/build/sdv_nav' returned '0': CMAKE_PREFIX_PATH=${CMAKE_PREFIX_PATH}:/opt/ros/jazzy DEBUGINFOD_URLS=https://debuginfod.ubuntu.com /usr/bin/cmake /home/cafsanchezdi/sdv_un_ros2_ws/src/sdv_un_ros/sdv_nav -DAMENT_CMAKE_SYMLINK_INSTALL=1 -DCMAKE_INSTALL_PREFIX=/home/cafsanchezdi/sdv_un_ros2_ws/src/install/sdv_nav
[2.266s] DEBUG:colcon.colcon_core.event_handler.log_command:Invoking command in '/home/cafsanchezdi/sdv_un_ros2_ws/src/build/sdv_nav': CMAKE_PREFIX_PATH=${CMAKE_PREFIX_PATH}:/opt/ros/jazzy DEBUGINFOD_URLS=https://debuginfod.ubuntu.com /usr/bin/cmake --build /home/cafsanchezdi/sdv_un_ros2_ws/src/build/sdv_nav -- -j8 -l8
[2.365s] DEBUG:colcon.colcon_core.event_handler.log_command:Invoked command in '/home/cafsanchezdi/sdv_un_ros2_ws/src/build/sdv_nav' returned '0': CMAKE_PREFIX_PATH=${CMAKE_PREFIX_PATH}:/opt/ros/jazzy DEBUGINFOD_URLS=https://debuginfod.ubuntu.com /usr/bin/cmake --build /home/cafsanchezdi/sdv_un_ros2_ws/src/build/sdv_nav -- -j8 -l8
[2.391s] DEBUG:colcon.colcon_core.event_handler.log_command:Invoking command in '/home/cafsanchezdi/sdv_un_ros2_ws/src/build/sdv_nav': CMAKE_PREFIX_PATH=${CMAKE_PREFIX_PATH}:/opt/ros/jazzy DEBUGINFOD_URLS=https://debuginfod.ubuntu.com /usr/bin/cmake --install /home/cafsanchezdi/sdv_un_ros2_ws/src/build/sdv_nav
[2.740s] Level 1:colcon.colcon_core.environment:create_environment_scripts_only(sdv_nav)
[2.742s] DEBUG:colcon.colcon_core.event_handler.log_command:Invoked command in '/home/cafsanchezdi/sdv_un_ros2_ws/src/build/sdv_nav' returned '0': CMAKE_PREFIX_PATH=${CMAKE_PREFIX_PATH}:/opt/ros/jazzy DEBUGINFOD_URLS=https://debuginfod.ubuntu.com /usr/bin/cmake --install /home/cafsanchezdi/sdv_un_ros2_ws/src/build/sdv_nav
[2.755s] Level 1:colcon.colcon_core.environment:checking '/home/cafsanchezdi/sdv_un_ros2_ws/src/install/sdv_nav' for CMake module files
[2.757s] Level 1:colcon.colcon_core.environment:checking '/home/cafsanchezdi/sdv_un_ros2_ws/src/install/sdv_nav' for CMake config files
[2.759s] Level 1:colcon.colcon_core.shell:create_environment_hook('sdv_nav', 'cmake_prefix_path')
[2.759s] INFO:colcon.colcon_core.shell:Creating environment hook '/home/cafsanchezdi/sdv_un_ros2_ws/src/install/sdv_nav/share/sdv_nav/hook/cmake_prefix_path.ps1'
[2.761s] INFO:colcon.colcon_core.shell:Creating environment descriptor '/home/cafsanchezdi/sdv_un_ros2_ws/src/install/sdv_nav/share/sdv_nav/hook/cmake_prefix_path.dsv'
[2.762s] INFO:colcon.colcon_core.shell:Creating environment hook '/home/cafsanchezdi/sdv_un_ros2_ws/src/install/sdv_nav/share/sdv_nav/hook/cmake_prefix_path.sh'
[2.764s] Level 1:colcon.colcon_core.environment:checking '/home/cafsanchezdi/sdv_un_ros2_ws/src/install/sdv_nav/lib'
[2.764s] Level 1:colcon.colcon_core.environment:checking '/home/cafsanchezdi/sdv_un_ros2_ws/src/install/sdv_nav/bin'
[2.764s] Level 1:colcon.colcon_core.environment:checking '/home/cafsanchezdi/sdv_un_ros2_ws/src/install/sdv_nav/lib/pkgconfig/sdv_nav.pc'
[2.765s] Level 1:colcon.colcon_core.environment:checking '/home/cafsanchezdi/sdv_un_ros2_ws/src/install/sdv_nav/lib/python3.12/site-packages'
[2.765s] Level 1:colcon.colcon_core.environment:checking '/home/cafsanchezdi/sdv_un_ros2_ws/src/install/sdv_nav/bin'
[2.766s] INFO:colcon.colcon_core.shell:Creating package script '/home/cafsanchezdi/sdv_un_ros2_ws/src/install/sdv_nav/share/sdv_nav/package.ps1'
[2.767s] INFO:colcon.colcon_core.shell:Creating package descriptor '/home/cafsanchezdi/sdv_un_ros2_ws/src/install/sdv_nav/share/sdv_nav/package.dsv'
[2.769s] INFO:colcon.colcon_core.shell:Creating package script '/home/cafsanchezdi/sdv_un_ros2_ws/src/install/sdv_nav/share/sdv_nav/package.sh'
[2.770s] INFO:colcon.colcon_core.shell:Creating package script '/home/cafsanchezdi/sdv_un_ros2_ws/src/install/sdv_nav/share/sdv_nav/package.bash'
[2.772s] INFO:colcon.colcon_core.shell:Creating package script '/home/cafsanchezdi/sdv_un_ros2_ws/src/install/sdv_nav/share/sdv_nav/package.zsh'
[2.774s] Level 1:colcon.colcon_core.environment:create_file_with_runtime_dependencies(/home/cafsanchezdi/sdv_un_ros2_ws/src/install/sdv_nav/share/colcon-core/packages/sdv_nav)
[2.775s] Level 1:colcon.colcon_core.environment:create_environment_scripts_only(sdv_nav)
[2.776s] Level 1:colcon.colcon_core.environment:checking '/home/cafsanchezdi/sdv_un_ros2_ws/src/install/sdv_nav' for CMake module files
[2.777s] Level 1:colcon.colcon_core.environment:checking '/home/cafsanchezdi/sdv_un_ros2_ws/src/install/sdv_nav' for CMake config files
[2.777s] Level 1:colcon.colcon_core.shell:create_environment_hook('sdv_nav', 'cmake_prefix_path')
[2.777s] INFO:colcon.colcon_core.shell:Creating environment hook '/home/cafsanchezdi/sdv_un_ros2_ws/src/install/sdv_nav/share/sdv_nav/hook/cmake_prefix_path.ps1'
[2.778s] INFO:colcon.colcon_core.shell:Creating environment descriptor '/home/cafsanchezdi/sdv_un_ros2_ws/src/install/sdv_nav/share/sdv_nav/hook/cmake_prefix_path.dsv'
[2.778s] INFO:colcon.colcon_core.shell:Creating environment hook '/home/cafsanchezdi/sdv_un_ros2_ws/src/install/sdv_nav/share/sdv_nav/hook/cmake_prefix_path.sh'
[2.779s] Level 1:colcon.colcon_core.environment:checking '/home/cafsanchezdi/sdv_un_ros2_ws/src/install/sdv_nav/lib'
[2.779s] Level 1:colcon.colcon_core.environment:checking '/home/cafsanchezdi/sdv_un_ros2_ws/src/install/sdv_nav/bin'
[2.779s] Level 1:colcon.colcon_core.environment:checking '/home/cafsanchezdi/sdv_un_ros2_ws/src/install/sdv_nav/lib/pkgconfig/sdv_nav.pc'
[2.780s] Level 1:colcon.colcon_core.environment:checking '/home/cafsanchezdi/sdv_un_ros2_ws/src/install/sdv_nav/lib/python3.12/site-packages'
[2.780s] Level 1:colcon.colcon_core.environment:checking '/home/cafsanchezdi/sdv_un_ros2_ws/src/install/sdv_nav/bin'
[2.780s] INFO:colcon.colcon_core.shell:Creating package script '/home/cafsanchezdi/sdv_un_ros2_ws/src/install/sdv_nav/share/sdv_nav/package.ps1'
[2.781s] INFO:colcon.colcon_core.shell:Creating package descriptor '/home/cafsanchezdi/sdv_un_ros2_ws/src/install/sdv_nav/share/sdv_nav/package.dsv'
[2.782s] INFO:colcon.colcon_core.shell:Creating package script '/home/cafsanchezdi/sdv_un_ros2_ws/src/install/sdv_nav/share/sdv_nav/package.sh'
[2.782s] INFO:colcon.colcon_core.shell:Creating package script '/home/cafsanchezdi/sdv_un_ros2_ws/src/install/sdv_nav/share/sdv_nav/package.bash'
[2.783s] INFO:colcon.colcon_core.shell:Creating package script '/home/cafsanchezdi/sdv_un_ros2_ws/src/install/sdv_nav/share/sdv_nav/package.zsh'
[2.784s] Level 1:colcon.colcon_core.environment:create_file_with_runtime_dependencies(/home/cafsanchezdi/sdv_un_ros2_ws/src/install/sdv_nav/share/colcon-core/packages/sdv_nav)
[2.785s] DEBUG:colcon.colcon_parallel_executor.executor.parallel:closing loop
[2.786s] DEBUG:colcon.colcon_parallel_executor.executor.parallel:loop closed
[2.787s] DEBUG:colcon.colcon_parallel_executor.executor.parallel:run_until_complete finished with '0'
[2.787s] DEBUG:colcon.colcon_core.event_reactor:joining thread
[2.840s] INFO:colcon.colcon_core.plugin_system:Skipping extension 'colcon_notification.desktop_notification.terminal_notifier': Not used on non-Darwin systems
[2.840s] INFO:colcon.colcon_core.plugin_system:Skipping extension 'colcon_notification.desktop_notification.win32': Not used on non-Windows systems
[2.840s] INFO:colcon.colcon_notification.desktop_notification:Sending desktop notification using 'notify2'
[3.143s] DEBUG:colcon.colcon_core.event_reactor:joined thread
[3.144s] INFO:colcon.colcon_core.shell:Creating prefix script '/home/cafsanchezdi/sdv_un_ros2_ws/src/install/local_setup.ps1'
[3.148s] INFO:colcon.colcon_core.shell:Creating prefix util module '/home/cafsanchezdi/sdv_un_ros2_ws/src/install/_local_setup_util_ps1.py'
[3.151s] INFO:colcon.colcon_core.shell:Creating prefix chain script '/home/cafsanchezdi/sdv_un_ros2_ws/src/install/setup.ps1'
[3.153s] INFO:colcon.colcon_core.shell:Creating prefix script '/home/cafsanchezdi/sdv_un_ros2_ws/src/install/local_setup.sh'
[3.154s] INFO:colcon.colcon_core.shell:Creating prefix util module '/home/cafsanchezdi/sdv_un_ros2_ws/src/install/_local_setup_util_sh.py'
[3.155s] INFO:colcon.colcon_core.shell:Creating prefix chain script '/home/cafsanchezdi/sdv_un_ros2_ws/src/install/setup.sh'
[3.157s] INFO:colcon.colcon_core.shell:Creating prefix script '/home/cafsanchezdi/sdv_un_ros2_ws/src/install/local_setup.bash'
[3.159s] INFO:colcon.colcon_core.shell:Creating prefix chain script '/home/cafsanchezdi/sdv_un_ros2_ws/src/install/setup.bash'
[3.160s] INFO:colcon.colcon_core.shell:Creating prefix script '/home/cafsanchezdi/sdv_un_ros2_ws/src/install/local_setup.zsh'
[3.162s] INFO:colcon.colcon_core.shell:Creating prefix chain script '/home/cafsanchezdi/sdv_un_ros2_ws/src/install/setup.zsh'
