[0.034s] Invoking command in '/home/cafsanchezdi/sdv_un_ros2_ws/src/build/sdv_nav': AMENT_PREFIX_PATH=/home/cafsanchezdi/sdv_un_ros2_ws/src/install/sdv_msgs:${AMENT_PREFIX_PATH} CMAKE_PREFIX_PATH=/home/cafsanchezdi/sdv_un_ros2_ws/src/install/sdv_scripts:/home/cafsanchezdi/sdv_un_ros2_ws/src/install/sdv_msgs:${CMAKE_PREFIX_PATH} DEBUGINFOD_URLS=https://debuginfod.ubuntu.com LD_LIBRARY_PATH=/home/cafsanchezdi/sdv_un_ros2_ws/src/install/sdv_scripts/lib:/home/cafsanchezdi/sdv_un_ros2_ws/src/install/sdv_msgs/lib:${LD_LIBRARY_PATH} PKG_CONFIG_PATH=/home/cafsanchezdi/sdv_un_ros2_ws/src/install/sdv_scripts/lib/x86_64-linux-gnu/pkgconfig:/home/cafsanchezdi/sdv_un_ros2_ws/src/install/sdv_scripts/lib/pkgconfig PYTHONPATH=/home/cafsanchezdi/sdv_un_ros2_ws/src/install/sdv_scripts/lib/python3.12/site-packages:/home/cafsanchezdi/sdv_un_ros2_ws/src/install/sdv_msgs/lib/python3.12/site-packages:${PYTHONPATH} ROS_PACKAGE_PATH=/home/cafsanchezdi/sdv_un_ros2_ws/src/install/sdv_scripts/share /usr/bin/cmake /home/cafsanchezdi/sdv_un_ros2_ws/src/sdv_un_ros/sdv_nav -DCATKIN_INSTALL_INTO_PREFIX_ROOT=0 -DCATKIN_SYMLINK_INSTALL=ON -DCMAKE_INSTALL_PREFIX=/home/cafsanchezdi/sdv_un_ros2_ws/src/install/sdv_nav
[0.050s] [0mCMake Deprecation Warning at CMakeLists.txt:1 (cmake_minimum_required):
[0.050s]   Compatibility with CMake < 3.5 will be removed from a future version of
[0.051s]   CMake.
[0.051s] 
[0.051s]   Update the VERSION argument <min> value or use a ...<max> suffix to tell
[0.051s]   CMake that the project does not need compatibility with older versions.
[0.051s] 
[0.052s] [0m
[0.144s] -- The C compiler identification is GNU 13.3.0
[0.259s] -- The CXX compiler identification is GNU 13.3.0
[0.300s] -- Detecting C compiler ABI info
[0.502s] -- Detecting C compiler ABI info - done
[0.523s] -- Check for working C compiler: /usr/bin/cc - skipped
[0.524s] -- Detecting C compile features
[0.525s] -- Detecting C compile features - done
[0.543s] -- Detecting CXX compiler ABI info
[0.756s] -- Detecting CXX compiler ABI info - done
[0.779s] -- Check for working CXX compiler: /usr/bin/c++ - skipped
[0.780s] -- Detecting CXX compile features
[0.781s] -- Detecting CXX compile features - done
[0.814s] [31mCMake Error at CMakeLists.txt:4 (find_package):
[0.814s]   By not providing "Findcatkin.cmake" in CMAKE_MODULE_PATH this project has
[0.815s]   asked CMake to find a package configuration file provided by "catkin", but
[0.815s]   CMake did not find one.
[0.815s] 
[0.815s]   Could not find a package configuration file provided by "catkin" with any
[0.816s]   of the following names:
[0.816s] 
[0.816s]     catkinConfig.cmake
[0.816s]     catkin-config.cmake
[0.816s] 
[0.817s]   Add the installation prefix of "catkin" to CMAKE_PREFIX_PATH or set
[0.817s]   "catkin_DIR" to a directory containing one of the above files.  If "catkin"
[0.817s]   provides a separate development package or SDK, be sure it has been
[0.817s]   installed.
[0.817s] 
[0.818s] [0m
[0.818s] -- Configuring incomplete, errors occurred!
[0.823s] Invoked command in '/home/cafsanchezdi/sdv_un_ros2_ws/src/build/sdv_nav' returned '1': AMENT_PREFIX_PATH=/home/cafsanchezdi/sdv_un_ros2_ws/src/install/sdv_msgs:${AMENT_PREFIX_PATH} CMAKE_PREFIX_PATH=/home/cafsanchezdi/sdv_un_ros2_ws/src/install/sdv_scripts:/home/cafsanchezdi/sdv_un_ros2_ws/src/install/sdv_msgs:${CMAKE_PREFIX_PATH} DEBUGINFOD_URLS=https://debuginfod.ubuntu.com LD_LIBRARY_PATH=/home/cafsanchezdi/sdv_un_ros2_ws/src/install/sdv_scripts/lib:/home/cafsanchezdi/sdv_un_ros2_ws/src/install/sdv_msgs/lib:${LD_LIBRARY_PATH} PKG_CONFIG_PATH=/home/cafsanchezdi/sdv_un_ros2_ws/src/install/sdv_scripts/lib/x86_64-linux-gnu/pkgconfig:/home/cafsanchezdi/sdv_un_ros2_ws/src/install/sdv_scripts/lib/pkgconfig PYTHONPATH=/home/cafsanchezdi/sdv_un_ros2_ws/src/install/sdv_scripts/lib/python3.12/site-packages:/home/cafsanchezdi/sdv_un_ros2_ws/src/install/sdv_msgs/lib/python3.12/site-packages:${PYTHONPATH} ROS_PACKAGE_PATH=/home/cafsanchezdi/sdv_un_ros2_ws/src/install/sdv_scripts/share /usr/bin/cmake /home/cafsanchezdi/sdv_un_ros2_ws/src/sdv_un_ros/sdv_nav -DCATKIN_INSTALL_INTO_PREFIX_ROOT=0 -DCATKIN_SYMLINK_INSTALL=ON -DCMAKE_INSTALL_PREFIX=/home/cafsanchezdi/sdv_un_ros2_ws/src/install/sdv_nav
