[0.019s] Invoking command in '/home/cafsanchezdi/sdv_un_ros2_ws/src/build/sdv_msgs': CMAKE_PREFIX_PATH=${CMAKE_PREFIX_PATH}:/opt/ros/jazzy DEBUGINFOD_URLS=https://debuginfod.ubuntu.com /usr/bin/cmake /home/cafsanchezdi/sdv_un_ros2_ws/src/sdv_un_ros/sdv_msgs -DAMENT_CMAKE_SYMLINK_INSTALL=1 -DCMAKE_INSTALL_PREFIX=/home/cafsanchezdi/sdv_un_ros2_ws/src/install/sdv_msgs
[0.689s] -- The C compiler identification is GNU 13.3.0
[1.141s] -- The CXX compiler identification is GNU 13.3.0
[1.222s] -- Detecting C compiler ABI info
[1.515s] -- Detecting C compiler ABI info - done
[1.556s] -- Check for working C compiler: /usr/bin/cc - skipped
[1.565s] -- Detecting C compile features
[1.568s] -- Detecting C compile features - done
[1.622s] -- Detecting CXX compiler ABI info
[1.856s] -- Detecting CXX compiler ABI info - done
[1.881s] -- Check for working CXX compiler: /usr/bin/c++ - skipped
[1.882s] -- Detecting CXX compile features
[1.882s] -- Detecting CXX compile features - done
[1.911s] -- Found ament_cmake: 2.5.3 (/opt/ros/jazzy/share/ament_cmake/cmake)
[2.204s] -- Found Python3: /usr/bin/python3 (found version "3.12.3") found components: Interpreter 
[2.336s] -- Override CMake install command with custom implementation using symlinks instead of copying resources
[2.459s] -- Found rosidl_default_generators: 1.6.0 (/opt/ros/jazzy/share/rosidl_default_generators/cmake)
[2.476s] -- Using all available rosidl_typesupport_c: rosidl_typesupport_fastrtps_c;rosidl_typesupport_introspection_c
[2.628s] -- Using all available rosidl_typesupport_cpp: rosidl_typesupport_fastrtps_cpp;rosidl_typesupport_introspection_cpp
[2.739s] -- Found rosidl_adapter: 4.6.5 (/opt/ros/jazzy/share/rosidl_adapter/cmake)
[2.750s] -- Found rclcpp: 28.1.6 (/opt/ros/jazzy/share/rclcpp/cmake)
[2.923s] -- Found rmw_implementation_cmake: 7.3.1 (/opt/ros/jazzy/share/rmw_implementation_cmake/cmake)
[2.933s] -- Found rmw_fastrtps_cpp: 8.4.1 (/opt/ros/jazzy/share/rmw_fastrtps_cpp/cmake)
[3.188s] -- Found OpenSSL: /usr/lib/x86_64-linux-gnu/libcrypto.so (found version "3.0.13")  
[3.223s] -- Found FastRTPS: /opt/ros/jazzy/include (Required is at least version "2.13") 
[3.264s] -- Using RMW implementation 'rmw_fastrtps_cpp' as default
[3.416s] -- Found std_msgs: 5.3.5 (/opt/ros/jazzy/share/std_msgs/cmake)
[3.450s] -- Found sensor_msgs: 5.3.5 (/opt/ros/jazzy/share/sensor_msgs/cmake)
[4.730s] -- Found ament_cmake_ros: 0.12.0 (/opt/ros/jazzy/share/ament_cmake_ros/cmake)
[5.639s] -- Using all available rosidl_typesupport_c: rosidl_typesupport_fastrtps_c;rosidl_typesupport_introspection_c
[6.783s] -- Using all available rosidl_typesupport_cpp: rosidl_typesupport_fastrtps_cpp;rosidl_typesupport_introspection_cpp
[6.802s] -- Found python_cmake_module: 0.11.1 (/opt/ros/jazzy/share/python_cmake_module/cmake)
[7.025s] -- Found PythonExtra: /usr/bin/python3  
[7.816s] -- Found Python3: /usr/bin/python3 (found version "3.12.3") found components: Interpreter Development NumPy Development.Module Development.Embed 
[7.976s] -- Configuring done (7.8s)
[8.086s] -- Generating done (0.1s)
[8.107s] -- Build files have been written to: /home/cafsanchezdi/sdv_un_ros2_ws/src/build/sdv_msgs
[8.131s] Invoked command in '/home/cafsanchezdi/sdv_un_ros2_ws/src/build/sdv_msgs' returned '0': CMAKE_PREFIX_PATH=${CMAKE_PREFIX_PATH}:/opt/ros/jazzy DEBUGINFOD_URLS=https://debuginfod.ubuntu.com /usr/bin/cmake /home/cafsanchezdi/sdv_un_ros2_ws/src/sdv_un_ros/sdv_msgs -DAMENT_CMAKE_SYMLINK_INSTALL=1 -DCMAKE_INSTALL_PREFIX=/home/cafsanchezdi/sdv_un_ros2_ws/src/install/sdv_msgs
[8.134s] Invoking command in '/home/cafsanchezdi/sdv_un_ros2_ws/src/build/sdv_msgs': CMAKE_PREFIX_PATH=${CMAKE_PREFIX_PATH}:/opt/ros/jazzy DEBUGINFOD_URLS=https://debuginfod.ubuntu.com /usr/bin/cmake --build /home/cafsanchezdi/sdv_un_ros2_ws/src/build/sdv_msgs -- -j8 -l8
[8.254s] [  1%] [34m[1mGenerating type hashes for ROS interfaces[0m
[8.275s] [  1%] Built target ament_cmake_python_symlink_sdv_msgs
[8.666s] running egg_info
[8.668s] creating sdv_msgs.egg-info
[8.700s] writing sdv_msgs.egg-info/PKG-INFO
[8.701s] writing dependency_links to sdv_msgs.egg-info/dependency_links.txt
[8.701s] writing top-level names to sdv_msgs.egg-info/top_level.txt
[8.701s] writing manifest file 'sdv_msgs.egg-info/SOURCES.txt'
[8.797s] reading manifest file 'sdv_msgs.egg-info/SOURCES.txt'
[8.798s] writing manifest file 'sdv_msgs.egg-info/SOURCES.txt'
[8.863s] [  1%] Built target ament_cmake_python_build_sdv_msgs_egg
[9.226s] [  1%] Built target sdv_msgs__rosidl_generator_type_description
[9.255s] [  1%] [34m[1mGenerating C code for ROS interfaces[0m
[9.275s] [  1%] [34m[1mGenerating C++ code for ROS interfaces[0m
[10.980s] [  1%] Built target sdv_msgs__cpp
[11.486s] [  3%] [32mBuilding C object CMakeFiles/sdv_msgs__rosidl_generator_c.dir/rosidl_generator_c/sdv_msgs/msg/detail/batteries__type_support.c.o[0m
[11.486s] [  3%] [32mBuilding C object CMakeFiles/sdv_msgs__rosidl_generator_c.dir/rosidl_generator_c/sdv_msgs/msg/detail/buzzer__description.c.o[0m
[11.486s] [  3%] [32mBuilding C object CMakeFiles/sdv_msgs__rosidl_generator_c.dir/rosidl_generator_c/sdv_msgs/msg/detail/batteries__functions.c.o[0m
[11.486s] [  4%] [32mBuilding C object CMakeFiles/sdv_msgs__rosidl_generator_c.dir/rosidl_generator_c/sdv_msgs/msg/detail/battery__functions.c.o[0m
[11.486s] [  4%] [32mBuilding C object CMakeFiles/sdv_msgs__rosidl_generator_c.dir/rosidl_generator_c/sdv_msgs/msg/detail/battery__description.c.o[0m
[11.489s] [  4%] [32mBuilding C object CMakeFiles/sdv_msgs__rosidl_generator_c.dir/rosidl_generator_c/sdv_msgs/msg/detail/battery__type_support.c.o[0m
[11.489s] [  4%] [32mBuilding C object CMakeFiles/sdv_msgs__rosidl_generator_c.dir/rosidl_generator_c/sdv_msgs/msg/detail/buzzer__functions.c.o[0m
[11.490s] [  5%] [32mBuilding C object CMakeFiles/sdv_msgs__rosidl_generator_c.dir/rosidl_generator_c/sdv_msgs/msg/detail/batteries__description.c.o[0m
[11.588s] [  6%] [32mBuilding C object CMakeFiles/sdv_msgs__rosidl_generator_c.dir/rosidl_generator_c/sdv_msgs/msg/detail/buzzer__type_support.c.o[0m
[11.594s] [  7%] [32mBuilding C object CMakeFiles/sdv_msgs__rosidl_generator_c.dir/rosidl_generator_c/sdv_msgs/msg/detail/drivers__description.c.o[0m
[11.618s] [  7%] [32mBuilding C object CMakeFiles/sdv_msgs__rosidl_generator_c.dir/rosidl_generator_c/sdv_msgs/msg/detail/drivers__functions.c.o[0m
[11.619s] [  8%] [32mBuilding C object CMakeFiles/sdv_msgs__rosidl_generator_c.dir/rosidl_generator_c/sdv_msgs/msg/detail/drivers__type_support.c.o[0m
[11.620s] [  8%] [32mBuilding C object CMakeFiles/sdv_msgs__rosidl_generator_c.dir/rosidl_generator_c/sdv_msgs/msg/detail/encoder__description.c.o[0m
[11.651s] [ 10%] [32mBuilding C object CMakeFiles/sdv_msgs__rosidl_generator_c.dir/rosidl_generator_c/sdv_msgs/msg/detail/flexiforce__description.c.o[0m
[11.651s] [ 10%] [32mBuilding C object CMakeFiles/sdv_msgs__rosidl_generator_c.dir/rosidl_generator_c/sdv_msgs/msg/detail/encoder__type_support.c.o[0m
[11.652s] [ 10%] [32mBuilding C object CMakeFiles/sdv_msgs__rosidl_generator_c.dir/rosidl_generator_c/sdv_msgs/msg/detail/encoder__functions.c.o[0m
[11.664s] [ 10%] [32mBuilding C object CMakeFiles/sdv_msgs__rosidl_generator_c.dir/rosidl_generator_c/sdv_msgs/msg/detail/flexiforce__functions.c.o[0m
[11.704s] [ 11%] [32mBuilding C object CMakeFiles/sdv_msgs__rosidl_generator_c.dir/rosidl_generator_c/sdv_msgs/msg/detail/flexiforce__type_support.c.o[0m
[11.715s] [ 11%] [32mBuilding C object CMakeFiles/sdv_msgs__rosidl_generator_c.dir/rosidl_generator_c/sdv_msgs/msg/detail/four_motors__description.c.o[0m
[11.724s] [ 12%] [32mBuilding C object CMakeFiles/sdv_msgs__rosidl_generator_c.dir/rosidl_generator_c/sdv_msgs/msg/detail/four_motors__functions.c.o[0m
[11.735s] [ 13%] [32mBuilding C object CMakeFiles/sdv_msgs__rosidl_generator_c.dir/rosidl_generator_c/sdv_msgs/msg/detail/four_motors__type_support.c.o[0m
[11.759s] [ 13%] [32mBuilding C object CMakeFiles/sdv_msgs__rosidl_generator_c.dir/rosidl_generator_c/sdv_msgs/msg/detail/imu_raw__description.c.o[0m
[11.773s] [ 14%] [32mBuilding C object CMakeFiles/sdv_msgs__rosidl_generator_c.dir/rosidl_generator_c/sdv_msgs/msg/detail/imu_raw__functions.c.o[0m
[11.774s] [ 14%] [32mBuilding C object CMakeFiles/sdv_msgs__rosidl_generator_c.dir/rosidl_generator_c/sdv_msgs/msg/detail/imu_raw__type_support.c.o[0m
[11.794s] [ 15%] [32mBuilding C object CMakeFiles/sdv_msgs__rosidl_generator_c.dir/rosidl_generator_c/sdv_msgs/msg/detail/led__description.c.o[0m
[11.796s] [ 15%] [32mBuilding C object CMakeFiles/sdv_msgs__rosidl_generator_c.dir/rosidl_generator_c/sdv_msgs/msg/detail/led__functions.c.o[0m
[11.822s] [ 16%] [32mBuilding C object CMakeFiles/sdv_msgs__rosidl_generator_c.dir/rosidl_generator_c/sdv_msgs/msg/detail/led__type_support.c.o[0m
[11.823s] [ 16%] [32mBuilding C object CMakeFiles/sdv_msgs__rosidl_generator_c.dir/rosidl_generator_c/sdv_msgs/msg/detail/motor_driver__description.c.o[0m
[11.854s] [ 17%] [32mBuilding C object CMakeFiles/sdv_msgs__rosidl_generator_c.dir/rosidl_generator_c/sdv_msgs/msg/detail/motor_driver__functions.c.o[0m
[11.863s] [ 17%] [32mBuilding C object CMakeFiles/sdv_msgs__rosidl_generator_c.dir/rosidl_generator_c/sdv_msgs/msg/detail/motor_driver__type_support.c.o[0m
[11.880s] [ 18%] [32mBuilding C object CMakeFiles/sdv_msgs__rosidl_generator_c.dir/rosidl_generator_c/sdv_msgs/msg/detail/panel_button__description.c.o[0m
[11.911s] [ 19%] [32mBuilding C object CMakeFiles/sdv_msgs__rosidl_generator_c.dir/rosidl_generator_c/sdv_msgs/msg/detail/panel_button__functions.c.o[0m
[11.917s] [ 19%] [32mBuilding C object CMakeFiles/sdv_msgs__rosidl_generator_c.dir/rosidl_generator_c/sdv_msgs/msg/detail/panel_button__type_support.c.o[0m
[11.928s] [ 20%] [32mBuilding C object CMakeFiles/sdv_msgs__rosidl_generator_c.dir/rosidl_generator_c/sdv_msgs/msg/detail/sdv_platform__description.c.o[0m
[11.945s] [ 21%] [32mBuilding C object CMakeFiles/sdv_msgs__rosidl_generator_c.dir/rosidl_generator_c/sdv_msgs/msg/detail/sdv_platform__type_support.c.o[0m
[11.947s] [ 21%] [32mBuilding C object CMakeFiles/sdv_msgs__rosidl_generator_c.dir/rosidl_generator_c/sdv_msgs/msg/detail/sdv_platform__functions.c.o[0m
[11.975s] [ 21%] [32mBuilding C object CMakeFiles/sdv_msgs__rosidl_generator_c.dir/rosidl_generator_c/sdv_msgs/msg/detail/sdv_status__description.c.o[0m
[11.994s] [ 22%] [32mBuilding C object CMakeFiles/sdv_msgs__rosidl_generator_c.dir/rosidl_generator_c/sdv_msgs/msg/detail/sdv_status__functions.c.o[0m
[12.038s] [ 22%] [32mBuilding C object CMakeFiles/sdv_msgs__rosidl_generator_c.dir/rosidl_generator_c/sdv_msgs/msg/detail/sdv_status__type_support.c.o[0m
[12.052s] [ 22%] [32mBuilding C object CMakeFiles/sdv_msgs__rosidl_generator_c.dir/rosidl_generator_c/sdv_msgs/msg/detail/tag_rfid__functions.c.o[0m
[12.064s] [ 23%] [32mBuilding C object CMakeFiles/sdv_msgs__rosidl_generator_c.dir/rosidl_generator_c/sdv_msgs/msg/detail/tag_rfid__description.c.o[0m
[12.071s] [ 24%] [32mBuilding C object CMakeFiles/sdv_msgs__rosidl_generator_c.dir/rosidl_generator_c/sdv_msgs/msg/detail/tag_rfid__type_support.c.o[0m
[12.071s] [ 25%] [32mBuilding C object CMakeFiles/sdv_msgs__rosidl_generator_c.dir/rosidl_generator_c/sdv_msgs/msg/detail/two_motors__description.c.o[0m
[12.096s] [ 25%] [32mBuilding C object CMakeFiles/sdv_msgs__rosidl_generator_c.dir/rosidl_generator_c/sdv_msgs/msg/detail/two_motors__functions.c.o[0m
[12.099s] [ 26%] [32mBuilding C object CMakeFiles/sdv_msgs__rosidl_generator_c.dir/rosidl_generator_c/sdv_msgs/msg/detail/two_motors__type_support.c.o[0m
[12.140s] [ 26%] [32mBuilding C object CMakeFiles/sdv_msgs__rosidl_generator_c.dir/rosidl_generator_c/sdv_msgs/msg/detail/ultrasound__description.c.o[0m
[12.161s] [ 27%] [32mBuilding C object CMakeFiles/sdv_msgs__rosidl_generator_c.dir/rosidl_generator_c/sdv_msgs/msg/detail/ultrasound__functions.c.o[0m
[12.170s] [ 27%] [32mBuilding C object CMakeFiles/sdv_msgs__rosidl_generator_c.dir/rosidl_generator_c/sdv_msgs/msg/detail/ultrasound__type_support.c.o[0m
[12.255s] [ 28%] [32m[1mLinking C shared library libsdv_msgs__rosidl_generator_c.so[0m
[12.374s] [ 28%] Built target sdv_msgs__rosidl_generator_c
[12.403s] [ 29%] [34m[1mGenerating C++ type support dispatch for ROS interfaces[0m
[12.404s] [ 30%] [34m[1mGenerating C introspection for ROS interfaces[0m
[12.404s] [ 30%] [34m[1mGenerating C++ introspection for ROS interfaces[0m
[12.404s] [ 30%] [34m[1mGenerating C type support dispatch for ROS interfaces[0m
[12.407s] [ 31%] [34m[1mGenerating C type support for eProsima Fast-RTPS[0m
[12.409s] [ 31%] [34m[1mGenerating C++ type support for eProsima Fast-RTPS[0m
[14.132s] [ 31%] [32mBuilding CXX object CMakeFiles/sdv_msgs__rosidl_typesupport_cpp.dir/rosidl_typesupport_cpp/sdv_msgs/msg/batteries__type_support.cpp.o[0m
[14.173s] [ 32%] [32mBuilding CXX object CMakeFiles/sdv_msgs__rosidl_typesupport_cpp.dir/rosidl_typesupport_cpp/sdv_msgs/msg/battery__type_support.cpp.o[0m
[14.234s] [ 33%] [32mBuilding CXX object CMakeFiles/sdv_msgs__rosidl_typesupport_cpp.dir/rosidl_typesupport_cpp/sdv_msgs/msg/buzzer__type_support.cpp.o[0m
[14.406s] [ 34%] [32mBuilding CXX object CMakeFiles/sdv_msgs__rosidl_typesupport_c.dir/rosidl_typesupport_c/sdv_msgs/msg/batteries__type_support.cpp.o[0m
[14.533s] [ 34%] [32mBuilding CXX object CMakeFiles/sdv_msgs__rosidl_typesupport_c.dir/rosidl_typesupport_c/sdv_msgs/msg/battery__type_support.cpp.o[0m
[14.653s] [ 35%] [32mBuilding CXX object CMakeFiles/sdv_msgs__rosidl_typesupport_c.dir/rosidl_typesupport_c/sdv_msgs/msg/buzzer__type_support.cpp.o[0m
[14.795s] [ 35%] [32mBuilding CXX object CMakeFiles/sdv_msgs__rosidl_typesupport_c.dir/rosidl_typesupport_c/sdv_msgs/msg/drivers__type_support.cpp.o[0m
[14.951s] [ 36%] [32mBuilding CXX object CMakeFiles/sdv_msgs__rosidl_typesupport_c.dir/rosidl_typesupport_c/sdv_msgs/msg/encoder__type_support.cpp.o[0m
[15.123s] [ 36%] [32mBuilding CXX object CMakeFiles/sdv_msgs__rosidl_typesupport_c.dir/rosidl_typesupport_c/sdv_msgs/msg/flexiforce__type_support.cpp.o[0m
[15.203s] [ 36%] [32mBuilding CXX object CMakeFiles/sdv_msgs__rosidl_typesupport_cpp.dir/rosidl_typesupport_cpp/sdv_msgs/msg/drivers__type_support.cpp.o[0m
[15.217s] [ 37%] [32mBuilding CXX object CMakeFiles/sdv_msgs__rosidl_typesupport_introspection_cpp.dir/rosidl_typesupport_introspection_cpp/sdv_msgs/msg/detail/batteries__type_support.cpp.o[0m
[15.250s] [ 38%] [32mBuilding CXX object CMakeFiles/sdv_msgs__rosidl_typesupport_c.dir/rosidl_typesupport_c/sdv_msgs/msg/four_motors__type_support.cpp.o[0m
[15.257s] [ 38%] [32mBuilding CXX object CMakeFiles/sdv_msgs__rosidl_typesupport_introspection_cpp.dir/rosidl_typesupport_introspection_cpp/sdv_msgs/msg/detail/battery__type_support.cpp.o[0m
[15.291s] [ 39%] [32mBuilding CXX object CMakeFiles/sdv_msgs__rosidl_typesupport_introspection_cpp.dir/rosidl_typesupport_introspection_cpp/sdv_msgs/msg/detail/buzzer__type_support.cpp.o[0m
[15.337s] [ 40%] [32mBuilding C object CMakeFiles/sdv_msgs__rosidl_typesupport_introspection_c.dir/rosidl_typesupport_introspection_c/sdv_msgs/msg/detail/batteries__type_support.c.o[0m
[15.375s] [ 40%] [32mBuilding CXX object CMakeFiles/sdv_msgs__rosidl_typesupport_c.dir/rosidl_typesupport_c/sdv_msgs/msg/imu_raw__type_support.cpp.o[0m
[15.474s] [ 40%] [32mBuilding C object CMakeFiles/sdv_msgs__rosidl_typesupport_introspection_c.dir/rosidl_typesupport_introspection_c/sdv_msgs/msg/detail/battery__type_support.c.o[0m
[15.549s] [ 41%] [32mBuilding CXX object CMakeFiles/sdv_msgs__rosidl_typesupport_c.dir/rosidl_typesupport_c/sdv_msgs/msg/led__type_support.cpp.o[0m
[15.636s] [ 42%] [32mBuilding C object CMakeFiles/sdv_msgs__rosidl_typesupport_introspection_c.dir/rosidl_typesupport_introspection_c/sdv_msgs/msg/detail/buzzer__type_support.c.o[0m
[15.754s] [ 43%] [32mBuilding CXX object CMakeFiles/sdv_msgs__rosidl_typesupport_fastrtps_cpp.dir/rosidl_typesupport_fastrtps_cpp/sdv_msgs/msg/detail/dds_fastrtps/batteries__type_support.cpp.o[0m
[15.796s] [ 44%] [32mBuilding CXX object CMakeFiles/sdv_msgs__rosidl_typesupport_c.dir/rosidl_typesupport_c/sdv_msgs/msg/motor_driver__type_support.cpp.o[0m
[15.796s] [ 44%] [32mBuilding C object CMakeFiles/sdv_msgs__rosidl_typesupport_introspection_c.dir/rosidl_typesupport_introspection_c/sdv_msgs/msg/detail/drivers__type_support.c.o[0m
[15.959s] [ 45%] [32mBuilding C object CMakeFiles/sdv_msgs__rosidl_typesupport_introspection_c.dir/rosidl_typesupport_introspection_c/sdv_msgs/msg/detail/encoder__type_support.c.o[0m
[15.970s] [ 45%] [32mBuilding CXX object CMakeFiles/sdv_msgs__rosidl_typesupport_fastrtps_c.dir/rosidl_typesupport_fastrtps_c/sdv_msgs/msg/detail/batteries__type_support_c.cpp.o[0m
[16.000s] [ 45%] [32mBuilding CXX object CMakeFiles/sdv_msgs__rosidl_typesupport_c.dir/rosidl_typesupport_c/sdv_msgs/msg/panel_button__type_support.cpp.o[0m
[16.110s] [ 45%] [32mBuilding C object CMakeFiles/sdv_msgs__rosidl_typesupport_introspection_c.dir/rosidl_typesupport_introspection_c/sdv_msgs/msg/detail/flexiforce__type_support.c.o[0m
[16.187s] [ 46%] [32mBuilding CXX object CMakeFiles/sdv_msgs__rosidl_typesupport_cpp.dir/rosidl_typesupport_cpp/sdv_msgs/msg/encoder__type_support.cpp.o[0m
[16.206s] [ 47%] [32mBuilding CXX object CMakeFiles/sdv_msgs__rosidl_typesupport_c.dir/rosidl_typesupport_c/sdv_msgs/msg/sdv_platform__type_support.cpp.o[0m
[16.269s] [ 48%] [32mBuilding C object CMakeFiles/sdv_msgs__rosidl_typesupport_introspection_c.dir/rosidl_typesupport_introspection_c/sdv_msgs/msg/detail/four_motors__type_support.c.o[0m
[16.303s] [ 49%] [32mBuilding CXX object CMakeFiles/sdv_msgs__rosidl_typesupport_fastrtps_c.dir/rosidl_typesupport_fastrtps_c/sdv_msgs/msg/detail/battery__type_support_c.cpp.o[0m
[16.379s] [ 49%] [32mBuilding CXX object CMakeFiles/sdv_msgs__rosidl_typesupport_c.dir/rosidl_typesupport_c/sdv_msgs/msg/sdv_status__type_support.cpp.o[0m
[16.387s] [ 50%] [32mBuilding C object CMakeFiles/sdv_msgs__rosidl_typesupport_introspection_c.dir/rosidl_typesupport_introspection_c/sdv_msgs/msg/detail/imu_raw__type_support.c.o[0m
[16.431s] [ 51%] [32mBuilding CXX object CMakeFiles/sdv_msgs__rosidl_typesupport_c.dir/rosidl_typesupport_c/sdv_msgs/msg/tag_rfid__type_support.cpp.o[0m
[16.544s] [ 51%] [32mBuilding CXX object CMakeFiles/sdv_msgs__rosidl_typesupport_c.dir/rosidl_typesupport_c/sdv_msgs/msg/two_motors__type_support.cpp.o[0m
[16.566s] [ 51%] [32mBuilding C object CMakeFiles/sdv_msgs__rosidl_typesupport_introspection_c.dir/rosidl_typesupport_introspection_c/sdv_msgs/msg/detail/led__type_support.c.o[0m
[16.617s] [ 52%] [32mBuilding CXX object CMakeFiles/sdv_msgs__rosidl_typesupport_fastrtps_cpp.dir/rosidl_typesupport_fastrtps_cpp/sdv_msgs/msg/detail/dds_fastrtps/battery__type_support.cpp.o[0m
[16.627s] [ 52%] [32mBuilding CXX object CMakeFiles/sdv_msgs__rosidl_typesupport_introspection_cpp.dir/rosidl_typesupport_introspection_cpp/sdv_msgs/msg/detail/drivers__type_support.cpp.o[0m
[16.710s] [ 53%] [32mBuilding CXX object CMakeFiles/sdv_msgs__rosidl_typesupport_c.dir/rosidl_typesupport_c/sdv_msgs/msg/ultrasound__type_support.cpp.o[0m
[16.732s] [ 54%] [32mBuilding C object CMakeFiles/sdv_msgs__rosidl_typesupport_introspection_c.dir/rosidl_typesupport_introspection_c/sdv_msgs/msg/detail/motor_driver__type_support.c.o[0m
[16.923s] [ 54%] [32mBuilding C object CMakeFiles/sdv_msgs__rosidl_typesupport_introspection_c.dir/rosidl_typesupport_introspection_c/sdv_msgs/msg/detail/panel_button__type_support.c.o[0m
[16.951s] [ 54%] [32m[1mLinking CXX shared library libsdv_msgs__rosidl_typesupport_c.so[0m
[17.745s] [ 55%] [32mBuilding C object CMakeFiles/sdv_msgs__rosidl_typesupport_introspection_c.dir/rosidl_typesupport_introspection_c/sdv_msgs/msg/detail/sdv_platform__type_support.c.o[0m
[18.518s] [ 55%] [32mBuilding C object CMakeFiles/sdv_msgs__rosidl_typesupport_introspection_c.dir/rosidl_typesupport_introspection_c/sdv_msgs/msg/detail/sdv_status__type_support.c.o[0m
[18.520s] [ 55%] [32mBuilding CXX object CMakeFiles/sdv_msgs__rosidl_typesupport_cpp.dir/rosidl_typesupport_cpp/sdv_msgs/msg/flexiforce__type_support.cpp.o[0m
[18.540s] [ 55%] Built target sdv_msgs__rosidl_typesupport_c
[18.664s] [ 55%] [32mBuilding CXX object CMakeFiles/sdv_msgs__rosidl_typesupport_fastrtps_cpp.dir/rosidl_typesupport_fastrtps_cpp/sdv_msgs/msg/detail/dds_fastrtps/buzzer__type_support.cpp.o[0m
[18.909s] [ 56%] [32mBuilding C object CMakeFiles/sdv_msgs__rosidl_typesupport_introspection_c.dir/rosidl_typesupport_introspection_c/sdv_msgs/msg/detail/tag_rfid__type_support.c.o[0m
[18.967s] [ 56%] [32mBuilding C object CMakeFiles/sdv_msgs__rosidl_typesupport_introspection_c.dir/rosidl_typesupport_introspection_c/sdv_msgs/msg/detail/two_motors__type_support.c.o[0m
[19.127s] [ 57%] [32mBuilding CXX object CMakeFiles/sdv_msgs__rosidl_typesupport_fastrtps_cpp.dir/rosidl_typesupport_fastrtps_cpp/sdv_msgs/msg/detail/dds_fastrtps/drivers__type_support.cpp.o[0m
[19.190s] [ 58%] [32mBuilding CXX object CMakeFiles/sdv_msgs__rosidl_typesupport_introspection_cpp.dir/rosidl_typesupport_introspection_cpp/sdv_msgs/msg/detail/encoder__type_support.cpp.o[0m
[19.230s] [ 59%] [32mBuilding C object CMakeFiles/sdv_msgs__rosidl_typesupport_introspection_c.dir/rosidl_typesupport_introspection_c/sdv_msgs/msg/detail/ultrasound__type_support.c.o[0m
[19.250s] [ 59%] [32mBuilding CXX object CMakeFiles/sdv_msgs__rosidl_typesupport_introspection_cpp.dir/rosidl_typesupport_introspection_cpp/sdv_msgs/msg/detail/flexiforce__type_support.cpp.o[0m
[19.471s] [ 59%] [32m[1mLinking C shared library libsdv_msgs__rosidl_typesupport_introspection_c.so[0m
[19.512s] [ 59%] [32mBuilding CXX object CMakeFiles/sdv_msgs__rosidl_typesupport_fastrtps_c.dir/rosidl_typesupport_fastrtps_c/sdv_msgs/msg/detail/buzzer__type_support_c.cpp.o[0m
[19.720s] [ 59%] Built target sdv_msgs__rosidl_typesupport_introspection_c
[19.763s] [ 59%] [32mBuilding CXX object CMakeFiles/sdv_msgs__rosidl_typesupport_fastrtps_cpp.dir/rosidl_typesupport_fastrtps_cpp/sdv_msgs/msg/detail/dds_fastrtps/encoder__type_support.cpp.o[0m
[20.413s] [ 60%] [32mBuilding CXX object CMakeFiles/sdv_msgs__rosidl_typesupport_fastrtps_c.dir/rosidl_typesupport_fastrtps_c/sdv_msgs/msg/detail/drivers__type_support_c.cpp.o[0m
[20.559s] [ 61%] [32mBuilding CXX object CMakeFiles/sdv_msgs__rosidl_typesupport_cpp.dir/rosidl_typesupport_cpp/sdv_msgs/msg/four_motors__type_support.cpp.o[0m
[20.820s] [ 61%] [32mBuilding CXX object CMakeFiles/sdv_msgs__rosidl_typesupport_cpp.dir/rosidl_typesupport_cpp/sdv_msgs/msg/imu_raw__type_support.cpp.o[0m
[21.028s] [ 62%] [32mBuilding CXX object CMakeFiles/sdv_msgs__rosidl_typesupport_fastrtps_cpp.dir/rosidl_typesupport_fastrtps_cpp/sdv_msgs/msg/detail/dds_fastrtps/flexiforce__type_support.cpp.o[0m
[21.173s] [ 63%] [32mBuilding CXX object CMakeFiles/sdv_msgs__rosidl_typesupport_introspection_cpp.dir/rosidl_typesupport_introspection_cpp/sdv_msgs/msg/detail/four_motors__type_support.cpp.o[0m
[21.665s] [ 63%] [32mBuilding CXX object CMakeFiles/sdv_msgs__rosidl_typesupport_fastrtps_c.dir/rosidl_typesupport_fastrtps_c/sdv_msgs/msg/detail/encoder__type_support_c.cpp.o[0m
[21.985s] [ 64%] [32mBuilding CXX object CMakeFiles/sdv_msgs__rosidl_typesupport_cpp.dir/rosidl_typesupport_cpp/sdv_msgs/msg/led__type_support.cpp.o[0m
[22.262s] [ 64%] [32mBuilding CXX object CMakeFiles/sdv_msgs__rosidl_typesupport_fastrtps_cpp.dir/rosidl_typesupport_fastrtps_cpp/sdv_msgs/msg/detail/dds_fastrtps/four_motors__type_support.cpp.o[0m
[22.424s] [ 65%] [32mBuilding CXX object CMakeFiles/sdv_msgs__rosidl_typesupport_fastrtps_c.dir/rosidl_typesupport_fastrtps_c/sdv_msgs/msg/detail/flexiforce__type_support_c.cpp.o[0m
[22.464s] [ 65%] [32mBuilding CXX object CMakeFiles/sdv_msgs__rosidl_typesupport_introspection_cpp.dir/rosidl_typesupport_introspection_cpp/sdv_msgs/msg/detail/imu_raw__type_support.cpp.o[0m
[22.520s] [ 65%] [32mBuilding CXX object CMakeFiles/sdv_msgs__rosidl_typesupport_cpp.dir/rosidl_typesupport_cpp/sdv_msgs/msg/motor_driver__type_support.cpp.o[0m
[22.734s] [ 66%] [32mBuilding CXX object CMakeFiles/sdv_msgs__rosidl_typesupport_cpp.dir/rosidl_typesupport_cpp/sdv_msgs/msg/panel_button__type_support.cpp.o[0m
[22.860s] [ 66%] [32mBuilding CXX object CMakeFiles/sdv_msgs__rosidl_typesupport_cpp.dir/rosidl_typesupport_cpp/sdv_msgs/msg/sdv_platform__type_support.cpp.o[0m
[23.320s] [ 67%] [32mBuilding CXX object CMakeFiles/sdv_msgs__rosidl_typesupport_cpp.dir/rosidl_typesupport_cpp/sdv_msgs/msg/sdv_status__type_support.cpp.o[0m
[23.480s] [ 67%] [32mBuilding CXX object CMakeFiles/sdv_msgs__rosidl_typesupport_fastrtps_c.dir/rosidl_typesupport_fastrtps_c/sdv_msgs/msg/detail/four_motors__type_support_c.cpp.o[0m
[23.833s] [ 68%] [32mBuilding CXX object CMakeFiles/sdv_msgs__rosidl_typesupport_introspection_cpp.dir/rosidl_typesupport_introspection_cpp/sdv_msgs/msg/detail/led__type_support.cpp.o[0m
[23.934s] [ 69%] [32mBuilding CXX object CMakeFiles/sdv_msgs__rosidl_typesupport_fastrtps_cpp.dir/rosidl_typesupport_fastrtps_cpp/sdv_msgs/msg/detail/dds_fastrtps/imu_raw__type_support.cpp.o[0m
[23.943s] [ 69%] [32mBuilding CXX object CMakeFiles/sdv_msgs__rosidl_typesupport_fastrtps_cpp.dir/rosidl_typesupport_fastrtps_cpp/sdv_msgs/msg/detail/dds_fastrtps/led__type_support.cpp.o[0m
[24.109s] [ 70%] [32mBuilding CXX object CMakeFiles/sdv_msgs__rosidl_typesupport_fastrtps_c.dir/rosidl_typesupport_fastrtps_c/sdv_msgs/msg/detail/imu_raw__type_support_c.cpp.o[0m
[24.189s] [ 70%] [32mBuilding CXX object CMakeFiles/sdv_msgs__rosidl_typesupport_introspection_cpp.dir/rosidl_typesupport_introspection_cpp/sdv_msgs/msg/detail/motor_driver__type_support.cpp.o[0m
[24.320s] [ 71%] [32mBuilding CXX object CMakeFiles/sdv_msgs__rosidl_typesupport_introspection_cpp.dir/rosidl_typesupport_introspection_cpp/sdv_msgs/msg/detail/panel_button__type_support.cpp.o[0m
[24.369s] [ 71%] [32mBuilding CXX object CMakeFiles/sdv_msgs__rosidl_typesupport_cpp.dir/rosidl_typesupport_cpp/sdv_msgs/msg/tag_rfid__type_support.cpp.o[0m
[25.010s] [ 72%] [32mBuilding CXX object CMakeFiles/sdv_msgs__rosidl_typesupport_fastrtps_c.dir/rosidl_typesupport_fastrtps_c/sdv_msgs/msg/detail/led__type_support_c.cpp.o[0m
[26.122s] [ 72%] [32mBuilding CXX object CMakeFiles/sdv_msgs__rosidl_typesupport_fastrtps_c.dir/rosidl_typesupport_fastrtps_c/sdv_msgs/msg/detail/motor_driver__type_support_c.cpp.o[0m
[26.281s] [ 73%] [32mBuilding CXX object CMakeFiles/sdv_msgs__rosidl_typesupport_introspection_cpp.dir/rosidl_typesupport_introspection_cpp/sdv_msgs/msg/detail/sdv_platform__type_support.cpp.o[0m
[26.369s] [ 74%] [32mBuilding CXX object CMakeFiles/sdv_msgs__rosidl_typesupport_fastrtps_c.dir/rosidl_typesupport_fastrtps_c/sdv_msgs/msg/detail/panel_button__type_support_c.cpp.o[0m
[26.471s] [ 74%] [32mBuilding CXX object CMakeFiles/sdv_msgs__rosidl_typesupport_fastrtps_c.dir/rosidl_typesupport_fastrtps_c/sdv_msgs/msg/detail/sdv_platform__type_support_c.cpp.o[0m
[26.522s] [ 75%] [32mBuilding CXX object CMakeFiles/sdv_msgs__rosidl_typesupport_cpp.dir/rosidl_typesupport_cpp/sdv_msgs/msg/two_motors__type_support.cpp.o[0m
[26.683s] [ 76%] [32mBuilding CXX object CMakeFiles/sdv_msgs__rosidl_typesupport_fastrtps_cpp.dir/rosidl_typesupport_fastrtps_cpp/sdv_msgs/msg/detail/dds_fastrtps/motor_driver__type_support.cpp.o[0m
[26.905s] [ 76%] [32mBuilding CXX object CMakeFiles/sdv_msgs__rosidl_typesupport_fastrtps_cpp.dir/rosidl_typesupport_fastrtps_cpp/sdv_msgs/msg/detail/dds_fastrtps/panel_button__type_support.cpp.o[0m
[27.464s] [ 76%] [32mBuilding CXX object CMakeFiles/sdv_msgs__rosidl_typesupport_introspection_cpp.dir/rosidl_typesupport_introspection_cpp/sdv_msgs/msg/detail/sdv_status__type_support.cpp.o[0m
[28.144s] [ 77%] [32mBuilding CXX object CMakeFiles/sdv_msgs__rosidl_typesupport_cpp.dir/rosidl_typesupport_cpp/sdv_msgs/msg/ultrasound__type_support.cpp.o[0m
[28.162s] [ 78%] [32mBuilding CXX object CMakeFiles/sdv_msgs__rosidl_typesupport_fastrtps_c.dir/rosidl_typesupport_fastrtps_c/sdv_msgs/msg/detail/sdv_status__type_support_c.cpp.o[0m
[28.721s] [ 79%] [32mBuilding CXX object CMakeFiles/sdv_msgs__rosidl_typesupport_introspection_cpp.dir/rosidl_typesupport_introspection_cpp/sdv_msgs/msg/detail/tag_rfid__type_support.cpp.o[0m
[28.725s] [ 79%] [32mBuilding CXX object CMakeFiles/sdv_msgs__rosidl_typesupport_fastrtps_c.dir/rosidl_typesupport_fastrtps_c/sdv_msgs/msg/detail/tag_rfid__type_support_c.cpp.o[0m
[28.863s] [ 80%] [32mBuilding CXX object CMakeFiles/sdv_msgs__rosidl_typesupport_fastrtps_cpp.dir/rosidl_typesupport_fastrtps_cpp/sdv_msgs/msg/detail/dds_fastrtps/sdv_platform__type_support.cpp.o[0m
[28.943s] [ 81%] [32mBuilding CXX object CMakeFiles/sdv_msgs__rosidl_typesupport_fastrtps_cpp.dir/rosidl_typesupport_fastrtps_cpp/sdv_msgs/msg/detail/dds_fastrtps/sdv_status__type_support.cpp.o[0m
[29.091s] [ 81%] [32mBuilding CXX object CMakeFiles/sdv_msgs__rosidl_typesupport_introspection_cpp.dir/rosidl_typesupport_introspection_cpp/sdv_msgs/msg/detail/two_motors__type_support.cpp.o[0m
[29.241s] [ 81%] [32mBuilding CXX object CMakeFiles/sdv_msgs__rosidl_typesupport_fastrtps_cpp.dir/rosidl_typesupport_fastrtps_cpp/sdv_msgs/msg/detail/dds_fastrtps/tag_rfid__type_support.cpp.o[0m
[29.464s] [ 81%] [32m[1mLinking CXX shared library libsdv_msgs__rosidl_typesupport_cpp.so[0m
[29.777s] [ 81%] Built target sdv_msgs__rosidl_typesupport_cpp
[29.840s] [ 82%] [32mBuilding CXX object CMakeFiles/sdv_msgs__rosidl_typesupport_fastrtps_c.dir/rosidl_typesupport_fastrtps_c/sdv_msgs/msg/detail/two_motors__type_support_c.cpp.o[0m
[30.279s] [ 82%] [32mBuilding CXX object CMakeFiles/sdv_msgs__rosidl_typesupport_fastrtps_c.dir/rosidl_typesupport_fastrtps_c/sdv_msgs/msg/detail/ultrasound__type_support_c.cpp.o[0m
[30.601s] [ 83%] [32mBuilding CXX object CMakeFiles/sdv_msgs__rosidl_typesupport_introspection_cpp.dir/rosidl_typesupport_introspection_cpp/sdv_msgs/msg/detail/ultrasound__type_support.cpp.o[0m
[30.964s] [ 83%] [32mBuilding CXX object CMakeFiles/sdv_msgs__rosidl_typesupport_fastrtps_cpp.dir/rosidl_typesupport_fastrtps_cpp/sdv_msgs/msg/detail/dds_fastrtps/ultrasound__type_support.cpp.o[0m
[31.394s] [ 83%] [32m[1mLinking CXX shared library libsdv_msgs__rosidl_typesupport_introspection_cpp.so[0m
[31.430s] [ 84%] [32m[1mLinking CXX shared library libsdv_msgs__rosidl_typesupport_fastrtps_c.so[0m
[31.723s] [ 84%] Built target sdv_msgs__rosidl_typesupport_introspection_cpp
[31.737s] [ 84%] Built target sdv_msgs__rosidl_typesupport_fastrtps_c
[31.967s] [ 85%] [32mBuilding CXX object CMakeFiles/sdv_msgs__rosidl_typesupport_fastrtps_cpp.dir/rosidl_typesupport_fastrtps_cpp/sdv_msgs/msg/detail/dds_fastrtps/two_motors__type_support.cpp.o[0m
[32.678s] [ 86%] [32m[1mLinking CXX shared library libsdv_msgs__rosidl_typesupport_fastrtps_cpp.so[0m
[32.902s] [ 86%] Built target sdv_msgs__rosidl_typesupport_fastrtps_cpp
[32.958s] [ 86%] Built target sdv_msgs
[33.016s] [ 87%] [34m[1mGenerating Python code for ROS interfaces[0m
[35.886s] [ 87%] Built target sdv_msgs__py
[35.945s] [ 87%] [32mBuilding C object CMakeFiles/sdv_msgs__rosidl_generator_py.dir/rosidl_generator_py/sdv_msgs/msg/_batteries_s.c.o[0m
[35.945s] [ 88%] [32mBuilding C object CMakeFiles/sdv_msgs__rosidl_generator_py.dir/rosidl_generator_py/sdv_msgs/msg/_battery_s.c.o[0m
[36.257s] [ 88%] [32mBuilding C object CMakeFiles/sdv_msgs__rosidl_generator_py.dir/rosidl_generator_py/sdv_msgs/msg/_imu_raw_s.c.o[0m
[36.257s] [ 89%] [32mBuilding C object CMakeFiles/sdv_msgs__rosidl_generator_py.dir/rosidl_generator_py/sdv_msgs/msg/_led_s.c.o[0m
[36.459s] [ 89%] [32mBuilding C object CMakeFiles/sdv_msgs__rosidl_generator_py.dir/rosidl_generator_py/sdv_msgs/msg/_motor_driver_s.c.o[0m
[36.468s] [ 90%] [32mBuilding C object CMakeFiles/sdv_msgs__rosidl_generator_py.dir/rosidl_generator_py/sdv_msgs/msg/_panel_button_s.c.o[0m
[36.656s] [ 90%] [32mBuilding C object CMakeFiles/sdv_msgs__rosidl_generator_py.dir/rosidl_generator_py/sdv_msgs/msg/_sdv_platform_s.c.o[0m
[36.658s] [ 91%] [32mBuilding C object CMakeFiles/sdv_msgs__rosidl_generator_py.dir/rosidl_generator_py/sdv_msgs/msg/_sdv_status_s.c.o[0m
[36.858s] [ 91%] [32mBuilding C object CMakeFiles/sdv_msgs__rosidl_generator_py.dir/rosidl_generator_py/sdv_msgs/msg/_tag_rfid_s.c.o[0m
[36.877s] [ 92%] [32mBuilding C object CMakeFiles/sdv_msgs__rosidl_generator_py.dir/rosidl_generator_py/sdv_msgs/msg/_two_motors_s.c.o[0m
[36.893s] [ 93%] [32mBuilding C object CMakeFiles/sdv_msgs__rosidl_generator_py.dir/rosidl_generator_py/sdv_msgs/msg/_four_motors_s.c.o[0m
[37.076s] [ 93%] [32mBuilding C object CMakeFiles/sdv_msgs__rosidl_generator_py.dir/rosidl_generator_py/sdv_msgs/msg/_ultrasound_s.c.o[0m
[37.109s] [ 94%] [32mBuilding C object CMakeFiles/sdv_msgs__rosidl_generator_py.dir/rosidl_generator_py/sdv_msgs/msg/_flexiforce_s.c.o[0m
[37.113s] [ 94%] [32mBuilding C object CMakeFiles/sdv_msgs__rosidl_generator_py.dir/rosidl_generator_py/sdv_msgs/msg/_encoder_s.c.o[0m
[37.303s] [ 95%] [32mBuilding C object CMakeFiles/sdv_msgs__rosidl_generator_py.dir/rosidl_generator_py/sdv_msgs/msg/_drivers_s.c.o[0m
[37.316s] [ 95%] [32mBuilding C object CMakeFiles/sdv_msgs__rosidl_generator_py.dir/rosidl_generator_py/sdv_msgs/msg/_buzzer_s.c.o[0m
[37.538s] [ 96%] [32m[1mLinking C shared library libsdv_msgs__rosidl_generator_py.so[0m
[37.666s] [ 96%] Built target sdv_msgs__rosidl_generator_py
[37.722s] [ 97%] [32mBuilding C object CMakeFiles/sdv_msgs_s__rosidl_typesupport_fastrtps_c.dir/rosidl_generator_py/sdv_msgs/_sdv_msgs_s.ep.rosidl_typesupport_fastrtps_c.c.o[0m
[37.729s] [ 98%] [32mBuilding C object CMakeFiles/sdv_msgs_s__rosidl_typesupport_introspection_c.dir/rosidl_generator_py/sdv_msgs/_sdv_msgs_s.ep.rosidl_typesupport_introspection_c.c.o[0m
[37.973s] [ 99%] [32m[1mLinking C shared module rosidl_generator_py/sdv_msgs/sdv_msgs_s__rosidl_typesupport_introspection_c.so[0m
[37.994s] [ 99%] [32m[1mLinking C shared module rosidl_generator_py/sdv_msgs/sdv_msgs_s__rosidl_typesupport_fastrtps_c.so[0m
[38.057s] [ 99%] Built target sdv_msgs_s__rosidl_typesupport_introspection_c
[38.063s] [ 99%] Built target sdv_msgs_s__rosidl_typesupport_fastrtps_c
[38.138s] [100%] [32mBuilding C object CMakeFiles/sdv_msgs_s__rosidl_typesupport_c.dir/rosidl_generator_py/sdv_msgs/_sdv_msgs_s.ep.rosidl_typesupport_c.c.o[0m
[38.403s] [100%] [32m[1mLinking C shared module rosidl_generator_py/sdv_msgs/sdv_msgs_s__rosidl_typesupport_c.so[0m
[38.498s] [100%] Built target sdv_msgs_s__rosidl_typesupport_c
[38.529s] Invoked command in '/home/cafsanchezdi/sdv_un_ros2_ws/src/build/sdv_msgs' returned '0': CMAKE_PREFIX_PATH=${CMAKE_PREFIX_PATH}:/opt/ros/jazzy DEBUGINFOD_URLS=https://debuginfod.ubuntu.com /usr/bin/cmake --build /home/cafsanchezdi/sdv_un_ros2_ws/src/build/sdv_msgs -- -j8 -l8
[38.554s] Invoking command in '/home/cafsanchezdi/sdv_un_ros2_ws/src/build/sdv_msgs': CMAKE_PREFIX_PATH=${CMAKE_PREFIX_PATH}:/opt/ros/jazzy DEBUGINFOD_URLS=https://debuginfod.ubuntu.com /usr/bin/cmake --install /home/cafsanchezdi/sdv_un_ros2_ws/src/build/sdv_msgs
[38.569s] -- Install configuration: ""
[38.571s] -- Execute custom install script
[38.572s] -- Symlinking: /home/cafsanchezdi/sdv_un_ros2_ws/src/install/sdv_msgs/share/ament_index/resource_index/rosidl_interfaces/sdv_msgs
[38.592s] -- Symlinking: /home/cafsanchezdi/sdv_un_ros2_ws/src/install/sdv_msgs/share/sdv_msgs/msg/Batteries.json
[38.611s] -- Symlinking: /home/cafsanchezdi/sdv_un_ros2_ws/src/install/sdv_msgs/share/sdv_msgs/msg/Battery.json
[38.632s] -- Symlinking: /home/cafsanchezdi/sdv_un_ros2_ws/src/install/sdv_msgs/share/sdv_msgs/msg/Buzzer.json
[38.652s] -- Symlinking: /home/cafsanchezdi/sdv_un_ros2_ws/src/install/sdv_msgs/share/sdv_msgs/msg/Drivers.json
[38.677s] -- Symlinking: /home/cafsanchezdi/sdv_un_ros2_ws/src/install/sdv_msgs/share/sdv_msgs/msg/Encoder.json
[38.697s] -- Symlinking: /home/cafsanchezdi/sdv_un_ros2_ws/src/install/sdv_msgs/share/sdv_msgs/msg/Flexiforce.json
[38.712s] -- Symlinking: /home/cafsanchezdi/sdv_un_ros2_ws/src/install/sdv_msgs/share/sdv_msgs/msg/FourMotors.json
[38.731s] -- Symlinking: /home/cafsanchezdi/sdv_un_ros2_ws/src/install/sdv_msgs/share/sdv_msgs/msg/ImuRaw.json
[38.748s] -- Symlinking: /home/cafsanchezdi/sdv_un_ros2_ws/src/install/sdv_msgs/share/sdv_msgs/msg/LED.json
[38.777s] -- Symlinking: /home/cafsanchezdi/sdv_un_ros2_ws/src/install/sdv_msgs/share/sdv_msgs/msg/MotorDriver.json
[38.803s] -- Symlinking: /home/cafsanchezdi/sdv_un_ros2_ws/src/install/sdv_msgs/share/sdv_msgs/msg/PanelButton.json
[38.821s] -- Symlinking: /home/cafsanchezdi/sdv_un_ros2_ws/src/install/sdv_msgs/share/sdv_msgs/msg/SdvPlatform.json
[38.842s] -- Symlinking: /home/cafsanchezdi/sdv_un_ros2_ws/src/install/sdv_msgs/share/sdv_msgs/msg/SdvStatus.json
[38.870s] -- Symlinking: /home/cafsanchezdi/sdv_un_ros2_ws/src/install/sdv_msgs/share/sdv_msgs/msg/TagRfid.json
[38.895s] -- Symlinking: /home/cafsanchezdi/sdv_un_ros2_ws/src/install/sdv_msgs/share/sdv_msgs/msg/TwoMotors.json
[38.910s] -- Symlinking: /home/cafsanchezdi/sdv_un_ros2_ws/src/install/sdv_msgs/share/sdv_msgs/msg/Ultrasound.json
[38.934s] -- Symlinking: /home/cafsanchezdi/sdv_un_ros2_ws/src/install/sdv_msgs/include/sdv_msgs/sdv_msgs/msg/batteries.h
[38.950s] -- Symlinking: /home/cafsanchezdi/sdv_un_ros2_ws/src/install/sdv_msgs/include/sdv_msgs/sdv_msgs/msg/battery.h
[38.966s] -- Symlinking: /home/cafsanchezdi/sdv_un_ros2_ws/src/install/sdv_msgs/include/sdv_msgs/sdv_msgs/msg/buzzer.h
[38.982s] -- Symlinking: /home/cafsanchezdi/sdv_un_ros2_ws/src/install/sdv_msgs/include/sdv_msgs/sdv_msgs/msg/detail/batteries__functions.h
[39.008s] -- Symlinking: /home/cafsanchezdi/sdv_un_ros2_ws/src/install/sdv_msgs/include/sdv_msgs/sdv_msgs/msg/detail/batteries__struct.h
[39.029s] -- Symlinking: /home/cafsanchezdi/sdv_un_ros2_ws/src/install/sdv_msgs/include/sdv_msgs/sdv_msgs/msg/detail/batteries__type_support.h
[39.045s] -- Symlinking: /home/cafsanchezdi/sdv_un_ros2_ws/src/install/sdv_msgs/include/sdv_msgs/sdv_msgs/msg/detail/battery__functions.h
[39.070s] -- Symlinking: /home/cafsanchezdi/sdv_un_ros2_ws/src/install/sdv_msgs/include/sdv_msgs/sdv_msgs/msg/detail/battery__struct.h
[39.094s] -- Symlinking: /home/cafsanchezdi/sdv_un_ros2_ws/src/install/sdv_msgs/include/sdv_msgs/sdv_msgs/msg/detail/battery__type_support.h
[39.110s] -- Symlinking: /home/cafsanchezdi/sdv_un_ros2_ws/src/install/sdv_msgs/include/sdv_msgs/sdv_msgs/msg/detail/buzzer__functions.h
[39.128s] -- Symlinking: /home/cafsanchezdi/sdv_un_ros2_ws/src/install/sdv_msgs/include/sdv_msgs/sdv_msgs/msg/detail/buzzer__struct.h
[39.145s] -- Symlinking: /home/cafsanchezdi/sdv_un_ros2_ws/src/install/sdv_msgs/include/sdv_msgs/sdv_msgs/msg/detail/buzzer__type_support.h
[39.162s] -- Symlinking: /home/cafsanchezdi/sdv_un_ros2_ws/src/install/sdv_msgs/include/sdv_msgs/sdv_msgs/msg/detail/drivers__functions.h
[39.177s] -- Symlinking: /home/cafsanchezdi/sdv_un_ros2_ws/src/install/sdv_msgs/include/sdv_msgs/sdv_msgs/msg/detail/drivers__struct.h
[39.194s] -- Symlinking: /home/cafsanchezdi/sdv_un_ros2_ws/src/install/sdv_msgs/include/sdv_msgs/sdv_msgs/msg/detail/drivers__type_support.h
[39.217s] -- Symlinking: /home/cafsanchezdi/sdv_un_ros2_ws/src/install/sdv_msgs/include/sdv_msgs/sdv_msgs/msg/detail/encoder__functions.h
[39.234s] -- Symlinking: /home/cafsanchezdi/sdv_un_ros2_ws/src/install/sdv_msgs/include/sdv_msgs/sdv_msgs/msg/detail/encoder__struct.h
[39.249s] -- Symlinking: /home/cafsanchezdi/sdv_un_ros2_ws/src/install/sdv_msgs/include/sdv_msgs/sdv_msgs/msg/detail/encoder__type_support.h
[39.265s] -- Symlinking: /home/cafsanchezdi/sdv_un_ros2_ws/src/install/sdv_msgs/include/sdv_msgs/sdv_msgs/msg/detail/flexiforce__functions.h
[39.281s] -- Symlinking: /home/cafsanchezdi/sdv_un_ros2_ws/src/install/sdv_msgs/include/sdv_msgs/sdv_msgs/msg/detail/flexiforce__struct.h
[39.304s] -- Symlinking: /home/cafsanchezdi/sdv_un_ros2_ws/src/install/sdv_msgs/include/sdv_msgs/sdv_msgs/msg/detail/flexiforce__type_support.h
[39.328s] -- Symlinking: /home/cafsanchezdi/sdv_un_ros2_ws/src/install/sdv_msgs/include/sdv_msgs/sdv_msgs/msg/detail/four_motors__functions.h
[39.349s] -- Symlinking: /home/cafsanchezdi/sdv_un_ros2_ws/src/install/sdv_msgs/include/sdv_msgs/sdv_msgs/msg/detail/four_motors__struct.h
[39.366s] -- Symlinking: /home/cafsanchezdi/sdv_un_ros2_ws/src/install/sdv_msgs/include/sdv_msgs/sdv_msgs/msg/detail/four_motors__type_support.h
[39.383s] -- Symlinking: /home/cafsanchezdi/sdv_un_ros2_ws/src/install/sdv_msgs/include/sdv_msgs/sdv_msgs/msg/detail/imu_raw__functions.h
[39.402s] -- Symlinking: /home/cafsanchezdi/sdv_un_ros2_ws/src/install/sdv_msgs/include/sdv_msgs/sdv_msgs/msg/detail/imu_raw__struct.h
[39.422s] -- Symlinking: /home/cafsanchezdi/sdv_un_ros2_ws/src/install/sdv_msgs/include/sdv_msgs/sdv_msgs/msg/detail/imu_raw__type_support.h
[39.444s] -- Symlinking: /home/cafsanchezdi/sdv_un_ros2_ws/src/install/sdv_msgs/include/sdv_msgs/sdv_msgs/msg/detail/led__functions.h
[39.465s] -- Symlinking: /home/cafsanchezdi/sdv_un_ros2_ws/src/install/sdv_msgs/include/sdv_msgs/sdv_msgs/msg/detail/led__struct.h
[39.488s] -- Symlinking: /home/cafsanchezdi/sdv_un_ros2_ws/src/install/sdv_msgs/include/sdv_msgs/sdv_msgs/msg/detail/led__type_support.h
[39.509s] -- Symlinking: /home/cafsanchezdi/sdv_un_ros2_ws/src/install/sdv_msgs/include/sdv_msgs/sdv_msgs/msg/detail/motor_driver__functions.h
[39.530s] -- Symlinking: /home/cafsanchezdi/sdv_un_ros2_ws/src/install/sdv_msgs/include/sdv_msgs/sdv_msgs/msg/detail/motor_driver__struct.h
[39.548s] -- Symlinking: /home/cafsanchezdi/sdv_un_ros2_ws/src/install/sdv_msgs/include/sdv_msgs/sdv_msgs/msg/detail/motor_driver__type_support.h
[39.578s] -- Symlinking: /home/cafsanchezdi/sdv_un_ros2_ws/src/install/sdv_msgs/include/sdv_msgs/sdv_msgs/msg/detail/panel_button__functions.h
[39.605s] -- Symlinking: /home/cafsanchezdi/sdv_un_ros2_ws/src/install/sdv_msgs/include/sdv_msgs/sdv_msgs/msg/detail/panel_button__struct.h
[39.624s] -- Symlinking: /home/cafsanchezdi/sdv_un_ros2_ws/src/install/sdv_msgs/include/sdv_msgs/sdv_msgs/msg/detail/panel_button__type_support.h
[39.643s] -- Symlinking: /home/cafsanchezdi/sdv_un_ros2_ws/src/install/sdv_msgs/include/sdv_msgs/sdv_msgs/msg/detail/sdv_platform__functions.h
[39.668s] -- Symlinking: /home/cafsanchezdi/sdv_un_ros2_ws/src/install/sdv_msgs/include/sdv_msgs/sdv_msgs/msg/detail/sdv_platform__struct.h
[39.691s] -- Symlinking: /home/cafsanchezdi/sdv_un_ros2_ws/src/install/sdv_msgs/include/sdv_msgs/sdv_msgs/msg/detail/sdv_platform__type_support.h
[39.712s] -- Symlinking: /home/cafsanchezdi/sdv_un_ros2_ws/src/install/sdv_msgs/include/sdv_msgs/sdv_msgs/msg/detail/sdv_status__functions.h
[39.734s] -- Symlinking: /home/cafsanchezdi/sdv_un_ros2_ws/src/install/sdv_msgs/include/sdv_msgs/sdv_msgs/msg/detail/sdv_status__struct.h
[39.754s] -- Symlinking: /home/cafsanchezdi/sdv_un_ros2_ws/src/install/sdv_msgs/include/sdv_msgs/sdv_msgs/msg/detail/sdv_status__type_support.h
[39.780s] -- Symlinking: /home/cafsanchezdi/sdv_un_ros2_ws/src/install/sdv_msgs/include/sdv_msgs/sdv_msgs/msg/detail/tag_rfid__functions.h
[39.805s] -- Symlinking: /home/cafsanchezdi/sdv_un_ros2_ws/src/install/sdv_msgs/include/sdv_msgs/sdv_msgs/msg/detail/tag_rfid__struct.h
[39.825s] -- Symlinking: /home/cafsanchezdi/sdv_un_ros2_ws/src/install/sdv_msgs/include/sdv_msgs/sdv_msgs/msg/detail/tag_rfid__type_support.h
[39.849s] -- Symlinking: /home/cafsanchezdi/sdv_un_ros2_ws/src/install/sdv_msgs/include/sdv_msgs/sdv_msgs/msg/detail/two_motors__functions.h
[39.877s] -- Symlinking: /home/cafsanchezdi/sdv_un_ros2_ws/src/install/sdv_msgs/include/sdv_msgs/sdv_msgs/msg/detail/two_motors__struct.h
[39.897s] -- Symlinking: /home/cafsanchezdi/sdv_un_ros2_ws/src/install/sdv_msgs/include/sdv_msgs/sdv_msgs/msg/detail/two_motors__type_support.h
[39.917s] -- Symlinking: /home/cafsanchezdi/sdv_un_ros2_ws/src/install/sdv_msgs/include/sdv_msgs/sdv_msgs/msg/detail/ultrasound__functions.h
[39.939s] -- Symlinking: /home/cafsanchezdi/sdv_un_ros2_ws/src/install/sdv_msgs/include/sdv_msgs/sdv_msgs/msg/detail/ultrasound__struct.h
[39.960s] -- Symlinking: /home/cafsanchezdi/sdv_un_ros2_ws/src/install/sdv_msgs/include/sdv_msgs/sdv_msgs/msg/detail/ultrasound__type_support.h
[39.980s] -- Symlinking: /home/cafsanchezdi/sdv_un_ros2_ws/src/install/sdv_msgs/include/sdv_msgs/sdv_msgs/msg/drivers.h
[39.999s] -- Symlinking: /home/cafsanchezdi/sdv_un_ros2_ws/src/install/sdv_msgs/include/sdv_msgs/sdv_msgs/msg/encoder.h
[40.018s] -- Symlinking: /home/cafsanchezdi/sdv_un_ros2_ws/src/install/sdv_msgs/include/sdv_msgs/sdv_msgs/msg/flexiforce.h
[40.050s] -- Symlinking: /home/cafsanchezdi/sdv_un_ros2_ws/src/install/sdv_msgs/include/sdv_msgs/sdv_msgs/msg/four_motors.h
[40.070s] -- Symlinking: /home/cafsanchezdi/sdv_un_ros2_ws/src/install/sdv_msgs/include/sdv_msgs/sdv_msgs/msg/imu_raw.h
[40.117s] -- Symlinking: /home/cafsanchezdi/sdv_un_ros2_ws/src/install/sdv_msgs/include/sdv_msgs/sdv_msgs/msg/led.h
[40.143s] -- Symlinking: /home/cafsanchezdi/sdv_un_ros2_ws/src/install/sdv_msgs/include/sdv_msgs/sdv_msgs/msg/motor_driver.h
[40.161s] -- Symlinking: /home/cafsanchezdi/sdv_un_ros2_ws/src/install/sdv_msgs/include/sdv_msgs/sdv_msgs/msg/panel_button.h
[40.183s] -- Symlinking: /home/cafsanchezdi/sdv_un_ros2_ws/src/install/sdv_msgs/include/sdv_msgs/sdv_msgs/msg/rosidl_generator_c__visibility_control.h
[40.211s] -- Symlinking: /home/cafsanchezdi/sdv_un_ros2_ws/src/install/sdv_msgs/include/sdv_msgs/sdv_msgs/msg/sdv_platform.h
[40.230s] -- Symlinking: /home/cafsanchezdi/sdv_un_ros2_ws/src/install/sdv_msgs/include/sdv_msgs/sdv_msgs/msg/sdv_status.h
[40.247s] -- Symlinking: /home/cafsanchezdi/sdv_un_ros2_ws/src/install/sdv_msgs/include/sdv_msgs/sdv_msgs/msg/tag_rfid.h
[40.263s] -- Symlinking: /home/cafsanchezdi/sdv_un_ros2_ws/src/install/sdv_msgs/include/sdv_msgs/sdv_msgs/msg/two_motors.h
[40.280s] -- Symlinking: /home/cafsanchezdi/sdv_un_ros2_ws/src/install/sdv_msgs/include/sdv_msgs/sdv_msgs/msg/ultrasound.h
[40.297s] -- Symlinking: /home/cafsanchezdi/sdv_un_ros2_ws/src/install/sdv_msgs/share/sdv_msgs/environment/library_path.sh
[40.314s] -- Symlinking: /home/cafsanchezdi/sdv_un_ros2_ws/src/install/sdv_msgs/share/sdv_msgs/environment/library_path.dsv
[40.341s] -- Symlinking: /home/cafsanchezdi/sdv_un_ros2_ws/src/install/sdv_msgs/include/sdv_msgs/sdv_msgs/msg/detail/batteries__rosidl_typesupport_fastrtps_c.h
[40.361s] -- Symlinking: /home/cafsanchezdi/sdv_un_ros2_ws/src/install/sdv_msgs/include/sdv_msgs/sdv_msgs/msg/detail/battery__rosidl_typesupport_fastrtps_c.h
[40.382s] -- Symlinking: /home/cafsanchezdi/sdv_un_ros2_ws/src/install/sdv_msgs/include/sdv_msgs/sdv_msgs/msg/detail/buzzer__rosidl_typesupport_fastrtps_c.h
[40.400s] -- Symlinking: /home/cafsanchezdi/sdv_un_ros2_ws/src/install/sdv_msgs/include/sdv_msgs/sdv_msgs/msg/detail/drivers__rosidl_typesupport_fastrtps_c.h
[40.427s] -- Symlinking: /home/cafsanchezdi/sdv_un_ros2_ws/src/install/sdv_msgs/include/sdv_msgs/sdv_msgs/msg/detail/encoder__rosidl_typesupport_fastrtps_c.h
[40.444s] -- Symlinking: /home/cafsanchezdi/sdv_un_ros2_ws/src/install/sdv_msgs/include/sdv_msgs/sdv_msgs/msg/detail/flexiforce__rosidl_typesupport_fastrtps_c.h
[40.462s] -- Symlinking: /home/cafsanchezdi/sdv_un_ros2_ws/src/install/sdv_msgs/include/sdv_msgs/sdv_msgs/msg/detail/four_motors__rosidl_typesupport_fastrtps_c.h
[40.480s] -- Symlinking: /home/cafsanchezdi/sdv_un_ros2_ws/src/install/sdv_msgs/include/sdv_msgs/sdv_msgs/msg/detail/imu_raw__rosidl_typesupport_fastrtps_c.h
[40.501s] -- Symlinking: /home/cafsanchezdi/sdv_un_ros2_ws/src/install/sdv_msgs/include/sdv_msgs/sdv_msgs/msg/detail/led__rosidl_typesupport_fastrtps_c.h
[40.521s] -- Symlinking: /home/cafsanchezdi/sdv_un_ros2_ws/src/install/sdv_msgs/include/sdv_msgs/sdv_msgs/msg/detail/motor_driver__rosidl_typesupport_fastrtps_c.h
[40.561s] -- Symlinking: /home/cafsanchezdi/sdv_un_ros2_ws/src/install/sdv_msgs/include/sdv_msgs/sdv_msgs/msg/detail/panel_button__rosidl_typesupport_fastrtps_c.h
[40.581s] -- Symlinking: /home/cafsanchezdi/sdv_un_ros2_ws/src/install/sdv_msgs/include/sdv_msgs/sdv_msgs/msg/detail/sdv_platform__rosidl_typesupport_fastrtps_c.h
[40.601s] -- Symlinking: /home/cafsanchezdi/sdv_un_ros2_ws/src/install/sdv_msgs/include/sdv_msgs/sdv_msgs/msg/detail/sdv_status__rosidl_typesupport_fastrtps_c.h
[40.626s] -- Symlinking: /home/cafsanchezdi/sdv_un_ros2_ws/src/install/sdv_msgs/include/sdv_msgs/sdv_msgs/msg/detail/tag_rfid__rosidl_typesupport_fastrtps_c.h
[40.646s] -- Symlinking: /home/cafsanchezdi/sdv_un_ros2_ws/src/install/sdv_msgs/include/sdv_msgs/sdv_msgs/msg/detail/two_motors__rosidl_typesupport_fastrtps_c.h
[40.671s] -- Symlinking: /home/cafsanchezdi/sdv_un_ros2_ws/src/install/sdv_msgs/include/sdv_msgs/sdv_msgs/msg/detail/ultrasound__rosidl_typesupport_fastrtps_c.h
[40.695s] -- Symlinking: /home/cafsanchezdi/sdv_un_ros2_ws/src/install/sdv_msgs/include/sdv_msgs/sdv_msgs/msg/rosidl_typesupport_fastrtps_c__visibility_control.h
[40.717s] -- Symlinking: /home/cafsanchezdi/sdv_un_ros2_ws/src/install/sdv_msgs/include/sdv_msgs/sdv_msgs/msg/detail/batteries__rosidl_typesupport_introspection_c.h
[40.736s] -- Symlinking: /home/cafsanchezdi/sdv_un_ros2_ws/src/install/sdv_msgs/include/sdv_msgs/sdv_msgs/msg/detail/battery__rosidl_typesupport_introspection_c.h
[40.755s] -- Symlinking: /home/cafsanchezdi/sdv_un_ros2_ws/src/install/sdv_msgs/include/sdv_msgs/sdv_msgs/msg/detail/buzzer__rosidl_typesupport_introspection_c.h
[40.773s] -- Symlinking: /home/cafsanchezdi/sdv_un_ros2_ws/src/install/sdv_msgs/include/sdv_msgs/sdv_msgs/msg/detail/drivers__rosidl_typesupport_introspection_c.h
[40.790s] -- Symlinking: /home/cafsanchezdi/sdv_un_ros2_ws/src/install/sdv_msgs/include/sdv_msgs/sdv_msgs/msg/detail/encoder__rosidl_typesupport_introspection_c.h
[40.809s] -- Symlinking: /home/cafsanchezdi/sdv_un_ros2_ws/src/install/sdv_msgs/include/sdv_msgs/sdv_msgs/msg/detail/flexiforce__rosidl_typesupport_introspection_c.h
[40.830s] -- Symlinking: /home/cafsanchezdi/sdv_un_ros2_ws/src/install/sdv_msgs/include/sdv_msgs/sdv_msgs/msg/detail/four_motors__rosidl_typesupport_introspection_c.h
[40.850s] -- Symlinking: /home/cafsanchezdi/sdv_un_ros2_ws/src/install/sdv_msgs/include/sdv_msgs/sdv_msgs/msg/detail/imu_raw__rosidl_typesupport_introspection_c.h
[40.872s] -- Symlinking: /home/cafsanchezdi/sdv_un_ros2_ws/src/install/sdv_msgs/include/sdv_msgs/sdv_msgs/msg/detail/led__rosidl_typesupport_introspection_c.h
[40.890s] -- Symlinking: /home/cafsanchezdi/sdv_un_ros2_ws/src/install/sdv_msgs/include/sdv_msgs/sdv_msgs/msg/detail/motor_driver__rosidl_typesupport_introspection_c.h
[40.910s] -- Symlinking: /home/cafsanchezdi/sdv_un_ros2_ws/src/install/sdv_msgs/include/sdv_msgs/sdv_msgs/msg/detail/panel_button__rosidl_typesupport_introspection_c.h
[40.930s] -- Symlinking: /home/cafsanchezdi/sdv_un_ros2_ws/src/install/sdv_msgs/include/sdv_msgs/sdv_msgs/msg/detail/sdv_platform__rosidl_typesupport_introspection_c.h
[40.950s] -- Symlinking: /home/cafsanchezdi/sdv_un_ros2_ws/src/install/sdv_msgs/include/sdv_msgs/sdv_msgs/msg/detail/sdv_status__rosidl_typesupport_introspection_c.h
[40.967s] -- Symlinking: /home/cafsanchezdi/sdv_un_ros2_ws/src/install/sdv_msgs/include/sdv_msgs/sdv_msgs/msg/detail/tag_rfid__rosidl_typesupport_introspection_c.h
[40.985s] -- Symlinking: /home/cafsanchezdi/sdv_un_ros2_ws/src/install/sdv_msgs/include/sdv_msgs/sdv_msgs/msg/detail/two_motors__rosidl_typesupport_introspection_c.h
[41.002s] -- Symlinking: /home/cafsanchezdi/sdv_un_ros2_ws/src/install/sdv_msgs/include/sdv_msgs/sdv_msgs/msg/detail/ultrasound__rosidl_typesupport_introspection_c.h
[41.019s] -- Symlinking: /home/cafsanchezdi/sdv_un_ros2_ws/src/install/sdv_msgs/include/sdv_msgs/sdv_msgs/msg/rosidl_typesupport_introspection_c__visibility_control.h
[41.040s] -- Symlinking: /home/cafsanchezdi/sdv_un_ros2_ws/src/install/sdv_msgs/include/sdv_msgs/sdv_msgs/msg/batteries.hpp
[41.064s] -- Symlinking: /home/cafsanchezdi/sdv_un_ros2_ws/src/install/sdv_msgs/include/sdv_msgs/sdv_msgs/msg/battery.hpp
[41.082s] -- Symlinking: /home/cafsanchezdi/sdv_un_ros2_ws/src/install/sdv_msgs/include/sdv_msgs/sdv_msgs/msg/buzzer.hpp
[41.109s] -- Symlinking: /home/cafsanchezdi/sdv_un_ros2_ws/src/install/sdv_msgs/include/sdv_msgs/sdv_msgs/msg/detail/batteries__builder.hpp
[41.137s] -- Symlinking: /home/cafsanchezdi/sdv_un_ros2_ws/src/install/sdv_msgs/include/sdv_msgs/sdv_msgs/msg/detail/batteries__struct.hpp
[41.162s] -- Symlinking: /home/cafsanchezdi/sdv_un_ros2_ws/src/install/sdv_msgs/include/sdv_msgs/sdv_msgs/msg/detail/batteries__traits.hpp
[41.190s] -- Symlinking: /home/cafsanchezdi/sdv_un_ros2_ws/src/install/sdv_msgs/include/sdv_msgs/sdv_msgs/msg/detail/batteries__type_support.hpp
[41.208s] -- Symlinking: /home/cafsanchezdi/sdv_un_ros2_ws/src/install/sdv_msgs/include/sdv_msgs/sdv_msgs/msg/detail/battery__builder.hpp
[41.228s] -- Symlinking: /home/cafsanchezdi/sdv_un_ros2_ws/src/install/sdv_msgs/include/sdv_msgs/sdv_msgs/msg/detail/battery__struct.hpp
[41.256s] -- Symlinking: /home/cafsanchezdi/sdv_un_ros2_ws/src/install/sdv_msgs/include/sdv_msgs/sdv_msgs/msg/detail/battery__traits.hpp
[41.275s] -- Symlinking: /home/cafsanchezdi/sdv_un_ros2_ws/src/install/sdv_msgs/include/sdv_msgs/sdv_msgs/msg/detail/battery__type_support.hpp
[41.292s] -- Symlinking: /home/cafsanchezdi/sdv_un_ros2_ws/src/install/sdv_msgs/include/sdv_msgs/sdv_msgs/msg/detail/buzzer__builder.hpp
[41.312s] -- Symlinking: /home/cafsanchezdi/sdv_un_ros2_ws/src/install/sdv_msgs/include/sdv_msgs/sdv_msgs/msg/detail/buzzer__struct.hpp
[41.342s] -- Symlinking: /home/cafsanchezdi/sdv_un_ros2_ws/src/install/sdv_msgs/include/sdv_msgs/sdv_msgs/msg/detail/buzzer__traits.hpp
[41.359s] -- Symlinking: /home/cafsanchezdi/sdv_un_ros2_ws/src/install/sdv_msgs/include/sdv_msgs/sdv_msgs/msg/detail/buzzer__type_support.hpp
[41.374s] -- Symlinking: /home/cafsanchezdi/sdv_un_ros2_ws/src/install/sdv_msgs/include/sdv_msgs/sdv_msgs/msg/detail/drivers__builder.hpp
[41.390s] -- Symlinking: /home/cafsanchezdi/sdv_un_ros2_ws/src/install/sdv_msgs/include/sdv_msgs/sdv_msgs/msg/detail/drivers__struct.hpp
[41.406s] -- Symlinking: /home/cafsanchezdi/sdv_un_ros2_ws/src/install/sdv_msgs/include/sdv_msgs/sdv_msgs/msg/detail/drivers__traits.hpp
[41.423s] -- Symlinking: /home/cafsanchezdi/sdv_un_ros2_ws/src/install/sdv_msgs/include/sdv_msgs/sdv_msgs/msg/detail/drivers__type_support.hpp
[41.449s] -- Symlinking: /home/cafsanchezdi/sdv_un_ros2_ws/src/install/sdv_msgs/include/sdv_msgs/sdv_msgs/msg/detail/encoder__builder.hpp
[41.465s] -- Symlinking: /home/cafsanchezdi/sdv_un_ros2_ws/src/install/sdv_msgs/include/sdv_msgs/sdv_msgs/msg/detail/encoder__struct.hpp
[41.481s] -- Symlinking: /home/cafsanchezdi/sdv_un_ros2_ws/src/install/sdv_msgs/include/sdv_msgs/sdv_msgs/msg/detail/encoder__traits.hpp
[41.497s] -- Symlinking: /home/cafsanchezdi/sdv_un_ros2_ws/src/install/sdv_msgs/include/sdv_msgs/sdv_msgs/msg/detail/encoder__type_support.hpp
[41.512s] -- Symlinking: /home/cafsanchezdi/sdv_un_ros2_ws/src/install/sdv_msgs/include/sdv_msgs/sdv_msgs/msg/detail/flexiforce__builder.hpp
[41.528s] -- Symlinking: /home/cafsanchezdi/sdv_un_ros2_ws/src/install/sdv_msgs/include/sdv_msgs/sdv_msgs/msg/detail/flexiforce__struct.hpp
[41.551s] -- Symlinking: /home/cafsanchezdi/sdv_un_ros2_ws/src/install/sdv_msgs/include/sdv_msgs/sdv_msgs/msg/detail/flexiforce__traits.hpp
[41.567s] -- Symlinking: /home/cafsanchezdi/sdv_un_ros2_ws/src/install/sdv_msgs/include/sdv_msgs/sdv_msgs/msg/detail/flexiforce__type_support.hpp
[41.583s] -- Symlinking: /home/cafsanchezdi/sdv_un_ros2_ws/src/install/sdv_msgs/include/sdv_msgs/sdv_msgs/msg/detail/four_motors__builder.hpp
[41.599s] -- Symlinking: /home/cafsanchezdi/sdv_un_ros2_ws/src/install/sdv_msgs/include/sdv_msgs/sdv_msgs/msg/detail/four_motors__struct.hpp
[41.614s] -- Symlinking: /home/cafsanchezdi/sdv_un_ros2_ws/src/install/sdv_msgs/include/sdv_msgs/sdv_msgs/msg/detail/four_motors__traits.hpp
[41.632s] -- Symlinking: /home/cafsanchezdi/sdv_un_ros2_ws/src/install/sdv_msgs/include/sdv_msgs/sdv_msgs/msg/detail/four_motors__type_support.hpp
[41.651s] -- Symlinking: /home/cafsanchezdi/sdv_un_ros2_ws/src/install/sdv_msgs/include/sdv_msgs/sdv_msgs/msg/detail/imu_raw__builder.hpp
[41.668s] -- Symlinking: /home/cafsanchezdi/sdv_un_ros2_ws/src/install/sdv_msgs/include/sdv_msgs/sdv_msgs/msg/detail/imu_raw__struct.hpp
[41.693s] -- Symlinking: /home/cafsanchezdi/sdv_un_ros2_ws/src/install/sdv_msgs/include/sdv_msgs/sdv_msgs/msg/detail/imu_raw__traits.hpp
[41.711s] -- Symlinking: /home/cafsanchezdi/sdv_un_ros2_ws/src/install/sdv_msgs/include/sdv_msgs/sdv_msgs/msg/detail/imu_raw__type_support.hpp
[41.740s] -- Symlinking: /home/cafsanchezdi/sdv_un_ros2_ws/src/install/sdv_msgs/include/sdv_msgs/sdv_msgs/msg/detail/led__builder.hpp
[41.756s] -- Symlinking: /home/cafsanchezdi/sdv_un_ros2_ws/src/install/sdv_msgs/include/sdv_msgs/sdv_msgs/msg/detail/led__struct.hpp
[41.772s] -- Symlinking: /home/cafsanchezdi/sdv_un_ros2_ws/src/install/sdv_msgs/include/sdv_msgs/sdv_msgs/msg/detail/led__traits.hpp
[41.788s] -- Symlinking: /home/cafsanchezdi/sdv_un_ros2_ws/src/install/sdv_msgs/include/sdv_msgs/sdv_msgs/msg/detail/led__type_support.hpp
[41.803s] -- Symlinking: /home/cafsanchezdi/sdv_un_ros2_ws/src/install/sdv_msgs/include/sdv_msgs/sdv_msgs/msg/detail/motor_driver__builder.hpp
[41.820s] -- Symlinking: /home/cafsanchezdi/sdv_un_ros2_ws/src/install/sdv_msgs/include/sdv_msgs/sdv_msgs/msg/detail/motor_driver__struct.hpp
[41.839s] -- Symlinking: /home/cafsanchezdi/sdv_un_ros2_ws/src/install/sdv_msgs/include/sdv_msgs/sdv_msgs/msg/detail/motor_driver__traits.hpp
[41.867s] -- Symlinking: /home/cafsanchezdi/sdv_un_ros2_ws/src/install/sdv_msgs/include/sdv_msgs/sdv_msgs/msg/detail/motor_driver__type_support.hpp
[41.884s] -- Symlinking: /home/cafsanchezdi/sdv_un_ros2_ws/src/install/sdv_msgs/include/sdv_msgs/sdv_msgs/msg/detail/panel_button__builder.hpp
[41.900s] -- Symlinking: /home/cafsanchezdi/sdv_un_ros2_ws/src/install/sdv_msgs/include/sdv_msgs/sdv_msgs/msg/detail/panel_button__struct.hpp
[41.916s] -- Symlinking: /home/cafsanchezdi/sdv_un_ros2_ws/src/install/sdv_msgs/include/sdv_msgs/sdv_msgs/msg/detail/panel_button__traits.hpp
[41.933s] -- Symlinking: /home/cafsanchezdi/sdv_un_ros2_ws/src/install/sdv_msgs/include/sdv_msgs/sdv_msgs/msg/detail/panel_button__type_support.hpp
[41.958s] -- Symlinking: /home/cafsanchezdi/sdv_un_ros2_ws/src/install/sdv_msgs/include/sdv_msgs/sdv_msgs/msg/detail/sdv_platform__builder.hpp
[41.975s] -- Symlinking: /home/cafsanchezdi/sdv_un_ros2_ws/src/install/sdv_msgs/include/sdv_msgs/sdv_msgs/msg/detail/sdv_platform__struct.hpp
[41.992s] -- Symlinking: /home/cafsanchezdi/sdv_un_ros2_ws/src/install/sdv_msgs/include/sdv_msgs/sdv_msgs/msg/detail/sdv_platform__traits.hpp
[42.009s] -- Symlinking: /home/cafsanchezdi/sdv_un_ros2_ws/src/install/sdv_msgs/include/sdv_msgs/sdv_msgs/msg/detail/sdv_platform__type_support.hpp
[42.027s] -- Symlinking: /home/cafsanchezdi/sdv_un_ros2_ws/src/install/sdv_msgs/include/sdv_msgs/sdv_msgs/msg/detail/sdv_status__builder.hpp
[42.050s] -- Symlinking: /home/cafsanchezdi/sdv_un_ros2_ws/src/install/sdv_msgs/include/sdv_msgs/sdv_msgs/msg/detail/sdv_status__struct.hpp
[42.066s] -- Symlinking: /home/cafsanchezdi/sdv_un_ros2_ws/src/install/sdv_msgs/include/sdv_msgs/sdv_msgs/msg/detail/sdv_status__traits.hpp
[42.084s] -- Symlinking: /home/cafsanchezdi/sdv_un_ros2_ws/src/install/sdv_msgs/include/sdv_msgs/sdv_msgs/msg/detail/sdv_status__type_support.hpp
[42.104s] -- Symlinking: /home/cafsanchezdi/sdv_un_ros2_ws/src/install/sdv_msgs/include/sdv_msgs/sdv_msgs/msg/detail/tag_rfid__builder.hpp
[42.122s] -- Symlinking: /home/cafsanchezdi/sdv_un_ros2_ws/src/install/sdv_msgs/include/sdv_msgs/sdv_msgs/msg/detail/tag_rfid__struct.hpp
[42.149s] -- Symlinking: /home/cafsanchezdi/sdv_un_ros2_ws/src/install/sdv_msgs/include/sdv_msgs/sdv_msgs/msg/detail/tag_rfid__traits.hpp
[42.167s] -- Symlinking: /home/cafsanchezdi/sdv_un_ros2_ws/src/install/sdv_msgs/include/sdv_msgs/sdv_msgs/msg/detail/tag_rfid__type_support.hpp
[42.186s] -- Symlinking: /home/cafsanchezdi/sdv_un_ros2_ws/src/install/sdv_msgs/include/sdv_msgs/sdv_msgs/msg/detail/two_motors__builder.hpp
[42.209s] -- Symlinking: /home/cafsanchezdi/sdv_un_ros2_ws/src/install/sdv_msgs/include/sdv_msgs/sdv_msgs/msg/detail/two_motors__struct.hpp
[42.226s] -- Symlinking: /home/cafsanchezdi/sdv_un_ros2_ws/src/install/sdv_msgs/include/sdv_msgs/sdv_msgs/msg/detail/two_motors__traits.hpp
[42.244s] -- Symlinking: /home/cafsanchezdi/sdv_un_ros2_ws/src/install/sdv_msgs/include/sdv_msgs/sdv_msgs/msg/detail/two_motors__type_support.hpp
[42.263s] -- Symlinking: /home/cafsanchezdi/sdv_un_ros2_ws/src/install/sdv_msgs/include/sdv_msgs/sdv_msgs/msg/detail/ultrasound__builder.hpp
[42.292s] -- Symlinking: /home/cafsanchezdi/sdv_un_ros2_ws/src/install/sdv_msgs/include/sdv_msgs/sdv_msgs/msg/detail/ultrasound__struct.hpp
[42.309s] -- Symlinking: /home/cafsanchezdi/sdv_un_ros2_ws/src/install/sdv_msgs/include/sdv_msgs/sdv_msgs/msg/detail/ultrasound__traits.hpp
[42.326s] -- Symlinking: /home/cafsanchezdi/sdv_un_ros2_ws/src/install/sdv_msgs/include/sdv_msgs/sdv_msgs/msg/detail/ultrasound__type_support.hpp
[42.346s] -- Symlinking: /home/cafsanchezdi/sdv_un_ros2_ws/src/install/sdv_msgs/include/sdv_msgs/sdv_msgs/msg/drivers.hpp
[42.363s] -- Symlinking: /home/cafsanchezdi/sdv_un_ros2_ws/src/install/sdv_msgs/include/sdv_msgs/sdv_msgs/msg/encoder.hpp
[42.380s] -- Symlinking: /home/cafsanchezdi/sdv_un_ros2_ws/src/install/sdv_msgs/include/sdv_msgs/sdv_msgs/msg/flexiforce.hpp
[42.403s] -- Symlinking: /home/cafsanchezdi/sdv_un_ros2_ws/src/install/sdv_msgs/include/sdv_msgs/sdv_msgs/msg/four_motors.hpp
[42.418s] -- Symlinking: /home/cafsanchezdi/sdv_un_ros2_ws/src/install/sdv_msgs/include/sdv_msgs/sdv_msgs/msg/imu_raw.hpp
[42.436s] -- Symlinking: /home/cafsanchezdi/sdv_un_ros2_ws/src/install/sdv_msgs/include/sdv_msgs/sdv_msgs/msg/led.hpp
[42.453s] -- Symlinking: /home/cafsanchezdi/sdv_un_ros2_ws/src/install/sdv_msgs/include/sdv_msgs/sdv_msgs/msg/motor_driver.hpp
[42.478s] -- Symlinking: /home/cafsanchezdi/sdv_un_ros2_ws/src/install/sdv_msgs/include/sdv_msgs/sdv_msgs/msg/panel_button.hpp
[42.498s] -- Symlinking: /home/cafsanchezdi/sdv_un_ros2_ws/src/install/sdv_msgs/include/sdv_msgs/sdv_msgs/msg/rosidl_generator_cpp__visibility_control.hpp
[42.522s] -- Symlinking: /home/cafsanchezdi/sdv_un_ros2_ws/src/install/sdv_msgs/include/sdv_msgs/sdv_msgs/msg/sdv_platform.hpp
[42.549s] -- Symlinking: /home/cafsanchezdi/sdv_un_ros2_ws/src/install/sdv_msgs/include/sdv_msgs/sdv_msgs/msg/sdv_status.hpp
[42.566s] -- Symlinking: /home/cafsanchezdi/sdv_un_ros2_ws/src/install/sdv_msgs/include/sdv_msgs/sdv_msgs/msg/tag_rfid.hpp
[42.592s] -- Symlinking: /home/cafsanchezdi/sdv_un_ros2_ws/src/install/sdv_msgs/include/sdv_msgs/sdv_msgs/msg/two_motors.hpp
[42.609s] -- Symlinking: /home/cafsanchezdi/sdv_un_ros2_ws/src/install/sdv_msgs/include/sdv_msgs/sdv_msgs/msg/ultrasound.hpp
[42.628s] -- Symlinking: /home/cafsanchezdi/sdv_un_ros2_ws/src/install/sdv_msgs/include/sdv_msgs/sdv_msgs/msg/detail/batteries__rosidl_typesupport_fastrtps_cpp.hpp
[42.645s] -- Symlinking: /home/cafsanchezdi/sdv_un_ros2_ws/src/install/sdv_msgs/include/sdv_msgs/sdv_msgs/msg/detail/battery__rosidl_typesupport_fastrtps_cpp.hpp
[42.663s] -- Symlinking: /home/cafsanchezdi/sdv_un_ros2_ws/src/install/sdv_msgs/include/sdv_msgs/sdv_msgs/msg/detail/buzzer__rosidl_typesupport_fastrtps_cpp.hpp
[42.681s] -- Symlinking: /home/cafsanchezdi/sdv_un_ros2_ws/src/install/sdv_msgs/include/sdv_msgs/sdv_msgs/msg/detail/drivers__rosidl_typesupport_fastrtps_cpp.hpp
[42.695s] -- Symlinking: /home/cafsanchezdi/sdv_un_ros2_ws/src/install/sdv_msgs/include/sdv_msgs/sdv_msgs/msg/detail/encoder__rosidl_typesupport_fastrtps_cpp.hpp
[42.711s] -- Symlinking: /home/cafsanchezdi/sdv_un_ros2_ws/src/install/sdv_msgs/include/sdv_msgs/sdv_msgs/msg/detail/flexiforce__rosidl_typesupport_fastrtps_cpp.hpp
[42.727s] -- Symlinking: /home/cafsanchezdi/sdv_un_ros2_ws/src/install/sdv_msgs/include/sdv_msgs/sdv_msgs/msg/detail/four_motors__rosidl_typesupport_fastrtps_cpp.hpp
[42.746s] -- Symlinking: /home/cafsanchezdi/sdv_un_ros2_ws/src/install/sdv_msgs/include/sdv_msgs/sdv_msgs/msg/detail/imu_raw__rosidl_typesupport_fastrtps_cpp.hpp
[42.762s] -- Symlinking: /home/cafsanchezdi/sdv_un_ros2_ws/src/install/sdv_msgs/include/sdv_msgs/sdv_msgs/msg/detail/led__rosidl_typesupport_fastrtps_cpp.hpp
[42.779s] -- Symlinking: /home/cafsanchezdi/sdv_un_ros2_ws/src/install/sdv_msgs/include/sdv_msgs/sdv_msgs/msg/detail/motor_driver__rosidl_typesupport_fastrtps_cpp.hpp
[42.803s] -- Symlinking: /home/cafsanchezdi/sdv_un_ros2_ws/src/install/sdv_msgs/include/sdv_msgs/sdv_msgs/msg/detail/panel_button__rosidl_typesupport_fastrtps_cpp.hpp
[42.818s] -- Symlinking: /home/cafsanchezdi/sdv_un_ros2_ws/src/install/sdv_msgs/include/sdv_msgs/sdv_msgs/msg/detail/sdv_platform__rosidl_typesupport_fastrtps_cpp.hpp
[42.837s] -- Symlinking: /home/cafsanchezdi/sdv_un_ros2_ws/src/install/sdv_msgs/include/sdv_msgs/sdv_msgs/msg/detail/sdv_status__rosidl_typesupport_fastrtps_cpp.hpp
[42.854s] -- Symlinking: /home/cafsanchezdi/sdv_un_ros2_ws/src/install/sdv_msgs/include/sdv_msgs/sdv_msgs/msg/detail/tag_rfid__rosidl_typesupport_fastrtps_cpp.hpp
[42.871s] -- Symlinking: /home/cafsanchezdi/sdv_un_ros2_ws/src/install/sdv_msgs/include/sdv_msgs/sdv_msgs/msg/detail/two_motors__rosidl_typesupport_fastrtps_cpp.hpp
[42.887s] -- Symlinking: /home/cafsanchezdi/sdv_un_ros2_ws/src/install/sdv_msgs/include/sdv_msgs/sdv_msgs/msg/detail/ultrasound__rosidl_typesupport_fastrtps_cpp.hpp
[42.903s] -- Symlinking: /home/cafsanchezdi/sdv_un_ros2_ws/src/install/sdv_msgs/include/sdv_msgs/sdv_msgs/msg/rosidl_typesupport_fastrtps_cpp__visibility_control.h
[42.921s] -- Symlinking: /home/cafsanchezdi/sdv_un_ros2_ws/src/install/sdv_msgs/include/sdv_msgs/sdv_msgs/msg/detail/batteries__rosidl_typesupport_introspection_cpp.hpp
[42.940s] -- Symlinking: /home/cafsanchezdi/sdv_un_ros2_ws/src/install/sdv_msgs/include/sdv_msgs/sdv_msgs/msg/detail/battery__rosidl_typesupport_introspection_cpp.hpp
[42.955s] -- Symlinking: /home/cafsanchezdi/sdv_un_ros2_ws/src/install/sdv_msgs/include/sdv_msgs/sdv_msgs/msg/detail/buzzer__rosidl_typesupport_introspection_cpp.hpp
[42.975s] -- Symlinking: /home/cafsanchezdi/sdv_un_ros2_ws/src/install/sdv_msgs/include/sdv_msgs/sdv_msgs/msg/detail/drivers__rosidl_typesupport_introspection_cpp.hpp
[42.996s] -- Symlinking: /home/cafsanchezdi/sdv_un_ros2_ws/src/install/sdv_msgs/include/sdv_msgs/sdv_msgs/msg/detail/encoder__rosidl_typesupport_introspection_cpp.hpp
[43.011s] -- Symlinking: /home/cafsanchezdi/sdv_un_ros2_ws/src/install/sdv_msgs/include/sdv_msgs/sdv_msgs/msg/detail/flexiforce__rosidl_typesupport_introspection_cpp.hpp
[43.028s] -- Symlinking: /home/cafsanchezdi/sdv_un_ros2_ws/src/install/sdv_msgs/include/sdv_msgs/sdv_msgs/msg/detail/four_motors__rosidl_typesupport_introspection_cpp.hpp
[43.054s] -- Symlinking: /home/cafsanchezdi/sdv_un_ros2_ws/src/install/sdv_msgs/include/sdv_msgs/sdv_msgs/msg/detail/imu_raw__rosidl_typesupport_introspection_cpp.hpp
[43.071s] -- Symlinking: /home/cafsanchezdi/sdv_un_ros2_ws/src/install/sdv_msgs/include/sdv_msgs/sdv_msgs/msg/detail/led__rosidl_typesupport_introspection_cpp.hpp
[43.086s] -- Symlinking: /home/cafsanchezdi/sdv_un_ros2_ws/src/install/sdv_msgs/include/sdv_msgs/sdv_msgs/msg/detail/motor_driver__rosidl_typesupport_introspection_cpp.hpp
[43.102s] -- Symlinking: /home/cafsanchezdi/sdv_un_ros2_ws/src/install/sdv_msgs/include/sdv_msgs/sdv_msgs/msg/detail/panel_button__rosidl_typesupport_introspection_cpp.hpp
[43.127s] -- Symlinking: /home/cafsanchezdi/sdv_un_ros2_ws/src/install/sdv_msgs/include/sdv_msgs/sdv_msgs/msg/detail/sdv_platform__rosidl_typesupport_introspection_cpp.hpp
[43.153s] -- Symlinking: /home/cafsanchezdi/sdv_un_ros2_ws/src/install/sdv_msgs/include/sdv_msgs/sdv_msgs/msg/detail/sdv_status__rosidl_typesupport_introspection_cpp.hpp
[43.171s] -- Symlinking: /home/cafsanchezdi/sdv_un_ros2_ws/src/install/sdv_msgs/include/sdv_msgs/sdv_msgs/msg/detail/tag_rfid__rosidl_typesupport_introspection_cpp.hpp
[43.189s] -- Symlinking: /home/cafsanchezdi/sdv_un_ros2_ws/src/install/sdv_msgs/include/sdv_msgs/sdv_msgs/msg/detail/two_motors__rosidl_typesupport_introspection_cpp.hpp
[43.207s] -- Symlinking: /home/cafsanchezdi/sdv_un_ros2_ws/src/install/sdv_msgs/include/sdv_msgs/sdv_msgs/msg/detail/ultrasound__rosidl_typesupport_introspection_cpp.hpp
[43.224s] -- Symlinking: /home/cafsanchezdi/sdv_un_ros2_ws/src/install/sdv_msgs/share/sdv_msgs/environment/pythonpath.sh
[43.247s] -- Symlinking: /home/cafsanchezdi/sdv_un_ros2_ws/src/install/sdv_msgs/share/sdv_msgs/environment/pythonpath.dsv
[43.265s] -- Symlinking: /home/cafsanchezdi/sdv_un_ros2_ws/src/install/sdv_msgs/lib/python3.12/site-packages/sdv_msgs-0.0.1-py3.12.egg-info/PKG-INFO
[43.286s] -- Symlinking: /home/cafsanchezdi/sdv_un_ros2_ws/src/install/sdv_msgs/lib/python3.12/site-packages/sdv_msgs-0.0.1-py3.12.egg-info/SOURCES.txt
[43.302s] -- Symlinking: /home/cafsanchezdi/sdv_un_ros2_ws/src/install/sdv_msgs/lib/python3.12/site-packages/sdv_msgs-0.0.1-py3.12.egg-info/dependency_links.txt
[43.334s] -- Symlinking: /home/cafsanchezdi/sdv_un_ros2_ws/src/install/sdv_msgs/lib/python3.12/site-packages/sdv_msgs-0.0.1-py3.12.egg-info/top_level.txt
[43.359s] -- Symlinking: /home/cafsanchezdi/sdv_un_ros2_ws/src/install/sdv_msgs/lib/python3.12/site-packages/sdv_msgs/__init__.py
[43.375s] -- Symlinking: /home/cafsanchezdi/sdv_un_ros2_ws/src/install/sdv_msgs/lib/python3.12/site-packages/sdv_msgs/_sdv_msgs_s.ep.rosidl_typesupport_c.c
[43.392s] -- Symlinking: /home/cafsanchezdi/sdv_un_ros2_ws/src/install/sdv_msgs/lib/python3.12/site-packages/sdv_msgs/_sdv_msgs_s.ep.rosidl_typesupport_fastrtps_c.c
[43.412s] -- Symlinking: /home/cafsanchezdi/sdv_un_ros2_ws/src/install/sdv_msgs/lib/python3.12/site-packages/sdv_msgs/_sdv_msgs_s.ep.rosidl_typesupport_introspection_c.c
[43.433s] -- Symlinking: /home/cafsanchezdi/sdv_un_ros2_ws/src/install/sdv_msgs/lib/python3.12/site-packages/sdv_msgs/msg/__init__.py
[43.450s] -- Symlinking: /home/cafsanchezdi/sdv_un_ros2_ws/src/install/sdv_msgs/lib/python3.12/site-packages/sdv_msgs/msg/_batteries.py
[43.473s] -- Symlinking: /home/cafsanchezdi/sdv_un_ros2_ws/src/install/sdv_msgs/lib/python3.12/site-packages/sdv_msgs/msg/_batteries_s.c
[43.489s] -- Symlinking: /home/cafsanchezdi/sdv_un_ros2_ws/src/install/sdv_msgs/lib/python3.12/site-packages/sdv_msgs/msg/_battery.py
[43.505s] -- Symlinking: /home/cafsanchezdi/sdv_un_ros2_ws/src/install/sdv_msgs/lib/python3.12/site-packages/sdv_msgs/msg/_battery_s.c
[43.521s] -- Symlinking: /home/cafsanchezdi/sdv_un_ros2_ws/src/install/sdv_msgs/lib/python3.12/site-packages/sdv_msgs/msg/_buzzer.py
[43.541s] -- Symlinking: /home/cafsanchezdi/sdv_un_ros2_ws/src/install/sdv_msgs/lib/python3.12/site-packages/sdv_msgs/msg/_buzzer_s.c
[43.558s] -- Symlinking: /home/cafsanchezdi/sdv_un_ros2_ws/src/install/sdv_msgs/lib/python3.12/site-packages/sdv_msgs/msg/_drivers.py
[43.583s] -- Symlinking: /home/cafsanchezdi/sdv_un_ros2_ws/src/install/sdv_msgs/lib/python3.12/site-packages/sdv_msgs/msg/_drivers_s.c
[43.606s] -- Symlinking: /home/cafsanchezdi/sdv_un_ros2_ws/src/install/sdv_msgs/lib/python3.12/site-packages/sdv_msgs/msg/_encoder.py
[43.628s] -- Symlinking: /home/cafsanchezdi/sdv_un_ros2_ws/src/install/sdv_msgs/lib/python3.12/site-packages/sdv_msgs/msg/_encoder_s.c
[43.645s] -- Symlinking: /home/cafsanchezdi/sdv_un_ros2_ws/src/install/sdv_msgs/lib/python3.12/site-packages/sdv_msgs/msg/_flexiforce.py
[43.662s] -- Symlinking: /home/cafsanchezdi/sdv_un_ros2_ws/src/install/sdv_msgs/lib/python3.12/site-packages/sdv_msgs/msg/_flexiforce_s.c
[43.679s] -- Symlinking: /home/cafsanchezdi/sdv_un_ros2_ws/src/install/sdv_msgs/lib/python3.12/site-packages/sdv_msgs/msg/_four_motors.py
[43.695s] -- Symlinking: /home/cafsanchezdi/sdv_un_ros2_ws/src/install/sdv_msgs/lib/python3.12/site-packages/sdv_msgs/msg/_four_motors_s.c
[43.710s] -- Symlinking: /home/cafsanchezdi/sdv_un_ros2_ws/src/install/sdv_msgs/lib/python3.12/site-packages/sdv_msgs/msg/_imu_raw.py
[43.726s] -- Symlinking: /home/cafsanchezdi/sdv_un_ros2_ws/src/install/sdv_msgs/lib/python3.12/site-packages/sdv_msgs/msg/_imu_raw_s.c
[43.742s] -- Symlinking: /home/cafsanchezdi/sdv_un_ros2_ws/src/install/sdv_msgs/lib/python3.12/site-packages/sdv_msgs/msg/_led.py
[43.758s] -- Symlinking: /home/cafsanchezdi/sdv_un_ros2_ws/src/install/sdv_msgs/lib/python3.12/site-packages/sdv_msgs/msg/_led_s.c
[43.775s] -- Symlinking: /home/cafsanchezdi/sdv_un_ros2_ws/src/install/sdv_msgs/lib/python3.12/site-packages/sdv_msgs/msg/_motor_driver.py
[43.803s] -- Symlinking: /home/cafsanchezdi/sdv_un_ros2_ws/src/install/sdv_msgs/lib/python3.12/site-packages/sdv_msgs/msg/_motor_driver_s.c
[43.827s] -- Symlinking: /home/cafsanchezdi/sdv_un_ros2_ws/src/install/sdv_msgs/lib/python3.12/site-packages/sdv_msgs/msg/_panel_button.py
[43.857s] -- Symlinking: /home/cafsanchezdi/sdv_un_ros2_ws/src/install/sdv_msgs/lib/python3.12/site-packages/sdv_msgs/msg/_panel_button_s.c
[43.880s] -- Symlinking: /home/cafsanchezdi/sdv_un_ros2_ws/src/install/sdv_msgs/lib/python3.12/site-packages/sdv_msgs/msg/_sdv_platform.py
[43.902s] -- Symlinking: /home/cafsanchezdi/sdv_un_ros2_ws/src/install/sdv_msgs/lib/python3.12/site-packages/sdv_msgs/msg/_sdv_platform_s.c
[43.926s] -- Symlinking: /home/cafsanchezdi/sdv_un_ros2_ws/src/install/sdv_msgs/lib/python3.12/site-packages/sdv_msgs/msg/_sdv_status.py
[43.946s] -- Symlinking: /home/cafsanchezdi/sdv_un_ros2_ws/src/install/sdv_msgs/lib/python3.12/site-packages/sdv_msgs/msg/_sdv_status_s.c
[43.971s] -- Symlinking: /home/cafsanchezdi/sdv_un_ros2_ws/src/install/sdv_msgs/lib/python3.12/site-packages/sdv_msgs/msg/_tag_rfid.py
[43.990s] -- Symlinking: /home/cafsanchezdi/sdv_un_ros2_ws/src/install/sdv_msgs/lib/python3.12/site-packages/sdv_msgs/msg/_tag_rfid_s.c
[44.006s] -- Symlinking: /home/cafsanchezdi/sdv_un_ros2_ws/src/install/sdv_msgs/lib/python3.12/site-packages/sdv_msgs/msg/_two_motors.py
[44.022s] -- Symlinking: /home/cafsanchezdi/sdv_un_ros2_ws/src/install/sdv_msgs/lib/python3.12/site-packages/sdv_msgs/msg/_two_motors_s.c
[44.040s] -- Symlinking: /home/cafsanchezdi/sdv_un_ros2_ws/src/install/sdv_msgs/lib/python3.12/site-packages/sdv_msgs/msg/_ultrasound.py
[44.066s] -- Symlinking: /home/cafsanchezdi/sdv_un_ros2_ws/src/install/sdv_msgs/lib/python3.12/site-packages/sdv_msgs/msg/_ultrasound_s.c
[44.084s] -- Symlinking: /home/cafsanchezdi/sdv_un_ros2_ws/src/install/sdv_msgs/lib/python3.12/site-packages/sdv_msgs/sdv_msgs_s__rosidl_typesupport_c.so
[44.110s] -- Symlinking: /home/cafsanchezdi/sdv_un_ros2_ws/src/install/sdv_msgs/lib/python3.12/site-packages/sdv_msgs/sdv_msgs_s__rosidl_typesupport_fastrtps_c.so
[44.125s] -- Symlinking: /home/cafsanchezdi/sdv_un_ros2_ws/src/install/sdv_msgs/lib/python3.12/site-packages/sdv_msgs/sdv_msgs_s__rosidl_typesupport_introspection_c.so
[44.147s] -- Up-to-date symlink: /home/cafsanchezdi/sdv_un_ros2_ws/src/install/sdv_msgs/lib/python3.12/site-packages/sdv_msgs/sdv_msgs_s__rosidl_typesupport_fastrtps_c.so
[44.148s] -- Up-to-date symlink: /home/cafsanchezdi/sdv_un_ros2_ws/src/install/sdv_msgs/lib/python3.12/site-packages/sdv_msgs/sdv_msgs_s__rosidl_typesupport_introspection_c.so
[44.148s] -- Up-to-date symlink: /home/cafsanchezdi/sdv_un_ros2_ws/src/install/sdv_msgs/lib/python3.12/site-packages/sdv_msgs/sdv_msgs_s__rosidl_typesupport_c.so
[44.149s] -- Symlinking: /home/cafsanchezdi/sdv_un_ros2_ws/src/install/sdv_msgs/share/sdv_msgs/msg/Batteries.idl
[44.167s] -- Symlinking: /home/cafsanchezdi/sdv_un_ros2_ws/src/install/sdv_msgs/share/sdv_msgs/msg/Battery.idl
[44.182s] -- Symlinking: /home/cafsanchezdi/sdv_un_ros2_ws/src/install/sdv_msgs/share/sdv_msgs/msg/Buzzer.idl
[44.197s] -- Symlinking: /home/cafsanchezdi/sdv_un_ros2_ws/src/install/sdv_msgs/share/sdv_msgs/msg/Drivers.idl
[44.213s] -- Symlinking: /home/cafsanchezdi/sdv_un_ros2_ws/src/install/sdv_msgs/share/sdv_msgs/msg/Encoder.idl
[44.229s] -- Symlinking: /home/cafsanchezdi/sdv_un_ros2_ws/src/install/sdv_msgs/share/sdv_msgs/msg/Flexiforce.idl
[44.247s] -- Symlinking: /home/cafsanchezdi/sdv_un_ros2_ws/src/install/sdv_msgs/share/sdv_msgs/msg/FourMotors.idl
[44.263s] -- Symlinking: /home/cafsanchezdi/sdv_un_ros2_ws/src/install/sdv_msgs/share/sdv_msgs/msg/ImuRaw.idl
[44.282s] -- Symlinking: /home/cafsanchezdi/sdv_un_ros2_ws/src/install/sdv_msgs/share/sdv_msgs/msg/LED.idl
[44.300s] -- Symlinking: /home/cafsanchezdi/sdv_un_ros2_ws/src/install/sdv_msgs/share/sdv_msgs/msg/MotorDriver.idl
[44.316s] -- Symlinking: /home/cafsanchezdi/sdv_un_ros2_ws/src/install/sdv_msgs/share/sdv_msgs/msg/PanelButton.idl
[44.334s] -- Symlinking: /home/cafsanchezdi/sdv_un_ros2_ws/src/install/sdv_msgs/share/sdv_msgs/msg/SdvPlatform.idl
[44.358s] -- Symlinking: /home/cafsanchezdi/sdv_un_ros2_ws/src/install/sdv_msgs/share/sdv_msgs/msg/SdvStatus.idl
[44.378s] -- Symlinking: /home/cafsanchezdi/sdv_un_ros2_ws/src/install/sdv_msgs/share/sdv_msgs/msg/TagRfid.idl
[44.395s] -- Symlinking: /home/cafsanchezdi/sdv_un_ros2_ws/src/install/sdv_msgs/share/sdv_msgs/msg/TwoMotors.idl
[44.412s] -- Symlinking: /home/cafsanchezdi/sdv_un_ros2_ws/src/install/sdv_msgs/share/sdv_msgs/msg/Ultrasound.idl
[44.437s] -- Symlinking: /home/cafsanchezdi/sdv_un_ros2_ws/src/install/sdv_msgs/share/sdv_msgs/msg/Batteries.msg
[44.453s] -- Symlinking: /home/cafsanchezdi/sdv_un_ros2_ws/src/install/sdv_msgs/share/sdv_msgs/msg/Battery.msg
[44.470s] -- Symlinking: /home/cafsanchezdi/sdv_un_ros2_ws/src/install/sdv_msgs/share/sdv_msgs/msg/Buzzer.msg
[44.489s] -- Symlinking: /home/cafsanchezdi/sdv_un_ros2_ws/src/install/sdv_msgs/share/sdv_msgs/msg/Drivers.msg
[44.506s] -- Symlinking: /home/cafsanchezdi/sdv_un_ros2_ws/src/install/sdv_msgs/share/sdv_msgs/msg/Encoder.msg
[44.524s] -- Symlinking: /home/cafsanchezdi/sdv_un_ros2_ws/src/install/sdv_msgs/share/sdv_msgs/msg/Flexiforce.msg
[44.547s] -- Symlinking: /home/cafsanchezdi/sdv_un_ros2_ws/src/install/sdv_msgs/share/sdv_msgs/msg/FourMotors.msg
[44.566s] -- Symlinking: /home/cafsanchezdi/sdv_un_ros2_ws/src/install/sdv_msgs/share/sdv_msgs/msg/ImuRaw.msg
[44.585s] -- Symlinking: /home/cafsanchezdi/sdv_un_ros2_ws/src/install/sdv_msgs/share/sdv_msgs/msg/LED.msg
[44.603s] -- Symlinking: /home/cafsanchezdi/sdv_un_ros2_ws/src/install/sdv_msgs/share/sdv_msgs/msg/MotorDriver.msg
[44.621s] -- Symlinking: /home/cafsanchezdi/sdv_un_ros2_ws/src/install/sdv_msgs/share/sdv_msgs/msg/PanelButton.msg
[44.639s] -- Symlinking: /home/cafsanchezdi/sdv_un_ros2_ws/src/install/sdv_msgs/share/sdv_msgs/msg/SdvPlatform.msg
[44.661s] -- Symlinking: /home/cafsanchezdi/sdv_un_ros2_ws/src/install/sdv_msgs/share/sdv_msgs/msg/SdvStatus.msg
[44.678s] -- Symlinking: /home/cafsanchezdi/sdv_un_ros2_ws/src/install/sdv_msgs/share/sdv_msgs/msg/TagRfid.msg
[44.697s] -- Symlinking: /home/cafsanchezdi/sdv_un_ros2_ws/src/install/sdv_msgs/share/sdv_msgs/msg/TwoMotors.msg
[44.713s] -- Symlinking: /home/cafsanchezdi/sdv_un_ros2_ws/src/install/sdv_msgs/share/sdv_msgs/msg/Ultrasound.msg
[44.730s] -- Symlinking: /home/cafsanchezdi/sdv_un_ros2_ws/src/install/sdv_msgs/share/ament_index/resource_index/package_run_dependencies/sdv_msgs
[44.749s] -- Symlinking: /home/cafsanchezdi/sdv_un_ros2_ws/src/install/sdv_msgs/share/ament_index/resource_index/parent_prefix_path/sdv_msgs
[44.766s] -- Symlinking: /home/cafsanchezdi/sdv_un_ros2_ws/src/install/sdv_msgs/share/sdv_msgs/environment/ament_prefix_path.sh
[44.783s] -- Symlinking: /home/cafsanchezdi/sdv_un_ros2_ws/src/install/sdv_msgs/share/sdv_msgs/environment/ament_prefix_path.dsv
[44.798s] -- Symlinking: /home/cafsanchezdi/sdv_un_ros2_ws/src/install/sdv_msgs/share/sdv_msgs/environment/path.sh
[44.815s] -- Symlinking: /home/cafsanchezdi/sdv_un_ros2_ws/src/install/sdv_msgs/share/sdv_msgs/environment/path.dsv
[44.833s] -- Symlinking: /home/cafsanchezdi/sdv_un_ros2_ws/src/install/sdv_msgs/share/sdv_msgs/local_setup.bash
[44.859s] -- Symlinking: /home/cafsanchezdi/sdv_un_ros2_ws/src/install/sdv_msgs/share/sdv_msgs/local_setup.sh
[44.880s] -- Symlinking: /home/cafsanchezdi/sdv_un_ros2_ws/src/install/sdv_msgs/share/sdv_msgs/local_setup.zsh
[44.896s] -- Symlinking: /home/cafsanchezdi/sdv_un_ros2_ws/src/install/sdv_msgs/share/sdv_msgs/local_setup.dsv
[44.912s] -- Symlinking: /home/cafsanchezdi/sdv_un_ros2_ws/src/install/sdv_msgs/share/sdv_msgs/package.dsv
[44.929s] -- Symlinking: /home/cafsanchezdi/sdv_un_ros2_ws/src/install/sdv_msgs/share/ament_index/resource_index/packages/sdv_msgs
[44.946s] -- Symlinking: /home/cafsanchezdi/sdv_un_ros2_ws/src/install/sdv_msgs/share/sdv_msgs/cmake/rosidl_cmake-extras.cmake
[44.962s] -- Symlinking: /home/cafsanchezdi/sdv_un_ros2_ws/src/install/sdv_msgs/share/sdv_msgs/cmake/ament_cmake_export_dependencies-extras.cmake
[44.979s] -- Symlinking: /home/cafsanchezdi/sdv_un_ros2_ws/src/install/sdv_msgs/share/sdv_msgs/cmake/ament_cmake_export_include_directories-extras.cmake
[44.995s] -- Symlinking: /home/cafsanchezdi/sdv_un_ros2_ws/src/install/sdv_msgs/share/sdv_msgs/cmake/ament_cmake_export_libraries-extras.cmake
[45.050s] -- Symlinking: /home/cafsanchezdi/sdv_un_ros2_ws/src/install/sdv_msgs/share/sdv_msgs/cmake/ament_cmake_export_targets-extras.cmake
[45.075s] -- Symlinking: /home/cafsanchezdi/sdv_un_ros2_ws/src/install/sdv_msgs/share/sdv_msgs/cmake/rosidl_cmake_export_typesupport_targets-extras.cmake
[45.092s] -- Symlinking: /home/cafsanchezdi/sdv_un_ros2_ws/src/install/sdv_msgs/share/sdv_msgs/cmake/rosidl_cmake_export_typesupport_libraries-extras.cmake
[45.115s] -- Symlinking: /home/cafsanchezdi/sdv_un_ros2_ws/src/install/sdv_msgs/share/sdv_msgs/cmake/sdv_msgsConfig.cmake
[45.132s] -- Symlinking: /home/cafsanchezdi/sdv_un_ros2_ws/src/install/sdv_msgs/share/sdv_msgs/cmake/sdv_msgsConfig-version.cmake
[45.148s] -- Symlinking: /home/cafsanchezdi/sdv_un_ros2_ws/src/install/sdv_msgs/share/sdv_msgs/package.xml
[45.188s] -- Installing: /home/cafsanchezdi/sdv_un_ros2_ws/src/install/sdv_msgs/lib/libsdv_msgs__rosidl_generator_c.so
[45.190s] -- Set non-toolchain portion of runtime path of "/home/cafsanchezdi/sdv_un_ros2_ws/src/install/sdv_msgs/lib/libsdv_msgs__rosidl_generator_c.so" to ""
[45.190s] -- Installing: /home/cafsanchezdi/sdv_un_ros2_ws/src/install/sdv_msgs/lib/libsdv_msgs__rosidl_typesupport_fastrtps_c.so
[45.192s] -- Set non-toolchain portion of runtime path of "/home/cafsanchezdi/sdv_un_ros2_ws/src/install/sdv_msgs/lib/libsdv_msgs__rosidl_typesupport_fastrtps_c.so" to ""
[45.192s] -- Installing: /home/cafsanchezdi/sdv_un_ros2_ws/src/install/sdv_msgs/lib/libsdv_msgs__rosidl_typesupport_introspection_c.so
[45.194s] -- Set non-toolchain portion of runtime path of "/home/cafsanchezdi/sdv_un_ros2_ws/src/install/sdv_msgs/lib/libsdv_msgs__rosidl_typesupport_introspection_c.so" to ""
[45.194s] -- Installing: /home/cafsanchezdi/sdv_un_ros2_ws/src/install/sdv_msgs/lib/libsdv_msgs__rosidl_typesupport_c.so
[45.195s] -- Set non-toolchain portion of runtime path of "/home/cafsanchezdi/sdv_un_ros2_ws/src/install/sdv_msgs/lib/libsdv_msgs__rosidl_typesupport_c.so" to ""
[45.195s] -- Installing: /home/cafsanchezdi/sdv_un_ros2_ws/src/install/sdv_msgs/lib/libsdv_msgs__rosidl_typesupport_fastrtps_cpp.so
[45.197s] -- Set non-toolchain portion of runtime path of "/home/cafsanchezdi/sdv_un_ros2_ws/src/install/sdv_msgs/lib/libsdv_msgs__rosidl_typesupport_fastrtps_cpp.so" to ""
[45.198s] -- Installing: /home/cafsanchezdi/sdv_un_ros2_ws/src/install/sdv_msgs/lib/libsdv_msgs__rosidl_typesupport_introspection_cpp.so
[45.200s] -- Set non-toolchain portion of runtime path of "/home/cafsanchezdi/sdv_un_ros2_ws/src/install/sdv_msgs/lib/libsdv_msgs__rosidl_typesupport_introspection_cpp.so" to ""
[45.200s] -- Installing: /home/cafsanchezdi/sdv_un_ros2_ws/src/install/sdv_msgs/lib/libsdv_msgs__rosidl_typesupport_cpp.so
[45.201s] -- Set non-toolchain portion of runtime path of "/home/cafsanchezdi/sdv_un_ros2_ws/src/install/sdv_msgs/lib/libsdv_msgs__rosidl_typesupport_cpp.so" to ""
[45.328s] Listing '/home/cafsanchezdi/sdv_un_ros2_ws/src/install/sdv_msgs/lib/python3.12/site-packages/sdv_msgs'...
[45.328s] Compiling '/home/cafsanchezdi/sdv_un_ros2_ws/src/install/sdv_msgs/lib/python3.12/site-packages/sdv_msgs/__init__.py'...
[45.328s] Listing '/home/cafsanchezdi/sdv_un_ros2_ws/src/install/sdv_msgs/lib/python3.12/site-packages/sdv_msgs/msg'...
[45.328s] Compiling '/home/cafsanchezdi/sdv_un_ros2_ws/src/install/sdv_msgs/lib/python3.12/site-packages/sdv_msgs/msg/__init__.py'...
[45.328s] Compiling '/home/cafsanchezdi/sdv_un_ros2_ws/src/install/sdv_msgs/lib/python3.12/site-packages/sdv_msgs/msg/_batteries.py'...
[45.329s] Compiling '/home/cafsanchezdi/sdv_un_ros2_ws/src/install/sdv_msgs/lib/python3.12/site-packages/sdv_msgs/msg/_battery.py'...
[45.329s] Compiling '/home/cafsanchezdi/sdv_un_ros2_ws/src/install/sdv_msgs/lib/python3.12/site-packages/sdv_msgs/msg/_buzzer.py'...
[45.329s] Compiling '/home/cafsanchezdi/sdv_un_ros2_ws/src/install/sdv_msgs/lib/python3.12/site-packages/sdv_msgs/msg/_drivers.py'...
[45.329s] Compiling '/home/cafsanchezdi/sdv_un_ros2_ws/src/install/sdv_msgs/lib/python3.12/site-packages/sdv_msgs/msg/_encoder.py'...
[45.329s] Compiling '/home/cafsanchezdi/sdv_un_ros2_ws/src/install/sdv_msgs/lib/python3.12/site-packages/sdv_msgs/msg/_flexiforce.py'...
[45.329s] Compiling '/home/cafsanchezdi/sdv_un_ros2_ws/src/install/sdv_msgs/lib/python3.12/site-packages/sdv_msgs/msg/_four_motors.py'...
[45.329s] Compiling '/home/cafsanchezdi/sdv_un_ros2_ws/src/install/sdv_msgs/lib/python3.12/site-packages/sdv_msgs/msg/_imu_raw.py'...
[45.330s] Compiling '/home/cafsanchezdi/sdv_un_ros2_ws/src/install/sdv_msgs/lib/python3.12/site-packages/sdv_msgs/msg/_led.py'...
[45.330s] Compiling '/home/cafsanchezdi/sdv_un_ros2_ws/src/install/sdv_msgs/lib/python3.12/site-packages/sdv_msgs/msg/_motor_driver.py'...
[45.330s] Compiling '/home/cafsanchezdi/sdv_un_ros2_ws/src/install/sdv_msgs/lib/python3.12/site-packages/sdv_msgs/msg/_panel_button.py'...
[45.330s] Compiling '/home/cafsanchezdi/sdv_un_ros2_ws/src/install/sdv_msgs/lib/python3.12/site-packages/sdv_msgs/msg/_sdv_platform.py'...
[45.330s] Compiling '/home/cafsanchezdi/sdv_un_ros2_ws/src/install/sdv_msgs/lib/python3.12/site-packages/sdv_msgs/msg/_sdv_status.py'...
[45.331s] Compiling '/home/cafsanchezdi/sdv_un_ros2_ws/src/install/sdv_msgs/lib/python3.12/site-packages/sdv_msgs/msg/_tag_rfid.py'...
[45.331s] Compiling '/home/cafsanchezdi/sdv_un_ros2_ws/src/install/sdv_msgs/lib/python3.12/site-packages/sdv_msgs/msg/_two_motors.py'...
[45.331s] Compiling '/home/cafsanchezdi/sdv_un_ros2_ws/src/install/sdv_msgs/lib/python3.12/site-packages/sdv_msgs/msg/_ultrasound.py'...
[45.341s] -- Installing: /home/cafsanchezdi/sdv_un_ros2_ws/src/install/sdv_msgs/lib/libsdv_msgs__rosidl_generator_py.so
[45.344s] -- Set non-toolchain portion of runtime path of "/home/cafsanchezdi/sdv_un_ros2_ws/src/install/sdv_msgs/lib/libsdv_msgs__rosidl_generator_py.so" to ""
[45.344s] -- Installing: /home/cafsanchezdi/sdv_un_ros2_ws/src/install/sdv_msgs/share/sdv_msgs/cmake/export_sdv_msgs__rosidl_generator_cExport.cmake
[45.345s] -- Installing: /home/cafsanchezdi/sdv_un_ros2_ws/src/install/sdv_msgs/share/sdv_msgs/cmake/export_sdv_msgs__rosidl_generator_cExport-noconfig.cmake
[45.346s] -- Installing: /home/cafsanchezdi/sdv_un_ros2_ws/src/install/sdv_msgs/share/sdv_msgs/cmake/export_sdv_msgs__rosidl_typesupport_fastrtps_cExport.cmake
[45.348s] -- Installing: /home/cafsanchezdi/sdv_un_ros2_ws/src/install/sdv_msgs/share/sdv_msgs/cmake/export_sdv_msgs__rosidl_typesupport_fastrtps_cExport-noconfig.cmake
[45.349s] -- Installing: /home/cafsanchezdi/sdv_un_ros2_ws/src/install/sdv_msgs/share/sdv_msgs/cmake/sdv_msgs__rosidl_typesupport_introspection_cExport.cmake
[45.351s] -- Installing: /home/cafsanchezdi/sdv_un_ros2_ws/src/install/sdv_msgs/share/sdv_msgs/cmake/sdv_msgs__rosidl_typesupport_introspection_cExport-noconfig.cmake
[45.352s] -- Installing: /home/cafsanchezdi/sdv_un_ros2_ws/src/install/sdv_msgs/share/sdv_msgs/cmake/sdv_msgs__rosidl_typesupport_cExport.cmake
[45.353s] -- Installing: /home/cafsanchezdi/sdv_un_ros2_ws/src/install/sdv_msgs/share/sdv_msgs/cmake/sdv_msgs__rosidl_typesupport_cExport-noconfig.cmake
[45.354s] -- Installing: /home/cafsanchezdi/sdv_un_ros2_ws/src/install/sdv_msgs/share/sdv_msgs/cmake/export_sdv_msgs__rosidl_generator_cppExport.cmake
[45.359s] -- Installing: /home/cafsanchezdi/sdv_un_ros2_ws/src/install/sdv_msgs/share/sdv_msgs/cmake/export_sdv_msgs__rosidl_typesupport_fastrtps_cppExport.cmake
[45.359s] -- Installing: /home/cafsanchezdi/sdv_un_ros2_ws/src/install/sdv_msgs/share/sdv_msgs/cmake/export_sdv_msgs__rosidl_typesupport_fastrtps_cppExport-noconfig.cmake
[45.362s] -- Installing: /home/cafsanchezdi/sdv_un_ros2_ws/src/install/sdv_msgs/share/sdv_msgs/cmake/sdv_msgs__rosidl_typesupport_introspection_cppExport.cmake
[45.362s] -- Installing: /home/cafsanchezdi/sdv_un_ros2_ws/src/install/sdv_msgs/share/sdv_msgs/cmake/sdv_msgs__rosidl_typesupport_introspection_cppExport-noconfig.cmake
[45.376s] -- Installing: /home/cafsanchezdi/sdv_un_ros2_ws/src/install/sdv_msgs/share/sdv_msgs/cmake/sdv_msgs__rosidl_typesupport_cppExport.cmake
[45.377s] -- Installing: /home/cafsanchezdi/sdv_un_ros2_ws/src/install/sdv_msgs/share/sdv_msgs/cmake/sdv_msgs__rosidl_typesupport_cppExport-noconfig.cmake
[45.377s] -- Installing: /home/cafsanchezdi/sdv_un_ros2_ws/src/install/sdv_msgs/share/sdv_msgs/cmake/export_sdv_msgs__rosidl_generator_pyExport.cmake
[45.381s] -- Installing: /home/cafsanchezdi/sdv_un_ros2_ws/src/install/sdv_msgs/share/sdv_msgs/cmake/export_sdv_msgs__rosidl_generator_pyExport-noconfig.cmake
[45.393s] Invoked command in '/home/cafsanchezdi/sdv_un_ros2_ws/src/build/sdv_msgs' returned '0': CMAKE_PREFIX_PATH=${CMAKE_PREFIX_PATH}:/opt/ros/jazzy DEBUGINFOD_URLS=https://debuginfod.ubuntu.com /usr/bin/cmake --install /home/cafsanchezdi/sdv_un_ros2_ws/src/build/sdv_msgs
