[0.032s] Invoking command in '/home/cafsanchezdi/sdv_un_ros2_ws/src/build/sdv_scripts': AMENT_PREFIX_PATH=/home/cafsanchezdi/sdv_un_ros2_ws/src/install/sdv_msgs:${AMENT_PREFIX_PATH} CMAKE_PREFIX_PATH=/home/cafsanchezdi/sdv_un_ros2_ws/src/install/sdv_msgs:${CMAKE_PREFIX_PATH} DEBUGINFOD_URLS=https://debuginfod.ubuntu.com LD_LIBRARY_PATH=/home/cafsanchezdi/sdv_un_ros2_ws/src/install/sdv_msgs/lib:${LD_LIBRARY_PATH} PYTHONPATH=/home/cafsanchezdi/sdv_un_ros2_ws/src/install/sdv_msgs/lib/python3.12/site-packages:${PYTHONPATH} /usr/bin/cmake /home/cafsanchezdi/sdv_un_ros2_ws/src/sdv_scripts -DCATKIN_INSTALL_INTO_PREFIX_ROOT=0 -DCATKIN_SYMLINK_INSTALL=ON -DCMAKE_INSTALL_PREFIX=/home/cafsanchezdi/sdv_un_ros2_ws/src/install/sdv_scripts
[0.167s] -- The C compiler identification is GNU 13.3.0
[0.291s] -- The CXX compiler identification is GNU 13.3.0
[0.396s] -- Detecting C compiler ABI info
[0.654s] -- Detecting C compiler ABI info - done
[0.669s] -- Check for working C compiler: /usr/bin/cc - skipped
[0.670s] -- Detecting C compile features
[0.671s] -- Detecting C compile features - done
[0.690s] -- Detecting CXX compiler ABI info
[0.941s] -- Detecting CXX compiler ABI info - done
[0.960s] -- Check for working CXX compiler: /usr/bin/c++ - skipped
[0.960s] -- Detecting CXX compile features
[0.961s] -- Detecting CXX compile features - done
[1.040s] -- Found ament_cmake: 2.5.3 (/opt/ros/jazzy/share/ament_cmake/cmake)
[1.323s] -- Found Python3: /usr/bin/python3 (found version "3.12.3") found components: Interpreter 
[1.710s] -- Found rclpy: 7.1.3 (/opt/ros/jazzy/share/rclpy/cmake)
[1.719s] -- Found rosidl_default_generators: 1.6.0 (/opt/ros/jazzy/share/rosidl_default_generators/cmake)
[1.741s] -- Using all available rosidl_typesupport_c: rosidl_typesupport_fastrtps_c;rosidl_typesupport_introspection_c
[1.949s] -- Using all available rosidl_typesupport_cpp: rosidl_typesupport_fastrtps_cpp;rosidl_typesupport_introspection_cpp
[2.090s] -- Found rosidl_adapter: 4.6.5 (/opt/ros/jazzy/share/rosidl_adapter/cmake)
[2.106s] -- Found std_msgs: 5.3.5 (/opt/ros/jazzy/share/std_msgs/cmake)
[2.198s] -- Found geometry_msgs: 5.3.5 (/opt/ros/jazzy/share/geometry_msgs/cmake)
[3.431s] -- Found ament_cmake_ros: 0.12.0 (/opt/ros/jazzy/share/ament_cmake_ros/cmake)
[4.460s] -- Using all available rosidl_typesupport_c: rosidl_typesupport_fastrtps_c;rosidl_typesupport_introspection_c
[5.772s] -- Using all available rosidl_typesupport_cpp: rosidl_typesupport_fastrtps_cpp;rosidl_typesupport_introspection_cpp
[5.783s] -- Found python_cmake_module: 0.11.1 (/opt/ros/jazzy/share/python_cmake_module/cmake)
[6.029s] -- Found PythonExtra: /usr/bin/python3  
[7.017s] -- Found Python3: /usr/bin/python3 (found version "3.12.3") found components: Interpreter Development NumPy Development.Module Development.Embed 
[7.148s] -- Configuring done (7.1s)
[7.214s] -- Generating done (0.1s)
[7.219s] [33mCMake Warning:
[7.219s]   Manually-specified variables were not used by the project:
[7.219s] 
[7.219s]     CATKIN_INSTALL_INTO_PREFIX_ROOT
[7.219s]     CATKIN_SYMLINK_INSTALL
[7.219s] 
[7.219s] [0m
[7.242s] -- Build files have been written to: /home/cafsanchezdi/sdv_un_ros2_ws/src/build/sdv_scripts
[7.257s] Invoked command in '/home/cafsanchezdi/sdv_un_ros2_ws/src/build/sdv_scripts' returned '0': AMENT_PREFIX_PATH=/home/cafsanchezdi/sdv_un_ros2_ws/src/install/sdv_msgs:${AMENT_PREFIX_PATH} CMAKE_PREFIX_PATH=/home/cafsanchezdi/sdv_un_ros2_ws/src/install/sdv_msgs:${CMAKE_PREFIX_PATH} DEBUGINFOD_URLS=https://debuginfod.ubuntu.com LD_LIBRARY_PATH=/home/cafsanchezdi/sdv_un_ros2_ws/src/install/sdv_msgs/lib:${LD_LIBRARY_PATH} PYTHONPATH=/home/cafsanchezdi/sdv_un_ros2_ws/src/install/sdv_msgs/lib/python3.12/site-packages:${PYTHONPATH} /usr/bin/cmake /home/cafsanchezdi/sdv_un_ros2_ws/src/sdv_scripts -DCATKIN_INSTALL_INTO_PREFIX_ROOT=0 -DCATKIN_SYMLINK_INSTALL=ON -DCMAKE_INSTALL_PREFIX=/home/cafsanchezdi/sdv_un_ros2_ws/src/install/sdv_scripts
[7.259s] Invoking command in '/home/cafsanchezdi/sdv_un_ros2_ws/src/build/sdv_scripts': AMENT_PREFIX_PATH=/home/cafsanchezdi/sdv_un_ros2_ws/src/install/sdv_msgs:${AMENT_PREFIX_PATH} CMAKE_PREFIX_PATH=/home/cafsanchezdi/sdv_un_ros2_ws/src/install/sdv_msgs:${CMAKE_PREFIX_PATH} DEBUGINFOD_URLS=https://debuginfod.ubuntu.com LD_LIBRARY_PATH=/home/cafsanchezdi/sdv_un_ros2_ws/src/install/sdv_msgs/lib:${LD_LIBRARY_PATH} PYTHONPATH=/home/cafsanchezdi/sdv_un_ros2_ws/src/install/sdv_msgs/lib/python3.12/site-packages:${PYTHONPATH} /usr/bin/cmake --build /home/cafsanchezdi/sdv_un_ros2_ws/src/build/sdv_scripts -- -j8 -l8
[7.371s] [  2%] [34m[1mGenerating type hashes for ROS interfaces[0m
[7.392s] [  2%] Built target ament_cmake_python_copy_sdv_scripts
[7.822s] [  2%] Built target sdv_scripts__rosidl_generator_type_description
[7.848s] [  5%] [34m[1mGenerating C code for ROS interfaces[0m
[7.871s] running egg_info
[7.874s] creating sdv_scripts.egg-info
[7.877s] [  8%] [34m[1mGenerating C++ code for ROS interfaces[0m
[7.922s] writing sdv_scripts.egg-info/PKG-INFO
[7.922s] writing dependency_links to sdv_scripts.egg-info/dependency_links.txt
[7.922s] writing top-level names to sdv_scripts.egg-info/top_level.txt
[7.922s] writing manifest file 'sdv_scripts.egg-info/SOURCES.txt'
[8.063s] reading manifest file 'sdv_scripts.egg-info/SOURCES.txt'
[8.064s] writing manifest file 'sdv_scripts.egg-info/SOURCES.txt'
[8.161s] [  8%] Built target ament_cmake_python_build_sdv_scripts_egg
[8.444s] [  8%] Built target sdv_scripts__cpp
[8.500s] [ 11%] [32mBuilding C object CMakeFiles/sdv_scripts__rosidl_generator_c.dir/rosidl_generator_c/sdv_scripts/msg/detail/udp__description.c.o[0m
[8.500s] [ 14%] [32mBuilding C object CMakeFiles/sdv_scripts__rosidl_generator_c.dir/rosidl_generator_c/sdv_scripts/msg/detail/udp__type_support.c.o[0m
[8.500s] [ 17%] [32mBuilding C object CMakeFiles/sdv_scripts__rosidl_generator_c.dir/rosidl_generator_c/sdv_scripts/msg/detail/udp__functions.c.o[0m
[8.593s] [ 20%] [32m[1mLinking C shared library libsdv_scripts__rosidl_generator_c.so[0m
[8.690s] [ 20%] Built target sdv_scripts__rosidl_generator_c
[8.715s] [ 32%] [34m[1mGenerating C type support dispatch for ROS interfaces[0m
[8.715s] [ 32%] [34m[1mGenerating C introspection for ROS interfaces[0m
[8.715s] [ 32%] [34m[1mGenerating C++ type support for eProsima Fast-RTPS[0m
[8.715s] [ 32%] [34m[1mGenerating C++ type support dispatch for ROS interfaces[0m
[8.720s] [ 35%] [34m[1mGenerating C type support for eProsima Fast-RTPS[0m
[8.721s] [ 38%] [34m[1mGenerating C++ introspection for ROS interfaces[0m
[9.317s] [ 41%] [32mBuilding CXX object CMakeFiles/sdv_scripts__rosidl_typesupport_cpp.dir/rosidl_typesupport_cpp/sdv_scripts/msg/udp__type_support.cpp.o[0m
[9.426s] [ 44%] [32mBuilding CXX object CMakeFiles/sdv_scripts__rosidl_typesupport_introspection_cpp.dir/rosidl_typesupport_introspection_cpp/sdv_scripts/msg/detail/udp__type_support.cpp.o[0m
[9.444s] [ 47%] [32mBuilding CXX object CMakeFiles/sdv_scripts__rosidl_typesupport_c.dir/rosidl_typesupport_c/sdv_scripts/msg/udp__type_support.cpp.o[0m
[9.487s] [ 50%] [32mBuilding CXX object CMakeFiles/sdv_scripts__rosidl_typesupport_fastrtps_c.dir/rosidl_typesupport_fastrtps_c/sdv_scripts/msg/detail/udp__type_support_c.cpp.o[0m
[9.492s] [ 52%] [32mBuilding CXX object CMakeFiles/sdv_scripts__rosidl_typesupport_fastrtps_cpp.dir/rosidl_typesupport_fastrtps_cpp/sdv_scripts/msg/detail/dds_fastrtps/udp__type_support.cpp.o[0m
[9.506s] [ 55%] [32mBuilding C object CMakeFiles/sdv_scripts__rosidl_typesupport_introspection_c.dir/rosidl_typesupport_introspection_c/sdv_scripts/msg/detail/udp__type_support.c.o[0m
[9.579s] [ 58%] [32m[1mLinking CXX shared library libsdv_scripts__rosidl_typesupport_c.so[0m
[9.621s] [ 61%] [32m[1mLinking C shared library libsdv_scripts__rosidl_typesupport_introspection_c.so[0m
[9.684s] [ 61%] Built target sdv_scripts__rosidl_typesupport_c
[9.726s] [ 61%] Built target sdv_scripts__rosidl_typesupport_introspection_c
[10.177s] [ 64%] [32m[1mLinking CXX shared library libsdv_scripts__rosidl_typesupport_cpp.so[0m
[10.255s] [ 67%] [32m[1mLinking CXX shared library libsdv_scripts__rosidl_typesupport_introspection_cpp.so[0m
[10.298s] [ 67%] Built target sdv_scripts__rosidl_typesupport_cpp
[10.485s] [ 67%] Built target sdv_scripts__rosidl_typesupport_introspection_cpp
[10.573s] [ 70%] [32m[1mLinking CXX shared library libsdv_scripts__rosidl_typesupport_fastrtps_c.so[0m
[10.622s] [ 73%] [32m[1mLinking CXX shared library libsdv_scripts__rosidl_typesupport_fastrtps_cpp.so[0m
[10.797s] [ 73%] Built target sdv_scripts__rosidl_typesupport_fastrtps_c
[10.886s] [ 73%] Built target sdv_scripts__rosidl_typesupport_fastrtps_cpp
[10.943s] [ 73%] Built target sdv_scripts
[10.991s] [ 76%] [34m[1mGenerating Python code for ROS interfaces[0m
[11.464s] [ 76%] Built target sdv_scripts__py
[11.510s] [ 79%] [32mBuilding C object CMakeFiles/sdv_scripts__rosidl_generator_py.dir/rosidl_generator_py/sdv_scripts/msg/_udp_s.c.o[0m
[11.744s] [ 82%] [32m[1mLinking C shared library libsdv_scripts__rosidl_generator_py.so[0m
[11.861s] [ 82%] Built target sdv_scripts__rosidl_generator_py
[11.910s] [ 91%] [32mBuilding C object CMakeFiles/sdv_scripts_s__rosidl_typesupport_c.dir/rosidl_generator_py/sdv_scripts/_sdv_scripts_s.ep.rosidl_typesupport_c.c.o[0m
[11.911s] [ 91%] [32mBuilding C object CMakeFiles/sdv_scripts_s__rosidl_typesupport_fastrtps_c.dir/rosidl_generator_py/sdv_scripts/_sdv_scripts_s.ep.rosidl_typesupport_fastrtps_c.c.o[0m
[11.911s] [ 91%] [32mBuilding C object CMakeFiles/sdv_scripts_s__rosidl_typesupport_introspection_c.dir/rosidl_generator_py/sdv_scripts/_sdv_scripts_s.ep.rosidl_typesupport_introspection_c.c.o[0m
[12.109s] [ 94%] [32m[1mLinking C shared module rosidl_generator_py/sdv_scripts/sdv_scripts_s__rosidl_typesupport_c.so[0m
[12.110s] [ 97%] [32m[1mLinking C shared module rosidl_generator_py/sdv_scripts/sdv_scripts_s__rosidl_typesupport_introspection_c.so[0m
[12.138s] [100%] [32m[1mLinking C shared module rosidl_generator_py/sdv_scripts/sdv_scripts_s__rosidl_typesupport_fastrtps_c.so[0m
[12.176s] [100%] Built target sdv_scripts_s__rosidl_typesupport_c
[12.177s] [100%] Built target sdv_scripts_s__rosidl_typesupport_introspection_c
[12.210s] [100%] Built target sdv_scripts_s__rosidl_typesupport_fastrtps_c
[12.238s] Invoked command in '/home/cafsanchezdi/sdv_un_ros2_ws/src/build/sdv_scripts' returned '0': AMENT_PREFIX_PATH=/home/cafsanchezdi/sdv_un_ros2_ws/src/install/sdv_msgs:${AMENT_PREFIX_PATH} CMAKE_PREFIX_PATH=/home/cafsanchezdi/sdv_un_ros2_ws/src/install/sdv_msgs:${CMAKE_PREFIX_PATH} DEBUGINFOD_URLS=https://debuginfod.ubuntu.com LD_LIBRARY_PATH=/home/cafsanchezdi/sdv_un_ros2_ws/src/install/sdv_msgs/lib:${LD_LIBRARY_PATH} PYTHONPATH=/home/cafsanchezdi/sdv_un_ros2_ws/src/install/sdv_msgs/lib/python3.12/site-packages:${PYTHONPATH} /usr/bin/cmake --build /home/cafsanchezdi/sdv_un_ros2_ws/src/build/sdv_scripts -- -j8 -l8
[12.260s] Invoking command in '/home/cafsanchezdi/sdv_un_ros2_ws/src/build/sdv_scripts': AMENT_PREFIX_PATH=/home/cafsanchezdi/sdv_un_ros2_ws/src/install/sdv_msgs:${AMENT_PREFIX_PATH} CMAKE_PREFIX_PATH=/home/cafsanchezdi/sdv_un_ros2_ws/src/install/sdv_msgs:${CMAKE_PREFIX_PATH} DEBUGINFOD_URLS=https://debuginfod.ubuntu.com LD_LIBRARY_PATH=/home/cafsanchezdi/sdv_un_ros2_ws/src/install/sdv_msgs/lib:${LD_LIBRARY_PATH} PYTHONPATH=/home/cafsanchezdi/sdv_un_ros2_ws/src/install/sdv_msgs/lib/python3.12/site-packages:${PYTHONPATH} /usr/bin/cmake --install /home/cafsanchezdi/sdv_un_ros2_ws/src/build/sdv_scripts
[12.279s] -- Install configuration: ""
[12.280s] -- Installing: /home/cafsanchezdi/sdv_un_ros2_ws/src/install/sdv_scripts/share/ament_index/resource_index/rosidl_interfaces/sdv_scripts
[12.281s] -- Installing: /home/cafsanchezdi/sdv_un_ros2_ws/src/install/sdv_scripts/share/sdv_scripts/msg/Udp.json
[12.282s] -- Installing: /home/cafsanchezdi/sdv_un_ros2_ws/src/install/sdv_scripts/include/sdv_scripts/sdv_scripts
[12.282s] -- Installing: /home/cafsanchezdi/sdv_un_ros2_ws/src/install/sdv_scripts/include/sdv_scripts/sdv_scripts/msg
[12.282s] -- Installing: /home/cafsanchezdi/sdv_un_ros2_ws/src/install/sdv_scripts/include/sdv_scripts/sdv_scripts/msg/udp.h
[12.283s] -- Installing: /home/cafsanchezdi/sdv_un_ros2_ws/src/install/sdv_scripts/include/sdv_scripts/sdv_scripts/msg/detail
[12.283s] -- Installing: /home/cafsanchezdi/sdv_un_ros2_ws/src/install/sdv_scripts/include/sdv_scripts/sdv_scripts/msg/detail/udp__type_support.c
[12.284s] -- Installing: /home/cafsanchezdi/sdv_un_ros2_ws/src/install/sdv_scripts/include/sdv_scripts/sdv_scripts/msg/detail/udp__functions.c
[12.284s] -- Installing: /home/cafsanchezdi/sdv_un_ros2_ws/src/install/sdv_scripts/include/sdv_scripts/sdv_scripts/msg/detail/udp__type_support.h
[12.285s] -- Installing: /home/cafsanchezdi/sdv_un_ros2_ws/src/install/sdv_scripts/include/sdv_scripts/sdv_scripts/msg/detail/udp__struct.h
[12.285s] -- Installing: /home/cafsanchezdi/sdv_un_ros2_ws/src/install/sdv_scripts/include/sdv_scripts/sdv_scripts/msg/detail/udp__functions.h
[12.285s] -- Installing: /home/cafsanchezdi/sdv_un_ros2_ws/src/install/sdv_scripts/include/sdv_scripts/sdv_scripts/msg/detail/udp__description.c
[12.286s] -- Installing: /home/cafsanchezdi/sdv_un_ros2_ws/src/install/sdv_scripts/include/sdv_scripts/sdv_scripts/msg/rosidl_generator_c__visibility_control.h
[12.286s] -- Installing: /home/cafsanchezdi/sdv_un_ros2_ws/src/install/sdv_scripts/share/sdv_scripts/environment/library_path.sh
[12.287s] -- Installing: /home/cafsanchezdi/sdv_un_ros2_ws/src/install/sdv_scripts/share/sdv_scripts/environment/library_path.dsv
[12.287s] -- Installing: /home/cafsanchezdi/sdv_un_ros2_ws/src/install/sdv_scripts/lib/libsdv_scripts__rosidl_generator_c.so
[12.288s] -- Set non-toolchain portion of runtime path of "/home/cafsanchezdi/sdv_un_ros2_ws/src/install/sdv_scripts/lib/libsdv_scripts__rosidl_generator_c.so" to ""
[12.288s] -- Up-to-date: /home/cafsanchezdi/sdv_un_ros2_ws/src/install/sdv_scripts/include/sdv_scripts/sdv_scripts
[12.288s] -- Up-to-date: /home/cafsanchezdi/sdv_un_ros2_ws/src/install/sdv_scripts/include/sdv_scripts/sdv_scripts/msg
[12.289s] -- Up-to-date: /home/cafsanchezdi/sdv_un_ros2_ws/src/install/sdv_scripts/include/sdv_scripts/sdv_scripts/msg/detail
[12.289s] -- Installing: /home/cafsanchezdi/sdv_un_ros2_ws/src/install/sdv_scripts/include/sdv_scripts/sdv_scripts/msg/detail/udp__rosidl_typesupport_fastrtps_c.h
[12.290s] -- Installing: /home/cafsanchezdi/sdv_un_ros2_ws/src/install/sdv_scripts/include/sdv_scripts/sdv_scripts/msg/rosidl_typesupport_fastrtps_c__visibility_control.h
[12.290s] -- Installing: /home/cafsanchezdi/sdv_un_ros2_ws/src/install/sdv_scripts/lib/libsdv_scripts__rosidl_typesupport_fastrtps_c.so
[12.291s] -- Set non-toolchain portion of runtime path of "/home/cafsanchezdi/sdv_un_ros2_ws/src/install/sdv_scripts/lib/libsdv_scripts__rosidl_typesupport_fastrtps_c.so" to ""
[12.291s] -- Up-to-date: /home/cafsanchezdi/sdv_un_ros2_ws/src/install/sdv_scripts/include/sdv_scripts/sdv_scripts
[12.292s] -- Up-to-date: /home/cafsanchezdi/sdv_un_ros2_ws/src/install/sdv_scripts/include/sdv_scripts/sdv_scripts/msg
[12.292s] -- Up-to-date: /home/cafsanchezdi/sdv_un_ros2_ws/src/install/sdv_scripts/include/sdv_scripts/sdv_scripts/msg/detail
[12.293s] -- Installing: /home/cafsanchezdi/sdv_un_ros2_ws/src/install/sdv_scripts/include/sdv_scripts/sdv_scripts/msg/detail/udp__type_support.c
[12.293s] -- Installing: /home/cafsanchezdi/sdv_un_ros2_ws/src/install/sdv_scripts/include/sdv_scripts/sdv_scripts/msg/detail/udp__rosidl_typesupport_introspection_c.h
[12.293s] -- Installing: /home/cafsanchezdi/sdv_un_ros2_ws/src/install/sdv_scripts/include/sdv_scripts/sdv_scripts/msg/rosidl_typesupport_introspection_c__visibility_control.h
[12.294s] -- Installing: /home/cafsanchezdi/sdv_un_ros2_ws/src/install/sdv_scripts/lib/libsdv_scripts__rosidl_typesupport_introspection_c.so
[12.294s] -- Set non-toolchain portion of runtime path of "/home/cafsanchezdi/sdv_un_ros2_ws/src/install/sdv_scripts/lib/libsdv_scripts__rosidl_typesupport_introspection_c.so" to ""
[12.295s] -- Installing: /home/cafsanchezdi/sdv_un_ros2_ws/src/install/sdv_scripts/lib/libsdv_scripts__rosidl_typesupport_c.so
[12.295s] -- Set non-toolchain portion of runtime path of "/home/cafsanchezdi/sdv_un_ros2_ws/src/install/sdv_scripts/lib/libsdv_scripts__rosidl_typesupport_c.so" to ""
[12.296s] -- Up-to-date: /home/cafsanchezdi/sdv_un_ros2_ws/src/install/sdv_scripts/include/sdv_scripts/sdv_scripts
[12.296s] -- Up-to-date: /home/cafsanchezdi/sdv_un_ros2_ws/src/install/sdv_scripts/include/sdv_scripts/sdv_scripts/msg
[12.297s] -- Up-to-date: /home/cafsanchezdi/sdv_un_ros2_ws/src/install/sdv_scripts/include/sdv_scripts/sdv_scripts/msg/detail
[12.297s] -- Installing: /home/cafsanchezdi/sdv_un_ros2_ws/src/install/sdv_scripts/include/sdv_scripts/sdv_scripts/msg/detail/udp__builder.hpp
[12.298s] -- Installing: /home/cafsanchezdi/sdv_un_ros2_ws/src/install/sdv_scripts/include/sdv_scripts/sdv_scripts/msg/detail/udp__struct.hpp
[12.298s] -- Installing: /home/cafsanchezdi/sdv_un_ros2_ws/src/install/sdv_scripts/include/sdv_scripts/sdv_scripts/msg/detail/udp__traits.hpp
[12.299s] -- Installing: /home/cafsanchezdi/sdv_un_ros2_ws/src/install/sdv_scripts/include/sdv_scripts/sdv_scripts/msg/detail/udp__type_support.hpp
[12.299s] -- Installing: /home/cafsanchezdi/sdv_un_ros2_ws/src/install/sdv_scripts/include/sdv_scripts/sdv_scripts/msg/udp.hpp
[12.300s] -- Installing: /home/cafsanchezdi/sdv_un_ros2_ws/src/install/sdv_scripts/include/sdv_scripts/sdv_scripts/msg/rosidl_generator_cpp__visibility_control.hpp
[12.301s] -- Up-to-date: /home/cafsanchezdi/sdv_un_ros2_ws/src/install/sdv_scripts/include/sdv_scripts/sdv_scripts
[12.301s] -- Up-to-date: /home/cafsanchezdi/sdv_un_ros2_ws/src/install/sdv_scripts/include/sdv_scripts/sdv_scripts/msg
[12.302s] -- Up-to-date: /home/cafsanchezdi/sdv_un_ros2_ws/src/install/sdv_scripts/include/sdv_scripts/sdv_scripts/msg/detail
[12.302s] -- Installing: /home/cafsanchezdi/sdv_un_ros2_ws/src/install/sdv_scripts/include/sdv_scripts/sdv_scripts/msg/detail/dds_fastrtps
[12.303s] -- Installing: /home/cafsanchezdi/sdv_un_ros2_ws/src/install/sdv_scripts/include/sdv_scripts/sdv_scripts/msg/detail/udp__rosidl_typesupport_fastrtps_cpp.hpp
[12.303s] -- Installing: /home/cafsanchezdi/sdv_un_ros2_ws/src/install/sdv_scripts/include/sdv_scripts/sdv_scripts/msg/rosidl_typesupport_fastrtps_cpp__visibility_control.h
[12.304s] -- Installing: /home/cafsanchezdi/sdv_un_ros2_ws/src/install/sdv_scripts/lib/libsdv_scripts__rosidl_typesupport_fastrtps_cpp.so
[12.304s] -- Set non-toolchain portion of runtime path of "/home/cafsanchezdi/sdv_un_ros2_ws/src/install/sdv_scripts/lib/libsdv_scripts__rosidl_typesupport_fastrtps_cpp.so" to ""
[12.305s] -- Up-to-date: /home/cafsanchezdi/sdv_un_ros2_ws/src/install/sdv_scripts/include/sdv_scripts/sdv_scripts
[12.305s] -- Up-to-date: /home/cafsanchezdi/sdv_un_ros2_ws/src/install/sdv_scripts/include/sdv_scripts/sdv_scripts/msg
[12.306s] -- Up-to-date: /home/cafsanchezdi/sdv_un_ros2_ws/src/install/sdv_scripts/include/sdv_scripts/sdv_scripts/msg/detail
[12.306s] -- Installing: /home/cafsanchezdi/sdv_un_ros2_ws/src/install/sdv_scripts/include/sdv_scripts/sdv_scripts/msg/detail/udp__rosidl_typesupport_introspection_cpp.hpp
[12.307s] -- Installing: /home/cafsanchezdi/sdv_un_ros2_ws/src/install/sdv_scripts/include/sdv_scripts/sdv_scripts/msg/detail/udp__type_support.cpp
[12.307s] -- Installing: /home/cafsanchezdi/sdv_un_ros2_ws/src/install/sdv_scripts/lib/libsdv_scripts__rosidl_typesupport_introspection_cpp.so
[12.308s] -- Set non-toolchain portion of runtime path of "/home/cafsanchezdi/sdv_un_ros2_ws/src/install/sdv_scripts/lib/libsdv_scripts__rosidl_typesupport_introspection_cpp.so" to ""
[12.308s] -- Installing: /home/cafsanchezdi/sdv_un_ros2_ws/src/install/sdv_scripts/lib/libsdv_scripts__rosidl_typesupport_cpp.so
[12.309s] -- Set non-toolchain portion of runtime path of "/home/cafsanchezdi/sdv_un_ros2_ws/src/install/sdv_scripts/lib/libsdv_scripts__rosidl_typesupport_cpp.so" to ""
[12.309s] -- Installing: /home/cafsanchezdi/sdv_un_ros2_ws/src/install/sdv_scripts/share/sdv_scripts/environment/pythonpath.sh
[12.309s] -- Installing: /home/cafsanchezdi/sdv_un_ros2_ws/src/install/sdv_scripts/share/sdv_scripts/environment/pythonpath.dsv
[12.310s] -- Installing: /home/cafsanchezdi/sdv_un_ros2_ws/src/install/sdv_scripts/lib/python3.12/site-packages/sdv_scripts-0.0.1-py3.12.egg-info
[12.310s] -- Installing: /home/cafsanchezdi/sdv_un_ros2_ws/src/install/sdv_scripts/lib/python3.12/site-packages/sdv_scripts-0.0.1-py3.12.egg-info/dependency_links.txt
[12.310s] -- Installing: /home/cafsanchezdi/sdv_un_ros2_ws/src/install/sdv_scripts/lib/python3.12/site-packages/sdv_scripts-0.0.1-py3.12.egg-info/top_level.txt
[12.311s] -- Installing: /home/cafsanchezdi/sdv_un_ros2_ws/src/install/sdv_scripts/lib/python3.12/site-packages/sdv_scripts-0.0.1-py3.12.egg-info/SOURCES.txt
[12.311s] -- Installing: /home/cafsanchezdi/sdv_un_ros2_ws/src/install/sdv_scripts/lib/python3.12/site-packages/sdv_scripts-0.0.1-py3.12.egg-info/PKG-INFO
[12.311s] -- Installing: /home/cafsanchezdi/sdv_un_ros2_ws/src/install/sdv_scripts/lib/python3.12/site-packages/sdv_scripts
[12.312s] -- Installing: /home/cafsanchezdi/sdv_un_ros2_ws/src/install/sdv_scripts/lib/python3.12/site-packages/sdv_scripts/_sdv_scripts_s.ep.rosidl_typesupport_c.c
[12.312s] -- Installing: /home/cafsanchezdi/sdv_un_ros2_ws/src/install/sdv_scripts/lib/python3.12/site-packages/sdv_scripts/_sdv_scripts_s.ep.rosidl_typesupport_fastrtps_c.c
[12.312s] -- Installing: /home/cafsanchezdi/sdv_un_ros2_ws/src/install/sdv_scripts/lib/python3.12/site-packages/sdv_scripts/sdv_scripts_s__rosidl_typesupport_fastrtps_c.so
[12.313s] -- Installing: /home/cafsanchezdi/sdv_un_ros2_ws/src/install/sdv_scripts/lib/python3.12/site-packages/sdv_scripts/sdv_scripts_s__rosidl_typesupport_c.so
[12.313s] -- Installing: /home/cafsanchezdi/sdv_un_ros2_ws/src/install/sdv_scripts/lib/python3.12/site-packages/sdv_scripts/sdv_scripts_s__rosidl_typesupport_introspection_c.so
[12.314s] -- Installing: /home/cafsanchezdi/sdv_un_ros2_ws/src/install/sdv_scripts/lib/python3.12/site-packages/sdv_scripts/__init__.py
[12.314s] -- Installing: /home/cafsanchezdi/sdv_un_ros2_ws/src/install/sdv_scripts/lib/python3.12/site-packages/sdv_scripts/_sdv_scripts_s.ep.rosidl_typesupport_introspection_c.c
[12.314s] -- Installing: /home/cafsanchezdi/sdv_un_ros2_ws/src/install/sdv_scripts/lib/python3.12/site-packages/sdv_scripts/msg
[12.315s] -- Installing: /home/cafsanchezdi/sdv_un_ros2_ws/src/install/sdv_scripts/lib/python3.12/site-packages/sdv_scripts/msg/_udp.py
[12.315s] -- Installing: /home/cafsanchezdi/sdv_un_ros2_ws/src/install/sdv_scripts/lib/python3.12/site-packages/sdv_scripts/msg/_udp_s.c
[12.315s] -- Installing: /home/cafsanchezdi/sdv_un_ros2_ws/src/install/sdv_scripts/lib/python3.12/site-packages/sdv_scripts/msg/__init__.py
[12.359s] Listing '/home/cafsanchezdi/sdv_un_ros2_ws/src/install/sdv_scripts/lib/python3.12/site-packages/sdv_scripts'...
[12.359s] Compiling '/home/cafsanchezdi/sdv_un_ros2_ws/src/install/sdv_scripts/lib/python3.12/site-packages/sdv_scripts/__init__.py'...
[12.360s] Listing '/home/cafsanchezdi/sdv_un_ros2_ws/src/install/sdv_scripts/lib/python3.12/site-packages/sdv_scripts/msg'...
[12.360s] Compiling '/home/cafsanchezdi/sdv_un_ros2_ws/src/install/sdv_scripts/lib/python3.12/site-packages/sdv_scripts/msg/__init__.py'...
[12.360s] Compiling '/home/cafsanchezdi/sdv_un_ros2_ws/src/install/sdv_scripts/lib/python3.12/site-packages/sdv_scripts/msg/_udp.py'...
[12.389s] -- Installing: /home/cafsanchezdi/sdv_un_ros2_ws/src/install/sdv_scripts/lib/python3.12/site-packages/sdv_scripts/sdv_scripts_s__rosidl_typesupport_fastrtps_c.so
[12.389s] -- Set non-toolchain portion of runtime path of "/home/cafsanchezdi/sdv_un_ros2_ws/src/install/sdv_scripts/lib/python3.12/site-packages/sdv_scripts/sdv_scripts_s__rosidl_typesupport_fastrtps_c.so" to ""
[12.391s] -- Installing: /home/cafsanchezdi/sdv_un_ros2_ws/src/install/sdv_scripts/lib/python3.12/site-packages/sdv_scripts/sdv_scripts_s__rosidl_typesupport_introspection_c.so
[12.393s] -- Set non-toolchain portion of runtime path of "/home/cafsanchezdi/sdv_un_ros2_ws/src/install/sdv_scripts/lib/python3.12/site-packages/sdv_scripts/sdv_scripts_s__rosidl_typesupport_introspection_c.so" to ""
[12.394s] -- Installing: /home/cafsanchezdi/sdv_un_ros2_ws/src/install/sdv_scripts/lib/python3.12/site-packages/sdv_scripts/sdv_scripts_s__rosidl_typesupport_c.so
[12.395s] -- Set non-toolchain portion of runtime path of "/home/cafsanchezdi/sdv_un_ros2_ws/src/install/sdv_scripts/lib/python3.12/site-packages/sdv_scripts/sdv_scripts_s__rosidl_typesupport_c.so" to ""
[12.396s] -- Installing: /home/cafsanchezdi/sdv_un_ros2_ws/src/install/sdv_scripts/lib/libsdv_scripts__rosidl_generator_py.so
[12.397s] -- Set non-toolchain portion of runtime path of "/home/cafsanchezdi/sdv_un_ros2_ws/src/install/sdv_scripts/lib/libsdv_scripts__rosidl_generator_py.so" to ""
[12.399s] -- Installing: /home/cafsanchezdi/sdv_un_ros2_ws/src/install/sdv_scripts/share/sdv_scripts/msg/Udp.idl
[12.402s] -- Installing: /home/cafsanchezdi/sdv_un_ros2_ws/src/install/sdv_scripts/share/sdv_scripts/msg/Udp.msg
[12.402s] -- Installing: /home/cafsanchezdi/sdv_un_ros2_ws/src/install/sdv_scripts/share/ament_index/resource_index/package_run_dependencies/sdv_scripts
[12.403s] -- Installing: /home/cafsanchezdi/sdv_un_ros2_ws/src/install/sdv_scripts/share/ament_index/resource_index/parent_prefix_path/sdv_scripts
[12.403s] -- Installing: /home/cafsanchezdi/sdv_un_ros2_ws/src/install/sdv_scripts/share/sdv_scripts/environment/ament_prefix_path.sh
[12.403s] -- Installing: /home/cafsanchezdi/sdv_un_ros2_ws/src/install/sdv_scripts/share/sdv_scripts/environment/ament_prefix_path.dsv
[12.403s] -- Installing: /home/cafsanchezdi/sdv_un_ros2_ws/src/install/sdv_scripts/share/sdv_scripts/environment/path.sh
[12.404s] -- Installing: /home/cafsanchezdi/sdv_un_ros2_ws/src/install/sdv_scripts/share/sdv_scripts/environment/path.dsv
[12.405s] -- Installing: /home/cafsanchezdi/sdv_un_ros2_ws/src/install/sdv_scripts/share/sdv_scripts/local_setup.bash
[12.405s] -- Installing: /home/cafsanchezdi/sdv_un_ros2_ws/src/install/sdv_scripts/share/sdv_scripts/local_setup.sh
[12.406s] -- Installing: /home/cafsanchezdi/sdv_un_ros2_ws/src/install/sdv_scripts/share/sdv_scripts/local_setup.zsh
[12.408s] -- Installing: /home/cafsanchezdi/sdv_un_ros2_ws/src/install/sdv_scripts/share/sdv_scripts/local_setup.dsv
[12.408s] -- Installing: /home/cafsanchezdi/sdv_un_ros2_ws/src/install/sdv_scripts/share/sdv_scripts/package.dsv
[12.410s] -- Installing: /home/cafsanchezdi/sdv_un_ros2_ws/src/install/sdv_scripts/share/ament_index/resource_index/packages/sdv_scripts
[12.411s] -- Installing: /home/cafsanchezdi/sdv_un_ros2_ws/src/install/sdv_scripts/share/sdv_scripts/cmake/export_sdv_scripts__rosidl_generator_cExport.cmake
[12.411s] -- Installing: /home/cafsanchezdi/sdv_un_ros2_ws/src/install/sdv_scripts/share/sdv_scripts/cmake/export_sdv_scripts__rosidl_generator_cExport-noconfig.cmake
[12.413s] -- Installing: /home/cafsanchezdi/sdv_un_ros2_ws/src/install/sdv_scripts/share/sdv_scripts/cmake/export_sdv_scripts__rosidl_typesupport_fastrtps_cExport.cmake
[12.413s] -- Installing: /home/cafsanchezdi/sdv_un_ros2_ws/src/install/sdv_scripts/share/sdv_scripts/cmake/export_sdv_scripts__rosidl_typesupport_fastrtps_cExport-noconfig.cmake
[12.414s] -- Installing: /home/cafsanchezdi/sdv_un_ros2_ws/src/install/sdv_scripts/share/sdv_scripts/cmake/sdv_scripts__rosidl_typesupport_introspection_cExport.cmake
[12.416s] -- Installing: /home/cafsanchezdi/sdv_un_ros2_ws/src/install/sdv_scripts/share/sdv_scripts/cmake/sdv_scripts__rosidl_typesupport_introspection_cExport-noconfig.cmake
[12.416s] -- Installing: /home/cafsanchezdi/sdv_un_ros2_ws/src/install/sdv_scripts/share/sdv_scripts/cmake/sdv_scripts__rosidl_typesupport_cExport.cmake
[12.417s] -- Installing: /home/cafsanchezdi/sdv_un_ros2_ws/src/install/sdv_scripts/share/sdv_scripts/cmake/sdv_scripts__rosidl_typesupport_cExport-noconfig.cmake
[12.418s] -- Installing: /home/cafsanchezdi/sdv_un_ros2_ws/src/install/sdv_scripts/share/sdv_scripts/cmake/export_sdv_scripts__rosidl_generator_cppExport.cmake
[12.419s] -- Installing: /home/cafsanchezdi/sdv_un_ros2_ws/src/install/sdv_scripts/share/sdv_scripts/cmake/export_sdv_scripts__rosidl_typesupport_fastrtps_cppExport.cmake
[12.420s] -- Installing: /home/cafsanchezdi/sdv_un_ros2_ws/src/install/sdv_scripts/share/sdv_scripts/cmake/export_sdv_scripts__rosidl_typesupport_fastrtps_cppExport-noconfig.cmake
[12.420s] -- Installing: /home/cafsanchezdi/sdv_un_ros2_ws/src/install/sdv_scripts/share/sdv_scripts/cmake/sdv_scripts__rosidl_typesupport_introspection_cppExport.cmake
[12.421s] -- Installing: /home/cafsanchezdi/sdv_un_ros2_ws/src/install/sdv_scripts/share/sdv_scripts/cmake/sdv_scripts__rosidl_typesupport_introspection_cppExport-noconfig.cmake
[12.421s] -- Installing: /home/cafsanchezdi/sdv_un_ros2_ws/src/install/sdv_scripts/share/sdv_scripts/cmake/sdv_scripts__rosidl_typesupport_cppExport.cmake
[12.422s] -- Installing: /home/cafsanchezdi/sdv_un_ros2_ws/src/install/sdv_scripts/share/sdv_scripts/cmake/sdv_scripts__rosidl_typesupport_cppExport-noconfig.cmake
[12.423s] -- Installing: /home/cafsanchezdi/sdv_un_ros2_ws/src/install/sdv_scripts/share/sdv_scripts/cmake/export_sdv_scripts__rosidl_generator_pyExport.cmake
[12.424s] -- Installing: /home/cafsanchezdi/sdv_un_ros2_ws/src/install/sdv_scripts/share/sdv_scripts/cmake/export_sdv_scripts__rosidl_generator_pyExport-noconfig.cmake
[12.424s] -- Installing: /home/cafsanchezdi/sdv_un_ros2_ws/src/install/sdv_scripts/share/sdv_scripts/cmake/rosidl_cmake-extras.cmake
[12.425s] -- Installing: /home/cafsanchezdi/sdv_un_ros2_ws/src/install/sdv_scripts/share/sdv_scripts/cmake/ament_cmake_export_dependencies-extras.cmake
[12.426s] -- Installing: /home/cafsanchezdi/sdv_un_ros2_ws/src/install/sdv_scripts/share/sdv_scripts/cmake/ament_cmake_export_include_directories-extras.cmake
[12.426s] -- Installing: /home/cafsanchezdi/sdv_un_ros2_ws/src/install/sdv_scripts/share/sdv_scripts/cmake/ament_cmake_export_libraries-extras.cmake
[12.428s] -- Installing: /home/cafsanchezdi/sdv_un_ros2_ws/src/install/sdv_scripts/share/sdv_scripts/cmake/ament_cmake_export_targets-extras.cmake
[12.429s] -- Installing: /home/cafsanchezdi/sdv_un_ros2_ws/src/install/sdv_scripts/share/sdv_scripts/cmake/rosidl_cmake_export_typesupport_targets-extras.cmake
[12.429s] -- Installing: /home/cafsanchezdi/sdv_un_ros2_ws/src/install/sdv_scripts/share/sdv_scripts/cmake/rosidl_cmake_export_typesupport_libraries-extras.cmake
[12.430s] -- Installing: /home/cafsanchezdi/sdv_un_ros2_ws/src/install/sdv_scripts/share/sdv_scripts/cmake/sdv_scriptsConfig.cmake
[12.431s] -- Installing: /home/cafsanchezdi/sdv_un_ros2_ws/src/install/sdv_scripts/share/sdv_scripts/cmake/sdv_scriptsConfig-version.cmake
[12.431s] -- Installing: /home/cafsanchezdi/sdv_un_ros2_ws/src/install/sdv_scripts/share/sdv_scripts/package.xml
[12.440s] Invoked command in '/home/cafsanchezdi/sdv_un_ros2_ws/src/build/sdv_scripts' returned '0': AMENT_PREFIX_PATH=/home/cafsanchezdi/sdv_un_ros2_ws/src/install/sdv_msgs:${AMENT_PREFIX_PATH} CMAKE_PREFIX_PATH=/home/cafsanchezdi/sdv_un_ros2_ws/src/install/sdv_msgs:${CMAKE_PREFIX_PATH} DEBUGINFOD_URLS=https://debuginfod.ubuntu.com LD_LIBRARY_PATH=/home/cafsanchezdi/sdv_un_ros2_ws/src/install/sdv_msgs/lib:${LD_LIBRARY_PATH} PYTHONPATH=/home/cafsanchezdi/sdv_un_ros2_ws/src/install/sdv_msgs/lib/python3.12/site-packages:${PYTHONPATH} /usr/bin/cmake --install /home/cafsanchezdi/sdv_un_ros2_ws/src/build/sdv_scripts
