[0.173s] DEBUG:colcon:Command line arguments: ['/usr/bin/colcon', 'build', '--symlink-install', '--packages-select', 'sdv_msgs']
[0.173s] DEBUG:colcon:Parsed command line arguments: Namespace(log_base=None, log_level=None, verb_name='build', build_base='build', install_base='install', merge_install=False, symlink_install=True, test_result_base=None, continue_on_error=False, executor='parallel', parallel_workers=8, event_handlers=None, ignore_user_meta=False, metas=['./colcon.meta'], base_paths=['.'], packages_ignore=None, packages_ignore_regex=None, paths=None, packages_up_to=None, packages_up_to_regex=None, packages_above=None, packages_above_and_dependencies=None, packages_above_depth=None, packages_select_by_dep=None, packages_skip_by_dep=None, packages_skip_up_to=None, packages_select_build_failed=False, packages_skip_build_finished=False, packages_select_test_failures=False, packages_skip_test_passed=False, packages_select=['sdv_msgs'], packages_skip=None, packages_select_regex=None, packages_skip_regex=None, packages_start=None, packages_end=None, allow_overriding=[], cmake_args=None, cmake_target=None, cmake_target_skip_unavailable=False, cmake_clean_cache=False, cmake_clean_first=False, cmake_force_configure=False, ament_cmake_args=None, catkin_cmake_args=None, catkin_skip_building_tests=False, mixin_files=None, mixin=None, verb_parser=<colcon_mixin.mixin.mixin_argument.MixinArgumentDecorator object at 0x77f8ce77b3e0>, verb_extension=<colcon_core.verb.build.BuildVerb object at 0x77f8ce77a2d0>, main=<bound method BuildVerb.main of <colcon_core.verb.build.BuildVerb object at 0x77f8ce77a2d0>>, mixin_verb=('build',))
[0.225s] Level 1:colcon.colcon_core.package_discovery:discover_packages(colcon_meta) check parameters
[0.225s] Level 1:colcon.colcon_core.package_discovery:discover_packages(recursive) check parameters
[0.225s] Level 1:colcon.colcon_core.package_discovery:discover_packages(ignore) check parameters
[0.225s] Level 1:colcon.colcon_core.package_discovery:discover_packages(path) check parameters
[0.225s] Level 1:colcon.colcon_core.package_discovery:discover_packages(colcon_meta) discover
[0.226s] Level 1:colcon.colcon_core.package_discovery:discover_packages(recursive) discover
[0.226s] INFO:colcon.colcon_core.package_discovery:Crawling recursively for packages in '/home/cafsanchezdi/sdv_un_ros2_ws/src'
[0.226s] Level 1:colcon.colcon_core.package_identification:_identify(.) by extensions ['ignore', 'ignore_ament_install']
[0.226s] Level 1:colcon.colcon_core.package_identification:_identify(.) by extension 'ignore'
[0.226s] Level 1:colcon.colcon_core.package_identification:_identify(.) by extension 'ignore_ament_install'
[0.226s] Level 1:colcon.colcon_core.package_identification:_identify(.) by extensions ['colcon_pkg']
[0.226s] Level 1:colcon.colcon_core.package_identification:_identify(.) by extension 'colcon_pkg'
[0.226s] Level 1:colcon.colcon_core.package_identification:_identify(.) by extensions ['colcon_meta']
[0.226s] Level 1:colcon.colcon_core.package_identification:_identify(.) by extension 'colcon_meta'
[0.226s] Level 1:colcon.colcon_core.package_identification:_identify(.) by extensions ['ros']
[0.226s] Level 1:colcon.colcon_core.package_identification:_identify(.) by extension 'ros'
[0.261s] Level 1:colcon.colcon_core.package_identification:_identify(.) by extensions ['cmake', 'python']
[0.261s] Level 1:colcon.colcon_core.package_identification:_identify(.) by extension 'cmake'
[0.261s] Level 1:colcon.colcon_core.package_identification:_identify(.) by extension 'python'
[0.261s] Level 1:colcon.colcon_core.package_identification:_identify(.) by extensions ['python_setup_py']
[0.261s] Level 1:colcon.colcon_core.package_identification:_identify(.) by extension 'python_setup_py'
[0.261s] Level 1:colcon.colcon_core.package_identification:_identify(build) by extensions ['ignore', 'ignore_ament_install']
[0.261s] Level 1:colcon.colcon_core.package_identification:_identify(build) by extension 'ignore'
[0.261s] Level 1:colcon.colcon_core.package_identification:_identify(build) ignored
[0.261s] Level 1:colcon.colcon_core.package_identification:_identify(install) by extensions ['ignore', 'ignore_ament_install']
[0.262s] Level 1:colcon.colcon_core.package_identification:_identify(install) by extension 'ignore'
[0.262s] Level 1:colcon.colcon_core.package_identification:_identify(install) ignored
[0.262s] Level 1:colcon.colcon_core.package_identification:_identify(log) by extensions ['ignore', 'ignore_ament_install']
[0.262s] Level 1:colcon.colcon_core.package_identification:_identify(log) by extension 'ignore'
[0.262s] Level 1:colcon.colcon_core.package_identification:_identify(log) ignored
[0.262s] Level 1:colcon.colcon_core.package_identification:_identify(rtabmap_ros) by extensions ['ignore', 'ignore_ament_install']
[0.262s] Level 1:colcon.colcon_core.package_identification:_identify(rtabmap_ros) by extension 'ignore'
[0.262s] Level 1:colcon.colcon_core.package_identification:_identify(rtabmap_ros) by extension 'ignore_ament_install'
[0.262s] Level 1:colcon.colcon_core.package_identification:_identify(rtabmap_ros) by extensions ['colcon_pkg']
[0.262s] Level 1:colcon.colcon_core.package_identification:_identify(rtabmap_ros) by extension 'colcon_pkg'
[0.262s] Level 1:colcon.colcon_core.package_identification:_identify(rtabmap_ros) by extensions ['colcon_meta']
[0.262s] Level 1:colcon.colcon_core.package_identification:_identify(rtabmap_ros) by extension 'colcon_meta'
[0.263s] Level 1:colcon.colcon_core.package_identification:_identify(rtabmap_ros) by extensions ['ros']
[0.263s] Level 1:colcon.colcon_core.package_identification:_identify(rtabmap_ros) by extension 'ros'
[0.263s] Level 1:colcon.colcon_core.package_identification:_identify(rtabmap_ros) by extensions ['cmake', 'python']
[0.263s] Level 1:colcon.colcon_core.package_identification:_identify(rtabmap_ros) by extension 'cmake'
[0.263s] Level 1:colcon.colcon_core.package_identification:_identify(rtabmap_ros) by extension 'python'
[0.263s] Level 1:colcon.colcon_core.package_identification:_identify(rtabmap_ros) by extensions ['python_setup_py']
[0.263s] Level 1:colcon.colcon_core.package_identification:_identify(rtabmap_ros) by extension 'python_setup_py'
[0.263s] Level 1:colcon.colcon_core.package_identification:_identify(rtabmap_ros/docker) by extensions ['ignore', 'ignore_ament_install']
[0.263s] Level 1:colcon.colcon_core.package_identification:_identify(rtabmap_ros/docker) by extension 'ignore'
[0.263s] Level 1:colcon.colcon_core.package_identification:_identify(rtabmap_ros/docker) by extension 'ignore_ament_install'
[0.263s] Level 1:colcon.colcon_core.package_identification:_identify(rtabmap_ros/docker) by extensions ['colcon_pkg']
[0.263s] Level 1:colcon.colcon_core.package_identification:_identify(rtabmap_ros/docker) by extension 'colcon_pkg'
[0.263s] Level 1:colcon.colcon_core.package_identification:_identify(rtabmap_ros/docker) by extensions ['colcon_meta']
[0.263s] Level 1:colcon.colcon_core.package_identification:_identify(rtabmap_ros/docker) by extension 'colcon_meta'
[0.264s] Level 1:colcon.colcon_core.package_identification:_identify(rtabmap_ros/docker) by extensions ['ros']
[0.264s] Level 1:colcon.colcon_core.package_identification:_identify(rtabmap_ros/docker) by extension 'ros'
[0.264s] Level 1:colcon.colcon_core.package_identification:_identify(rtabmap_ros/docker) by extensions ['cmake', 'python']
[0.264s] Level 1:colcon.colcon_core.package_identification:_identify(rtabmap_ros/docker) by extension 'cmake'
[0.264s] Level 1:colcon.colcon_core.package_identification:_identify(rtabmap_ros/docker) by extension 'python'
[0.264s] Level 1:colcon.colcon_core.package_identification:_identify(rtabmap_ros/docker) by extensions ['python_setup_py']
[0.264s] Level 1:colcon.colcon_core.package_identification:_identify(rtabmap_ros/docker) by extension 'python_setup_py'
[0.264s] Level 1:colcon.colcon_core.package_identification:_identify(rtabmap_ros/docker/foxy) by extensions ['ignore', 'ignore_ament_install']
[0.264s] Level 1:colcon.colcon_core.package_identification:_identify(rtabmap_ros/docker/foxy) by extension 'ignore'
[0.264s] Level 1:colcon.colcon_core.package_identification:_identify(rtabmap_ros/docker/foxy) by extension 'ignore_ament_install'
[0.264s] Level 1:colcon.colcon_core.package_identification:_identify(rtabmap_ros/docker/foxy) by extensions ['colcon_pkg']
[0.264s] Level 1:colcon.colcon_core.package_identification:_identify(rtabmap_ros/docker/foxy) by extension 'colcon_pkg'
[0.264s] Level 1:colcon.colcon_core.package_identification:_identify(rtabmap_ros/docker/foxy) by extensions ['colcon_meta']
[0.264s] Level 1:colcon.colcon_core.package_identification:_identify(rtabmap_ros/docker/foxy) by extension 'colcon_meta'
[0.265s] Level 1:colcon.colcon_core.package_identification:_identify(rtabmap_ros/docker/foxy) by extensions ['ros']
[0.265s] Level 1:colcon.colcon_core.package_identification:_identify(rtabmap_ros/docker/foxy) by extension 'ros'
[0.265s] Level 1:colcon.colcon_core.package_identification:_identify(rtabmap_ros/docker/foxy) by extensions ['cmake', 'python']
[0.265s] Level 1:colcon.colcon_core.package_identification:_identify(rtabmap_ros/docker/foxy) by extension 'cmake'
[0.265s] Level 1:colcon.colcon_core.package_identification:_identify(rtabmap_ros/docker/foxy) by extension 'python'
[0.265s] Level 1:colcon.colcon_core.package_identification:_identify(rtabmap_ros/docker/foxy) by extensions ['python_setup_py']
[0.265s] Level 1:colcon.colcon_core.package_identification:_identify(rtabmap_ros/docker/foxy) by extension 'python_setup_py'
[0.265s] Level 1:colcon.colcon_core.package_identification:_identify(rtabmap_ros/docker/foxy/latest) by extensions ['ignore', 'ignore_ament_install']
[0.265s] Level 1:colcon.colcon_core.package_identification:_identify(rtabmap_ros/docker/foxy/latest) by extension 'ignore'
[0.265s] Level 1:colcon.colcon_core.package_identification:_identify(rtabmap_ros/docker/foxy/latest) by extension 'ignore_ament_install'
[0.265s] Level 1:colcon.colcon_core.package_identification:_identify(rtabmap_ros/docker/foxy/latest) by extensions ['colcon_pkg']
[0.265s] Level 1:colcon.colcon_core.package_identification:_identify(rtabmap_ros/docker/foxy/latest) by extension 'colcon_pkg'
[0.265s] Level 1:colcon.colcon_core.package_identification:_identify(rtabmap_ros/docker/foxy/latest) by extensions ['colcon_meta']
[0.265s] Level 1:colcon.colcon_core.package_identification:_identify(rtabmap_ros/docker/foxy/latest) by extension 'colcon_meta'
[0.266s] Level 1:colcon.colcon_core.package_identification:_identify(rtabmap_ros/docker/foxy/latest) by extensions ['ros']
[0.266s] Level 1:colcon.colcon_core.package_identification:_identify(rtabmap_ros/docker/foxy/latest) by extension 'ros'
[0.266s] Level 1:colcon.colcon_core.package_identification:_identify(rtabmap_ros/docker/foxy/latest) by extensions ['cmake', 'python']
[0.266s] Level 1:colcon.colcon_core.package_identification:_identify(rtabmap_ros/docker/foxy/latest) by extension 'cmake'
[0.266s] Level 1:colcon.colcon_core.package_identification:_identify(rtabmap_ros/docker/foxy/latest) by extension 'python'
[0.266s] Level 1:colcon.colcon_core.package_identification:_identify(rtabmap_ros/docker/foxy/latest) by extensions ['python_setup_py']
[0.266s] Level 1:colcon.colcon_core.package_identification:_identify(rtabmap_ros/docker/foxy/latest) by extension 'python_setup_py'
[0.266s] Level 1:colcon.colcon_core.package_identification:_identify(rtabmap_ros/docker/foxy/latest/hooks) by extensions ['ignore', 'ignore_ament_install']
[0.266s] Level 1:colcon.colcon_core.package_identification:_identify(rtabmap_ros/docker/foxy/latest/hooks) by extension 'ignore'
[0.266s] Level 1:colcon.colcon_core.package_identification:_identify(rtabmap_ros/docker/foxy/latest/hooks) by extension 'ignore_ament_install'
[0.266s] Level 1:colcon.colcon_core.package_identification:_identify(rtabmap_ros/docker/foxy/latest/hooks) by extensions ['colcon_pkg']
[0.266s] Level 1:colcon.colcon_core.package_identification:_identify(rtabmap_ros/docker/foxy/latest/hooks) by extension 'colcon_pkg'
[0.266s] Level 1:colcon.colcon_core.package_identification:_identify(rtabmap_ros/docker/foxy/latest/hooks) by extensions ['colcon_meta']
[0.266s] Level 1:colcon.colcon_core.package_identification:_identify(rtabmap_ros/docker/foxy/latest/hooks) by extension 'colcon_meta'
[0.267s] Level 1:colcon.colcon_core.package_identification:_identify(rtabmap_ros/docker/foxy/latest/hooks) by extensions ['ros']
[0.267s] Level 1:colcon.colcon_core.package_identification:_identify(rtabmap_ros/docker/foxy/latest/hooks) by extension 'ros'
[0.267s] Level 1:colcon.colcon_core.package_identification:_identify(rtabmap_ros/docker/foxy/latest/hooks) by extensions ['cmake', 'python']
[0.267s] Level 1:colcon.colcon_core.package_identification:_identify(rtabmap_ros/docker/foxy/latest/hooks) by extension 'cmake'
[0.267s] Level 1:colcon.colcon_core.package_identification:_identify(rtabmap_ros/docker/foxy/latest/hooks) by extension 'python'
[0.267s] Level 1:colcon.colcon_core.package_identification:_identify(rtabmap_ros/docker/foxy/latest/hooks) by extensions ['python_setup_py']
[0.267s] Level 1:colcon.colcon_core.package_identification:_identify(rtabmap_ros/docker/foxy/latest/hooks) by extension 'python_setup_py'
[0.267s] Level 1:colcon.colcon_core.package_identification:_identify(rtabmap_ros/docker/humble) by extensions ['ignore', 'ignore_ament_install']
[0.267s] Level 1:colcon.colcon_core.package_identification:_identify(rtabmap_ros/docker/humble) by extension 'ignore'
[0.267s] Level 1:colcon.colcon_core.package_identification:_identify(rtabmap_ros/docker/humble) by extension 'ignore_ament_install'
[0.267s] Level 1:colcon.colcon_core.package_identification:_identify(rtabmap_ros/docker/humble) by extensions ['colcon_pkg']
[0.267s] Level 1:colcon.colcon_core.package_identification:_identify(rtabmap_ros/docker/humble) by extension 'colcon_pkg'
[0.267s] Level 1:colcon.colcon_core.package_identification:_identify(rtabmap_ros/docker/humble) by extensions ['colcon_meta']
[0.267s] Level 1:colcon.colcon_core.package_identification:_identify(rtabmap_ros/docker/humble) by extension 'colcon_meta'
[0.268s] Level 1:colcon.colcon_core.package_identification:_identify(rtabmap_ros/docker/humble) by extensions ['ros']
[0.268s] Level 1:colcon.colcon_core.package_identification:_identify(rtabmap_ros/docker/humble) by extension 'ros'
[0.268s] Level 1:colcon.colcon_core.package_identification:_identify(rtabmap_ros/docker/humble) by extensions ['cmake', 'python']
[0.268s] Level 1:colcon.colcon_core.package_identification:_identify(rtabmap_ros/docker/humble) by extension 'cmake'
[0.268s] Level 1:colcon.colcon_core.package_identification:_identify(rtabmap_ros/docker/humble) by extension 'python'
[0.268s] Level 1:colcon.colcon_core.package_identification:_identify(rtabmap_ros/docker/humble) by extensions ['python_setup_py']
[0.268s] Level 1:colcon.colcon_core.package_identification:_identify(rtabmap_ros/docker/humble) by extension 'python_setup_py'
[0.268s] Level 1:colcon.colcon_core.package_identification:_identify(rtabmap_ros/docker/humble/latest) by extensions ['ignore', 'ignore_ament_install']
[0.268s] Level 1:colcon.colcon_core.package_identification:_identify(rtabmap_ros/docker/humble/latest) by extension 'ignore'
[0.268s] Level 1:colcon.colcon_core.package_identification:_identify(rtabmap_ros/docker/humble/latest) by extension 'ignore_ament_install'
[0.268s] Level 1:colcon.colcon_core.package_identification:_identify(rtabmap_ros/docker/humble/latest) by extensions ['colcon_pkg']
[0.268s] Level 1:colcon.colcon_core.package_identification:_identify(rtabmap_ros/docker/humble/latest) by extension 'colcon_pkg'
[0.268s] Level 1:colcon.colcon_core.package_identification:_identify(rtabmap_ros/docker/humble/latest) by extensions ['colcon_meta']
[0.268s] Level 1:colcon.colcon_core.package_identification:_identify(rtabmap_ros/docker/humble/latest) by extension 'colcon_meta'
[0.269s] Level 1:colcon.colcon_core.package_identification:_identify(rtabmap_ros/docker/humble/latest) by extensions ['ros']
[0.269s] Level 1:colcon.colcon_core.package_identification:_identify(rtabmap_ros/docker/humble/latest) by extension 'ros'
[0.269s] Level 1:colcon.colcon_core.package_identification:_identify(rtabmap_ros/docker/humble/latest) by extensions ['cmake', 'python']
[0.269s] Level 1:colcon.colcon_core.package_identification:_identify(rtabmap_ros/docker/humble/latest) by extension 'cmake'
[0.269s] Level 1:colcon.colcon_core.package_identification:_identify(rtabmap_ros/docker/humble/latest) by extension 'python'
[0.269s] Level 1:colcon.colcon_core.package_identification:_identify(rtabmap_ros/docker/humble/latest) by extensions ['python_setup_py']
[0.269s] Level 1:colcon.colcon_core.package_identification:_identify(rtabmap_ros/docker/humble/latest) by extension 'python_setup_py'
[0.269s] Level 1:colcon.colcon_core.package_identification:_identify(rtabmap_ros/docker/humble/latest/hooks) by extensions ['ignore', 'ignore_ament_install']
[0.269s] Level 1:colcon.colcon_core.package_identification:_identify(rtabmap_ros/docker/humble/latest/hooks) by extension 'ignore'
[0.269s] Level 1:colcon.colcon_core.package_identification:_identify(rtabmap_ros/docker/humble/latest/hooks) by extension 'ignore_ament_install'
[0.269s] Level 1:colcon.colcon_core.package_identification:_identify(rtabmap_ros/docker/humble/latest/hooks) by extensions ['colcon_pkg']
[0.269s] Level 1:colcon.colcon_core.package_identification:_identify(rtabmap_ros/docker/humble/latest/hooks) by extension 'colcon_pkg'
[0.269s] Level 1:colcon.colcon_core.package_identification:_identify(rtabmap_ros/docker/humble/latest/hooks) by extensions ['colcon_meta']
[0.269s] Level 1:colcon.colcon_core.package_identification:_identify(rtabmap_ros/docker/humble/latest/hooks) by extension 'colcon_meta'
[0.270s] Level 1:colcon.colcon_core.package_identification:_identify(rtabmap_ros/docker/humble/latest/hooks) by extensions ['ros']
[0.270s] Level 1:colcon.colcon_core.package_identification:_identify(rtabmap_ros/docker/humble/latest/hooks) by extension 'ros'
[0.270s] Level 1:colcon.colcon_core.package_identification:_identify(rtabmap_ros/docker/humble/latest/hooks) by extensions ['cmake', 'python']
[0.270s] Level 1:colcon.colcon_core.package_identification:_identify(rtabmap_ros/docker/humble/latest/hooks) by extension 'cmake'
[0.270s] Level 1:colcon.colcon_core.package_identification:_identify(rtabmap_ros/docker/humble/latest/hooks) by extension 'python'
[0.270s] Level 1:colcon.colcon_core.package_identification:_identify(rtabmap_ros/docker/humble/latest/hooks) by extensions ['python_setup_py']
[0.270s] Level 1:colcon.colcon_core.package_identification:_identify(rtabmap_ros/docker/humble/latest/hooks) by extension 'python_setup_py'
[0.270s] Level 1:colcon.colcon_core.package_identification:_identify(rtabmap_ros/docker/indigo) by extensions ['ignore', 'ignore_ament_install']
[0.270s] Level 1:colcon.colcon_core.package_identification:_identify(rtabmap_ros/docker/indigo) by extension 'ignore'
[0.270s] Level 1:colcon.colcon_core.package_identification:_identify(rtabmap_ros/docker/indigo) by extension 'ignore_ament_install'
[0.270s] Level 1:colcon.colcon_core.package_identification:_identify(rtabmap_ros/docker/indigo) by extensions ['colcon_pkg']
[0.270s] Level 1:colcon.colcon_core.package_identification:_identify(rtabmap_ros/docker/indigo) by extension 'colcon_pkg'
[0.270s] Level 1:colcon.colcon_core.package_identification:_identify(rtabmap_ros/docker/indigo) by extensions ['colcon_meta']
[0.270s] Level 1:colcon.colcon_core.package_identification:_identify(rtabmap_ros/docker/indigo) by extension 'colcon_meta'
[0.271s] Level 1:colcon.colcon_core.package_identification:_identify(rtabmap_ros/docker/indigo) by extensions ['ros']
[0.271s] Level 1:colcon.colcon_core.package_identification:_identify(rtabmap_ros/docker/indigo) by extension 'ros'
[0.271s] Level 1:colcon.colcon_core.package_identification:_identify(rtabmap_ros/docker/indigo) by extensions ['cmake', 'python']
[0.271s] Level 1:colcon.colcon_core.package_identification:_identify(rtabmap_ros/docker/indigo) by extension 'cmake'
[0.271s] Level 1:colcon.colcon_core.package_identification:_identify(rtabmap_ros/docker/indigo) by extension 'python'
[0.271s] Level 1:colcon.colcon_core.package_identification:_identify(rtabmap_ros/docker/indigo) by extensions ['python_setup_py']
[0.271s] Level 1:colcon.colcon_core.package_identification:_identify(rtabmap_ros/docker/indigo) by extension 'python_setup_py'
[0.271s] Level 1:colcon.colcon_core.package_identification:_identify(rtabmap_ros/docker/indigo/latest) by extensions ['ignore', 'ignore_ament_install']
[0.271s] Level 1:colcon.colcon_core.package_identification:_identify(rtabmap_ros/docker/indigo/latest) by extension 'ignore'
[0.271s] Level 1:colcon.colcon_core.package_identification:_identify(rtabmap_ros/docker/indigo/latest) by extension 'ignore_ament_install'
[0.271s] Level 1:colcon.colcon_core.package_identification:_identify(rtabmap_ros/docker/indigo/latest) by extensions ['colcon_pkg']
[0.271s] Level 1:colcon.colcon_core.package_identification:_identify(rtabmap_ros/docker/indigo/latest) by extension 'colcon_pkg'
[0.271s] Level 1:colcon.colcon_core.package_identification:_identify(rtabmap_ros/docker/indigo/latest) by extensions ['colcon_meta']
[0.271s] Level 1:colcon.colcon_core.package_identification:_identify(rtabmap_ros/docker/indigo/latest) by extension 'colcon_meta'
[0.272s] Level 1:colcon.colcon_core.package_identification:_identify(rtabmap_ros/docker/indigo/latest) by extensions ['ros']
[0.272s] Level 1:colcon.colcon_core.package_identification:_identify(rtabmap_ros/docker/indigo/latest) by extension 'ros'
[0.272s] Level 1:colcon.colcon_core.package_identification:_identify(rtabmap_ros/docker/indigo/latest) by extensions ['cmake', 'python']
[0.272s] Level 1:colcon.colcon_core.package_identification:_identify(rtabmap_ros/docker/indigo/latest) by extension 'cmake'
[0.272s] Level 1:colcon.colcon_core.package_identification:_identify(rtabmap_ros/docker/indigo/latest) by extension 'python'
[0.272s] Level 1:colcon.colcon_core.package_identification:_identify(rtabmap_ros/docker/indigo/latest) by extensions ['python_setup_py']
[0.272s] Level 1:colcon.colcon_core.package_identification:_identify(rtabmap_ros/docker/indigo/latest) by extension 'python_setup_py'
[0.272s] Level 1:colcon.colcon_core.package_identification:_identify(rtabmap_ros/docker/indigo/latest/hooks) by extensions ['ignore', 'ignore_ament_install']
[0.272s] Level 1:colcon.colcon_core.package_identification:_identify(rtabmap_ros/docker/indigo/latest/hooks) by extension 'ignore'
[0.272s] Level 1:colcon.colcon_core.package_identification:_identify(rtabmap_ros/docker/indigo/latest/hooks) by extension 'ignore_ament_install'
[0.272s] Level 1:colcon.colcon_core.package_identification:_identify(rtabmap_ros/docker/indigo/latest/hooks) by extensions ['colcon_pkg']
[0.272s] Level 1:colcon.colcon_core.package_identification:_identify(rtabmap_ros/docker/indigo/latest/hooks) by extension 'colcon_pkg'
[0.272s] Level 1:colcon.colcon_core.package_identification:_identify(rtabmap_ros/docker/indigo/latest/hooks) by extensions ['colcon_meta']
[0.272s] Level 1:colcon.colcon_core.package_identification:_identify(rtabmap_ros/docker/indigo/latest/hooks) by extension 'colcon_meta'
[0.273s] Level 1:colcon.colcon_core.package_identification:_identify(rtabmap_ros/docker/indigo/latest/hooks) by extensions ['ros']
[0.273s] Level 1:colcon.colcon_core.package_identification:_identify(rtabmap_ros/docker/indigo/latest/hooks) by extension 'ros'
[0.273s] Level 1:colcon.colcon_core.package_identification:_identify(rtabmap_ros/docker/indigo/latest/hooks) by extensions ['cmake', 'python']
[0.273s] Level 1:colcon.colcon_core.package_identification:_identify(rtabmap_ros/docker/indigo/latest/hooks) by extension 'cmake'
[0.273s] Level 1:colcon.colcon_core.package_identification:_identify(rtabmap_ros/docker/indigo/latest/hooks) by extension 'python'
[0.273s] Level 1:colcon.colcon_core.package_identification:_identify(rtabmap_ros/docker/indigo/latest/hooks) by extensions ['python_setup_py']
[0.273s] Level 1:colcon.colcon_core.package_identification:_identify(rtabmap_ros/docker/indigo/latest/hooks) by extension 'python_setup_py'
[0.273s] Level 1:colcon.colcon_core.package_identification:_identify(rtabmap_ros/docker/iron) by extensions ['ignore', 'ignore_ament_install']
[0.273s] Level 1:colcon.colcon_core.package_identification:_identify(rtabmap_ros/docker/iron) by extension 'ignore'
[0.273s] Level 1:colcon.colcon_core.package_identification:_identify(rtabmap_ros/docker/iron) by extension 'ignore_ament_install'
[0.273s] Level 1:colcon.colcon_core.package_identification:_identify(rtabmap_ros/docker/iron) by extensions ['colcon_pkg']
[0.273s] Level 1:colcon.colcon_core.package_identification:_identify(rtabmap_ros/docker/iron) by extension 'colcon_pkg'
[0.273s] Level 1:colcon.colcon_core.package_identification:_identify(rtabmap_ros/docker/iron) by extensions ['colcon_meta']
[0.273s] Level 1:colcon.colcon_core.package_identification:_identify(rtabmap_ros/docker/iron) by extension 'colcon_meta'
[0.274s] Level 1:colcon.colcon_core.package_identification:_identify(rtabmap_ros/docker/iron) by extensions ['ros']
[0.274s] Level 1:colcon.colcon_core.package_identification:_identify(rtabmap_ros/docker/iron) by extension 'ros'
[0.274s] Level 1:colcon.colcon_core.package_identification:_identify(rtabmap_ros/docker/iron) by extensions ['cmake', 'python']
[0.274s] Level 1:colcon.colcon_core.package_identification:_identify(rtabmap_ros/docker/iron) by extension 'cmake'
[0.274s] Level 1:colcon.colcon_core.package_identification:_identify(rtabmap_ros/docker/iron) by extension 'python'
[0.274s] Level 1:colcon.colcon_core.package_identification:_identify(rtabmap_ros/docker/iron) by extensions ['python_setup_py']
[0.274s] Level 1:colcon.colcon_core.package_identification:_identify(rtabmap_ros/docker/iron) by extension 'python_setup_py'
[0.274s] Level 1:colcon.colcon_core.package_identification:_identify(rtabmap_ros/docker/iron/latest) by extensions ['ignore', 'ignore_ament_install']
[0.274s] Level 1:colcon.colcon_core.package_identification:_identify(rtabmap_ros/docker/iron/latest) by extension 'ignore'
[0.274s] Level 1:colcon.colcon_core.package_identification:_identify(rtabmap_ros/docker/iron/latest) by extension 'ignore_ament_install'
[0.274s] Level 1:colcon.colcon_core.package_identification:_identify(rtabmap_ros/docker/iron/latest) by extensions ['colcon_pkg']
[0.274s] Level 1:colcon.colcon_core.package_identification:_identify(rtabmap_ros/docker/iron/latest) by extension 'colcon_pkg'
[0.274s] Level 1:colcon.colcon_core.package_identification:_identify(rtabmap_ros/docker/iron/latest) by extensions ['colcon_meta']
[0.274s] Level 1:colcon.colcon_core.package_identification:_identify(rtabmap_ros/docker/iron/latest) by extension 'colcon_meta'
[0.275s] Level 1:colcon.colcon_core.package_identification:_identify(rtabmap_ros/docker/iron/latest) by extensions ['ros']
[0.275s] Level 1:colcon.colcon_core.package_identification:_identify(rtabmap_ros/docker/iron/latest) by extension 'ros'
[0.275s] Level 1:colcon.colcon_core.package_identification:_identify(rtabmap_ros/docker/iron/latest) by extensions ['cmake', 'python']
[0.275s] Level 1:colcon.colcon_core.package_identification:_identify(rtabmap_ros/docker/iron/latest) by extension 'cmake'
[0.275s] Level 1:colcon.colcon_core.package_identification:_identify(rtabmap_ros/docker/iron/latest) by extension 'python'
[0.275s] Level 1:colcon.colcon_core.package_identification:_identify(rtabmap_ros/docker/iron/latest) by extensions ['python_setup_py']
[0.275s] Level 1:colcon.colcon_core.package_identification:_identify(rtabmap_ros/docker/iron/latest) by extension 'python_setup_py'
[0.275s] Level 1:colcon.colcon_core.package_identification:_identify(rtabmap_ros/docker/jazzy) by extensions ['ignore', 'ignore_ament_install']
[0.275s] Level 1:colcon.colcon_core.package_identification:_identify(rtabmap_ros/docker/jazzy) by extension 'ignore'
[0.275s] Level 1:colcon.colcon_core.package_identification:_identify(rtabmap_ros/docker/jazzy) by extension 'ignore_ament_install'
[0.275s] Level 1:colcon.colcon_core.package_identification:_identify(rtabmap_ros/docker/jazzy) by extensions ['colcon_pkg']
[0.275s] Level 1:colcon.colcon_core.package_identification:_identify(rtabmap_ros/docker/jazzy) by extension 'colcon_pkg'
[0.275s] Level 1:colcon.colcon_core.package_identification:_identify(rtabmap_ros/docker/jazzy) by extensions ['colcon_meta']
[0.275s] Level 1:colcon.colcon_core.package_identification:_identify(rtabmap_ros/docker/jazzy) by extension 'colcon_meta'
[0.276s] Level 1:colcon.colcon_core.package_identification:_identify(rtabmap_ros/docker/jazzy) by extensions ['ros']
[0.276s] Level 1:colcon.colcon_core.package_identification:_identify(rtabmap_ros/docker/jazzy) by extension 'ros'
[0.276s] Level 1:colcon.colcon_core.package_identification:_identify(rtabmap_ros/docker/jazzy) by extensions ['cmake', 'python']
[0.276s] Level 1:colcon.colcon_core.package_identification:_identify(rtabmap_ros/docker/jazzy) by extension 'cmake'
[0.276s] Level 1:colcon.colcon_core.package_identification:_identify(rtabmap_ros/docker/jazzy) by extension 'python'
[0.276s] Level 1:colcon.colcon_core.package_identification:_identify(rtabmap_ros/docker/jazzy) by extensions ['python_setup_py']
[0.276s] Level 1:colcon.colcon_core.package_identification:_identify(rtabmap_ros/docker/jazzy) by extension 'python_setup_py'
[0.276s] Level 1:colcon.colcon_core.package_identification:_identify(rtabmap_ros/docker/jazzy/latest) by extensions ['ignore', 'ignore_ament_install']
[0.276s] Level 1:colcon.colcon_core.package_identification:_identify(rtabmap_ros/docker/jazzy/latest) by extension 'ignore'
[0.276s] Level 1:colcon.colcon_core.package_identification:_identify(rtabmap_ros/docker/jazzy/latest) by extension 'ignore_ament_install'
[0.276s] Level 1:colcon.colcon_core.package_identification:_identify(rtabmap_ros/docker/jazzy/latest) by extensions ['colcon_pkg']
[0.276s] Level 1:colcon.colcon_core.package_identification:_identify(rtabmap_ros/docker/jazzy/latest) by extension 'colcon_pkg'
[0.276s] Level 1:colcon.colcon_core.package_identification:_identify(rtabmap_ros/docker/jazzy/latest) by extensions ['colcon_meta']
[0.276s] Level 1:colcon.colcon_core.package_identification:_identify(rtabmap_ros/docker/jazzy/latest) by extension 'colcon_meta'
[0.277s] Level 1:colcon.colcon_core.package_identification:_identify(rtabmap_ros/docker/jazzy/latest) by extensions ['ros']
[0.277s] Level 1:colcon.colcon_core.package_identification:_identify(rtabmap_ros/docker/jazzy/latest) by extension 'ros'
[0.277s] Level 1:colcon.colcon_core.package_identification:_identify(rtabmap_ros/docker/jazzy/latest) by extensions ['cmake', 'python']
[0.277s] Level 1:colcon.colcon_core.package_identification:_identify(rtabmap_ros/docker/jazzy/latest) by extension 'cmake'
[0.277s] Level 1:colcon.colcon_core.package_identification:_identify(rtabmap_ros/docker/jazzy/latest) by extension 'python'
[0.277s] Level 1:colcon.colcon_core.package_identification:_identify(rtabmap_ros/docker/jazzy/latest) by extensions ['python_setup_py']
[0.277s] Level 1:colcon.colcon_core.package_identification:_identify(rtabmap_ros/docker/jazzy/latest) by extension 'python_setup_py'
[0.277s] Level 1:colcon.colcon_core.package_identification:_identify(rtabmap_ros/docker/kinetic) by extensions ['ignore', 'ignore_ament_install']
[0.277s] Level 1:colcon.colcon_core.package_identification:_identify(rtabmap_ros/docker/kinetic) by extension 'ignore'
[0.277s] Level 1:colcon.colcon_core.package_identification:_identify(rtabmap_ros/docker/kinetic) by extension 'ignore_ament_install'
[0.277s] Level 1:colcon.colcon_core.package_identification:_identify(rtabmap_ros/docker/kinetic) by extensions ['colcon_pkg']
[0.277s] Level 1:colcon.colcon_core.package_identification:_identify(rtabmap_ros/docker/kinetic) by extension 'colcon_pkg'
[0.277s] Level 1:colcon.colcon_core.package_identification:_identify(rtabmap_ros/docker/kinetic) by extensions ['colcon_meta']
[0.278s] Level 1:colcon.colcon_core.package_identification:_identify(rtabmap_ros/docker/kinetic) by extension 'colcon_meta'
[0.278s] Level 1:colcon.colcon_core.package_identification:_identify(rtabmap_ros/docker/kinetic) by extensions ['ros']
[0.278s] Level 1:colcon.colcon_core.package_identification:_identify(rtabmap_ros/docker/kinetic) by extension 'ros'
[0.278s] Level 1:colcon.colcon_core.package_identification:_identify(rtabmap_ros/docker/kinetic) by extensions ['cmake', 'python']
[0.278s] Level 1:colcon.colcon_core.package_identification:_identify(rtabmap_ros/docker/kinetic) by extension 'cmake'
[0.278s] Level 1:colcon.colcon_core.package_identification:_identify(rtabmap_ros/docker/kinetic) by extension 'python'
[0.278s] Level 1:colcon.colcon_core.package_identification:_identify(rtabmap_ros/docker/kinetic) by extensions ['python_setup_py']
[0.278s] Level 1:colcon.colcon_core.package_identification:_identify(rtabmap_ros/docker/kinetic) by extension 'python_setup_py'
[0.278s] Level 1:colcon.colcon_core.package_identification:_identify(rtabmap_ros/docker/kinetic/latest) by extensions ['ignore', 'ignore_ament_install']
[0.278s] Level 1:colcon.colcon_core.package_identification:_identify(rtabmap_ros/docker/kinetic/latest) by extension 'ignore'
[0.278s] Level 1:colcon.colcon_core.package_identification:_identify(rtabmap_ros/docker/kinetic/latest) by extension 'ignore_ament_install'
[0.278s] Level 1:colcon.colcon_core.package_identification:_identify(rtabmap_ros/docker/kinetic/latest) by extensions ['colcon_pkg']
[0.278s] Level 1:colcon.colcon_core.package_identification:_identify(rtabmap_ros/docker/kinetic/latest) by extension 'colcon_pkg'
[0.278s] Level 1:colcon.colcon_core.package_identification:_identify(rtabmap_ros/docker/kinetic/latest) by extensions ['colcon_meta']
[0.279s] Level 1:colcon.colcon_core.package_identification:_identify(rtabmap_ros/docker/kinetic/latest) by extension 'colcon_meta'
[0.279s] Level 1:colcon.colcon_core.package_identification:_identify(rtabmap_ros/docker/kinetic/latest) by extensions ['ros']
[0.279s] Level 1:colcon.colcon_core.package_identification:_identify(rtabmap_ros/docker/kinetic/latest) by extension 'ros'
[0.279s] Level 1:colcon.colcon_core.package_identification:_identify(rtabmap_ros/docker/kinetic/latest) by extensions ['cmake', 'python']
[0.279s] Level 1:colcon.colcon_core.package_identification:_identify(rtabmap_ros/docker/kinetic/latest) by extension 'cmake'
[0.279s] Level 1:colcon.colcon_core.package_identification:_identify(rtabmap_ros/docker/kinetic/latest) by extension 'python'
[0.279s] Level 1:colcon.colcon_core.package_identification:_identify(rtabmap_ros/docker/kinetic/latest) by extensions ['python_setup_py']
[0.279s] Level 1:colcon.colcon_core.package_identification:_identify(rtabmap_ros/docker/kinetic/latest) by extension 'python_setup_py'
[0.279s] Level 1:colcon.colcon_core.package_identification:_identify(rtabmap_ros/docker/kinetic/latest/hooks) by extensions ['ignore', 'ignore_ament_install']
[0.279s] Level 1:colcon.colcon_core.package_identification:_identify(rtabmap_ros/docker/kinetic/latest/hooks) by extension 'ignore'
[0.279s] Level 1:colcon.colcon_core.package_identification:_identify(rtabmap_ros/docker/kinetic/latest/hooks) by extension 'ignore_ament_install'
[0.279s] Level 1:colcon.colcon_core.package_identification:_identify(rtabmap_ros/docker/kinetic/latest/hooks) by extensions ['colcon_pkg']
[0.279s] Level 1:colcon.colcon_core.package_identification:_identify(rtabmap_ros/docker/kinetic/latest/hooks) by extension 'colcon_pkg'
[0.279s] Level 1:colcon.colcon_core.package_identification:_identify(rtabmap_ros/docker/kinetic/latest/hooks) by extensions ['colcon_meta']
[0.279s] Level 1:colcon.colcon_core.package_identification:_identify(rtabmap_ros/docker/kinetic/latest/hooks) by extension 'colcon_meta'
[0.280s] Level 1:colcon.colcon_core.package_identification:_identify(rtabmap_ros/docker/kinetic/latest/hooks) by extensions ['ros']
[0.280s] Level 1:colcon.colcon_core.package_identification:_identify(rtabmap_ros/docker/kinetic/latest/hooks) by extension 'ros'
[0.280s] Level 1:colcon.colcon_core.package_identification:_identify(rtabmap_ros/docker/kinetic/latest/hooks) by extensions ['cmake', 'python']
[0.280s] Level 1:colcon.colcon_core.package_identification:_identify(rtabmap_ros/docker/kinetic/latest/hooks) by extension 'cmake'
[0.280s] Level 1:colcon.colcon_core.package_identification:_identify(rtabmap_ros/docker/kinetic/latest/hooks) by extension 'python'
[0.280s] Level 1:colcon.colcon_core.package_identification:_identify(rtabmap_ros/docker/kinetic/latest/hooks) by extensions ['python_setup_py']
[0.280s] Level 1:colcon.colcon_core.package_identification:_identify(rtabmap_ros/docker/kinetic/latest/hooks) by extension 'python_setup_py'
[0.280s] Level 1:colcon.colcon_core.package_identification:_identify(rtabmap_ros/docker/melodic) by extensions ['ignore', 'ignore_ament_install']
[0.280s] Level 1:colcon.colcon_core.package_identification:_identify(rtabmap_ros/docker/melodic) by extension 'ignore'
[0.280s] Level 1:colcon.colcon_core.package_identification:_identify(rtabmap_ros/docker/melodic) by extension 'ignore_ament_install'
[0.280s] Level 1:colcon.colcon_core.package_identification:_identify(rtabmap_ros/docker/melodic) by extensions ['colcon_pkg']
[0.280s] Level 1:colcon.colcon_core.package_identification:_identify(rtabmap_ros/docker/melodic) by extension 'colcon_pkg'
[0.280s] Level 1:colcon.colcon_core.package_identification:_identify(rtabmap_ros/docker/melodic) by extensions ['colcon_meta']
[0.280s] Level 1:colcon.colcon_core.package_identification:_identify(rtabmap_ros/docker/melodic) by extension 'colcon_meta'
[0.281s] Level 1:colcon.colcon_core.package_identification:_identify(rtabmap_ros/docker/melodic) by extensions ['ros']
[0.281s] Level 1:colcon.colcon_core.package_identification:_identify(rtabmap_ros/docker/melodic) by extension 'ros'
[0.281s] Level 1:colcon.colcon_core.package_identification:_identify(rtabmap_ros/docker/melodic) by extensions ['cmake', 'python']
[0.281s] Level 1:colcon.colcon_core.package_identification:_identify(rtabmap_ros/docker/melodic) by extension 'cmake'
[0.281s] Level 1:colcon.colcon_core.package_identification:_identify(rtabmap_ros/docker/melodic) by extension 'python'
[0.281s] Level 1:colcon.colcon_core.package_identification:_identify(rtabmap_ros/docker/melodic) by extensions ['python_setup_py']
[0.281s] Level 1:colcon.colcon_core.package_identification:_identify(rtabmap_ros/docker/melodic) by extension 'python_setup_py'
[0.281s] Level 1:colcon.colcon_core.package_identification:_identify(rtabmap_ros/docker/melodic/latest) by extensions ['ignore', 'ignore_ament_install']
[0.281s] Level 1:colcon.colcon_core.package_identification:_identify(rtabmap_ros/docker/melodic/latest) by extension 'ignore'
[0.281s] Level 1:colcon.colcon_core.package_identification:_identify(rtabmap_ros/docker/melodic/latest) by extension 'ignore_ament_install'
[0.281s] Level 1:colcon.colcon_core.package_identification:_identify(rtabmap_ros/docker/melodic/latest) by extensions ['colcon_pkg']
[0.281s] Level 1:colcon.colcon_core.package_identification:_identify(rtabmap_ros/docker/melodic/latest) by extension 'colcon_pkg'
[0.281s] Level 1:colcon.colcon_core.package_identification:_identify(rtabmap_ros/docker/melodic/latest) by extensions ['colcon_meta']
[0.281s] Level 1:colcon.colcon_core.package_identification:_identify(rtabmap_ros/docker/melodic/latest) by extension 'colcon_meta'
[0.282s] Level 1:colcon.colcon_core.package_identification:_identify(rtabmap_ros/docker/melodic/latest) by extensions ['ros']
[0.282s] Level 1:colcon.colcon_core.package_identification:_identify(rtabmap_ros/docker/melodic/latest) by extension 'ros'
[0.282s] Level 1:colcon.colcon_core.package_identification:_identify(rtabmap_ros/docker/melodic/latest) by extensions ['cmake', 'python']
[0.282s] Level 1:colcon.colcon_core.package_identification:_identify(rtabmap_ros/docker/melodic/latest) by extension 'cmake'
[0.282s] Level 1:colcon.colcon_core.package_identification:_identify(rtabmap_ros/docker/melodic/latest) by extension 'python'
[0.282s] Level 1:colcon.colcon_core.package_identification:_identify(rtabmap_ros/docker/melodic/latest) by extensions ['python_setup_py']
[0.282s] Level 1:colcon.colcon_core.package_identification:_identify(rtabmap_ros/docker/melodic/latest) by extension 'python_setup_py'
[0.282s] Level 1:colcon.colcon_core.package_identification:_identify(rtabmap_ros/docker/melodic/latest/hooks) by extensions ['ignore', 'ignore_ament_install']
[0.282s] Level 1:colcon.colcon_core.package_identification:_identify(rtabmap_ros/docker/melodic/latest/hooks) by extension 'ignore'
[0.282s] Level 1:colcon.colcon_core.package_identification:_identify(rtabmap_ros/docker/melodic/latest/hooks) by extension 'ignore_ament_install'
[0.283s] Level 1:colcon.colcon_core.package_identification:_identify(rtabmap_ros/docker/melodic/latest/hooks) by extensions ['colcon_pkg']
[0.283s] Level 1:colcon.colcon_core.package_identification:_identify(rtabmap_ros/docker/melodic/latest/hooks) by extension 'colcon_pkg'
[0.283s] Level 1:colcon.colcon_core.package_identification:_identify(rtabmap_ros/docker/melodic/latest/hooks) by extensions ['colcon_meta']
[0.283s] Level 1:colcon.colcon_core.package_identification:_identify(rtabmap_ros/docker/melodic/latest/hooks) by extension 'colcon_meta'
[0.283s] Level 1:colcon.colcon_core.package_identification:_identify(rtabmap_ros/docker/melodic/latest/hooks) by extensions ['ros']
[0.283s] Level 1:colcon.colcon_core.package_identification:_identify(rtabmap_ros/docker/melodic/latest/hooks) by extension 'ros'
[0.283s] Level 1:colcon.colcon_core.package_identification:_identify(rtabmap_ros/docker/melodic/latest/hooks) by extensions ['cmake', 'python']
[0.283s] Level 1:colcon.colcon_core.package_identification:_identify(rtabmap_ros/docker/melodic/latest/hooks) by extension 'cmake'
[0.283s] Level 1:colcon.colcon_core.package_identification:_identify(rtabmap_ros/docker/melodic/latest/hooks) by extension 'python'
[0.283s] Level 1:colcon.colcon_core.package_identification:_identify(rtabmap_ros/docker/melodic/latest/hooks) by extensions ['python_setup_py']
[0.283s] Level 1:colcon.colcon_core.package_identification:_identify(rtabmap_ros/docker/melodic/latest/hooks) by extension 'python_setup_py'
[0.284s] Level 1:colcon.colcon_core.package_identification:_identify(rtabmap_ros/docker/noetic) by extensions ['ignore', 'ignore_ament_install']
[0.284s] Level 1:colcon.colcon_core.package_identification:_identify(rtabmap_ros/docker/noetic) by extension 'ignore'
[0.284s] Level 1:colcon.colcon_core.package_identification:_identify(rtabmap_ros/docker/noetic) by extension 'ignore_ament_install'
[0.284s] Level 1:colcon.colcon_core.package_identification:_identify(rtabmap_ros/docker/noetic) by extensions ['colcon_pkg']
[0.284s] Level 1:colcon.colcon_core.package_identification:_identify(rtabmap_ros/docker/noetic) by extension 'colcon_pkg'
[0.284s] Level 1:colcon.colcon_core.package_identification:_identify(rtabmap_ros/docker/noetic) by extensions ['colcon_meta']
[0.284s] Level 1:colcon.colcon_core.package_identification:_identify(rtabmap_ros/docker/noetic) by extension 'colcon_meta'
[0.284s] Level 1:colcon.colcon_core.package_identification:_identify(rtabmap_ros/docker/noetic) by extensions ['ros']
[0.284s] Level 1:colcon.colcon_core.package_identification:_identify(rtabmap_ros/docker/noetic) by extension 'ros'
[0.284s] Level 1:colcon.colcon_core.package_identification:_identify(rtabmap_ros/docker/noetic) by extensions ['cmake', 'python']
[0.284s] Level 1:colcon.colcon_core.package_identification:_identify(rtabmap_ros/docker/noetic) by extension 'cmake'
[0.284s] Level 1:colcon.colcon_core.package_identification:_identify(rtabmap_ros/docker/noetic) by extension 'python'
[0.285s] Level 1:colcon.colcon_core.package_identification:_identify(rtabmap_ros/docker/noetic) by extensions ['python_setup_py']
[0.285s] Level 1:colcon.colcon_core.package_identification:_identify(rtabmap_ros/docker/noetic) by extension 'python_setup_py'
[0.285s] Level 1:colcon.colcon_core.package_identification:_identify(rtabmap_ros/docker/noetic/latest) by extensions ['ignore', 'ignore_ament_install']
[0.285s] Level 1:colcon.colcon_core.package_identification:_identify(rtabmap_ros/docker/noetic/latest) by extension 'ignore'
[0.285s] Level 1:colcon.colcon_core.package_identification:_identify(rtabmap_ros/docker/noetic/latest) by extension 'ignore_ament_install'
[0.285s] Level 1:colcon.colcon_core.package_identification:_identify(rtabmap_ros/docker/noetic/latest) by extensions ['colcon_pkg']
[0.285s] Level 1:colcon.colcon_core.package_identification:_identify(rtabmap_ros/docker/noetic/latest) by extension 'colcon_pkg'
[0.285s] Level 1:colcon.colcon_core.package_identification:_identify(rtabmap_ros/docker/noetic/latest) by extensions ['colcon_meta']
[0.285s] Level 1:colcon.colcon_core.package_identification:_identify(rtabmap_ros/docker/noetic/latest) by extension 'colcon_meta'
[0.285s] Level 1:colcon.colcon_core.package_identification:_identify(rtabmap_ros/docker/noetic/latest) by extensions ['ros']
[0.285s] Level 1:colcon.colcon_core.package_identification:_identify(rtabmap_ros/docker/noetic/latest) by extension 'ros'
[0.286s] Level 1:colcon.colcon_core.package_identification:_identify(rtabmap_ros/docker/noetic/latest) by extensions ['cmake', 'python']
[0.286s] Level 1:colcon.colcon_core.package_identification:_identify(rtabmap_ros/docker/noetic/latest) by extension 'cmake'
[0.286s] Level 1:colcon.colcon_core.package_identification:_identify(rtabmap_ros/docker/noetic/latest) by extension 'python'
[0.286s] Level 1:colcon.colcon_core.package_identification:_identify(rtabmap_ros/docker/noetic/latest) by extensions ['python_setup_py']
[0.286s] Level 1:colcon.colcon_core.package_identification:_identify(rtabmap_ros/docker/noetic/latest) by extension 'python_setup_py'
[0.286s] Level 1:colcon.colcon_core.package_identification:_identify(rtabmap_ros/docker/noetic/latest/hooks) by extensions ['ignore', 'ignore_ament_install']
[0.286s] Level 1:colcon.colcon_core.package_identification:_identify(rtabmap_ros/docker/noetic/latest/hooks) by extension 'ignore'
[0.286s] Level 1:colcon.colcon_core.package_identification:_identify(rtabmap_ros/docker/noetic/latest/hooks) by extension 'ignore_ament_install'
[0.286s] Level 1:colcon.colcon_core.package_identification:_identify(rtabmap_ros/docker/noetic/latest/hooks) by extensions ['colcon_pkg']
[0.286s] Level 1:colcon.colcon_core.package_identification:_identify(rtabmap_ros/docker/noetic/latest/hooks) by extension 'colcon_pkg'
[0.287s] Level 1:colcon.colcon_core.package_identification:_identify(rtabmap_ros/docker/noetic/latest/hooks) by extensions ['colcon_meta']
[0.287s] Level 1:colcon.colcon_core.package_identification:_identify(rtabmap_ros/docker/noetic/latest/hooks) by extension 'colcon_meta'
[0.287s] Level 1:colcon.colcon_core.package_identification:_identify(rtabmap_ros/docker/noetic/latest/hooks) by extensions ['ros']
[0.287s] Level 1:colcon.colcon_core.package_identification:_identify(rtabmap_ros/docker/noetic/latest/hooks) by extension 'ros'
[0.287s] Level 1:colcon.colcon_core.package_identification:_identify(rtabmap_ros/docker/noetic/latest/hooks) by extensions ['cmake', 'python']
[0.287s] Level 1:colcon.colcon_core.package_identification:_identify(rtabmap_ros/docker/noetic/latest/hooks) by extension 'cmake'
[0.287s] Level 1:colcon.colcon_core.package_identification:_identify(rtabmap_ros/docker/noetic/latest/hooks) by extension 'python'
[0.287s] Level 1:colcon.colcon_core.package_identification:_identify(rtabmap_ros/docker/noetic/latest/hooks) by extensions ['python_setup_py']
[0.287s] Level 1:colcon.colcon_core.package_identification:_identify(rtabmap_ros/docker/noetic/latest/hooks) by extension 'python_setup_py'
[0.287s] Level 1:colcon.colcon_core.package_identification:_identify(rtabmap_ros/docker/noetic/superpoint) by extensions ['ignore', 'ignore_ament_install']
[0.287s] Level 1:colcon.colcon_core.package_identification:_identify(rtabmap_ros/docker/noetic/superpoint) by extension 'ignore'
[0.288s] Level 1:colcon.colcon_core.package_identification:_identify(rtabmap_ros/docker/noetic/superpoint) by extension 'ignore_ament_install'
[0.288s] Level 1:colcon.colcon_core.package_identification:_identify(rtabmap_ros/docker/noetic/superpoint) by extensions ['colcon_pkg']
[0.288s] Level 1:colcon.colcon_core.package_identification:_identify(rtabmap_ros/docker/noetic/superpoint) by extension 'colcon_pkg'
[0.288s] Level 1:colcon.colcon_core.package_identification:_identify(rtabmap_ros/docker/noetic/superpoint) by extensions ['colcon_meta']
[0.288s] Level 1:colcon.colcon_core.package_identification:_identify(rtabmap_ros/docker/noetic/superpoint) by extension 'colcon_meta'
[0.288s] Level 1:colcon.colcon_core.package_identification:_identify(rtabmap_ros/docker/noetic/superpoint) by extensions ['ros']
[0.288s] Level 1:colcon.colcon_core.package_identification:_identify(rtabmap_ros/docker/noetic/superpoint) by extension 'ros'
[0.288s] Level 1:colcon.colcon_core.package_identification:_identify(rtabmap_ros/docker/noetic/superpoint) by extensions ['cmake', 'python']
[0.288s] Level 1:colcon.colcon_core.package_identification:_identify(rtabmap_ros/docker/noetic/superpoint) by extension 'cmake'
[0.288s] Level 1:colcon.colcon_core.package_identification:_identify(rtabmap_ros/docker/noetic/superpoint) by extension 'python'
[0.288s] Level 1:colcon.colcon_core.package_identification:_identify(rtabmap_ros/docker/noetic/superpoint) by extensions ['python_setup_py']
[0.288s] Level 1:colcon.colcon_core.package_identification:_identify(rtabmap_ros/docker/noetic/superpoint) by extension 'python_setup_py'
[0.289s] Level 1:colcon.colcon_core.package_identification:_identify(rtabmap_ros/rtabmap_conversions) by extensions ['ignore', 'ignore_ament_install']
[0.289s] Level 1:colcon.colcon_core.package_identification:_identify(rtabmap_ros/rtabmap_conversions) by extension 'ignore'
[0.289s] Level 1:colcon.colcon_core.package_identification:_identify(rtabmap_ros/rtabmap_conversions) by extension 'ignore_ament_install'
[0.289s] Level 1:colcon.colcon_core.package_identification:_identify(rtabmap_ros/rtabmap_conversions) by extensions ['colcon_pkg']
[0.289s] Level 1:colcon.colcon_core.package_identification:_identify(rtabmap_ros/rtabmap_conversions) by extension 'colcon_pkg'
[0.289s] Level 1:colcon.colcon_core.package_identification:_identify(rtabmap_ros/rtabmap_conversions) by extensions ['colcon_meta']
[0.289s] Level 1:colcon.colcon_core.package_identification:_identify(rtabmap_ros/rtabmap_conversions) by extension 'colcon_meta'
[0.289s] Level 1:colcon.colcon_core.package_identification:_identify(rtabmap_ros/rtabmap_conversions) by extensions ['ros']
[0.289s] Level 1:colcon.colcon_core.package_identification:_identify(rtabmap_ros/rtabmap_conversions) by extension 'ros'
[0.295s] DEBUG:colcon.colcon_core.package_identification:Package 'rtabmap_ros/rtabmap_conversions' with type 'ros.ament_cmake' and name 'rtabmap_conversions'
[0.295s] Level 1:colcon.colcon_core.package_identification:_identify(rtabmap_ros/rtabmap_demos) by extensions ['ignore', 'ignore_ament_install']
[0.295s] Level 1:colcon.colcon_core.package_identification:_identify(rtabmap_ros/rtabmap_demos) by extension 'ignore'
[0.295s] Level 1:colcon.colcon_core.package_identification:_identify(rtabmap_ros/rtabmap_demos) by extension 'ignore_ament_install'
[0.295s] Level 1:colcon.colcon_core.package_identification:_identify(rtabmap_ros/rtabmap_demos) by extensions ['colcon_pkg']
[0.295s] Level 1:colcon.colcon_core.package_identification:_identify(rtabmap_ros/rtabmap_demos) by extension 'colcon_pkg'
[0.295s] Level 1:colcon.colcon_core.package_identification:_identify(rtabmap_ros/rtabmap_demos) by extensions ['colcon_meta']
[0.296s] Level 1:colcon.colcon_core.package_identification:_identify(rtabmap_ros/rtabmap_demos) by extension 'colcon_meta'
[0.296s] Level 1:colcon.colcon_core.package_identification:_identify(rtabmap_ros/rtabmap_demos) by extensions ['ros']
[0.296s] Level 1:colcon.colcon_core.package_identification:_identify(rtabmap_ros/rtabmap_demos) by extension 'ros'
[0.297s] DEBUG:colcon.colcon_core.package_identification:Package 'rtabmap_ros/rtabmap_demos' with type 'ros.ament_cmake' and name 'rtabmap_demos'
[0.297s] Level 1:colcon.colcon_core.package_identification:_identify(rtabmap_ros/rtabmap_examples) by extensions ['ignore', 'ignore_ament_install']
[0.297s] Level 1:colcon.colcon_core.package_identification:_identify(rtabmap_ros/rtabmap_examples) by extension 'ignore'
[0.297s] Level 1:colcon.colcon_core.package_identification:_identify(rtabmap_ros/rtabmap_examples) by extension 'ignore_ament_install'
[0.297s] Level 1:colcon.colcon_core.package_identification:_identify(rtabmap_ros/rtabmap_examples) by extensions ['colcon_pkg']
[0.297s] Level 1:colcon.colcon_core.package_identification:_identify(rtabmap_ros/rtabmap_examples) by extension 'colcon_pkg'
[0.298s] Level 1:colcon.colcon_core.package_identification:_identify(rtabmap_ros/rtabmap_examples) by extensions ['colcon_meta']
[0.298s] Level 1:colcon.colcon_core.package_identification:_identify(rtabmap_ros/rtabmap_examples) by extension 'colcon_meta'
[0.298s] Level 1:colcon.colcon_core.package_identification:_identify(rtabmap_ros/rtabmap_examples) by extensions ['ros']
[0.298s] Level 1:colcon.colcon_core.package_identification:_identify(rtabmap_ros/rtabmap_examples) by extension 'ros'
[0.299s] DEBUG:colcon.colcon_core.package_identification:Package 'rtabmap_ros/rtabmap_examples' with type 'ros.ament_cmake' and name 'rtabmap_examples'
[0.299s] Level 1:colcon.colcon_core.package_identification:_identify(rtabmap_ros/rtabmap_launch) by extensions ['ignore', 'ignore_ament_install']
[0.299s] Level 1:colcon.colcon_core.package_identification:_identify(rtabmap_ros/rtabmap_launch) by extension 'ignore'
[0.299s] Level 1:colcon.colcon_core.package_identification:_identify(rtabmap_ros/rtabmap_launch) by extension 'ignore_ament_install'
[0.300s] Level 1:colcon.colcon_core.package_identification:_identify(rtabmap_ros/rtabmap_launch) by extensions ['colcon_pkg']
[0.300s] Level 1:colcon.colcon_core.package_identification:_identify(rtabmap_ros/rtabmap_launch) by extension 'colcon_pkg'
[0.300s] Level 1:colcon.colcon_core.package_identification:_identify(rtabmap_ros/rtabmap_launch) by extensions ['colcon_meta']
[0.300s] Level 1:colcon.colcon_core.package_identification:_identify(rtabmap_ros/rtabmap_launch) by extension 'colcon_meta'
[0.300s] Level 1:colcon.colcon_core.package_identification:_identify(rtabmap_ros/rtabmap_launch) by extensions ['ros']
[0.300s] Level 1:colcon.colcon_core.package_identification:_identify(rtabmap_ros/rtabmap_launch) by extension 'ros'
[0.301s] DEBUG:colcon.colcon_core.package_identification:Package 'rtabmap_ros/rtabmap_launch' with type 'ros.ament_cmake' and name 'rtabmap_launch'
[0.301s] Level 1:colcon.colcon_core.package_identification:_identify(rtabmap_ros/rtabmap_msgs) by extensions ['ignore', 'ignore_ament_install']
[0.301s] Level 1:colcon.colcon_core.package_identification:_identify(rtabmap_ros/rtabmap_msgs) by extension 'ignore'
[0.302s] Level 1:colcon.colcon_core.package_identification:_identify(rtabmap_ros/rtabmap_msgs) by extension 'ignore_ament_install'
[0.302s] Level 1:colcon.colcon_core.package_identification:_identify(rtabmap_ros/rtabmap_msgs) by extensions ['colcon_pkg']
[0.302s] Level 1:colcon.colcon_core.package_identification:_identify(rtabmap_ros/rtabmap_msgs) by extension 'colcon_pkg'
[0.302s] Level 1:colcon.colcon_core.package_identification:_identify(rtabmap_ros/rtabmap_msgs) by extensions ['colcon_meta']
[0.302s] Level 1:colcon.colcon_core.package_identification:_identify(rtabmap_ros/rtabmap_msgs) by extension 'colcon_meta'
[0.302s] Level 1:colcon.colcon_core.package_identification:_identify(rtabmap_ros/rtabmap_msgs) by extensions ['ros']
[0.302s] Level 1:colcon.colcon_core.package_identification:_identify(rtabmap_ros/rtabmap_msgs) by extension 'ros'
[0.303s] DEBUG:colcon.colcon_core.package_identification:Package 'rtabmap_ros/rtabmap_msgs' with type 'ros.ament_cmake' and name 'rtabmap_msgs'
[0.303s] Level 1:colcon.colcon_core.package_identification:_identify(rtabmap_ros/rtabmap_odom) by extensions ['ignore', 'ignore_ament_install']
[0.303s] Level 1:colcon.colcon_core.package_identification:_identify(rtabmap_ros/rtabmap_odom) by extension 'ignore'
[0.304s] Level 1:colcon.colcon_core.package_identification:_identify(rtabmap_ros/rtabmap_odom) by extension 'ignore_ament_install'
[0.304s] Level 1:colcon.colcon_core.package_identification:_identify(rtabmap_ros/rtabmap_odom) by extensions ['colcon_pkg']
[0.304s] Level 1:colcon.colcon_core.package_identification:_identify(rtabmap_ros/rtabmap_odom) by extension 'colcon_pkg'
[0.304s] Level 1:colcon.colcon_core.package_identification:_identify(rtabmap_ros/rtabmap_odom) by extensions ['colcon_meta']
[0.304s] Level 1:colcon.colcon_core.package_identification:_identify(rtabmap_ros/rtabmap_odom) by extension 'colcon_meta'
[0.304s] Level 1:colcon.colcon_core.package_identification:_identify(rtabmap_ros/rtabmap_odom) by extensions ['ros']
[0.304s] Level 1:colcon.colcon_core.package_identification:_identify(rtabmap_ros/rtabmap_odom) by extension 'ros'
[0.306s] DEBUG:colcon.colcon_core.package_identification:Package 'rtabmap_ros/rtabmap_odom' with type 'ros.ament_cmake' and name 'rtabmap_odom'
[0.307s] Level 1:colcon.colcon_core.package_identification:_identify(rtabmap_ros/rtabmap_python) by extensions ['ignore', 'ignore_ament_install']
[0.307s] Level 1:colcon.colcon_core.package_identification:_identify(rtabmap_ros/rtabmap_python) by extension 'ignore'
[0.307s] Level 1:colcon.colcon_core.package_identification:_identify(rtabmap_ros/rtabmap_python) by extension 'ignore_ament_install'
[0.307s] Level 1:colcon.colcon_core.package_identification:_identify(rtabmap_ros/rtabmap_python) by extensions ['colcon_pkg']
[0.307s] Level 1:colcon.colcon_core.package_identification:_identify(rtabmap_ros/rtabmap_python) by extension 'colcon_pkg'
[0.307s] Level 1:colcon.colcon_core.package_identification:_identify(rtabmap_ros/rtabmap_python) by extensions ['colcon_meta']
[0.307s] Level 1:colcon.colcon_core.package_identification:_identify(rtabmap_ros/rtabmap_python) by extension 'colcon_meta'
[0.307s] Level 1:colcon.colcon_core.package_identification:_identify(rtabmap_ros/rtabmap_python) by extensions ['ros']
[0.307s] Level 1:colcon.colcon_core.package_identification:_identify(rtabmap_ros/rtabmap_python) by extension 'ros'
[0.308s] DEBUG:colcon.colcon_core.package_identification:Package 'rtabmap_ros/rtabmap_python' with type 'ros.ament_python' and name 'rtabmap_python'
[0.308s] Level 1:colcon.colcon_core.package_identification:_identify(rtabmap_ros/rtabmap_ros) by extensions ['ignore', 'ignore_ament_install']
[0.308s] Level 1:colcon.colcon_core.package_identification:_identify(rtabmap_ros/rtabmap_ros) by extension 'ignore'
[0.309s] Level 1:colcon.colcon_core.package_identification:_identify(rtabmap_ros/rtabmap_ros) by extension 'ignore_ament_install'
[0.309s] Level 1:colcon.colcon_core.package_identification:_identify(rtabmap_ros/rtabmap_ros) by extensions ['colcon_pkg']
[0.309s] Level 1:colcon.colcon_core.package_identification:_identify(rtabmap_ros/rtabmap_ros) by extension 'colcon_pkg'
[0.309s] Level 1:colcon.colcon_core.package_identification:_identify(rtabmap_ros/rtabmap_ros) by extensions ['colcon_meta']
[0.309s] Level 1:colcon.colcon_core.package_identification:_identify(rtabmap_ros/rtabmap_ros) by extension 'colcon_meta'
[0.309s] Level 1:colcon.colcon_core.package_identification:_identify(rtabmap_ros/rtabmap_ros) by extensions ['ros']
[0.309s] Level 1:colcon.colcon_core.package_identification:_identify(rtabmap_ros/rtabmap_ros) by extension 'ros'
[0.310s] DEBUG:colcon.colcon_core.package_identification:Package 'rtabmap_ros/rtabmap_ros' with type 'ros.ament_cmake' and name 'rtabmap_ros'
[0.310s] Level 1:colcon.colcon_core.package_identification:_identify(rtabmap_ros/rtabmap_rviz_plugins) by extensions ['ignore', 'ignore_ament_install']
[0.310s] Level 1:colcon.colcon_core.package_identification:_identify(rtabmap_ros/rtabmap_rviz_plugins) by extension 'ignore'
[0.310s] Level 1:colcon.colcon_core.package_identification:_identify(rtabmap_ros/rtabmap_rviz_plugins) by extension 'ignore_ament_install'
[0.310s] Level 1:colcon.colcon_core.package_identification:_identify(rtabmap_ros/rtabmap_rviz_plugins) by extensions ['colcon_pkg']
[0.310s] Level 1:colcon.colcon_core.package_identification:_identify(rtabmap_ros/rtabmap_rviz_plugins) by extension 'colcon_pkg'
[0.310s] Level 1:colcon.colcon_core.package_identification:_identify(rtabmap_ros/rtabmap_rviz_plugins) by extensions ['colcon_meta']
[0.310s] Level 1:colcon.colcon_core.package_identification:_identify(rtabmap_ros/rtabmap_rviz_plugins) by extension 'colcon_meta'
[0.311s] Level 1:colcon.colcon_core.package_identification:_identify(rtabmap_ros/rtabmap_rviz_plugins) by extensions ['ros']
[0.311s] Level 1:colcon.colcon_core.package_identification:_identify(rtabmap_ros/rtabmap_rviz_plugins) by extension 'ros'
[0.312s] DEBUG:colcon.colcon_core.package_identification:Package 'rtabmap_ros/rtabmap_rviz_plugins' with type 'ros.ament_cmake' and name 'rtabmap_rviz_plugins'
[0.313s] Level 1:colcon.colcon_core.package_identification:_identify(rtabmap_ros/rtabmap_slam) by extensions ['ignore', 'ignore_ament_install']
[0.313s] Level 1:colcon.colcon_core.package_identification:_identify(rtabmap_ros/rtabmap_slam) by extension 'ignore'
[0.313s] Level 1:colcon.colcon_core.package_identification:_identify(rtabmap_ros/rtabmap_slam) by extension 'ignore_ament_install'
[0.313s] Level 1:colcon.colcon_core.package_identification:_identify(rtabmap_ros/rtabmap_slam) by extensions ['colcon_pkg']
[0.313s] Level 1:colcon.colcon_core.package_identification:_identify(rtabmap_ros/rtabmap_slam) by extension 'colcon_pkg'
[0.313s] Level 1:colcon.colcon_core.package_identification:_identify(rtabmap_ros/rtabmap_slam) by extensions ['colcon_meta']
[0.313s] Level 1:colcon.colcon_core.package_identification:_identify(rtabmap_ros/rtabmap_slam) by extension 'colcon_meta'
[0.313s] Level 1:colcon.colcon_core.package_identification:_identify(rtabmap_ros/rtabmap_slam) by extensions ['ros']
[0.313s] Level 1:colcon.colcon_core.package_identification:_identify(rtabmap_ros/rtabmap_slam) by extension 'ros'
[0.315s] DEBUG:colcon.colcon_core.package_identification:Package 'rtabmap_ros/rtabmap_slam' with type 'ros.ament_cmake' and name 'rtabmap_slam'
[0.316s] Level 1:colcon.colcon_core.package_identification:_identify(rtabmap_ros/rtabmap_sync) by extensions ['ignore', 'ignore_ament_install']
[0.316s] Level 1:colcon.colcon_core.package_identification:_identify(rtabmap_ros/rtabmap_sync) by extension 'ignore'
[0.316s] Level 1:colcon.colcon_core.package_identification:_identify(rtabmap_ros/rtabmap_sync) by extension 'ignore_ament_install'
[0.316s] Level 1:colcon.colcon_core.package_identification:_identify(rtabmap_ros/rtabmap_sync) by extensions ['colcon_pkg']
[0.316s] Level 1:colcon.colcon_core.package_identification:_identify(rtabmap_ros/rtabmap_sync) by extension 'colcon_pkg'
[0.316s] Level 1:colcon.colcon_core.package_identification:_identify(rtabmap_ros/rtabmap_sync) by extensions ['colcon_meta']
[0.316s] Level 1:colcon.colcon_core.package_identification:_identify(rtabmap_ros/rtabmap_sync) by extension 'colcon_meta'
[0.316s] Level 1:colcon.colcon_core.package_identification:_identify(rtabmap_ros/rtabmap_sync) by extensions ['ros']
[0.316s] Level 1:colcon.colcon_core.package_identification:_identify(rtabmap_ros/rtabmap_sync) by extension 'ros'
[0.318s] DEBUG:colcon.colcon_core.package_identification:Package 'rtabmap_ros/rtabmap_sync' with type 'ros.ament_cmake' and name 'rtabmap_sync'
[0.318s] Level 1:colcon.colcon_core.package_identification:_identify(rtabmap_ros/rtabmap_util) by extensions ['ignore', 'ignore_ament_install']
[0.318s] Level 1:colcon.colcon_core.package_identification:_identify(rtabmap_ros/rtabmap_util) by extension 'ignore'
[0.319s] Level 1:colcon.colcon_core.package_identification:_identify(rtabmap_ros/rtabmap_util) by extension 'ignore_ament_install'
[0.319s] Level 1:colcon.colcon_core.package_identification:_identify(rtabmap_ros/rtabmap_util) by extensions ['colcon_pkg']
[0.319s] Level 1:colcon.colcon_core.package_identification:_identify(rtabmap_ros/rtabmap_util) by extension 'colcon_pkg'
[0.319s] Level 1:colcon.colcon_core.package_identification:_identify(rtabmap_ros/rtabmap_util) by extensions ['colcon_meta']
[0.319s] Level 1:colcon.colcon_core.package_identification:_identify(rtabmap_ros/rtabmap_util) by extension 'colcon_meta'
[0.319s] Level 1:colcon.colcon_core.package_identification:_identify(rtabmap_ros/rtabmap_util) by extensions ['ros']
[0.319s] Level 1:colcon.colcon_core.package_identification:_identify(rtabmap_ros/rtabmap_util) by extension 'ros'
[0.322s] DEBUG:colcon.colcon_core.package_identification:Package 'rtabmap_ros/rtabmap_util' with type 'ros.ament_cmake' and name 'rtabmap_util'
[0.322s] Level 1:colcon.colcon_core.package_identification:_identify(rtabmap_ros/rtabmap_viz) by extensions ['ignore', 'ignore_ament_install']
[0.322s] Level 1:colcon.colcon_core.package_identification:_identify(rtabmap_ros/rtabmap_viz) by extension 'ignore'
[0.323s] Level 1:colcon.colcon_core.package_identification:_identify(rtabmap_ros/rtabmap_viz) by extension 'ignore_ament_install'
[0.323s] Level 1:colcon.colcon_core.package_identification:_identify(rtabmap_ros/rtabmap_viz) by extensions ['colcon_pkg']
[0.323s] Level 1:colcon.colcon_core.package_identification:_identify(rtabmap_ros/rtabmap_viz) by extension 'colcon_pkg'
[0.323s] Level 1:colcon.colcon_core.package_identification:_identify(rtabmap_ros/rtabmap_viz) by extensions ['colcon_meta']
[0.323s] Level 1:colcon.colcon_core.package_identification:_identify(rtabmap_ros/rtabmap_viz) by extension 'colcon_meta'
[0.323s] Level 1:colcon.colcon_core.package_identification:_identify(rtabmap_ros/rtabmap_viz) by extensions ['ros']
[0.323s] Level 1:colcon.colcon_core.package_identification:_identify(rtabmap_ros/rtabmap_viz) by extension 'ros'
[0.325s] DEBUG:colcon.colcon_core.package_identification:Package 'rtabmap_ros/rtabmap_viz' with type 'ros.ament_cmake' and name 'rtabmap_viz'
[0.325s] Level 1:colcon.colcon_core.package_identification:_identify(sdv_scripts) by extensions ['ignore', 'ignore_ament_install']
[0.325s] Level 1:colcon.colcon_core.package_identification:_identify(sdv_scripts) by extension 'ignore'
[0.325s] Level 1:colcon.colcon_core.package_identification:_identify(sdv_scripts) by extension 'ignore_ament_install'
[0.326s] Level 1:colcon.colcon_core.package_identification:_identify(sdv_scripts) by extensions ['colcon_pkg']
[0.326s] Level 1:colcon.colcon_core.package_identification:_identify(sdv_scripts) by extension 'colcon_pkg'
[0.326s] Level 1:colcon.colcon_core.package_identification:_identify(sdv_scripts) by extensions ['colcon_meta']
[0.326s] Level 1:colcon.colcon_core.package_identification:_identify(sdv_scripts) by extension 'colcon_meta'
[0.326s] Level 1:colcon.colcon_core.package_identification:_identify(sdv_scripts) by extensions ['ros']
[0.326s] Level 1:colcon.colcon_core.package_identification:_identify(sdv_scripts) by extension 'ros'
[0.327s] DEBUG:colcon.colcon_core.package_identification:Package 'sdv_scripts' with type 'ros.catkin' and name 'sdv_scripts'
[0.327s] Level 1:colcon.colcon_core.package_identification:_identify(sdv_un_ros) by extensions ['ignore', 'ignore_ament_install']
[0.327s] Level 1:colcon.colcon_core.package_identification:_identify(sdv_un_ros) by extension 'ignore'
[0.327s] Level 1:colcon.colcon_core.package_identification:_identify(sdv_un_ros) by extension 'ignore_ament_install'
[0.327s] Level 1:colcon.colcon_core.package_identification:_identify(sdv_un_ros) by extensions ['colcon_pkg']
[0.327s] Level 1:colcon.colcon_core.package_identification:_identify(sdv_un_ros) by extension 'colcon_pkg'
[0.327s] Level 1:colcon.colcon_core.package_identification:_identify(sdv_un_ros) by extensions ['colcon_meta']
[0.328s] Level 1:colcon.colcon_core.package_identification:_identify(sdv_un_ros) by extension 'colcon_meta'
[0.328s] Level 1:colcon.colcon_core.package_identification:_identify(sdv_un_ros) by extensions ['ros']
[0.328s] Level 1:colcon.colcon_core.package_identification:_identify(sdv_un_ros) by extension 'ros'
[0.328s] Level 1:colcon.colcon_core.package_identification:_identify(sdv_un_ros) by extensions ['cmake', 'python']
[0.328s] Level 1:colcon.colcon_core.package_identification:_identify(sdv_un_ros) by extension 'cmake'
[0.328s] Level 1:colcon.colcon_core.package_identification:_identify(sdv_un_ros) by extension 'python'
[0.328s] Level 1:colcon.colcon_core.package_identification:_identify(sdv_un_ros) by extensions ['python_setup_py']
[0.328s] Level 1:colcon.colcon_core.package_identification:_identify(sdv_un_ros) by extension 'python_setup_py'
[0.328s] Level 1:colcon.colcon_core.package_identification:_identify(sdv_un_ros/sdv_joystick) by extensions ['ignore', 'ignore_ament_install']
[0.328s] Level 1:colcon.colcon_core.package_identification:_identify(sdv_un_ros/sdv_joystick) by extension 'ignore'
[0.328s] Level 1:colcon.colcon_core.package_identification:_identify(sdv_un_ros/sdv_joystick) by extension 'ignore_ament_install'
[0.329s] Level 1:colcon.colcon_core.package_identification:_identify(sdv_un_ros/sdv_joystick) by extensions ['colcon_pkg']
[0.329s] Level 1:colcon.colcon_core.package_identification:_identify(sdv_un_ros/sdv_joystick) by extension 'colcon_pkg'
[0.329s] Level 1:colcon.colcon_core.package_identification:_identify(sdv_un_ros/sdv_joystick) by extensions ['colcon_meta']
[0.329s] Level 1:colcon.colcon_core.package_identification:_identify(sdv_un_ros/sdv_joystick) by extension 'colcon_meta'
[0.329s] Level 1:colcon.colcon_core.package_identification:_identify(sdv_un_ros/sdv_joystick) by extensions ['ros']
[0.329s] Level 1:colcon.colcon_core.package_identification:_identify(sdv_un_ros/sdv_joystick) by extension 'ros'
[0.330s] DEBUG:colcon.colcon_core.package_identification:Package 'sdv_un_ros/sdv_joystick' with type 'ros.catkin' and name 'sdv_joystick'
[0.330s] Level 1:colcon.colcon_core.package_identification:_identify(sdv_un_ros/sdv_msgs) by extensions ['ignore', 'ignore_ament_install']
[0.330s] Level 1:colcon.colcon_core.package_identification:_identify(sdv_un_ros/sdv_msgs) by extension 'ignore'
[0.330s] Level 1:colcon.colcon_core.package_identification:_identify(sdv_un_ros/sdv_msgs) by extension 'ignore_ament_install'
[0.330s] Level 1:colcon.colcon_core.package_identification:_identify(sdv_un_ros/sdv_msgs) by extensions ['colcon_pkg']
[0.331s] Level 1:colcon.colcon_core.package_identification:_identify(sdv_un_ros/sdv_msgs) by extension 'colcon_pkg'
[0.331s] Level 1:colcon.colcon_core.package_identification:_identify(sdv_un_ros/sdv_msgs) by extensions ['colcon_meta']
[0.331s] Level 1:colcon.colcon_core.package_identification:_identify(sdv_un_ros/sdv_msgs) by extension 'colcon_meta'
[0.331s] Level 1:colcon.colcon_core.package_identification:_identify(sdv_un_ros/sdv_msgs) by extensions ['ros']
[0.331s] Level 1:colcon.colcon_core.package_identification:_identify(sdv_un_ros/sdv_msgs) by extension 'ros'
[0.332s] DEBUG:colcon.colcon_core.package_identification:Package 'sdv_un_ros/sdv_msgs' with type 'ros.ament_cmake' and name 'sdv_msgs'
[0.332s] Level 1:colcon.colcon_core.package_identification:_identify(sdv_un_ros/sdv_nav) by extensions ['ignore', 'ignore_ament_install']
[0.332s] Level 1:colcon.colcon_core.package_identification:_identify(sdv_un_ros/sdv_nav) by extension 'ignore'
[0.332s] Level 1:colcon.colcon_core.package_identification:_identify(sdv_un_ros/sdv_nav) by extension 'ignore_ament_install'
[0.333s] Level 1:colcon.colcon_core.package_identification:_identify(sdv_un_ros/sdv_nav) by extensions ['colcon_pkg']
[0.333s] Level 1:colcon.colcon_core.package_identification:_identify(sdv_un_ros/sdv_nav) by extension 'colcon_pkg'
[0.333s] Level 1:colcon.colcon_core.package_identification:_identify(sdv_un_ros/sdv_nav) by extensions ['colcon_meta']
[0.333s] Level 1:colcon.colcon_core.package_identification:_identify(sdv_un_ros/sdv_nav) by extension 'colcon_meta'
[0.333s] Level 1:colcon.colcon_core.package_identification:_identify(sdv_un_ros/sdv_nav) by extensions ['ros']
[0.333s] Level 1:colcon.colcon_core.package_identification:_identify(sdv_un_ros/sdv_nav) by extension 'ros'
[0.334s] DEBUG:colcon.colcon_core.package_identification:Package 'sdv_un_ros/sdv_nav' with type 'ros.catkin' and name 'sdv_nav'
[0.334s] Level 1:colcon.colcon_core.package_identification:_identify(sdv_un_ros/sdv_platform) by extensions ['ignore', 'ignore_ament_install']
[0.334s] Level 1:colcon.colcon_core.package_identification:_identify(sdv_un_ros/sdv_platform) by extension 'ignore'
[0.334s] Level 1:colcon.colcon_core.package_identification:_identify(sdv_un_ros/sdv_platform) by extension 'ignore_ament_install'
[0.335s] Level 1:colcon.colcon_core.package_identification:_identify(sdv_un_ros/sdv_platform) by extensions ['colcon_pkg']
[0.335s] Level 1:colcon.colcon_core.package_identification:_identify(sdv_un_ros/sdv_platform) by extension 'colcon_pkg'
[0.335s] Level 1:colcon.colcon_core.package_identification:_identify(sdv_un_ros/sdv_platform) by extensions ['colcon_meta']
[0.335s] Level 1:colcon.colcon_core.package_identification:_identify(sdv_un_ros/sdv_platform) by extension 'colcon_meta'
[0.335s] Level 1:colcon.colcon_core.package_identification:_identify(sdv_un_ros/sdv_platform) by extensions ['ros']
[0.335s] Level 1:colcon.colcon_core.package_identification:_identify(sdv_un_ros/sdv_platform) by extension 'ros'
[0.336s] DEBUG:colcon.colcon_core.package_identification:Package 'sdv_un_ros/sdv_platform' with type 'ros.catkin' and name 'sdv_platform'
[0.336s] Level 1:colcon.colcon_core.package_identification:_identify(sdv_un_ros/sdv_process) by extensions ['ignore', 'ignore_ament_install']
[0.336s] Level 1:colcon.colcon_core.package_identification:_identify(sdv_un_ros/sdv_process) by extension 'ignore'
[0.336s] Level 1:colcon.colcon_core.package_identification:_identify(sdv_un_ros/sdv_process) by extension 'ignore_ament_install'
[0.336s] Level 1:colcon.colcon_core.package_identification:_identify(sdv_un_ros/sdv_process) by extensions ['colcon_pkg']
[0.336s] Level 1:colcon.colcon_core.package_identification:_identify(sdv_un_ros/sdv_process) by extension 'colcon_pkg'
[0.336s] Level 1:colcon.colcon_core.package_identification:_identify(sdv_un_ros/sdv_process) by extensions ['colcon_meta']
[0.337s] Level 1:colcon.colcon_core.package_identification:_identify(sdv_un_ros/sdv_process) by extension 'colcon_meta'
[0.337s] Level 1:colcon.colcon_core.package_identification:_identify(sdv_un_ros/sdv_process) by extensions ['ros']
[0.337s] Level 1:colcon.colcon_core.package_identification:_identify(sdv_un_ros/sdv_process) by extension 'ros'
[0.338s] DEBUG:colcon.colcon_core.package_identification:Package 'sdv_un_ros/sdv_process' with type 'ros.catkin' and name 'sdv_process'
[0.338s] Level 1:colcon.colcon_core.package_identification:_identify(sdv_un_ros/sdv_serial) by extensions ['ignore', 'ignore_ament_install']
[0.339s] Level 1:colcon.colcon_core.package_identification:_identify(sdv_un_ros/sdv_serial) by extension 'ignore'
[0.339s] Level 1:colcon.colcon_core.package_identification:_identify(sdv_un_ros/sdv_serial) by extension 'ignore_ament_install'
[0.339s] Level 1:colcon.colcon_core.package_identification:_identify(sdv_un_ros/sdv_serial) by extensions ['colcon_pkg']
[0.339s] Level 1:colcon.colcon_core.package_identification:_identify(sdv_un_ros/sdv_serial) by extension 'colcon_pkg'
[0.339s] Level 1:colcon.colcon_core.package_identification:_identify(sdv_un_ros/sdv_serial) by extensions ['colcon_meta']
[0.339s] Level 1:colcon.colcon_core.package_identification:_identify(sdv_un_ros/sdv_serial) by extension 'colcon_meta'
[0.339s] Level 1:colcon.colcon_core.package_identification:_identify(sdv_un_ros/sdv_serial) by extensions ['ros']
[0.339s] Level 1:colcon.colcon_core.package_identification:_identify(sdv_un_ros/sdv_serial) by extension 'ros'
[0.340s] DEBUG:colcon.colcon_core.package_identification:Package 'sdv_un_ros/sdv_serial' with type 'ros.catkin' and name 'sdv_serial'
[0.341s] Level 1:colcon.colcon_core.package_identification:_identify(sdv_un_ros/sdv_un_ros) by extensions ['ignore', 'ignore_ament_install']
[0.341s] Level 1:colcon.colcon_core.package_identification:_identify(sdv_un_ros/sdv_un_ros) by extension 'ignore'
[0.341s] Level 1:colcon.colcon_core.package_identification:_identify(sdv_un_ros/sdv_un_ros) by extension 'ignore_ament_install'
[0.341s] Level 1:colcon.colcon_core.package_identification:_identify(sdv_un_ros/sdv_un_ros) by extensions ['colcon_pkg']
[0.341s] Level 1:colcon.colcon_core.package_identification:_identify(sdv_un_ros/sdv_un_ros) by extension 'colcon_pkg'
[0.341s] Level 1:colcon.colcon_core.package_identification:_identify(sdv_un_ros/sdv_un_ros) by extensions ['colcon_meta']
[0.341s] Level 1:colcon.colcon_core.package_identification:_identify(sdv_un_ros/sdv_un_ros) by extension 'colcon_meta'
[0.341s] Level 1:colcon.colcon_core.package_identification:_identify(sdv_un_ros/sdv_un_ros) by extensions ['ros']
[0.342s] Level 1:colcon.colcon_core.package_identification:_identify(sdv_un_ros/sdv_un_ros) by extension 'ros'
[0.343s] DEBUG:colcon.colcon_core.package_identification:Package 'sdv_un_ros/sdv_un_ros' with type 'ros.catkin' and name 'sdv_un_ros'
[0.343s] Level 1:colcon.colcon_core.package_discovery:discover_packages(recursive) using defaults
[0.343s] Level 1:colcon.colcon_core.package_discovery:discover_packages(ignore) discover
[0.343s] Level 1:colcon.colcon_core.package_discovery:discover_packages(ignore) using defaults
[0.343s] Level 1:colcon.colcon_core.package_discovery:discover_packages(path) discover
[0.343s] Level 1:colcon.colcon_core.package_discovery:discover_packages(path) using defaults
[0.392s] INFO:colcon.colcon_core.package_selection:Skipping not selected package 'rtabmap_msgs' in 'rtabmap_ros/rtabmap_msgs'
[0.392s] INFO:colcon.colcon_core.package_selection:Skipping not selected package 'rtabmap_python' in 'rtabmap_ros/rtabmap_python'
[0.392s] INFO:colcon.colcon_core.package_selection:Skipping not selected package 'sdv_joystick' in 'sdv_un_ros/sdv_joystick'
[0.392s] INFO:colcon.colcon_core.package_selection:Skipping not selected package 'sdv_platform' in 'sdv_un_ros/sdv_platform'
[0.392s] INFO:colcon.colcon_core.package_selection:Skipping not selected package 'sdv_process' in 'sdv_un_ros/sdv_process'
[0.392s] INFO:colcon.colcon_core.package_selection:Skipping not selected package 'rtabmap_conversions' in 'rtabmap_ros/rtabmap_conversions'
[0.392s] INFO:colcon.colcon_core.package_selection:Skipping not selected package 'sdv_scripts' in 'sdv_scripts'
[0.392s] INFO:colcon.colcon_core.package_selection:Skipping not selected package 'sdv_serial' in 'sdv_un_ros/sdv_serial'
[0.392s] INFO:colcon.colcon_core.package_selection:Skipping not selected package 'rtabmap_rviz_plugins' in 'rtabmap_ros/rtabmap_rviz_plugins'
[0.392s] INFO:colcon.colcon_core.package_selection:Skipping not selected package 'rtabmap_sync' in 'rtabmap_ros/rtabmap_sync'
[0.392s] INFO:colcon.colcon_core.package_selection:Skipping not selected package 'rtabmap_util' in 'rtabmap_ros/rtabmap_util'
[0.393s] INFO:colcon.colcon_core.package_selection:Skipping not selected package 'sdv_nav' in 'sdv_un_ros/sdv_nav'
[0.393s] INFO:colcon.colcon_core.package_selection:Skipping not selected package 'rtabmap_odom' in 'rtabmap_ros/rtabmap_odom'
[0.393s] INFO:colcon.colcon_core.package_selection:Skipping not selected package 'rtabmap_slam' in 'rtabmap_ros/rtabmap_slam'
[0.393s] INFO:colcon.colcon_core.package_selection:Skipping not selected package 'rtabmap_viz' in 'rtabmap_ros/rtabmap_viz'
[0.393s] INFO:colcon.colcon_core.package_selection:Skipping not selected package 'sdv_un_ros' in 'sdv_un_ros/sdv_un_ros'
[0.393s] INFO:colcon.colcon_core.package_selection:Skipping not selected package 'rtabmap_demos' in 'rtabmap_ros/rtabmap_demos'
[0.393s] INFO:colcon.colcon_core.package_selection:Skipping not selected package 'rtabmap_examples' in 'rtabmap_ros/rtabmap_examples'
[0.393s] INFO:colcon.colcon_core.package_selection:Skipping not selected package 'rtabmap_launch' in 'rtabmap_ros/rtabmap_launch'
[0.393s] INFO:colcon.colcon_core.package_selection:Skipping not selected package 'rtabmap_ros' in 'rtabmap_ros/rtabmap_ros'
[0.394s] Level 1:colcon.colcon_core.package_discovery:discover_packages(prefix_path) check parameters
[0.394s] Level 1:colcon.colcon_core.package_discovery:discover_packages(prefix_path) discover
[0.400s] DEBUG:colcon.colcon_installed_package_information.package_discovery:Found 374 installed packages in /opt/ros/jazzy
[0.402s] Level 1:colcon.colcon_core.package_discovery:discover_packages(prefix_path) using defaults
[0.493s] Level 5:colcon.colcon_core.verb:set package 'sdv_msgs' build argument 'cmake_args' from command line to 'None'
[0.493s] Level 5:colcon.colcon_core.verb:set package 'sdv_msgs' build argument 'cmake_target' from command line to 'None'
[0.493s] Level 5:colcon.colcon_core.verb:set package 'sdv_msgs' build argument 'cmake_target_skip_unavailable' from command line to 'False'
[0.493s] Level 5:colcon.colcon_core.verb:set package 'sdv_msgs' build argument 'cmake_clean_cache' from command line to 'False'
[0.493s] Level 5:colcon.colcon_core.verb:set package 'sdv_msgs' build argument 'cmake_clean_first' from command line to 'False'
[0.493s] Level 5:colcon.colcon_core.verb:set package 'sdv_msgs' build argument 'cmake_force_configure' from command line to 'False'
[0.493s] Level 5:colcon.colcon_core.verb:set package 'sdv_msgs' build argument 'ament_cmake_args' from command line to 'None'
[0.493s] Level 5:colcon.colcon_core.verb:set package 'sdv_msgs' build argument 'catkin_cmake_args' from command line to 'None'
[0.493s] Level 5:colcon.colcon_core.verb:set package 'sdv_msgs' build argument 'catkin_skip_building_tests' from command line to 'False'
[0.493s] DEBUG:colcon.colcon_core.verb:Building package 'sdv_msgs' with the following arguments: {'ament_cmake_args': None, 'build_base': '/home/cafsanchezdi/sdv_un_ros2_ws/src/build/sdv_msgs', 'catkin_cmake_args': None, 'catkin_skip_building_tests': False, 'cmake_args': None, 'cmake_clean_cache': False, 'cmake_clean_first': False, 'cmake_force_configure': False, 'cmake_target': None, 'cmake_target_skip_unavailable': False, 'install_base': '/home/cafsanchezdi/sdv_un_ros2_ws/src/install/sdv_msgs', 'merge_install': False, 'path': '/home/cafsanchezdi/sdv_un_ros2_ws/src/sdv_un_ros/sdv_msgs', 'symlink_install': True, 'test_result_base': None}
[0.494s] INFO:colcon.colcon_core.executor:Executing jobs using 'parallel' executor
[0.495s] DEBUG:colcon.colcon_parallel_executor.executor.parallel:run_until_complete
[0.495s] INFO:colcon.colcon_ros.task.ament_cmake.build:Building ROS package in '/home/cafsanchezdi/sdv_un_ros2_ws/src/sdv_un_ros/sdv_msgs' with build type 'ament_cmake'
[0.495s] INFO:colcon.colcon_cmake.task.cmake.build:Building CMake package in '/home/cafsanchezdi/sdv_un_ros2_ws/src/sdv_un_ros/sdv_msgs'
[0.499s] INFO:colcon.colcon_core.plugin_system:Skipping extension 'colcon_core.shell.bat': Not used on non-Windows systems
[0.499s] INFO:colcon.colcon_core.shell:Skip shell extension 'powershell' for command environment: Not usable outside of PowerShell
[0.499s] DEBUG:colcon.colcon_core.shell:Skip shell extension 'dsv' for command environment
[0.516s] DEBUG:colcon.colcon_core.event_handler.log_command:Invoking command in '/home/cafsanchezdi/sdv_un_ros2_ws/src/build/sdv_msgs': CMAKE_PREFIX_PATH=${CMAKE_PREFIX_PATH}:/opt/ros/jazzy DEBUGINFOD_URLS=https://debuginfod.ubuntu.com /usr/bin/cmake /home/cafsanchezdi/sdv_un_ros2_ws/src/sdv_un_ros/sdv_msgs -DAMENT_CMAKE_SYMLINK_INSTALL=1 -DCMAKE_INSTALL_PREFIX=/home/cafsanchezdi/sdv_un_ros2_ws/src/install/sdv_msgs
[8.630s] DEBUG:colcon.colcon_core.event_handler.log_command:Invoked command in '/home/cafsanchezdi/sdv_un_ros2_ws/src/build/sdv_msgs' returned '0': CMAKE_PREFIX_PATH=${CMAKE_PREFIX_PATH}:/opt/ros/jazzy DEBUGINFOD_URLS=https://debuginfod.ubuntu.com /usr/bin/cmake /home/cafsanchezdi/sdv_un_ros2_ws/src/sdv_un_ros/sdv_msgs -DAMENT_CMAKE_SYMLINK_INSTALL=1 -DCMAKE_INSTALL_PREFIX=/home/cafsanchezdi/sdv_un_ros2_ws/src/install/sdv_msgs
[8.632s] DEBUG:colcon.colcon_core.event_handler.log_command:Invoking command in '/home/cafsanchezdi/sdv_un_ros2_ws/src/build/sdv_msgs': CMAKE_PREFIX_PATH=${CMAKE_PREFIX_PATH}:/opt/ros/jazzy DEBUGINFOD_URLS=https://debuginfod.ubuntu.com /usr/bin/cmake --build /home/cafsanchezdi/sdv_un_ros2_ws/src/build/sdv_msgs -- -j8 -l8
[39.027s] DEBUG:colcon.colcon_core.event_handler.log_command:Invoked command in '/home/cafsanchezdi/sdv_un_ros2_ws/src/build/sdv_msgs' returned '0': CMAKE_PREFIX_PATH=${CMAKE_PREFIX_PATH}:/opt/ros/jazzy DEBUGINFOD_URLS=https://debuginfod.ubuntu.com /usr/bin/cmake --build /home/cafsanchezdi/sdv_un_ros2_ws/src/build/sdv_msgs -- -j8 -l8
[39.052s] DEBUG:colcon.colcon_core.event_handler.log_command:Invoking command in '/home/cafsanchezdi/sdv_un_ros2_ws/src/build/sdv_msgs': CMAKE_PREFIX_PATH=${CMAKE_PREFIX_PATH}:/opt/ros/jazzy DEBUGINFOD_URLS=https://debuginfod.ubuntu.com /usr/bin/cmake --install /home/cafsanchezdi/sdv_un_ros2_ws/src/build/sdv_msgs
[45.889s] Level 1:colcon.colcon_core.environment:create_environment_scripts_only(sdv_msgs)
[45.890s] DEBUG:colcon.colcon_core.event_handler.log_command:Invoked command in '/home/cafsanchezdi/sdv_un_ros2_ws/src/build/sdv_msgs' returned '0': CMAKE_PREFIX_PATH=${CMAKE_PREFIX_PATH}:/opt/ros/jazzy DEBUGINFOD_URLS=https://debuginfod.ubuntu.com /usr/bin/cmake --install /home/cafsanchezdi/sdv_un_ros2_ws/src/build/sdv_msgs
[45.914s] Level 1:colcon.colcon_core.environment:checking '/home/cafsanchezdi/sdv_un_ros2_ws/src/install/sdv_msgs' for CMake module files
[45.916s] Level 1:colcon.colcon_core.environment:checking '/home/cafsanchezdi/sdv_un_ros2_ws/src/install/sdv_msgs' for CMake config files
[45.921s] Level 1:colcon.colcon_core.shell:create_environment_hook('sdv_msgs', 'cmake_prefix_path')
[45.922s] INFO:colcon.colcon_core.shell:Creating environment hook '/home/cafsanchezdi/sdv_un_ros2_ws/src/install/sdv_msgs/share/sdv_msgs/hook/cmake_prefix_path.ps1'
[45.925s] INFO:colcon.colcon_core.shell:Creating environment descriptor '/home/cafsanchezdi/sdv_un_ros2_ws/src/install/sdv_msgs/share/sdv_msgs/hook/cmake_prefix_path.dsv'
[45.929s] INFO:colcon.colcon_core.shell:Creating environment hook '/home/cafsanchezdi/sdv_un_ros2_ws/src/install/sdv_msgs/share/sdv_msgs/hook/cmake_prefix_path.sh'
[45.933s] Level 1:colcon.colcon_core.environment:checking '/home/cafsanchezdi/sdv_un_ros2_ws/src/install/sdv_msgs/lib'
[45.934s] Level 1:colcon.colcon_core.shell:create_environment_hook('sdv_msgs', 'ld_library_path_lib')
[45.934s] INFO:colcon.colcon_core.shell:Creating environment hook '/home/cafsanchezdi/sdv_un_ros2_ws/src/install/sdv_msgs/share/sdv_msgs/hook/ld_library_path_lib.ps1'
[45.936s] INFO:colcon.colcon_core.shell:Creating environment descriptor '/home/cafsanchezdi/sdv_un_ros2_ws/src/install/sdv_msgs/share/sdv_msgs/hook/ld_library_path_lib.dsv'
[45.938s] INFO:colcon.colcon_core.shell:Creating environment hook '/home/cafsanchezdi/sdv_un_ros2_ws/src/install/sdv_msgs/share/sdv_msgs/hook/ld_library_path_lib.sh'
[45.939s] Level 1:colcon.colcon_core.environment:checking '/home/cafsanchezdi/sdv_un_ros2_ws/src/install/sdv_msgs/bin'
[45.940s] Level 1:colcon.colcon_core.environment:checking '/home/cafsanchezdi/sdv_un_ros2_ws/src/install/sdv_msgs/lib/pkgconfig/sdv_msgs.pc'
[45.941s] Level 1:colcon.colcon_core.environment:checking '/home/cafsanchezdi/sdv_un_ros2_ws/src/install/sdv_msgs/lib/python3.12/site-packages'
[45.941s] Level 1:colcon.colcon_core.shell:create_environment_hook('sdv_msgs', 'pythonpath')
[45.942s] INFO:colcon.colcon_core.shell:Creating environment hook '/home/cafsanchezdi/sdv_un_ros2_ws/src/install/sdv_msgs/share/sdv_msgs/hook/pythonpath.ps1'
[45.944s] INFO:colcon.colcon_core.shell:Creating environment descriptor '/home/cafsanchezdi/sdv_un_ros2_ws/src/install/sdv_msgs/share/sdv_msgs/hook/pythonpath.dsv'
[45.944s] INFO:colcon.colcon_core.shell:Creating environment hook '/home/cafsanchezdi/sdv_un_ros2_ws/src/install/sdv_msgs/share/sdv_msgs/hook/pythonpath.sh'
[45.946s] Level 1:colcon.colcon_core.environment:checking '/home/cafsanchezdi/sdv_un_ros2_ws/src/install/sdv_msgs/bin'
[45.946s] INFO:colcon.colcon_core.shell:Creating package script '/home/cafsanchezdi/sdv_un_ros2_ws/src/install/sdv_msgs/share/sdv_msgs/package.ps1'
[45.948s] INFO:colcon.colcon_core.shell:Creating package descriptor '/home/cafsanchezdi/sdv_un_ros2_ws/src/install/sdv_msgs/share/sdv_msgs/package.dsv'
[45.949s] INFO:colcon.colcon_core.shell:Creating package script '/home/cafsanchezdi/sdv_un_ros2_ws/src/install/sdv_msgs/share/sdv_msgs/package.sh'
[45.950s] INFO:colcon.colcon_core.shell:Creating package script '/home/cafsanchezdi/sdv_un_ros2_ws/src/install/sdv_msgs/share/sdv_msgs/package.bash'
[45.952s] INFO:colcon.colcon_core.shell:Creating package script '/home/cafsanchezdi/sdv_un_ros2_ws/src/install/sdv_msgs/share/sdv_msgs/package.zsh'
[45.953s] Level 1:colcon.colcon_core.environment:create_file_with_runtime_dependencies(/home/cafsanchezdi/sdv_un_ros2_ws/src/install/sdv_msgs/share/colcon-core/packages/sdv_msgs)
[45.954s] Level 1:colcon.colcon_core.environment:create_environment_scripts_only(sdv_msgs)
[45.954s] Level 1:colcon.colcon_core.environment:checking '/home/cafsanchezdi/sdv_un_ros2_ws/src/install/sdv_msgs' for CMake module files
[45.956s] Level 1:colcon.colcon_core.environment:checking '/home/cafsanchezdi/sdv_un_ros2_ws/src/install/sdv_msgs' for CMake config files
[45.958s] Level 1:colcon.colcon_core.shell:create_environment_hook('sdv_msgs', 'cmake_prefix_path')
[45.959s] INFO:colcon.colcon_core.shell:Creating environment hook '/home/cafsanchezdi/sdv_un_ros2_ws/src/install/sdv_msgs/share/sdv_msgs/hook/cmake_prefix_path.ps1'
[45.959s] INFO:colcon.colcon_core.shell:Creating environment descriptor '/home/cafsanchezdi/sdv_un_ros2_ws/src/install/sdv_msgs/share/sdv_msgs/hook/cmake_prefix_path.dsv'
[45.960s] INFO:colcon.colcon_core.shell:Creating environment hook '/home/cafsanchezdi/sdv_un_ros2_ws/src/install/sdv_msgs/share/sdv_msgs/hook/cmake_prefix_path.sh'
[45.961s] Level 1:colcon.colcon_core.environment:checking '/home/cafsanchezdi/sdv_un_ros2_ws/src/install/sdv_msgs/lib'
[45.961s] Level 1:colcon.colcon_core.shell:create_environment_hook('sdv_msgs', 'ld_library_path_lib')
[45.962s] INFO:colcon.colcon_core.shell:Creating environment hook '/home/cafsanchezdi/sdv_un_ros2_ws/src/install/sdv_msgs/share/sdv_msgs/hook/ld_library_path_lib.ps1'
[45.962s] INFO:colcon.colcon_core.shell:Creating environment descriptor '/home/cafsanchezdi/sdv_un_ros2_ws/src/install/sdv_msgs/share/sdv_msgs/hook/ld_library_path_lib.dsv'
[45.963s] INFO:colcon.colcon_core.shell:Creating environment hook '/home/cafsanchezdi/sdv_un_ros2_ws/src/install/sdv_msgs/share/sdv_msgs/hook/ld_library_path_lib.sh'
[45.964s] Level 1:colcon.colcon_core.environment:checking '/home/cafsanchezdi/sdv_un_ros2_ws/src/install/sdv_msgs/bin'
[45.964s] Level 1:colcon.colcon_core.environment:checking '/home/cafsanchezdi/sdv_un_ros2_ws/src/install/sdv_msgs/lib/pkgconfig/sdv_msgs.pc'
[45.964s] Level 1:colcon.colcon_core.environment:checking '/home/cafsanchezdi/sdv_un_ros2_ws/src/install/sdv_msgs/lib/python3.12/site-packages'
[45.964s] Level 1:colcon.colcon_core.shell:create_environment_hook('sdv_msgs', 'pythonpath')
[45.964s] INFO:colcon.colcon_core.shell:Creating environment hook '/home/cafsanchezdi/sdv_un_ros2_ws/src/install/sdv_msgs/share/sdv_msgs/hook/pythonpath.ps1'
[45.965s] INFO:colcon.colcon_core.shell:Creating environment descriptor '/home/cafsanchezdi/sdv_un_ros2_ws/src/install/sdv_msgs/share/sdv_msgs/hook/pythonpath.dsv'
[45.965s] INFO:colcon.colcon_core.shell:Creating environment hook '/home/cafsanchezdi/sdv_un_ros2_ws/src/install/sdv_msgs/share/sdv_msgs/hook/pythonpath.sh'
[45.966s] Level 1:colcon.colcon_core.environment:checking '/home/cafsanchezdi/sdv_un_ros2_ws/src/install/sdv_msgs/bin'
[45.966s] INFO:colcon.colcon_core.shell:Creating package script '/home/cafsanchezdi/sdv_un_ros2_ws/src/install/sdv_msgs/share/sdv_msgs/package.ps1'
[45.967s] INFO:colcon.colcon_core.shell:Creating package descriptor '/home/cafsanchezdi/sdv_un_ros2_ws/src/install/sdv_msgs/share/sdv_msgs/package.dsv'
[45.968s] INFO:colcon.colcon_core.shell:Creating package script '/home/cafsanchezdi/sdv_un_ros2_ws/src/install/sdv_msgs/share/sdv_msgs/package.sh'
[45.968s] INFO:colcon.colcon_core.shell:Creating package script '/home/cafsanchezdi/sdv_un_ros2_ws/src/install/sdv_msgs/share/sdv_msgs/package.bash'
[45.969s] INFO:colcon.colcon_core.shell:Creating package script '/home/cafsanchezdi/sdv_un_ros2_ws/src/install/sdv_msgs/share/sdv_msgs/package.zsh'
[45.969s] Level 1:colcon.colcon_core.environment:create_file_with_runtime_dependencies(/home/cafsanchezdi/sdv_un_ros2_ws/src/install/sdv_msgs/share/colcon-core/packages/sdv_msgs)
[45.970s] DEBUG:colcon.colcon_parallel_executor.executor.parallel:closing loop
[45.970s] DEBUG:colcon.colcon_parallel_executor.executor.parallel:loop closed
[45.970s] DEBUG:colcon.colcon_parallel_executor.executor.parallel:run_until_complete finished with '0'
[45.970s] DEBUG:colcon.colcon_core.event_reactor:joining thread
[46.041s] INFO:colcon.colcon_core.plugin_system:Skipping extension 'colcon_notification.desktop_notification.terminal_notifier': Not used on non-Darwin systems
[46.041s] INFO:colcon.colcon_core.plugin_system:Skipping extension 'colcon_notification.desktop_notification.win32': Not used on non-Windows systems
[46.041s] INFO:colcon.colcon_notification.desktop_notification:Sending desktop notification using 'notify2'
[46.151s] DEBUG:colcon.colcon_core.event_reactor:joined thread
[46.152s] INFO:colcon.colcon_core.shell:Creating prefix script '/home/cafsanchezdi/sdv_un_ros2_ws/src/install/local_setup.ps1'
[46.156s] INFO:colcon.colcon_core.shell:Creating prefix util module '/home/cafsanchezdi/sdv_un_ros2_ws/src/install/_local_setup_util_ps1.py'
[46.172s] INFO:colcon.colcon_core.shell:Creating prefix chain script '/home/cafsanchezdi/sdv_un_ros2_ws/src/install/setup.ps1'
[46.196s] INFO:colcon.colcon_core.shell:Creating prefix script '/home/cafsanchezdi/sdv_un_ros2_ws/src/install/local_setup.sh'
[46.211s] INFO:colcon.colcon_core.shell:Creating prefix util module '/home/cafsanchezdi/sdv_un_ros2_ws/src/install/_local_setup_util_sh.py'
[46.213s] INFO:colcon.colcon_core.shell:Creating prefix chain script '/home/cafsanchezdi/sdv_un_ros2_ws/src/install/setup.sh'
[46.241s] INFO:colcon.colcon_core.shell:Creating prefix script '/home/cafsanchezdi/sdv_un_ros2_ws/src/install/local_setup.bash'
[46.256s] INFO:colcon.colcon_core.shell:Creating prefix chain script '/home/cafsanchezdi/sdv_un_ros2_ws/src/install/setup.bash'
[46.272s] INFO:colcon.colcon_core.shell:Creating prefix script '/home/cafsanchezdi/sdv_un_ros2_ws/src/install/local_setup.zsh'
[46.289s] INFO:colcon.colcon_core.shell:Creating prefix chain script '/home/cafsanchezdi/sdv_un_ros2_ws/src/install/setup.zsh'
