[0.000000] (-) TimerEvent: {}
[0.001186] (-) JobUnselected: {'identifier': 'rtabmap_conversions'}
[0.001335] (-) JobUnselected: {'identifier': 'rtabmap_demos'}
[0.001476] (-) JobUnselected: {'identifier': 'rtabmap_examples'}
[0.001524] (-) JobUnselected: {'identifier': 'rtabmap_launch'}
[0.001585] (-) JobUnselected: {'identifier': 'rtabmap_msgs'}
[0.001667] (-) JobUnselected: {'identifier': 'rtabmap_odom'}
[0.001714] (-) JobUnselected: {'identifier': 'rtabmap_python'}
[0.001935] (-) JobUnselected: {'identifier': 'rtabmap_ros'}
[0.002042] (-) JobUnselected: {'identifier': 'rtabmap_rviz_plugins'}
[0.002125] (-) JobUnselected: {'identifier': 'rtabmap_slam'}
[0.002175] (-) JobUnselected: {'identifier': 'rtabmap_sync'}
[0.002273] (-) JobUnselected: {'identifier': 'rtabmap_util'}
[0.002319] (-) JobUnselected: {'identifier': 'rtabmap_viz'}
[0.002361] (-) JobUnselected: {'identifier': 'sdv_joystick'}
[0.002410] (-) JobUnselected: {'identifier': 'sdv_msgs'}
[0.002455] (-) JobUnselected: {'identifier': 'sdv_nav'}
[0.002554] (-) JobUnselected: {'identifier': 'sdv_platform'}
[0.002620] (-) JobUnselected: {'identifier': 'sdv_process'}
[0.002664] (-) JobUnselected: {'identifier': 'sdv_serial'}
[0.002773] (-) JobUnselected: {'identifier': 'sdv_un_ros'}
[0.002873] (sdv_scripts) JobQueued: {'identifier': 'sdv_scripts', 'dependencies': OrderedDict({'sdv_msgs': '/home/cafsanchezdi/sdv_un_ros2_ws/src/install/sdv_msgs'})}
[0.003310] (sdv_scripts) JobStarted: {'identifier': 'sdv_scripts'}
[0.021922] (sdv_scripts) JobEnded: {'identifier': 'sdv_scripts', 'rc': 1}
[0.032909] (-) EventReactorShutdown: {}
