[0.000000] (-) TimerEvent: {}
[0.000331] (-) JobUnselected: {'identifier': 'rtabmap_conversions'}
[0.001142] (-) JobUnselected: {'identifier': 'rtabmap_demos'}
[0.001197] (-) JobUnselected: {'identifier': 'rtabmap_examples'}
[0.001258] (-) JobUnselected: {'identifier': 'rtabmap_launch'}
[0.001334] (-) JobUnselected: {'identifier': 'rtabmap_msgs'}
[0.001373] (-) JobUnselected: {'identifier': 'rtabmap_odom'}
[0.001427] (-) JobUnselected: {'identifier': 'rtabmap_python'}
[0.001461] (-) JobUnselected: {'identifier': 'rtabmap_ros'}
[0.001493] (-) JobUnselected: {'identifier': 'rtabmap_rviz_plugins'}
[0.001524] (-) JobUnselected: {'identifier': 'rtabmap_slam'}
[0.001588] (-) JobUnselected: {'identifier': 'rtabmap_sync'}
[0.001658] (-) JobUnselected: {'identifier': 'rtabmap_util'}
[0.001696] (-) JobUnselected: {'identifier': 'rtabmap_viz'}
[0.001729] (-) JobUnselected: {'identifier': 'sdv_joystick'}
[0.001763] (-) JobUnselected: {'identifier': 'sdv_msgs'}
[0.001796] (-) JobUnselected: {'identifier': 'sdv_platform'}
[0.001829] (-) JobUnselected: {'identifier': 'sdv_process'}
[0.001863] (-) JobUnselected: {'identifier': 'sdv_scripts'}
[0.001897] (-) JobUnselected: {'identifier': 'sdv_serial'}
[0.001946] (-) JobUnselected: {'identifier': 'sdv_un_ros'}
[0.001988] (sdv_nav) JobQueued: {'identifier': 'sdv_nav', 'dependencies': OrderedDict({'sdv_msgs': '/home/cafsanchezdi/sdv_un_ros2_ws/src/install/sdv_msgs', 'sdv_scripts': '/home/cafsanchezdi/sdv_un_ros2_ws/src/install/sdv_scripts'})}
[0.002078] (sdv_nav) JobStarted: {'identifier': 'sdv_nav'}
[0.037452] (sdv_nav) JobEnded: {'identifier': 'sdv_nav', 'rc': 1}
[0.048631] (-) EventReactorShutdown: {}
