[0.539s] DEBUG:colcon:Command line arguments: ['/usr/bin/colcon', 'build', '--symlink-install', '--packages-select', 'sdv_nav']
[0.540s] DEBUG:colcon:Parsed command line arguments: Namespace(log_base=None, log_level=None, verb_name='build', build_base='build', install_base='install', merge_install=False, symlink_install=True, test_result_base=None, continue_on_error=False, executor='parallel', parallel_workers=8, event_handlers=None, ignore_user_meta=False, metas=['./colcon.meta'], base_paths=['.'], packages_ignore=None, packages_ignore_regex=None, paths=None, packages_up_to=None, packages_up_to_regex=None, packages_above=None, packages_above_and_dependencies=None, packages_above_depth=None, packages_select_by_dep=None, packages_skip_by_dep=None, packages_skip_up_to=None, packages_select_build_failed=False, packages_skip_build_finished=False, packages_select_test_failures=False, packages_skip_test_passed=False, packages_select=['sdv_nav'], packages_skip=None, packages_select_regex=None, packages_skip_regex=None, packages_start=None, packages_end=None, allow_overriding=[], cmake_args=None, cmake_target=None, cmake_target_skip_unavailable=False, cmake_clean_cache=False, cmake_clean_first=False, cmake_force_configure=False, ament_cmake_args=None, catkin_cmake_args=None, catkin_skip_building_tests=False, mixin_files=None, mixin=None, verb_parser=<colcon_mixin.mixin.mixin_argument.MixinArgumentDecorator object at 0x7e623fb83950>, verb_extension=<colcon_core.verb.build.BuildVerb object at 0x7e623fb83200>, main=<bound method BuildVerb.main of <colcon_core.verb.build.BuildVerb object at 0x7e623fb83200>>, mixin_verb=('build',))
[0.783s] Level 1:colcon.colcon_core.package_discovery:discover_packages(colcon_meta) check parameters
[0.783s] Level 1:colcon.colcon_core.package_discovery:discover_packages(recursive) check parameters
[0.783s] Level 1:colcon.colcon_core.package_discovery:discover_packages(ignore) check parameters
[0.784s] Level 1:colcon.colcon_core.package_discovery:discover_packages(path) check parameters
[0.784s] Level 1:colcon.colcon_core.package_discovery:discover_packages(colcon_meta) discover
[0.784s] Level 1:colcon.colcon_core.package_discovery:discover_packages(recursive) discover
[0.784s] INFO:colcon.colcon_core.package_discovery:Crawling recursively for packages in '/home/cafsanchezdi/sdv_un_ros2_ws/src'
[0.784s] Level 1:colcon.colcon_core.package_identification:_identify(.) by extensions ['ignore', 'ignore_ament_install']
[0.785s] Level 1:colcon.colcon_core.package_identification:_identify(.) by extension 'ignore'
[0.785s] Level 1:colcon.colcon_core.package_identification:_identify(.) by extension 'ignore_ament_install'
[0.785s] Level 1:colcon.colcon_core.package_identification:_identify(.) by extensions ['colcon_pkg']
[0.785s] Level 1:colcon.colcon_core.package_identification:_identify(.) by extension 'colcon_pkg'
[0.786s] Level 1:colcon.colcon_core.package_identification:_identify(.) by extensions ['colcon_meta']
[0.786s] Level 1:colcon.colcon_core.package_identification:_identify(.) by extension 'colcon_meta'
[0.786s] Level 1:colcon.colcon_core.package_identification:_identify(.) by extensions ['ros']
[0.786s] Level 1:colcon.colcon_core.package_identification:_identify(.) by extension 'ros'
[0.903s] Level 1:colcon.colcon_core.package_identification:_identify(.) by extensions ['cmake', 'python']
[0.903s] Level 1:colcon.colcon_core.package_identification:_identify(.) by extension 'cmake'
[0.903s] Level 1:colcon.colcon_core.package_identification:_identify(.) by extension 'python'
[0.903s] Level 1:colcon.colcon_core.package_identification:_identify(.) by extensions ['python_setup_py']
[0.903s] Level 1:colcon.colcon_core.package_identification:_identify(.) by extension 'python_setup_py'
[0.903s] Level 1:colcon.colcon_core.package_identification:_identify(build) by extensions ['ignore', 'ignore_ament_install']
[0.904s] Level 1:colcon.colcon_core.package_identification:_identify(build) by extension 'ignore'
[0.904s] Level 1:colcon.colcon_core.package_identification:_identify(build) ignored
[0.904s] Level 1:colcon.colcon_core.package_identification:_identify(install) by extensions ['ignore', 'ignore_ament_install']
[0.904s] Level 1:colcon.colcon_core.package_identification:_identify(install) by extension 'ignore'
[0.904s] Level 1:colcon.colcon_core.package_identification:_identify(install) ignored
[0.904s] Level 1:colcon.colcon_core.package_identification:_identify(log) by extensions ['ignore', 'ignore_ament_install']
[0.904s] Level 1:colcon.colcon_core.package_identification:_identify(log) by extension 'ignore'
[0.904s] Level 1:colcon.colcon_core.package_identification:_identify(log) ignored
[0.904s] Level 1:colcon.colcon_core.package_identification:_identify(rtabmap_ros) by extensions ['ignore', 'ignore_ament_install']
[0.904s] Level 1:colcon.colcon_core.package_identification:_identify(rtabmap_ros) by extension 'ignore'
[0.904s] Level 1:colcon.colcon_core.package_identification:_identify(rtabmap_ros) by extension 'ignore_ament_install'
[0.905s] Level 1:colcon.colcon_core.package_identification:_identify(rtabmap_ros) by extensions ['colcon_pkg']
[0.905s] Level 1:colcon.colcon_core.package_identification:_identify(rtabmap_ros) by extension 'colcon_pkg'
[0.905s] Level 1:colcon.colcon_core.package_identification:_identify(rtabmap_ros) by extensions ['colcon_meta']
[0.905s] Level 1:colcon.colcon_core.package_identification:_identify(rtabmap_ros) by extension 'colcon_meta'
[0.905s] Level 1:colcon.colcon_core.package_identification:_identify(rtabmap_ros) by extensions ['ros']
[0.905s] Level 1:colcon.colcon_core.package_identification:_identify(rtabmap_ros) by extension 'ros'
[0.905s] Level 1:colcon.colcon_core.package_identification:_identify(rtabmap_ros) by extensions ['cmake', 'python']
[0.905s] Level 1:colcon.colcon_core.package_identification:_identify(rtabmap_ros) by extension 'cmake'
[0.905s] Level 1:colcon.colcon_core.package_identification:_identify(rtabmap_ros) by extension 'python'
[0.905s] Level 1:colcon.colcon_core.package_identification:_identify(rtabmap_ros) by extensions ['python_setup_py']
[0.905s] Level 1:colcon.colcon_core.package_identification:_identify(rtabmap_ros) by extension 'python_setup_py'
[0.905s] Level 1:colcon.colcon_core.package_identification:_identify(rtabmap_ros/docker) by extensions ['ignore', 'ignore_ament_install']
[0.905s] Level 1:colcon.colcon_core.package_identification:_identify(rtabmap_ros/docker) by extension 'ignore'
[0.905s] Level 1:colcon.colcon_core.package_identification:_identify(rtabmap_ros/docker) by extension 'ignore_ament_install'
[0.905s] Level 1:colcon.colcon_core.package_identification:_identify(rtabmap_ros/docker) by extensions ['colcon_pkg']
[0.905s] Level 1:colcon.colcon_core.package_identification:_identify(rtabmap_ros/docker) by extension 'colcon_pkg'
[0.906s] Level 1:colcon.colcon_core.package_identification:_identify(rtabmap_ros/docker) by extensions ['colcon_meta']
[0.906s] Level 1:colcon.colcon_core.package_identification:_identify(rtabmap_ros/docker) by extension 'colcon_meta'
[0.906s] Level 1:colcon.colcon_core.package_identification:_identify(rtabmap_ros/docker) by extensions ['ros']
[0.906s] Level 1:colcon.colcon_core.package_identification:_identify(rtabmap_ros/docker) by extension 'ros'
[0.906s] Level 1:colcon.colcon_core.package_identification:_identify(rtabmap_ros/docker) by extensions ['cmake', 'python']
[0.906s] Level 1:colcon.colcon_core.package_identification:_identify(rtabmap_ros/docker) by extension 'cmake'
[0.906s] Level 1:colcon.colcon_core.package_identification:_identify(rtabmap_ros/docker) by extension 'python'
[0.906s] Level 1:colcon.colcon_core.package_identification:_identify(rtabmap_ros/docker) by extensions ['python_setup_py']
[0.906s] Level 1:colcon.colcon_core.package_identification:_identify(rtabmap_ros/docker) by extension 'python_setup_py'
[0.906s] Level 1:colcon.colcon_core.package_identification:_identify(rtabmap_ros/docker/foxy) by extensions ['ignore', 'ignore_ament_install']
[0.906s] Level 1:colcon.colcon_core.package_identification:_identify(rtabmap_ros/docker/foxy) by extension 'ignore'
[0.906s] Level 1:colcon.colcon_core.package_identification:_identify(rtabmap_ros/docker/foxy) by extension 'ignore_ament_install'
[0.906s] Level 1:colcon.colcon_core.package_identification:_identify(rtabmap_ros/docker/foxy) by extensions ['colcon_pkg']
[0.906s] Level 1:colcon.colcon_core.package_identification:_identify(rtabmap_ros/docker/foxy) by extension 'colcon_pkg'
[0.906s] Level 1:colcon.colcon_core.package_identification:_identify(rtabmap_ros/docker/foxy) by extensions ['colcon_meta']
[0.906s] Level 1:colcon.colcon_core.package_identification:_identify(rtabmap_ros/docker/foxy) by extension 'colcon_meta'
[0.906s] Level 1:colcon.colcon_core.package_identification:_identify(rtabmap_ros/docker/foxy) by extensions ['ros']
[0.907s] Level 1:colcon.colcon_core.package_identification:_identify(rtabmap_ros/docker/foxy) by extension 'ros'
[0.907s] Level 1:colcon.colcon_core.package_identification:_identify(rtabmap_ros/docker/foxy) by extensions ['cmake', 'python']
[0.907s] Level 1:colcon.colcon_core.package_identification:_identify(rtabmap_ros/docker/foxy) by extension 'cmake'
[0.907s] Level 1:colcon.colcon_core.package_identification:_identify(rtabmap_ros/docker/foxy) by extension 'python'
[0.907s] Level 1:colcon.colcon_core.package_identification:_identify(rtabmap_ros/docker/foxy) by extensions ['python_setup_py']
[0.907s] Level 1:colcon.colcon_core.package_identification:_identify(rtabmap_ros/docker/foxy) by extension 'python_setup_py'
[0.907s] Level 1:colcon.colcon_core.package_identification:_identify(rtabmap_ros/docker/foxy/latest) by extensions ['ignore', 'ignore_ament_install']
[0.907s] Level 1:colcon.colcon_core.package_identification:_identify(rtabmap_ros/docker/foxy/latest) by extension 'ignore'
[0.907s] Level 1:colcon.colcon_core.package_identification:_identify(rtabmap_ros/docker/foxy/latest) by extension 'ignore_ament_install'
[0.907s] Level 1:colcon.colcon_core.package_identification:_identify(rtabmap_ros/docker/foxy/latest) by extensions ['colcon_pkg']
[0.907s] Level 1:colcon.colcon_core.package_identification:_identify(rtabmap_ros/docker/foxy/latest) by extension 'colcon_pkg'
[0.907s] Level 1:colcon.colcon_core.package_identification:_identify(rtabmap_ros/docker/foxy/latest) by extensions ['colcon_meta']
[0.907s] Level 1:colcon.colcon_core.package_identification:_identify(rtabmap_ros/docker/foxy/latest) by extension 'colcon_meta'
[0.907s] Level 1:colcon.colcon_core.package_identification:_identify(rtabmap_ros/docker/foxy/latest) by extensions ['ros']
[0.907s] Level 1:colcon.colcon_core.package_identification:_identify(rtabmap_ros/docker/foxy/latest) by extension 'ros'
[0.908s] Level 1:colcon.colcon_core.package_identification:_identify(rtabmap_ros/docker/foxy/latest) by extensions ['cmake', 'python']
[0.908s] Level 1:colcon.colcon_core.package_identification:_identify(rtabmap_ros/docker/foxy/latest) by extension 'cmake'
[0.908s] Level 1:colcon.colcon_core.package_identification:_identify(rtabmap_ros/docker/foxy/latest) by extension 'python'
[0.908s] Level 1:colcon.colcon_core.package_identification:_identify(rtabmap_ros/docker/foxy/latest) by extensions ['python_setup_py']
[0.908s] Level 1:colcon.colcon_core.package_identification:_identify(rtabmap_ros/docker/foxy/latest) by extension 'python_setup_py'
[0.908s] Level 1:colcon.colcon_core.package_identification:_identify(rtabmap_ros/docker/foxy/latest/hooks) by extensions ['ignore', 'ignore_ament_install']
[0.908s] Level 1:colcon.colcon_core.package_identification:_identify(rtabmap_ros/docker/foxy/latest/hooks) by extension 'ignore'
[0.908s] Level 1:colcon.colcon_core.package_identification:_identify(rtabmap_ros/docker/foxy/latest/hooks) by extension 'ignore_ament_install'
[0.908s] Level 1:colcon.colcon_core.package_identification:_identify(rtabmap_ros/docker/foxy/latest/hooks) by extensions ['colcon_pkg']
[0.908s] Level 1:colcon.colcon_core.package_identification:_identify(rtabmap_ros/docker/foxy/latest/hooks) by extension 'colcon_pkg'
[0.909s] Level 1:colcon.colcon_core.package_identification:_identify(rtabmap_ros/docker/foxy/latest/hooks) by extensions ['colcon_meta']
[0.909s] Level 1:colcon.colcon_core.package_identification:_identify(rtabmap_ros/docker/foxy/latest/hooks) by extension 'colcon_meta'
[0.909s] Level 1:colcon.colcon_core.package_identification:_identify(rtabmap_ros/docker/foxy/latest/hooks) by extensions ['ros']
[0.909s] Level 1:colcon.colcon_core.package_identification:_identify(rtabmap_ros/docker/foxy/latest/hooks) by extension 'ros'
[0.909s] Level 1:colcon.colcon_core.package_identification:_identify(rtabmap_ros/docker/foxy/latest/hooks) by extensions ['cmake', 'python']
[0.909s] Level 1:colcon.colcon_core.package_identification:_identify(rtabmap_ros/docker/foxy/latest/hooks) by extension 'cmake'
[0.909s] Level 1:colcon.colcon_core.package_identification:_identify(rtabmap_ros/docker/foxy/latest/hooks) by extension 'python'
[0.909s] Level 1:colcon.colcon_core.package_identification:_identify(rtabmap_ros/docker/foxy/latest/hooks) by extensions ['python_setup_py']
[0.909s] Level 1:colcon.colcon_core.package_identification:_identify(rtabmap_ros/docker/foxy/latest/hooks) by extension 'python_setup_py'
[0.909s] Level 1:colcon.colcon_core.package_identification:_identify(rtabmap_ros/docker/humble) by extensions ['ignore', 'ignore_ament_install']
[0.909s] Level 1:colcon.colcon_core.package_identification:_identify(rtabmap_ros/docker/humble) by extension 'ignore'
[0.909s] Level 1:colcon.colcon_core.package_identification:_identify(rtabmap_ros/docker/humble) by extension 'ignore_ament_install'
[0.910s] Level 1:colcon.colcon_core.package_identification:_identify(rtabmap_ros/docker/humble) by extensions ['colcon_pkg']
[0.910s] Level 1:colcon.colcon_core.package_identification:_identify(rtabmap_ros/docker/humble) by extension 'colcon_pkg'
[0.910s] Level 1:colcon.colcon_core.package_identification:_identify(rtabmap_ros/docker/humble) by extensions ['colcon_meta']
[0.910s] Level 1:colcon.colcon_core.package_identification:_identify(rtabmap_ros/docker/humble) by extension 'colcon_meta'
[0.910s] Level 1:colcon.colcon_core.package_identification:_identify(rtabmap_ros/docker/humble) by extensions ['ros']
[0.910s] Level 1:colcon.colcon_core.package_identification:_identify(rtabmap_ros/docker/humble) by extension 'ros'
[0.910s] Level 1:colcon.colcon_core.package_identification:_identify(rtabmap_ros/docker/humble) by extensions ['cmake', 'python']
[0.910s] Level 1:colcon.colcon_core.package_identification:_identify(rtabmap_ros/docker/humble) by extension 'cmake'
[0.910s] Level 1:colcon.colcon_core.package_identification:_identify(rtabmap_ros/docker/humble) by extension 'python'
[0.910s] Level 1:colcon.colcon_core.package_identification:_identify(rtabmap_ros/docker/humble) by extensions ['python_setup_py']
[0.910s] Level 1:colcon.colcon_core.package_identification:_identify(rtabmap_ros/docker/humble) by extension 'python_setup_py'
[0.910s] Level 1:colcon.colcon_core.package_identification:_identify(rtabmap_ros/docker/humble/latest) by extensions ['ignore', 'ignore_ament_install']
[0.910s] Level 1:colcon.colcon_core.package_identification:_identify(rtabmap_ros/docker/humble/latest) by extension 'ignore'
[0.910s] Level 1:colcon.colcon_core.package_identification:_identify(rtabmap_ros/docker/humble/latest) by extension 'ignore_ament_install'
[0.910s] Level 1:colcon.colcon_core.package_identification:_identify(rtabmap_ros/docker/humble/latest) by extensions ['colcon_pkg']
[0.910s] Level 1:colcon.colcon_core.package_identification:_identify(rtabmap_ros/docker/humble/latest) by extension 'colcon_pkg'
[0.911s] Level 1:colcon.colcon_core.package_identification:_identify(rtabmap_ros/docker/humble/latest) by extensions ['colcon_meta']
[0.911s] Level 1:colcon.colcon_core.package_identification:_identify(rtabmap_ros/docker/humble/latest) by extension 'colcon_meta'
[0.911s] Level 1:colcon.colcon_core.package_identification:_identify(rtabmap_ros/docker/humble/latest) by extensions ['ros']
[0.911s] Level 1:colcon.colcon_core.package_identification:_identify(rtabmap_ros/docker/humble/latest) by extension 'ros'
[0.911s] Level 1:colcon.colcon_core.package_identification:_identify(rtabmap_ros/docker/humble/latest) by extensions ['cmake', 'python']
[0.911s] Level 1:colcon.colcon_core.package_identification:_identify(rtabmap_ros/docker/humble/latest) by extension 'cmake'
[0.911s] Level 1:colcon.colcon_core.package_identification:_identify(rtabmap_ros/docker/humble/latest) by extension 'python'
[0.911s] Level 1:colcon.colcon_core.package_identification:_identify(rtabmap_ros/docker/humble/latest) by extensions ['python_setup_py']
[0.911s] Level 1:colcon.colcon_core.package_identification:_identify(rtabmap_ros/docker/humble/latest) by extension 'python_setup_py'
[0.911s] Level 1:colcon.colcon_core.package_identification:_identify(rtabmap_ros/docker/humble/latest/hooks) by extensions ['ignore', 'ignore_ament_install']
[0.911s] Level 1:colcon.colcon_core.package_identification:_identify(rtabmap_ros/docker/humble/latest/hooks) by extension 'ignore'
[0.911s] Level 1:colcon.colcon_core.package_identification:_identify(rtabmap_ros/docker/humble/latest/hooks) by extension 'ignore_ament_install'
[0.912s] Level 1:colcon.colcon_core.package_identification:_identify(rtabmap_ros/docker/humble/latest/hooks) by extensions ['colcon_pkg']
[0.912s] Level 1:colcon.colcon_core.package_identification:_identify(rtabmap_ros/docker/humble/latest/hooks) by extension 'colcon_pkg'
[0.912s] Level 1:colcon.colcon_core.package_identification:_identify(rtabmap_ros/docker/humble/latest/hooks) by extensions ['colcon_meta']
[0.912s] Level 1:colcon.colcon_core.package_identification:_identify(rtabmap_ros/docker/humble/latest/hooks) by extension 'colcon_meta'
[0.912s] Level 1:colcon.colcon_core.package_identification:_identify(rtabmap_ros/docker/humble/latest/hooks) by extensions ['ros']
[0.912s] Level 1:colcon.colcon_core.package_identification:_identify(rtabmap_ros/docker/humble/latest/hooks) by extension 'ros'
[0.912s] Level 1:colcon.colcon_core.package_identification:_identify(rtabmap_ros/docker/humble/latest/hooks) by extensions ['cmake', 'python']
[0.912s] Level 1:colcon.colcon_core.package_identification:_identify(rtabmap_ros/docker/humble/latest/hooks) by extension 'cmake'
[0.912s] Level 1:colcon.colcon_core.package_identification:_identify(rtabmap_ros/docker/humble/latest/hooks) by extension 'python'
[0.912s] Level 1:colcon.colcon_core.package_identification:_identify(rtabmap_ros/docker/humble/latest/hooks) by extensions ['python_setup_py']
[0.912s] Level 1:colcon.colcon_core.package_identification:_identify(rtabmap_ros/docker/humble/latest/hooks) by extension 'python_setup_py'
[0.912s] Level 1:colcon.colcon_core.package_identification:_identify(rtabmap_ros/docker/indigo) by extensions ['ignore', 'ignore_ament_install']
[0.912s] Level 1:colcon.colcon_core.package_identification:_identify(rtabmap_ros/docker/indigo) by extension 'ignore'
[0.913s] Level 1:colcon.colcon_core.package_identification:_identify(rtabmap_ros/docker/indigo) by extension 'ignore_ament_install'
[0.913s] Level 1:colcon.colcon_core.package_identification:_identify(rtabmap_ros/docker/indigo) by extensions ['colcon_pkg']
[0.913s] Level 1:colcon.colcon_core.package_identification:_identify(rtabmap_ros/docker/indigo) by extension 'colcon_pkg'
[0.913s] Level 1:colcon.colcon_core.package_identification:_identify(rtabmap_ros/docker/indigo) by extensions ['colcon_meta']
[0.913s] Level 1:colcon.colcon_core.package_identification:_identify(rtabmap_ros/docker/indigo) by extension 'colcon_meta'
[0.913s] Level 1:colcon.colcon_core.package_identification:_identify(rtabmap_ros/docker/indigo) by extensions ['ros']
[0.913s] Level 1:colcon.colcon_core.package_identification:_identify(rtabmap_ros/docker/indigo) by extension 'ros'
[0.913s] Level 1:colcon.colcon_core.package_identification:_identify(rtabmap_ros/docker/indigo) by extensions ['cmake', 'python']
[0.913s] Level 1:colcon.colcon_core.package_identification:_identify(rtabmap_ros/docker/indigo) by extension 'cmake'
[0.913s] Level 1:colcon.colcon_core.package_identification:_identify(rtabmap_ros/docker/indigo) by extension 'python'
[0.913s] Level 1:colcon.colcon_core.package_identification:_identify(rtabmap_ros/docker/indigo) by extensions ['python_setup_py']
[0.913s] Level 1:colcon.colcon_core.package_identification:_identify(rtabmap_ros/docker/indigo) by extension 'python_setup_py'
[0.913s] Level 1:colcon.colcon_core.package_identification:_identify(rtabmap_ros/docker/indigo/latest) by extensions ['ignore', 'ignore_ament_install']
[0.913s] Level 1:colcon.colcon_core.package_identification:_identify(rtabmap_ros/docker/indigo/latest) by extension 'ignore'
[0.913s] Level 1:colcon.colcon_core.package_identification:_identify(rtabmap_ros/docker/indigo/latest) by extension 'ignore_ament_install'
[0.914s] Level 1:colcon.colcon_core.package_identification:_identify(rtabmap_ros/docker/indigo/latest) by extensions ['colcon_pkg']
[0.914s] Level 1:colcon.colcon_core.package_identification:_identify(rtabmap_ros/docker/indigo/latest) by extension 'colcon_pkg'
[0.914s] Level 1:colcon.colcon_core.package_identification:_identify(rtabmap_ros/docker/indigo/latest) by extensions ['colcon_meta']
[0.914s] Level 1:colcon.colcon_core.package_identification:_identify(rtabmap_ros/docker/indigo/latest) by extension 'colcon_meta'
[0.914s] Level 1:colcon.colcon_core.package_identification:_identify(rtabmap_ros/docker/indigo/latest) by extensions ['ros']
[0.914s] Level 1:colcon.colcon_core.package_identification:_identify(rtabmap_ros/docker/indigo/latest) by extension 'ros'
[0.914s] Level 1:colcon.colcon_core.package_identification:_identify(rtabmap_ros/docker/indigo/latest) by extensions ['cmake', 'python']
[0.914s] Level 1:colcon.colcon_core.package_identification:_identify(rtabmap_ros/docker/indigo/latest) by extension 'cmake'
[0.914s] Level 1:colcon.colcon_core.package_identification:_identify(rtabmap_ros/docker/indigo/latest) by extension 'python'
[0.914s] Level 1:colcon.colcon_core.package_identification:_identify(rtabmap_ros/docker/indigo/latest) by extensions ['python_setup_py']
[0.914s] Level 1:colcon.colcon_core.package_identification:_identify(rtabmap_ros/docker/indigo/latest) by extension 'python_setup_py'
[0.914s] Level 1:colcon.colcon_core.package_identification:_identify(rtabmap_ros/docker/indigo/latest/hooks) by extensions ['ignore', 'ignore_ament_install']
[0.915s] Level 1:colcon.colcon_core.package_identification:_identify(rtabmap_ros/docker/indigo/latest/hooks) by extension 'ignore'
[0.915s] Level 1:colcon.colcon_core.package_identification:_identify(rtabmap_ros/docker/indigo/latest/hooks) by extension 'ignore_ament_install'
[0.915s] Level 1:colcon.colcon_core.package_identification:_identify(rtabmap_ros/docker/indigo/latest/hooks) by extensions ['colcon_pkg']
[0.915s] Level 1:colcon.colcon_core.package_identification:_identify(rtabmap_ros/docker/indigo/latest/hooks) by extension 'colcon_pkg'
[0.915s] Level 1:colcon.colcon_core.package_identification:_identify(rtabmap_ros/docker/indigo/latest/hooks) by extensions ['colcon_meta']
[0.915s] Level 1:colcon.colcon_core.package_identification:_identify(rtabmap_ros/docker/indigo/latest/hooks) by extension 'colcon_meta'
[0.915s] Level 1:colcon.colcon_core.package_identification:_identify(rtabmap_ros/docker/indigo/latest/hooks) by extensions ['ros']
[0.915s] Level 1:colcon.colcon_core.package_identification:_identify(rtabmap_ros/docker/indigo/latest/hooks) by extension 'ros'
[0.915s] Level 1:colcon.colcon_core.package_identification:_identify(rtabmap_ros/docker/indigo/latest/hooks) by extensions ['cmake', 'python']
[0.915s] Level 1:colcon.colcon_core.package_identification:_identify(rtabmap_ros/docker/indigo/latest/hooks) by extension 'cmake'
[0.915s] Level 1:colcon.colcon_core.package_identification:_identify(rtabmap_ros/docker/indigo/latest/hooks) by extension 'python'
[0.915s] Level 1:colcon.colcon_core.package_identification:_identify(rtabmap_ros/docker/indigo/latest/hooks) by extensions ['python_setup_py']
[0.915s] Level 1:colcon.colcon_core.package_identification:_identify(rtabmap_ros/docker/indigo/latest/hooks) by extension 'python_setup_py'
[0.915s] Level 1:colcon.colcon_core.package_identification:_identify(rtabmap_ros/docker/iron) by extensions ['ignore', 'ignore_ament_install']
[0.915s] Level 1:colcon.colcon_core.package_identification:_identify(rtabmap_ros/docker/iron) by extension 'ignore'
[0.916s] Level 1:colcon.colcon_core.package_identification:_identify(rtabmap_ros/docker/iron) by extension 'ignore_ament_install'
[0.916s] Level 1:colcon.colcon_core.package_identification:_identify(rtabmap_ros/docker/iron) by extensions ['colcon_pkg']
[0.916s] Level 1:colcon.colcon_core.package_identification:_identify(rtabmap_ros/docker/iron) by extension 'colcon_pkg'
[0.916s] Level 1:colcon.colcon_core.package_identification:_identify(rtabmap_ros/docker/iron) by extensions ['colcon_meta']
[0.916s] Level 1:colcon.colcon_core.package_identification:_identify(rtabmap_ros/docker/iron) by extension 'colcon_meta'
[0.916s] Level 1:colcon.colcon_core.package_identification:_identify(rtabmap_ros/docker/iron) by extensions ['ros']
[0.916s] Level 1:colcon.colcon_core.package_identification:_identify(rtabmap_ros/docker/iron) by extension 'ros'
[0.916s] Level 1:colcon.colcon_core.package_identification:_identify(rtabmap_ros/docker/iron) by extensions ['cmake', 'python']
[0.916s] Level 1:colcon.colcon_core.package_identification:_identify(rtabmap_ros/docker/iron) by extension 'cmake'
[0.916s] Level 1:colcon.colcon_core.package_identification:_identify(rtabmap_ros/docker/iron) by extension 'python'
[0.916s] Level 1:colcon.colcon_core.package_identification:_identify(rtabmap_ros/docker/iron) by extensions ['python_setup_py']
[0.916s] Level 1:colcon.colcon_core.package_identification:_identify(rtabmap_ros/docker/iron) by extension 'python_setup_py'
[0.916s] Level 1:colcon.colcon_core.package_identification:_identify(rtabmap_ros/docker/iron/latest) by extensions ['ignore', 'ignore_ament_install']
[0.917s] Level 1:colcon.colcon_core.package_identification:_identify(rtabmap_ros/docker/iron/latest) by extension 'ignore'
[0.917s] Level 1:colcon.colcon_core.package_identification:_identify(rtabmap_ros/docker/iron/latest) by extension 'ignore_ament_install'
[0.917s] Level 1:colcon.colcon_core.package_identification:_identify(rtabmap_ros/docker/iron/latest) by extensions ['colcon_pkg']
[0.917s] Level 1:colcon.colcon_core.package_identification:_identify(rtabmap_ros/docker/iron/latest) by extension 'colcon_pkg'
[0.917s] Level 1:colcon.colcon_core.package_identification:_identify(rtabmap_ros/docker/iron/latest) by extensions ['colcon_meta']
[0.917s] Level 1:colcon.colcon_core.package_identification:_identify(rtabmap_ros/docker/iron/latest) by extension 'colcon_meta'
[0.917s] Level 1:colcon.colcon_core.package_identification:_identify(rtabmap_ros/docker/iron/latest) by extensions ['ros']
[0.917s] Level 1:colcon.colcon_core.package_identification:_identify(rtabmap_ros/docker/iron/latest) by extension 'ros'
[0.917s] Level 1:colcon.colcon_core.package_identification:_identify(rtabmap_ros/docker/iron/latest) by extensions ['cmake', 'python']
[0.917s] Level 1:colcon.colcon_core.package_identification:_identify(rtabmap_ros/docker/iron/latest) by extension 'cmake'
[0.917s] Level 1:colcon.colcon_core.package_identification:_identify(rtabmap_ros/docker/iron/latest) by extension 'python'
[0.917s] Level 1:colcon.colcon_core.package_identification:_identify(rtabmap_ros/docker/iron/latest) by extensions ['python_setup_py']
[0.917s] Level 1:colcon.colcon_core.package_identification:_identify(rtabmap_ros/docker/iron/latest) by extension 'python_setup_py'
[0.918s] Level 1:colcon.colcon_core.package_identification:_identify(rtabmap_ros/docker/jazzy) by extensions ['ignore', 'ignore_ament_install']
[0.918s] Level 1:colcon.colcon_core.package_identification:_identify(rtabmap_ros/docker/jazzy) by extension 'ignore'
[0.918s] Level 1:colcon.colcon_core.package_identification:_identify(rtabmap_ros/docker/jazzy) by extension 'ignore_ament_install'
[0.918s] Level 1:colcon.colcon_core.package_identification:_identify(rtabmap_ros/docker/jazzy) by extensions ['colcon_pkg']
[0.918s] Level 1:colcon.colcon_core.package_identification:_identify(rtabmap_ros/docker/jazzy) by extension 'colcon_pkg'
[0.918s] Level 1:colcon.colcon_core.package_identification:_identify(rtabmap_ros/docker/jazzy) by extensions ['colcon_meta']
[0.918s] Level 1:colcon.colcon_core.package_identification:_identify(rtabmap_ros/docker/jazzy) by extension 'colcon_meta'
[0.918s] Level 1:colcon.colcon_core.package_identification:_identify(rtabmap_ros/docker/jazzy) by extensions ['ros']
[0.918s] Level 1:colcon.colcon_core.package_identification:_identify(rtabmap_ros/docker/jazzy) by extension 'ros'
[0.918s] Level 1:colcon.colcon_core.package_identification:_identify(rtabmap_ros/docker/jazzy) by extensions ['cmake', 'python']
[0.918s] Level 1:colcon.colcon_core.package_identification:_identify(rtabmap_ros/docker/jazzy) by extension 'cmake'
[0.918s] Level 1:colcon.colcon_core.package_identification:_identify(rtabmap_ros/docker/jazzy) by extension 'python'
[0.918s] Level 1:colcon.colcon_core.package_identification:_identify(rtabmap_ros/docker/jazzy) by extensions ['python_setup_py']
[0.918s] Level 1:colcon.colcon_core.package_identification:_identify(rtabmap_ros/docker/jazzy) by extension 'python_setup_py'
[0.919s] Level 1:colcon.colcon_core.package_identification:_identify(rtabmap_ros/docker/jazzy/latest) by extensions ['ignore', 'ignore_ament_install']
[0.919s] Level 1:colcon.colcon_core.package_identification:_identify(rtabmap_ros/docker/jazzy/latest) by extension 'ignore'
[0.919s] Level 1:colcon.colcon_core.package_identification:_identify(rtabmap_ros/docker/jazzy/latest) by extension 'ignore_ament_install'
[0.919s] Level 1:colcon.colcon_core.package_identification:_identify(rtabmap_ros/docker/jazzy/latest) by extensions ['colcon_pkg']
[0.919s] Level 1:colcon.colcon_core.package_identification:_identify(rtabmap_ros/docker/jazzy/latest) by extension 'colcon_pkg'
[0.919s] Level 1:colcon.colcon_core.package_identification:_identify(rtabmap_ros/docker/jazzy/latest) by extensions ['colcon_meta']
[0.919s] Level 1:colcon.colcon_core.package_identification:_identify(rtabmap_ros/docker/jazzy/latest) by extension 'colcon_meta'
[0.919s] Level 1:colcon.colcon_core.package_identification:_identify(rtabmap_ros/docker/jazzy/latest) by extensions ['ros']
[0.919s] Level 1:colcon.colcon_core.package_identification:_identify(rtabmap_ros/docker/jazzy/latest) by extension 'ros'
[0.919s] Level 1:colcon.colcon_core.package_identification:_identify(rtabmap_ros/docker/jazzy/latest) by extensions ['cmake', 'python']
[0.919s] Level 1:colcon.colcon_core.package_identification:_identify(rtabmap_ros/docker/jazzy/latest) by extension 'cmake'
[0.919s] Level 1:colcon.colcon_core.package_identification:_identify(rtabmap_ros/docker/jazzy/latest) by extension 'python'
[0.919s] Level 1:colcon.colcon_core.package_identification:_identify(rtabmap_ros/docker/jazzy/latest) by extensions ['python_setup_py']
[0.919s] Level 1:colcon.colcon_core.package_identification:_identify(rtabmap_ros/docker/jazzy/latest) by extension 'python_setup_py'
[0.920s] Level 1:colcon.colcon_core.package_identification:_identify(rtabmap_ros/docker/kinetic) by extensions ['ignore', 'ignore_ament_install']
[0.920s] Level 1:colcon.colcon_core.package_identification:_identify(rtabmap_ros/docker/kinetic) by extension 'ignore'
[0.920s] Level 1:colcon.colcon_core.package_identification:_identify(rtabmap_ros/docker/kinetic) by extension 'ignore_ament_install'
[0.920s] Level 1:colcon.colcon_core.package_identification:_identify(rtabmap_ros/docker/kinetic) by extensions ['colcon_pkg']
[0.920s] Level 1:colcon.colcon_core.package_identification:_identify(rtabmap_ros/docker/kinetic) by extension 'colcon_pkg'
[0.920s] Level 1:colcon.colcon_core.package_identification:_identify(rtabmap_ros/docker/kinetic) by extensions ['colcon_meta']
[0.920s] Level 1:colcon.colcon_core.package_identification:_identify(rtabmap_ros/docker/kinetic) by extension 'colcon_meta'
[0.920s] Level 1:colcon.colcon_core.package_identification:_identify(rtabmap_ros/docker/kinetic) by extensions ['ros']
[0.920s] Level 1:colcon.colcon_core.package_identification:_identify(rtabmap_ros/docker/kinetic) by extension 'ros'
[0.920s] Level 1:colcon.colcon_core.package_identification:_identify(rtabmap_ros/docker/kinetic) by extensions ['cmake', 'python']
[0.920s] Level 1:colcon.colcon_core.package_identification:_identify(rtabmap_ros/docker/kinetic) by extension 'cmake'
[0.920s] Level 1:colcon.colcon_core.package_identification:_identify(rtabmap_ros/docker/kinetic) by extension 'python'
[0.921s] Level 1:colcon.colcon_core.package_identification:_identify(rtabmap_ros/docker/kinetic) by extensions ['python_setup_py']
[0.921s] Level 1:colcon.colcon_core.package_identification:_identify(rtabmap_ros/docker/kinetic) by extension 'python_setup_py'
[0.921s] Level 1:colcon.colcon_core.package_identification:_identify(rtabmap_ros/docker/kinetic/latest) by extensions ['ignore', 'ignore_ament_install']
[0.921s] Level 1:colcon.colcon_core.package_identification:_identify(rtabmap_ros/docker/kinetic/latest) by extension 'ignore'
[0.921s] Level 1:colcon.colcon_core.package_identification:_identify(rtabmap_ros/docker/kinetic/latest) by extension 'ignore_ament_install'
[0.921s] Level 1:colcon.colcon_core.package_identification:_identify(rtabmap_ros/docker/kinetic/latest) by extensions ['colcon_pkg']
[0.921s] Level 1:colcon.colcon_core.package_identification:_identify(rtabmap_ros/docker/kinetic/latest) by extension 'colcon_pkg'
[0.921s] Level 1:colcon.colcon_core.package_identification:_identify(rtabmap_ros/docker/kinetic/latest) by extensions ['colcon_meta']
[0.921s] Level 1:colcon.colcon_core.package_identification:_identify(rtabmap_ros/docker/kinetic/latest) by extension 'colcon_meta'
[0.921s] Level 1:colcon.colcon_core.package_identification:_identify(rtabmap_ros/docker/kinetic/latest) by extensions ['ros']
[0.921s] Level 1:colcon.colcon_core.package_identification:_identify(rtabmap_ros/docker/kinetic/latest) by extension 'ros'
[0.921s] Level 1:colcon.colcon_core.package_identification:_identify(rtabmap_ros/docker/kinetic/latest) by extensions ['cmake', 'python']
[0.922s] Level 1:colcon.colcon_core.package_identification:_identify(rtabmap_ros/docker/kinetic/latest) by extension 'cmake'
[0.922s] Level 1:colcon.colcon_core.package_identification:_identify(rtabmap_ros/docker/kinetic/latest) by extension 'python'
[0.922s] Level 1:colcon.colcon_core.package_identification:_identify(rtabmap_ros/docker/kinetic/latest) by extensions ['python_setup_py']
[0.922s] Level 1:colcon.colcon_core.package_identification:_identify(rtabmap_ros/docker/kinetic/latest) by extension 'python_setup_py'
[0.922s] Level 1:colcon.colcon_core.package_identification:_identify(rtabmap_ros/docker/kinetic/latest/hooks) by extensions ['ignore', 'ignore_ament_install']
[0.922s] Level 1:colcon.colcon_core.package_identification:_identify(rtabmap_ros/docker/kinetic/latest/hooks) by extension 'ignore'
[0.922s] Level 1:colcon.colcon_core.package_identification:_identify(rtabmap_ros/docker/kinetic/latest/hooks) by extension 'ignore_ament_install'
[0.922s] Level 1:colcon.colcon_core.package_identification:_identify(rtabmap_ros/docker/kinetic/latest/hooks) by extensions ['colcon_pkg']
[0.922s] Level 1:colcon.colcon_core.package_identification:_identify(rtabmap_ros/docker/kinetic/latest/hooks) by extension 'colcon_pkg'
[0.922s] Level 1:colcon.colcon_core.package_identification:_identify(rtabmap_ros/docker/kinetic/latest/hooks) by extensions ['colcon_meta']
[0.922s] Level 1:colcon.colcon_core.package_identification:_identify(rtabmap_ros/docker/kinetic/latest/hooks) by extension 'colcon_meta'
[0.922s] Level 1:colcon.colcon_core.package_identification:_identify(rtabmap_ros/docker/kinetic/latest/hooks) by extensions ['ros']
[0.922s] Level 1:colcon.colcon_core.package_identification:_identify(rtabmap_ros/docker/kinetic/latest/hooks) by extension 'ros'
[0.923s] Level 1:colcon.colcon_core.package_identification:_identify(rtabmap_ros/docker/kinetic/latest/hooks) by extensions ['cmake', 'python']
[0.923s] Level 1:colcon.colcon_core.package_identification:_identify(rtabmap_ros/docker/kinetic/latest/hooks) by extension 'cmake'
[0.923s] Level 1:colcon.colcon_core.package_identification:_identify(rtabmap_ros/docker/kinetic/latest/hooks) by extension 'python'
[0.923s] Level 1:colcon.colcon_core.package_identification:_identify(rtabmap_ros/docker/kinetic/latest/hooks) by extensions ['python_setup_py']
[0.923s] Level 1:colcon.colcon_core.package_identification:_identify(rtabmap_ros/docker/kinetic/latest/hooks) by extension 'python_setup_py'
[0.923s] Level 1:colcon.colcon_core.package_identification:_identify(rtabmap_ros/docker/melodic) by extensions ['ignore', 'ignore_ament_install']
[0.923s] Level 1:colcon.colcon_core.package_identification:_identify(rtabmap_ros/docker/melodic) by extension 'ignore'
[0.923s] Level 1:colcon.colcon_core.package_identification:_identify(rtabmap_ros/docker/melodic) by extension 'ignore_ament_install'
[0.923s] Level 1:colcon.colcon_core.package_identification:_identify(rtabmap_ros/docker/melodic) by extensions ['colcon_pkg']
[0.923s] Level 1:colcon.colcon_core.package_identification:_identify(rtabmap_ros/docker/melodic) by extension 'colcon_pkg'
[0.924s] Level 1:colcon.colcon_core.package_identification:_identify(rtabmap_ros/docker/melodic) by extensions ['colcon_meta']
[0.924s] Level 1:colcon.colcon_core.package_identification:_identify(rtabmap_ros/docker/melodic) by extension 'colcon_meta'
[0.924s] Level 1:colcon.colcon_core.package_identification:_identify(rtabmap_ros/docker/melodic) by extensions ['ros']
[0.924s] Level 1:colcon.colcon_core.package_identification:_identify(rtabmap_ros/docker/melodic) by extension 'ros'
[0.924s] Level 1:colcon.colcon_core.package_identification:_identify(rtabmap_ros/docker/melodic) by extensions ['cmake', 'python']
[0.924s] Level 1:colcon.colcon_core.package_identification:_identify(rtabmap_ros/docker/melodic) by extension 'cmake'
[0.924s] Level 1:colcon.colcon_core.package_identification:_identify(rtabmap_ros/docker/melodic) by extension 'python'
[0.924s] Level 1:colcon.colcon_core.package_identification:_identify(rtabmap_ros/docker/melodic) by extensions ['python_setup_py']
[0.924s] Level 1:colcon.colcon_core.package_identification:_identify(rtabmap_ros/docker/melodic) by extension 'python_setup_py'
[0.924s] Level 1:colcon.colcon_core.package_identification:_identify(rtabmap_ros/docker/melodic/latest) by extensions ['ignore', 'ignore_ament_install']
[0.924s] Level 1:colcon.colcon_core.package_identification:_identify(rtabmap_ros/docker/melodic/latest) by extension 'ignore'
[0.924s] Level 1:colcon.colcon_core.package_identification:_identify(rtabmap_ros/docker/melodic/latest) by extension 'ignore_ament_install'
[0.925s] Level 1:colcon.colcon_core.package_identification:_identify(rtabmap_ros/docker/melodic/latest) by extensions ['colcon_pkg']
[0.925s] Level 1:colcon.colcon_core.package_identification:_identify(rtabmap_ros/docker/melodic/latest) by extension 'colcon_pkg'
[0.925s] Level 1:colcon.colcon_core.package_identification:_identify(rtabmap_ros/docker/melodic/latest) by extensions ['colcon_meta']
[0.925s] Level 1:colcon.colcon_core.package_identification:_identify(rtabmap_ros/docker/melodic/latest) by extension 'colcon_meta'
[0.925s] Level 1:colcon.colcon_core.package_identification:_identify(rtabmap_ros/docker/melodic/latest) by extensions ['ros']
[0.925s] Level 1:colcon.colcon_core.package_identification:_identify(rtabmap_ros/docker/melodic/latest) by extension 'ros'
[0.925s] Level 1:colcon.colcon_core.package_identification:_identify(rtabmap_ros/docker/melodic/latest) by extensions ['cmake', 'python']
[0.925s] Level 1:colcon.colcon_core.package_identification:_identify(rtabmap_ros/docker/melodic/latest) by extension 'cmake'
[0.925s] Level 1:colcon.colcon_core.package_identification:_identify(rtabmap_ros/docker/melodic/latest) by extension 'python'
[0.925s] Level 1:colcon.colcon_core.package_identification:_identify(rtabmap_ros/docker/melodic/latest) by extensions ['python_setup_py']
[0.925s] Level 1:colcon.colcon_core.package_identification:_identify(rtabmap_ros/docker/melodic/latest) by extension 'python_setup_py'
[0.925s] Level 1:colcon.colcon_core.package_identification:_identify(rtabmap_ros/docker/melodic/latest/hooks) by extensions ['ignore', 'ignore_ament_install']
[0.926s] Level 1:colcon.colcon_core.package_identification:_identify(rtabmap_ros/docker/melodic/latest/hooks) by extension 'ignore'
[0.926s] Level 1:colcon.colcon_core.package_identification:_identify(rtabmap_ros/docker/melodic/latest/hooks) by extension 'ignore_ament_install'
[0.926s] Level 1:colcon.colcon_core.package_identification:_identify(rtabmap_ros/docker/melodic/latest/hooks) by extensions ['colcon_pkg']
[0.926s] Level 1:colcon.colcon_core.package_identification:_identify(rtabmap_ros/docker/melodic/latest/hooks) by extension 'colcon_pkg'
[0.926s] Level 1:colcon.colcon_core.package_identification:_identify(rtabmap_ros/docker/melodic/latest/hooks) by extensions ['colcon_meta']
[0.926s] Level 1:colcon.colcon_core.package_identification:_identify(rtabmap_ros/docker/melodic/latest/hooks) by extension 'colcon_meta'
[0.926s] Level 1:colcon.colcon_core.package_identification:_identify(rtabmap_ros/docker/melodic/latest/hooks) by extensions ['ros']
[0.926s] Level 1:colcon.colcon_core.package_identification:_identify(rtabmap_ros/docker/melodic/latest/hooks) by extension 'ros'
[0.926s] Level 1:colcon.colcon_core.package_identification:_identify(rtabmap_ros/docker/melodic/latest/hooks) by extensions ['cmake', 'python']
[0.926s] Level 1:colcon.colcon_core.package_identification:_identify(rtabmap_ros/docker/melodic/latest/hooks) by extension 'cmake'
[0.926s] Level 1:colcon.colcon_core.package_identification:_identify(rtabmap_ros/docker/melodic/latest/hooks) by extension 'python'
[0.926s] Level 1:colcon.colcon_core.package_identification:_identify(rtabmap_ros/docker/melodic/latest/hooks) by extensions ['python_setup_py']
[0.926s] Level 1:colcon.colcon_core.package_identification:_identify(rtabmap_ros/docker/melodic/latest/hooks) by extension 'python_setup_py'
[0.927s] Level 1:colcon.colcon_core.package_identification:_identify(rtabmap_ros/docker/noetic) by extensions ['ignore', 'ignore_ament_install']
[0.927s] Level 1:colcon.colcon_core.package_identification:_identify(rtabmap_ros/docker/noetic) by extension 'ignore'
[0.927s] Level 1:colcon.colcon_core.package_identification:_identify(rtabmap_ros/docker/noetic) by extension 'ignore_ament_install'
[0.927s] Level 1:colcon.colcon_core.package_identification:_identify(rtabmap_ros/docker/noetic) by extensions ['colcon_pkg']
[0.927s] Level 1:colcon.colcon_core.package_identification:_identify(rtabmap_ros/docker/noetic) by extension 'colcon_pkg'
[0.927s] Level 1:colcon.colcon_core.package_identification:_identify(rtabmap_ros/docker/noetic) by extensions ['colcon_meta']
[0.927s] Level 1:colcon.colcon_core.package_identification:_identify(rtabmap_ros/docker/noetic) by extension 'colcon_meta'
[0.927s] Level 1:colcon.colcon_core.package_identification:_identify(rtabmap_ros/docker/noetic) by extensions ['ros']
[0.927s] Level 1:colcon.colcon_core.package_identification:_identify(rtabmap_ros/docker/noetic) by extension 'ros'
[0.927s] Level 1:colcon.colcon_core.package_identification:_identify(rtabmap_ros/docker/noetic) by extensions ['cmake', 'python']
[0.927s] Level 1:colcon.colcon_core.package_identification:_identify(rtabmap_ros/docker/noetic) by extension 'cmake'
[0.927s] Level 1:colcon.colcon_core.package_identification:_identify(rtabmap_ros/docker/noetic) by extension 'python'
[0.927s] Level 1:colcon.colcon_core.package_identification:_identify(rtabmap_ros/docker/noetic) by extensions ['python_setup_py']
[0.927s] Level 1:colcon.colcon_core.package_identification:_identify(rtabmap_ros/docker/noetic) by extension 'python_setup_py'
[0.927s] Level 1:colcon.colcon_core.package_identification:_identify(rtabmap_ros/docker/noetic/latest) by extensions ['ignore', 'ignore_ament_install']
[0.928s] Level 1:colcon.colcon_core.package_identification:_identify(rtabmap_ros/docker/noetic/latest) by extension 'ignore'
[0.928s] Level 1:colcon.colcon_core.package_identification:_identify(rtabmap_ros/docker/noetic/latest) by extension 'ignore_ament_install'
[0.928s] Level 1:colcon.colcon_core.package_identification:_identify(rtabmap_ros/docker/noetic/latest) by extensions ['colcon_pkg']
[0.928s] Level 1:colcon.colcon_core.package_identification:_identify(rtabmap_ros/docker/noetic/latest) by extension 'colcon_pkg'
[0.928s] Level 1:colcon.colcon_core.package_identification:_identify(rtabmap_ros/docker/noetic/latest) by extensions ['colcon_meta']
[0.928s] Level 1:colcon.colcon_core.package_identification:_identify(rtabmap_ros/docker/noetic/latest) by extension 'colcon_meta'
[0.928s] Level 1:colcon.colcon_core.package_identification:_identify(rtabmap_ros/docker/noetic/latest) by extensions ['ros']
[0.928s] Level 1:colcon.colcon_core.package_identification:_identify(rtabmap_ros/docker/noetic/latest) by extension 'ros'
[0.928s] Level 1:colcon.colcon_core.package_identification:_identify(rtabmap_ros/docker/noetic/latest) by extensions ['cmake', 'python']
[0.928s] Level 1:colcon.colcon_core.package_identification:_identify(rtabmap_ros/docker/noetic/latest) by extension 'cmake'
[0.928s] Level 1:colcon.colcon_core.package_identification:_identify(rtabmap_ros/docker/noetic/latest) by extension 'python'
[0.928s] Level 1:colcon.colcon_core.package_identification:_identify(rtabmap_ros/docker/noetic/latest) by extensions ['python_setup_py']
[0.928s] Level 1:colcon.colcon_core.package_identification:_identify(rtabmap_ros/docker/noetic/latest) by extension 'python_setup_py'
[0.928s] Level 1:colcon.colcon_core.package_identification:_identify(rtabmap_ros/docker/noetic/latest/hooks) by extensions ['ignore', 'ignore_ament_install']
[0.929s] Level 1:colcon.colcon_core.package_identification:_identify(rtabmap_ros/docker/noetic/latest/hooks) by extension 'ignore'
[0.929s] Level 1:colcon.colcon_core.package_identification:_identify(rtabmap_ros/docker/noetic/latest/hooks) by extension 'ignore_ament_install'
[0.929s] Level 1:colcon.colcon_core.package_identification:_identify(rtabmap_ros/docker/noetic/latest/hooks) by extensions ['colcon_pkg']
[0.929s] Level 1:colcon.colcon_core.package_identification:_identify(rtabmap_ros/docker/noetic/latest/hooks) by extension 'colcon_pkg'
[0.929s] Level 1:colcon.colcon_core.package_identification:_identify(rtabmap_ros/docker/noetic/latest/hooks) by extensions ['colcon_meta']
[0.929s] Level 1:colcon.colcon_core.package_identification:_identify(rtabmap_ros/docker/noetic/latest/hooks) by extension 'colcon_meta'
[0.929s] Level 1:colcon.colcon_core.package_identification:_identify(rtabmap_ros/docker/noetic/latest/hooks) by extensions ['ros']
[0.929s] Level 1:colcon.colcon_core.package_identification:_identify(rtabmap_ros/docker/noetic/latest/hooks) by extension 'ros'
[0.929s] Level 1:colcon.colcon_core.package_identification:_identify(rtabmap_ros/docker/noetic/latest/hooks) by extensions ['cmake', 'python']
[0.929s] Level 1:colcon.colcon_core.package_identification:_identify(rtabmap_ros/docker/noetic/latest/hooks) by extension 'cmake'
[0.929s] Level 1:colcon.colcon_core.package_identification:_identify(rtabmap_ros/docker/noetic/latest/hooks) by extension 'python'
[0.929s] Level 1:colcon.colcon_core.package_identification:_identify(rtabmap_ros/docker/noetic/latest/hooks) by extensions ['python_setup_py']
[0.929s] Level 1:colcon.colcon_core.package_identification:_identify(rtabmap_ros/docker/noetic/latest/hooks) by extension 'python_setup_py'
[0.929s] Level 1:colcon.colcon_core.package_identification:_identify(rtabmap_ros/docker/noetic/superpoint) by extensions ['ignore', 'ignore_ament_install']
[0.929s] Level 1:colcon.colcon_core.package_identification:_identify(rtabmap_ros/docker/noetic/superpoint) by extension 'ignore'
[0.930s] Level 1:colcon.colcon_core.package_identification:_identify(rtabmap_ros/docker/noetic/superpoint) by extension 'ignore_ament_install'
[0.930s] Level 1:colcon.colcon_core.package_identification:_identify(rtabmap_ros/docker/noetic/superpoint) by extensions ['colcon_pkg']
[0.930s] Level 1:colcon.colcon_core.package_identification:_identify(rtabmap_ros/docker/noetic/superpoint) by extension 'colcon_pkg'
[0.930s] Level 1:colcon.colcon_core.package_identification:_identify(rtabmap_ros/docker/noetic/superpoint) by extensions ['colcon_meta']
[0.930s] Level 1:colcon.colcon_core.package_identification:_identify(rtabmap_ros/docker/noetic/superpoint) by extension 'colcon_meta'
[0.930s] Level 1:colcon.colcon_core.package_identification:_identify(rtabmap_ros/docker/noetic/superpoint) by extensions ['ros']
[0.930s] Level 1:colcon.colcon_core.package_identification:_identify(rtabmap_ros/docker/noetic/superpoint) by extension 'ros'
[0.930s] Level 1:colcon.colcon_core.package_identification:_identify(rtabmap_ros/docker/noetic/superpoint) by extensions ['cmake', 'python']
[0.930s] Level 1:colcon.colcon_core.package_identification:_identify(rtabmap_ros/docker/noetic/superpoint) by extension 'cmake'
[0.930s] Level 1:colcon.colcon_core.package_identification:_identify(rtabmap_ros/docker/noetic/superpoint) by extension 'python'
[0.930s] Level 1:colcon.colcon_core.package_identification:_identify(rtabmap_ros/docker/noetic/superpoint) by extensions ['python_setup_py']
[0.930s] Level 1:colcon.colcon_core.package_identification:_identify(rtabmap_ros/docker/noetic/superpoint) by extension 'python_setup_py'
[0.930s] Level 1:colcon.colcon_core.package_identification:_identify(rtabmap_ros/rtabmap_conversions) by extensions ['ignore', 'ignore_ament_install']
[0.930s] Level 1:colcon.colcon_core.package_identification:_identify(rtabmap_ros/rtabmap_conversions) by extension 'ignore'
[0.931s] Level 1:colcon.colcon_core.package_identification:_identify(rtabmap_ros/rtabmap_conversions) by extension 'ignore_ament_install'
[0.931s] Level 1:colcon.colcon_core.package_identification:_identify(rtabmap_ros/rtabmap_conversions) by extensions ['colcon_pkg']
[0.931s] Level 1:colcon.colcon_core.package_identification:_identify(rtabmap_ros/rtabmap_conversions) by extension 'colcon_pkg'
[0.931s] Level 1:colcon.colcon_core.package_identification:_identify(rtabmap_ros/rtabmap_conversions) by extensions ['colcon_meta']
[0.931s] Level 1:colcon.colcon_core.package_identification:_identify(rtabmap_ros/rtabmap_conversions) by extension 'colcon_meta'
[0.931s] Level 1:colcon.colcon_core.package_identification:_identify(rtabmap_ros/rtabmap_conversions) by extensions ['ros']
[0.931s] Level 1:colcon.colcon_core.package_identification:_identify(rtabmap_ros/rtabmap_conversions) by extension 'ros'
[0.937s] DEBUG:colcon.colcon_core.package_identification:Package 'rtabmap_ros/rtabmap_conversions' with type 'ros.ament_cmake' and name 'rtabmap_conversions'
[0.937s] Level 1:colcon.colcon_core.package_identification:_identify(rtabmap_ros/rtabmap_demos) by extensions ['ignore', 'ignore_ament_install']
[0.937s] Level 1:colcon.colcon_core.package_identification:_identify(rtabmap_ros/rtabmap_demos) by extension 'ignore'
[0.937s] Level 1:colcon.colcon_core.package_identification:_identify(rtabmap_ros/rtabmap_demos) by extension 'ignore_ament_install'
[0.937s] Level 1:colcon.colcon_core.package_identification:_identify(rtabmap_ros/rtabmap_demos) by extensions ['colcon_pkg']
[0.937s] Level 1:colcon.colcon_core.package_identification:_identify(rtabmap_ros/rtabmap_demos) by extension 'colcon_pkg'
[0.938s] Level 1:colcon.colcon_core.package_identification:_identify(rtabmap_ros/rtabmap_demos) by extensions ['colcon_meta']
[0.938s] Level 1:colcon.colcon_core.package_identification:_identify(rtabmap_ros/rtabmap_demos) by extension 'colcon_meta'
[0.938s] Level 1:colcon.colcon_core.package_identification:_identify(rtabmap_ros/rtabmap_demos) by extensions ['ros']
[0.938s] Level 1:colcon.colcon_core.package_identification:_identify(rtabmap_ros/rtabmap_demos) by extension 'ros'
[0.938s] DEBUG:colcon.colcon_core.package_identification:Package 'rtabmap_ros/rtabmap_demos' with type 'ros.ament_cmake' and name 'rtabmap_demos'
[0.939s] Level 1:colcon.colcon_core.package_identification:_identify(rtabmap_ros/rtabmap_examples) by extensions ['ignore', 'ignore_ament_install']
[0.939s] Level 1:colcon.colcon_core.package_identification:_identify(rtabmap_ros/rtabmap_examples) by extension 'ignore'
[0.939s] Level 1:colcon.colcon_core.package_identification:_identify(rtabmap_ros/rtabmap_examples) by extension 'ignore_ament_install'
[0.939s] Level 1:colcon.colcon_core.package_identification:_identify(rtabmap_ros/rtabmap_examples) by extensions ['colcon_pkg']
[0.939s] Level 1:colcon.colcon_core.package_identification:_identify(rtabmap_ros/rtabmap_examples) by extension 'colcon_pkg'
[0.939s] Level 1:colcon.colcon_core.package_identification:_identify(rtabmap_ros/rtabmap_examples) by extensions ['colcon_meta']
[0.939s] Level 1:colcon.colcon_core.package_identification:_identify(rtabmap_ros/rtabmap_examples) by extension 'colcon_meta'
[0.939s] Level 1:colcon.colcon_core.package_identification:_identify(rtabmap_ros/rtabmap_examples) by extensions ['ros']
[0.939s] Level 1:colcon.colcon_core.package_identification:_identify(rtabmap_ros/rtabmap_examples) by extension 'ros'
[0.940s] DEBUG:colcon.colcon_core.package_identification:Package 'rtabmap_ros/rtabmap_examples' with type 'ros.ament_cmake' and name 'rtabmap_examples'
[0.940s] Level 1:colcon.colcon_core.package_identification:_identify(rtabmap_ros/rtabmap_launch) by extensions ['ignore', 'ignore_ament_install']
[0.940s] Level 1:colcon.colcon_core.package_identification:_identify(rtabmap_ros/rtabmap_launch) by extension 'ignore'
[0.941s] Level 1:colcon.colcon_core.package_identification:_identify(rtabmap_ros/rtabmap_launch) by extension 'ignore_ament_install'
[0.941s] Level 1:colcon.colcon_core.package_identification:_identify(rtabmap_ros/rtabmap_launch) by extensions ['colcon_pkg']
[0.941s] Level 1:colcon.colcon_core.package_identification:_identify(rtabmap_ros/rtabmap_launch) by extension 'colcon_pkg'
[0.941s] Level 1:colcon.colcon_core.package_identification:_identify(rtabmap_ros/rtabmap_launch) by extensions ['colcon_meta']
[0.941s] Level 1:colcon.colcon_core.package_identification:_identify(rtabmap_ros/rtabmap_launch) by extension 'colcon_meta'
[0.941s] Level 1:colcon.colcon_core.package_identification:_identify(rtabmap_ros/rtabmap_launch) by extensions ['ros']
[0.941s] Level 1:colcon.colcon_core.package_identification:_identify(rtabmap_ros/rtabmap_launch) by extension 'ros'
[0.941s] DEBUG:colcon.colcon_core.package_identification:Package 'rtabmap_ros/rtabmap_launch' with type 'ros.ament_cmake' and name 'rtabmap_launch'
[0.942s] Level 1:colcon.colcon_core.package_identification:_identify(rtabmap_ros/rtabmap_msgs) by extensions ['ignore', 'ignore_ament_install']
[0.942s] Level 1:colcon.colcon_core.package_identification:_identify(rtabmap_ros/rtabmap_msgs) by extension 'ignore'
[0.942s] Level 1:colcon.colcon_core.package_identification:_identify(rtabmap_ros/rtabmap_msgs) by extension 'ignore_ament_install'
[0.942s] Level 1:colcon.colcon_core.package_identification:_identify(rtabmap_ros/rtabmap_msgs) by extensions ['colcon_pkg']
[0.942s] Level 1:colcon.colcon_core.package_identification:_identify(rtabmap_ros/rtabmap_msgs) by extension 'colcon_pkg'
[0.942s] Level 1:colcon.colcon_core.package_identification:_identify(rtabmap_ros/rtabmap_msgs) by extensions ['colcon_meta']
[0.942s] Level 1:colcon.colcon_core.package_identification:_identify(rtabmap_ros/rtabmap_msgs) by extension 'colcon_meta'
[0.942s] Level 1:colcon.colcon_core.package_identification:_identify(rtabmap_ros/rtabmap_msgs) by extensions ['ros']
[0.942s] Level 1:colcon.colcon_core.package_identification:_identify(rtabmap_ros/rtabmap_msgs) by extension 'ros'
[0.943s] DEBUG:colcon.colcon_core.package_identification:Package 'rtabmap_ros/rtabmap_msgs' with type 'ros.ament_cmake' and name 'rtabmap_msgs'
[0.943s] Level 1:colcon.colcon_core.package_identification:_identify(rtabmap_ros/rtabmap_odom) by extensions ['ignore', 'ignore_ament_install']
[0.944s] Level 1:colcon.colcon_core.package_identification:_identify(rtabmap_ros/rtabmap_odom) by extension 'ignore'
[0.944s] Level 1:colcon.colcon_core.package_identification:_identify(rtabmap_ros/rtabmap_odom) by extension 'ignore_ament_install'
[0.944s] Level 1:colcon.colcon_core.package_identification:_identify(rtabmap_ros/rtabmap_odom) by extensions ['colcon_pkg']
[0.944s] Level 1:colcon.colcon_core.package_identification:_identify(rtabmap_ros/rtabmap_odom) by extension 'colcon_pkg'
[0.944s] Level 1:colcon.colcon_core.package_identification:_identify(rtabmap_ros/rtabmap_odom) by extensions ['colcon_meta']
[0.944s] Level 1:colcon.colcon_core.package_identification:_identify(rtabmap_ros/rtabmap_odom) by extension 'colcon_meta'
[0.944s] Level 1:colcon.colcon_core.package_identification:_identify(rtabmap_ros/rtabmap_odom) by extensions ['ros']
[0.944s] Level 1:colcon.colcon_core.package_identification:_identify(rtabmap_ros/rtabmap_odom) by extension 'ros'
[0.946s] DEBUG:colcon.colcon_core.package_identification:Package 'rtabmap_ros/rtabmap_odom' with type 'ros.ament_cmake' and name 'rtabmap_odom'
[0.946s] Level 1:colcon.colcon_core.package_identification:_identify(rtabmap_ros/rtabmap_python) by extensions ['ignore', 'ignore_ament_install']
[0.946s] Level 1:colcon.colcon_core.package_identification:_identify(rtabmap_ros/rtabmap_python) by extension 'ignore'
[0.946s] Level 1:colcon.colcon_core.package_identification:_identify(rtabmap_ros/rtabmap_python) by extension 'ignore_ament_install'
[0.946s] Level 1:colcon.colcon_core.package_identification:_identify(rtabmap_ros/rtabmap_python) by extensions ['colcon_pkg']
[0.946s] Level 1:colcon.colcon_core.package_identification:_identify(rtabmap_ros/rtabmap_python) by extension 'colcon_pkg'
[0.946s] Level 1:colcon.colcon_core.package_identification:_identify(rtabmap_ros/rtabmap_python) by extensions ['colcon_meta']
[0.946s] Level 1:colcon.colcon_core.package_identification:_identify(rtabmap_ros/rtabmap_python) by extension 'colcon_meta'
[0.946s] Level 1:colcon.colcon_core.package_identification:_identify(rtabmap_ros/rtabmap_python) by extensions ['ros']
[0.946s] Level 1:colcon.colcon_core.package_identification:_identify(rtabmap_ros/rtabmap_python) by extension 'ros'
[0.947s] DEBUG:colcon.colcon_core.package_identification:Package 'rtabmap_ros/rtabmap_python' with type 'ros.ament_python' and name 'rtabmap_python'
[0.947s] Level 1:colcon.colcon_core.package_identification:_identify(rtabmap_ros/rtabmap_ros) by extensions ['ignore', 'ignore_ament_install']
[0.947s] Level 1:colcon.colcon_core.package_identification:_identify(rtabmap_ros/rtabmap_ros) by extension 'ignore'
[0.947s] Level 1:colcon.colcon_core.package_identification:_identify(rtabmap_ros/rtabmap_ros) by extension 'ignore_ament_install'
[0.948s] Level 1:colcon.colcon_core.package_identification:_identify(rtabmap_ros/rtabmap_ros) by extensions ['colcon_pkg']
[0.948s] Level 1:colcon.colcon_core.package_identification:_identify(rtabmap_ros/rtabmap_ros) by extension 'colcon_pkg'
[0.948s] Level 1:colcon.colcon_core.package_identification:_identify(rtabmap_ros/rtabmap_ros) by extensions ['colcon_meta']
[0.948s] Level 1:colcon.colcon_core.package_identification:_identify(rtabmap_ros/rtabmap_ros) by extension 'colcon_meta'
[0.948s] Level 1:colcon.colcon_core.package_identification:_identify(rtabmap_ros/rtabmap_ros) by extensions ['ros']
[0.948s] Level 1:colcon.colcon_core.package_identification:_identify(rtabmap_ros/rtabmap_ros) by extension 'ros'
[0.948s] DEBUG:colcon.colcon_core.package_identification:Package 'rtabmap_ros/rtabmap_ros' with type 'ros.ament_cmake' and name 'rtabmap_ros'
[0.949s] Level 1:colcon.colcon_core.package_identification:_identify(rtabmap_ros/rtabmap_rviz_plugins) by extensions ['ignore', 'ignore_ament_install']
[0.949s] Level 1:colcon.colcon_core.package_identification:_identify(rtabmap_ros/rtabmap_rviz_plugins) by extension 'ignore'
[0.949s] Level 1:colcon.colcon_core.package_identification:_identify(rtabmap_ros/rtabmap_rviz_plugins) by extension 'ignore_ament_install'
[0.949s] Level 1:colcon.colcon_core.package_identification:_identify(rtabmap_ros/rtabmap_rviz_plugins) by extensions ['colcon_pkg']
[0.949s] Level 1:colcon.colcon_core.package_identification:_identify(rtabmap_ros/rtabmap_rviz_plugins) by extension 'colcon_pkg'
[0.949s] Level 1:colcon.colcon_core.package_identification:_identify(rtabmap_ros/rtabmap_rviz_plugins) by extensions ['colcon_meta']
[0.949s] Level 1:colcon.colcon_core.package_identification:_identify(rtabmap_ros/rtabmap_rviz_plugins) by extension 'colcon_meta'
[0.949s] Level 1:colcon.colcon_core.package_identification:_identify(rtabmap_ros/rtabmap_rviz_plugins) by extensions ['ros']
[0.949s] Level 1:colcon.colcon_core.package_identification:_identify(rtabmap_ros/rtabmap_rviz_plugins) by extension 'ros'
[0.951s] DEBUG:colcon.colcon_core.package_identification:Package 'rtabmap_ros/rtabmap_rviz_plugins' with type 'ros.ament_cmake' and name 'rtabmap_rviz_plugins'
[0.951s] Level 1:colcon.colcon_core.package_identification:_identify(rtabmap_ros/rtabmap_slam) by extensions ['ignore', 'ignore_ament_install']
[0.951s] Level 1:colcon.colcon_core.package_identification:_identify(rtabmap_ros/rtabmap_slam) by extension 'ignore'
[0.951s] Level 1:colcon.colcon_core.package_identification:_identify(rtabmap_ros/rtabmap_slam) by extension 'ignore_ament_install'
[0.952s] Level 1:colcon.colcon_core.package_identification:_identify(rtabmap_ros/rtabmap_slam) by extensions ['colcon_pkg']
[0.952s] Level 1:colcon.colcon_core.package_identification:_identify(rtabmap_ros/rtabmap_slam) by extension 'colcon_pkg'
[0.952s] Level 1:colcon.colcon_core.package_identification:_identify(rtabmap_ros/rtabmap_slam) by extensions ['colcon_meta']
[0.952s] Level 1:colcon.colcon_core.package_identification:_identify(rtabmap_ros/rtabmap_slam) by extension 'colcon_meta'
[0.952s] Level 1:colcon.colcon_core.package_identification:_identify(rtabmap_ros/rtabmap_slam) by extensions ['ros']
[0.952s] Level 1:colcon.colcon_core.package_identification:_identify(rtabmap_ros/rtabmap_slam) by extension 'ros'
[0.954s] DEBUG:colcon.colcon_core.package_identification:Package 'rtabmap_ros/rtabmap_slam' with type 'ros.ament_cmake' and name 'rtabmap_slam'
[0.954s] Level 1:colcon.colcon_core.package_identification:_identify(rtabmap_ros/rtabmap_sync) by extensions ['ignore', 'ignore_ament_install']
[0.954s] Level 1:colcon.colcon_core.package_identification:_identify(rtabmap_ros/rtabmap_sync) by extension 'ignore'
[0.954s] Level 1:colcon.colcon_core.package_identification:_identify(rtabmap_ros/rtabmap_sync) by extension 'ignore_ament_install'
[0.954s] Level 1:colcon.colcon_core.package_identification:_identify(rtabmap_ros/rtabmap_sync) by extensions ['colcon_pkg']
[0.954s] Level 1:colcon.colcon_core.package_identification:_identify(rtabmap_ros/rtabmap_sync) by extension 'colcon_pkg'
[0.954s] Level 1:colcon.colcon_core.package_identification:_identify(rtabmap_ros/rtabmap_sync) by extensions ['colcon_meta']
[0.954s] Level 1:colcon.colcon_core.package_identification:_identify(rtabmap_ros/rtabmap_sync) by extension 'colcon_meta'
[0.954s] Level 1:colcon.colcon_core.package_identification:_identify(rtabmap_ros/rtabmap_sync) by extensions ['ros']
[0.954s] Level 1:colcon.colcon_core.package_identification:_identify(rtabmap_ros/rtabmap_sync) by extension 'ros'
[0.956s] DEBUG:colcon.colcon_core.package_identification:Package 'rtabmap_ros/rtabmap_sync' with type 'ros.ament_cmake' and name 'rtabmap_sync'
[0.956s] Level 1:colcon.colcon_core.package_identification:_identify(rtabmap_ros/rtabmap_util) by extensions ['ignore', 'ignore_ament_install']
[0.956s] Level 1:colcon.colcon_core.package_identification:_identify(rtabmap_ros/rtabmap_util) by extension 'ignore'
[0.956s] Level 1:colcon.colcon_core.package_identification:_identify(rtabmap_ros/rtabmap_util) by extension 'ignore_ament_install'
[0.956s] Level 1:colcon.colcon_core.package_identification:_identify(rtabmap_ros/rtabmap_util) by extensions ['colcon_pkg']
[0.956s] Level 1:colcon.colcon_core.package_identification:_identify(rtabmap_ros/rtabmap_util) by extension 'colcon_pkg'
[0.956s] Level 1:colcon.colcon_core.package_identification:_identify(rtabmap_ros/rtabmap_util) by extensions ['colcon_meta']
[0.956s] Level 1:colcon.colcon_core.package_identification:_identify(rtabmap_ros/rtabmap_util) by extension 'colcon_meta'
[0.956s] Level 1:colcon.colcon_core.package_identification:_identify(rtabmap_ros/rtabmap_util) by extensions ['ros']
[0.956s] Level 1:colcon.colcon_core.package_identification:_identify(rtabmap_ros/rtabmap_util) by extension 'ros'
[0.958s] DEBUG:colcon.colcon_core.package_identification:Package 'rtabmap_ros/rtabmap_util' with type 'ros.ament_cmake' and name 'rtabmap_util'
[0.959s] Level 1:colcon.colcon_core.package_identification:_identify(rtabmap_ros/rtabmap_viz) by extensions ['ignore', 'ignore_ament_install']
[0.959s] Level 1:colcon.colcon_core.package_identification:_identify(rtabmap_ros/rtabmap_viz) by extension 'ignore'
[0.959s] Level 1:colcon.colcon_core.package_identification:_identify(rtabmap_ros/rtabmap_viz) by extension 'ignore_ament_install'
[0.959s] Level 1:colcon.colcon_core.package_identification:_identify(rtabmap_ros/rtabmap_viz) by extensions ['colcon_pkg']
[0.959s] Level 1:colcon.colcon_core.package_identification:_identify(rtabmap_ros/rtabmap_viz) by extension 'colcon_pkg'
[0.959s] Level 1:colcon.colcon_core.package_identification:_identify(rtabmap_ros/rtabmap_viz) by extensions ['colcon_meta']
[0.959s] Level 1:colcon.colcon_core.package_identification:_identify(rtabmap_ros/rtabmap_viz) by extension 'colcon_meta'
[0.959s] Level 1:colcon.colcon_core.package_identification:_identify(rtabmap_ros/rtabmap_viz) by extensions ['ros']
[0.959s] Level 1:colcon.colcon_core.package_identification:_identify(rtabmap_ros/rtabmap_viz) by extension 'ros'
[0.960s] DEBUG:colcon.colcon_core.package_identification:Package 'rtabmap_ros/rtabmap_viz' with type 'ros.ament_cmake' and name 'rtabmap_viz'
[0.961s] Level 1:colcon.colcon_core.package_identification:_identify(sdv_scripts) by extensions ['ignore', 'ignore_ament_install']
[0.961s] Level 1:colcon.colcon_core.package_identification:_identify(sdv_scripts) by extension 'ignore'
[0.961s] Level 1:colcon.colcon_core.package_identification:_identify(sdv_scripts) by extension 'ignore_ament_install'
[0.961s] Level 1:colcon.colcon_core.package_identification:_identify(sdv_scripts) by extensions ['colcon_pkg']
[0.961s] Level 1:colcon.colcon_core.package_identification:_identify(sdv_scripts) by extension 'colcon_pkg'
[0.961s] Level 1:colcon.colcon_core.package_identification:_identify(sdv_scripts) by extensions ['colcon_meta']
[0.961s] Level 1:colcon.colcon_core.package_identification:_identify(sdv_scripts) by extension 'colcon_meta'
[0.961s] Level 1:colcon.colcon_core.package_identification:_identify(sdv_scripts) by extensions ['ros']
[0.961s] Level 1:colcon.colcon_core.package_identification:_identify(sdv_scripts) by extension 'ros'
[0.962s] DEBUG:colcon.colcon_core.package_identification:Package 'sdv_scripts' with type 'ros.catkin' and name 'sdv_scripts'
[0.962s] Level 1:colcon.colcon_core.package_identification:_identify(sdv_un_ros) by extensions ['ignore', 'ignore_ament_install']
[0.962s] Level 1:colcon.colcon_core.package_identification:_identify(sdv_un_ros) by extension 'ignore'
[0.962s] Level 1:colcon.colcon_core.package_identification:_identify(sdv_un_ros) by extension 'ignore_ament_install'
[0.962s] Level 1:colcon.colcon_core.package_identification:_identify(sdv_un_ros) by extensions ['colcon_pkg']
[0.962s] Level 1:colcon.colcon_core.package_identification:_identify(sdv_un_ros) by extension 'colcon_pkg'
[0.962s] Level 1:colcon.colcon_core.package_identification:_identify(sdv_un_ros) by extensions ['colcon_meta']
[0.963s] Level 1:colcon.colcon_core.package_identification:_identify(sdv_un_ros) by extension 'colcon_meta'
[0.963s] Level 1:colcon.colcon_core.package_identification:_identify(sdv_un_ros) by extensions ['ros']
[0.963s] Level 1:colcon.colcon_core.package_identification:_identify(sdv_un_ros) by extension 'ros'
[0.963s] Level 1:colcon.colcon_core.package_identification:_identify(sdv_un_ros) by extensions ['cmake', 'python']
[0.963s] Level 1:colcon.colcon_core.package_identification:_identify(sdv_un_ros) by extension 'cmake'
[0.963s] Level 1:colcon.colcon_core.package_identification:_identify(sdv_un_ros) by extension 'python'
[0.963s] Level 1:colcon.colcon_core.package_identification:_identify(sdv_un_ros) by extensions ['python_setup_py']
[0.963s] Level 1:colcon.colcon_core.package_identification:_identify(sdv_un_ros) by extension 'python_setup_py'
[0.963s] Level 1:colcon.colcon_core.package_identification:_identify(sdv_un_ros/sdv_joystick) by extensions ['ignore', 'ignore_ament_install']
[0.963s] Level 1:colcon.colcon_core.package_identification:_identify(sdv_un_ros/sdv_joystick) by extension 'ignore'
[0.963s] Level 1:colcon.colcon_core.package_identification:_identify(sdv_un_ros/sdv_joystick) by extension 'ignore_ament_install'
[0.963s] Level 1:colcon.colcon_core.package_identification:_identify(sdv_un_ros/sdv_joystick) by extensions ['colcon_pkg']
[0.964s] Level 1:colcon.colcon_core.package_identification:_identify(sdv_un_ros/sdv_joystick) by extension 'colcon_pkg'
[0.964s] Level 1:colcon.colcon_core.package_identification:_identify(sdv_un_ros/sdv_joystick) by extensions ['colcon_meta']
[0.964s] Level 1:colcon.colcon_core.package_identification:_identify(sdv_un_ros/sdv_joystick) by extension 'colcon_meta'
[0.964s] Level 1:colcon.colcon_core.package_identification:_identify(sdv_un_ros/sdv_joystick) by extensions ['ros']
[0.964s] Level 1:colcon.colcon_core.package_identification:_identify(sdv_un_ros/sdv_joystick) by extension 'ros'
[0.964s] DEBUG:colcon.colcon_core.package_identification:Package 'sdv_un_ros/sdv_joystick' with type 'ros.catkin' and name 'sdv_joystick'
[0.965s] Level 1:colcon.colcon_core.package_identification:_identify(sdv_un_ros/sdv_msgs) by extensions ['ignore', 'ignore_ament_install']
[0.965s] Level 1:colcon.colcon_core.package_identification:_identify(sdv_un_ros/sdv_msgs) by extension 'ignore'
[0.965s] Level 1:colcon.colcon_core.package_identification:_identify(sdv_un_ros/sdv_msgs) by extension 'ignore_ament_install'
[0.965s] Level 1:colcon.colcon_core.package_identification:_identify(sdv_un_ros/sdv_msgs) by extensions ['colcon_pkg']
[0.965s] Level 1:colcon.colcon_core.package_identification:_identify(sdv_un_ros/sdv_msgs) by extension 'colcon_pkg'
[0.965s] Level 1:colcon.colcon_core.package_identification:_identify(sdv_un_ros/sdv_msgs) by extensions ['colcon_meta']
[0.965s] Level 1:colcon.colcon_core.package_identification:_identify(sdv_un_ros/sdv_msgs) by extension 'colcon_meta'
[0.965s] Level 1:colcon.colcon_core.package_identification:_identify(sdv_un_ros/sdv_msgs) by extensions ['ros']
[0.965s] Level 1:colcon.colcon_core.package_identification:_identify(sdv_un_ros/sdv_msgs) by extension 'ros'
[0.966s] DEBUG:colcon.colcon_core.package_identification:Package 'sdv_un_ros/sdv_msgs' with type 'ros.ament_cmake' and name 'sdv_msgs'
[0.966s] Level 1:colcon.colcon_core.package_identification:_identify(sdv_un_ros/sdv_nav) by extensions ['ignore', 'ignore_ament_install']
[0.966s] Level 1:colcon.colcon_core.package_identification:_identify(sdv_un_ros/sdv_nav) by extension 'ignore'
[0.967s] Level 1:colcon.colcon_core.package_identification:_identify(sdv_un_ros/sdv_nav) by extension 'ignore_ament_install'
[0.967s] Level 1:colcon.colcon_core.package_identification:_identify(sdv_un_ros/sdv_nav) by extensions ['colcon_pkg']
[0.967s] Level 1:colcon.colcon_core.package_identification:_identify(sdv_un_ros/sdv_nav) by extension 'colcon_pkg'
[0.967s] Level 1:colcon.colcon_core.package_identification:_identify(sdv_un_ros/sdv_nav) by extensions ['colcon_meta']
[0.967s] Level 1:colcon.colcon_core.package_identification:_identify(sdv_un_ros/sdv_nav) by extension 'colcon_meta'
[0.967s] Level 1:colcon.colcon_core.package_identification:_identify(sdv_un_ros/sdv_nav) by extensions ['ros']
[0.967s] Level 1:colcon.colcon_core.package_identification:_identify(sdv_un_ros/sdv_nav) by extension 'ros'
[0.968s] DEBUG:colcon.colcon_core.package_identification:Package 'sdv_un_ros/sdv_nav' with type 'ros.catkin' and name 'sdv_nav'
[0.968s] Level 1:colcon.colcon_core.package_identification:_identify(sdv_un_ros/sdv_platform) by extensions ['ignore', 'ignore_ament_install']
[0.968s] Level 1:colcon.colcon_core.package_identification:_identify(sdv_un_ros/sdv_platform) by extension 'ignore'
[0.968s] Level 1:colcon.colcon_core.package_identification:_identify(sdv_un_ros/sdv_platform) by extension 'ignore_ament_install'
[0.968s] Level 1:colcon.colcon_core.package_identification:_identify(sdv_un_ros/sdv_platform) by extensions ['colcon_pkg']
[0.968s] Level 1:colcon.colcon_core.package_identification:_identify(sdv_un_ros/sdv_platform) by extension 'colcon_pkg'
[0.968s] Level 1:colcon.colcon_core.package_identification:_identify(sdv_un_ros/sdv_platform) by extensions ['colcon_meta']
[0.968s] Level 1:colcon.colcon_core.package_identification:_identify(sdv_un_ros/sdv_platform) by extension 'colcon_meta'
[0.968s] Level 1:colcon.colcon_core.package_identification:_identify(sdv_un_ros/sdv_platform) by extensions ['ros']
[0.968s] Level 1:colcon.colcon_core.package_identification:_identify(sdv_un_ros/sdv_platform) by extension 'ros'
[0.969s] DEBUG:colcon.colcon_core.package_identification:Package 'sdv_un_ros/sdv_platform' with type 'ros.catkin' and name 'sdv_platform'
[0.969s] Level 1:colcon.colcon_core.package_identification:_identify(sdv_un_ros/sdv_process) by extensions ['ignore', 'ignore_ament_install']
[0.969s] Level 1:colcon.colcon_core.package_identification:_identify(sdv_un_ros/sdv_process) by extension 'ignore'
[0.969s] Level 1:colcon.colcon_core.package_identification:_identify(sdv_un_ros/sdv_process) by extension 'ignore_ament_install'
[0.969s] Level 1:colcon.colcon_core.package_identification:_identify(sdv_un_ros/sdv_process) by extensions ['colcon_pkg']
[0.969s] Level 1:colcon.colcon_core.package_identification:_identify(sdv_un_ros/sdv_process) by extension 'colcon_pkg'
[0.969s] Level 1:colcon.colcon_core.package_identification:_identify(sdv_un_ros/sdv_process) by extensions ['colcon_meta']
[0.969s] Level 1:colcon.colcon_core.package_identification:_identify(sdv_un_ros/sdv_process) by extension 'colcon_meta'
[0.969s] Level 1:colcon.colcon_core.package_identification:_identify(sdv_un_ros/sdv_process) by extensions ['ros']
[0.970s] Level 1:colcon.colcon_core.package_identification:_identify(sdv_un_ros/sdv_process) by extension 'ros'
[0.970s] DEBUG:colcon.colcon_core.package_identification:Package 'sdv_un_ros/sdv_process' with type 'ros.catkin' and name 'sdv_process'
[0.971s] Level 1:colcon.colcon_core.package_identification:_identify(sdv_un_ros/sdv_serial) by extensions ['ignore', 'ignore_ament_install']
[0.971s] Level 1:colcon.colcon_core.package_identification:_identify(sdv_un_ros/sdv_serial) by extension 'ignore'
[0.971s] Level 1:colcon.colcon_core.package_identification:_identify(sdv_un_ros/sdv_serial) by extension 'ignore_ament_install'
[0.971s] Level 1:colcon.colcon_core.package_identification:_identify(sdv_un_ros/sdv_serial) by extensions ['colcon_pkg']
[0.971s] Level 1:colcon.colcon_core.package_identification:_identify(sdv_un_ros/sdv_serial) by extension 'colcon_pkg'
[0.971s] Level 1:colcon.colcon_core.package_identification:_identify(sdv_un_ros/sdv_serial) by extensions ['colcon_meta']
[0.971s] Level 1:colcon.colcon_core.package_identification:_identify(sdv_un_ros/sdv_serial) by extension 'colcon_meta'
[0.971s] Level 1:colcon.colcon_core.package_identification:_identify(sdv_un_ros/sdv_serial) by extensions ['ros']
[0.971s] Level 1:colcon.colcon_core.package_identification:_identify(sdv_un_ros/sdv_serial) by extension 'ros'
[0.972s] DEBUG:colcon.colcon_core.package_identification:Package 'sdv_un_ros/sdv_serial' with type 'ros.catkin' and name 'sdv_serial'
[0.972s] Level 1:colcon.colcon_core.package_identification:_identify(sdv_un_ros/sdv_un_ros) by extensions ['ignore', 'ignore_ament_install']
[0.972s] Level 1:colcon.colcon_core.package_identification:_identify(sdv_un_ros/sdv_un_ros) by extension 'ignore'
[0.972s] Level 1:colcon.colcon_core.package_identification:_identify(sdv_un_ros/sdv_un_ros) by extension 'ignore_ament_install'
[0.972s] Level 1:colcon.colcon_core.package_identification:_identify(sdv_un_ros/sdv_un_ros) by extensions ['colcon_pkg']
[0.972s] Level 1:colcon.colcon_core.package_identification:_identify(sdv_un_ros/sdv_un_ros) by extension 'colcon_pkg'
[0.972s] Level 1:colcon.colcon_core.package_identification:_identify(sdv_un_ros/sdv_un_ros) by extensions ['colcon_meta']
[0.973s] Level 1:colcon.colcon_core.package_identification:_identify(sdv_un_ros/sdv_un_ros) by extension 'colcon_meta'
[0.973s] Level 1:colcon.colcon_core.package_identification:_identify(sdv_un_ros/sdv_un_ros) by extensions ['ros']
[0.973s] Level 1:colcon.colcon_core.package_identification:_identify(sdv_un_ros/sdv_un_ros) by extension 'ros'
[0.973s] DEBUG:colcon.colcon_core.package_identification:Package 'sdv_un_ros/sdv_un_ros' with type 'ros.catkin' and name 'sdv_un_ros'
[0.973s] Level 1:colcon.colcon_core.package_discovery:discover_packages(recursive) using defaults
[0.974s] Level 1:colcon.colcon_core.package_discovery:discover_packages(ignore) discover
[0.974s] Level 1:colcon.colcon_core.package_discovery:discover_packages(ignore) using defaults
[0.974s] Level 1:colcon.colcon_core.package_discovery:discover_packages(path) discover
[0.974s] Level 1:colcon.colcon_core.package_discovery:discover_packages(path) using defaults
[1.020s] INFO:colcon.colcon_core.package_selection:Skipping not selected package 'rtabmap_msgs' in 'rtabmap_ros/rtabmap_msgs'
[1.020s] INFO:colcon.colcon_core.package_selection:Skipping not selected package 'rtabmap_python' in 'rtabmap_ros/rtabmap_python'
[1.020s] INFO:colcon.colcon_core.package_selection:Skipping not selected package 'sdv_joystick' in 'sdv_un_ros/sdv_joystick'
[1.020s] INFO:colcon.colcon_core.package_selection:Skipping not selected package 'sdv_msgs' in 'sdv_un_ros/sdv_msgs'
[1.020s] INFO:colcon.colcon_core.package_selection:Skipping not selected package 'sdv_platform' in 'sdv_un_ros/sdv_platform'
[1.020s] INFO:colcon.colcon_core.package_selection:Skipping not selected package 'sdv_process' in 'sdv_un_ros/sdv_process'
[1.020s] INFO:colcon.colcon_core.package_selection:Skipping not selected package 'rtabmap_conversions' in 'rtabmap_ros/rtabmap_conversions'
[1.020s] INFO:colcon.colcon_core.package_selection:Skipping not selected package 'sdv_scripts' in 'sdv_scripts'
[1.020s] INFO:colcon.colcon_core.package_selection:Skipping not selected package 'sdv_serial' in 'sdv_un_ros/sdv_serial'
[1.020s] INFO:colcon.colcon_core.package_selection:Skipping not selected package 'rtabmap_rviz_plugins' in 'rtabmap_ros/rtabmap_rviz_plugins'
[1.020s] INFO:colcon.colcon_core.package_selection:Skipping not selected package 'rtabmap_sync' in 'rtabmap_ros/rtabmap_sync'
[1.020s] INFO:colcon.colcon_core.package_selection:Skipping not selected package 'rtabmap_util' in 'rtabmap_ros/rtabmap_util'
[1.020s] INFO:colcon.colcon_core.package_selection:Skipping not selected package 'rtabmap_odom' in 'rtabmap_ros/rtabmap_odom'
[1.021s] INFO:colcon.colcon_core.package_selection:Skipping not selected package 'rtabmap_slam' in 'rtabmap_ros/rtabmap_slam'
[1.021s] INFO:colcon.colcon_core.package_selection:Skipping not selected package 'rtabmap_viz' in 'rtabmap_ros/rtabmap_viz'
[1.021s] INFO:colcon.colcon_core.package_selection:Skipping not selected package 'sdv_un_ros' in 'sdv_un_ros/sdv_un_ros'
[1.021s] INFO:colcon.colcon_core.package_selection:Skipping not selected package 'rtabmap_demos' in 'rtabmap_ros/rtabmap_demos'
[1.021s] INFO:colcon.colcon_core.package_selection:Skipping not selected package 'rtabmap_examples' in 'rtabmap_ros/rtabmap_examples'
[1.021s] INFO:colcon.colcon_core.package_selection:Skipping not selected package 'rtabmap_launch' in 'rtabmap_ros/rtabmap_launch'
[1.021s] INFO:colcon.colcon_core.package_selection:Skipping not selected package 'rtabmap_ros' in 'rtabmap_ros/rtabmap_ros'
[1.021s] Level 1:colcon.colcon_core.package_discovery:discover_packages(prefix_path) check parameters
[1.021s] Level 1:colcon.colcon_core.package_discovery:discover_packages(prefix_path) discover
[1.030s] DEBUG:colcon.colcon_installed_package_information.package_discovery:Found 374 installed packages in /opt/ros/jazzy
[1.031s] Level 1:colcon.colcon_core.package_discovery:discover_packages(prefix_path) using defaults
[1.268s] Level 5:colcon.colcon_core.verb:set package 'sdv_nav' build argument 'cmake_args' from command line to 'None'
[1.268s] Level 5:colcon.colcon_core.verb:set package 'sdv_nav' build argument 'cmake_target' from command line to 'None'
[1.268s] Level 5:colcon.colcon_core.verb:set package 'sdv_nav' build argument 'cmake_target_skip_unavailable' from command line to 'False'
[1.268s] Level 5:colcon.colcon_core.verb:set package 'sdv_nav' build argument 'cmake_clean_cache' from command line to 'False'
[1.268s] Level 5:colcon.colcon_core.verb:set package 'sdv_nav' build argument 'cmake_clean_first' from command line to 'False'
[1.268s] Level 5:colcon.colcon_core.verb:set package 'sdv_nav' build argument 'cmake_force_configure' from command line to 'False'
[1.268s] Level 5:colcon.colcon_core.verb:set package 'sdv_nav' build argument 'ament_cmake_args' from command line to 'None'
[1.268s] Level 5:colcon.colcon_core.verb:set package 'sdv_nav' build argument 'catkin_cmake_args' from command line to 'None'
[1.268s] Level 5:colcon.colcon_core.verb:set package 'sdv_nav' build argument 'catkin_skip_building_tests' from command line to 'False'
[1.268s] DEBUG:colcon.colcon_core.verb:Building package 'sdv_nav' with the following arguments: {'ament_cmake_args': None, 'build_base': '/home/cafsanchezdi/sdv_un_ros2_ws/src/build/sdv_nav', 'catkin_cmake_args': None, 'catkin_skip_building_tests': False, 'cmake_args': None, 'cmake_clean_cache': False, 'cmake_clean_first': False, 'cmake_force_configure': False, 'cmake_target': None, 'cmake_target_skip_unavailable': False, 'install_base': '/home/cafsanchezdi/sdv_un_ros2_ws/src/install/sdv_nav', 'merge_install': False, 'path': '/home/cafsanchezdi/sdv_un_ros2_ws/src/sdv_un_ros/sdv_nav', 'symlink_install': True, 'test_result_base': None}
[1.268s] INFO:colcon.colcon_core.executor:Executing jobs using 'parallel' executor
[1.270s] DEBUG:colcon.colcon_parallel_executor.executor.parallel:run_until_complete
[1.270s] INFO:colcon.colcon_ros.task.catkin.build:Building ROS package in '/home/cafsanchezdi/sdv_un_ros2_ws/src/sdv_un_ros/sdv_nav' with build type 'catkin'
[1.270s] INFO:colcon.colcon_cmake.task.cmake.build:Building CMake package in '/home/cafsanchezdi/sdv_un_ros2_ws/src/sdv_un_ros/sdv_nav'
[1.278s] INFO:colcon.colcon_core.plugin_system:Skipping extension 'colcon_core.shell.bat': Not used on non-Windows systems
[1.279s] INFO:colcon.colcon_core.shell:Skip shell extension 'powershell' for command environment: Not usable outside of PowerShell
[1.279s] DEBUG:colcon.colcon_core.shell:Skip shell extension 'dsv' for command environment
[1.285s] ERROR:colcon.colcon_cmake.task.cmake.build:Failed to find the following files:
- /home/cafsanchezdi/sdv_un_ros2_ws/src/install/sdv_msgs/share/sdv_msgs/package.sh
- /home/cafsanchezdi/sdv_un_ros2_ws/src/install/sdv_scripts/share/sdv_scripts/package.sh
Check that the following packages have been built:
- sdv_msgs
- sdv_scripts
[1.285s] Level 1:colcon.colcon_core.environment:create_environment_scripts_only(sdv_nav)
[1.296s] Level 1:colcon.colcon_core.environment:checking '/home/cafsanchezdi/sdv_un_ros2_ws/src/install/sdv_nav' for CMake module files
[1.297s] Level 1:colcon.colcon_core.environment:checking '/home/cafsanchezdi/sdv_un_ros2_ws/src/install/sdv_nav' for CMake config files
[1.298s] Level 1:colcon.colcon_core.environment:checking '/home/cafsanchezdi/sdv_un_ros2_ws/src/install/sdv_nav/bin'
[1.298s] Level 1:colcon.colcon_core.environment:checking '/home/cafsanchezdi/sdv_un_ros2_ws/src/install/sdv_nav/lib/pkgconfig/sdv_nav.pc'
[1.298s] Level 1:colcon.colcon_core.environment:checking '/home/cafsanchezdi/sdv_un_ros2_ws/src/install/sdv_nav/lib/python3.12/site-packages'
[1.298s] Level 1:colcon.colcon_core.environment:checking '/home/cafsanchezdi/sdv_un_ros2_ws/src/install/sdv_nav/bin'
[1.299s] INFO:colcon.colcon_core.shell:Creating package script '/home/cafsanchezdi/sdv_un_ros2_ws/src/install/sdv_nav/share/sdv_nav/package.ps1'
[1.301s] INFO:colcon.colcon_core.shell:Creating package descriptor '/home/cafsanchezdi/sdv_un_ros2_ws/src/install/sdv_nav/share/sdv_nav/package.dsv'
[1.302s] INFO:colcon.colcon_core.shell:Creating package script '/home/cafsanchezdi/sdv_un_ros2_ws/src/install/sdv_nav/share/sdv_nav/package.sh'
[1.303s] INFO:colcon.colcon_core.shell:Creating package script '/home/cafsanchezdi/sdv_un_ros2_ws/src/install/sdv_nav/share/sdv_nav/package.bash'
[1.305s] INFO:colcon.colcon_core.shell:Creating package script '/home/cafsanchezdi/sdv_un_ros2_ws/src/install/sdv_nav/share/sdv_nav/package.zsh'
[1.306s] Level 1:colcon.colcon_core.environment:create_file_with_runtime_dependencies(/home/cafsanchezdi/sdv_un_ros2_ws/src/install/sdv_nav/share/colcon-core/packages/sdv_nav)
[1.317s] DEBUG:colcon.colcon_parallel_executor.executor.parallel:closing loop
[1.318s] DEBUG:colcon.colcon_parallel_executor.executor.parallel:loop closed
[1.318s] DEBUG:colcon.colcon_parallel_executor.executor.parallel:run_until_complete finished with '1'
[1.318s] DEBUG:colcon.colcon_core.event_reactor:joining thread
[1.347s] INFO:colcon.colcon_core.plugin_system:Skipping extension 'colcon_notification.desktop_notification.terminal_notifier': Not used on non-Darwin systems
[1.348s] INFO:colcon.colcon_core.plugin_system:Skipping extension 'colcon_notification.desktop_notification.win32': Not used on non-Windows systems
[1.348s] INFO:colcon.colcon_notification.desktop_notification:Sending desktop notification using 'notify2'
[1.866s] DEBUG:colcon.colcon_core.event_reactor:joined thread
[1.866s] INFO:colcon.colcon_core.shell:Creating prefix script '/home/cafsanchezdi/sdv_un_ros2_ws/src/install/local_setup.ps1'
[1.869s] INFO:colcon.colcon_core.shell:Creating prefix util module '/home/cafsanchezdi/sdv_un_ros2_ws/src/install/_local_setup_util_ps1.py'
[1.871s] INFO:colcon.colcon_core.shell:Creating prefix chain script '/home/cafsanchezdi/sdv_un_ros2_ws/src/install/setup.ps1'
[1.873s] INFO:colcon.colcon_core.shell:Creating prefix script '/home/cafsanchezdi/sdv_un_ros2_ws/src/install/local_setup.sh'
[1.874s] INFO:colcon.colcon_core.shell:Creating prefix util module '/home/cafsanchezdi/sdv_un_ros2_ws/src/install/_local_setup_util_sh.py'
[1.876s] INFO:colcon.colcon_core.shell:Creating prefix chain script '/home/cafsanchezdi/sdv_un_ros2_ws/src/install/setup.sh'
[1.879s] INFO:colcon.colcon_core.shell:Creating prefix script '/home/cafsanchezdi/sdv_un_ros2_ws/src/install/local_setup.bash'
[1.882s] INFO:colcon.colcon_core.shell:Creating prefix chain script '/home/cafsanchezdi/sdv_un_ros2_ws/src/install/setup.bash'
[1.886s] INFO:colcon.colcon_core.shell:Creating prefix script '/home/cafsanchezdi/sdv_un_ros2_ws/src/install/local_setup.zsh'
[1.889s] INFO:colcon.colcon_core.shell:Creating prefix chain script '/home/cafsanchezdi/sdv_un_ros2_ws/src/install/setup.zsh'
